2026-06-10T00:02:38+0000 [INFO] Harvester starting. Target batch: 2026-06-08T00. Mode: rss
2026-06-10T00:02:38+0000 [INFO] Found 12 posts to process
2026-06-10T00:02:38+0000 [INFO] Processing post 1tzsaj7 (RSS): Florentino Pérez I’m proud that one of the best coaches in t
2026-06-10T00:02:38+0000 [INFO]   Collected 25 comments via RSS
2026-06-10T00:02:38+0000 [INFO] Processing post 1tzqqtw (RSS): Match Thread: Colombia vs Jordan
2026-06-10T00:02:46+0000 [INFO]   Collected 120 comments via RSS
2026-06-10T00:02:46+0000 [INFO] Processing post 1tzsblm (RSS): Former USMNT defender and Fox analyst Alexi Lalas on Tim Wea
2026-06-10T00:02:53+0000 [INFO]   Collected 140 comments via RSS
2026-06-10T00:02:53+0000 [INFO] Processing post 1tzq3om (RSS): Alverca receives a €17 million offer, including bonuses, fro
2026-06-10T00:03:00+0000 [INFO]   Collected 7 comments via RSS
2026-06-10T00:03:00+0000 [INFO] Processing post 1tzrs4f (RSS): [Semafor] A La Liga club placed a multi-million-dollar bet o
2026-06-10T00:03:09+0000 [INFO]   Collected 165 comments via RSS
2026-06-10T00:03:09+0000 [INFO] Processing post 1tzpu6j (RSS): [Campeonato das Oportunidades] Map of the 2026/2027 season o
2026-06-10T00:03:15+0000 [INFO]   Collected 5 comments via RSS
2026-06-10T00:03:15+0000 [INFO] Processing post 1tzqz8q (RSS): Pepe could return to Real Madrid to join José Mourinho’s coa
2026-06-10T00:03:24+0000 [INFO]   Collected 112 comments via RSS
2026-06-10T00:03:24+0000 [INFO] Processing post 1tzruc8 (RSS): Colombia 1-0 Jordan - Jhon Arias 41'
2026-06-10T00:03:30+0000 [INFO]   Collected 10 comments via RSS
2026-06-10T00:03:30+0000 [INFO] Processing post 1tzr3gf (RSS): [TheAthletic] Florentino Perez re-elected Real Madrid presid
2026-06-10T00:03:39+0000 [INFO]   Collected 264 comments via RSS
2026-06-10T00:03:39+0000 [INFO] Processing post 1tzsbd0 (RSS): [The Athletic] There are more elite managers than usual at t
2026-06-10T00:03:48+0000 [INFO]   Collected 86 comments via RSS
2026-06-10T00:03:48+0000 [INFO] Processing post 1tzsh4f (RSS): Official statement from the Electoral Board: the candidacy o
2026-06-10T00:03:53+0000 [INFO]   Collected 66 comments via RSS
2026-06-10T00:03:53+0000 [INFO] Processing post 1tzpzpq (RSS): [O Jogo] Barcelona "runs out of money" and requests a new lo
2026-06-10T00:04:01+0000 [INFO]   Collected 178 comments via RSS
2026-06-10T00:04:01+0000 [INFO] Harvester complete (rss). 12 posts processed, 0 failed, 1178 total comments collected.
