2026-06-11T04:01:38+0000 [INFO] Harvester starting. Target time: 2026-06-09T04:01:38.928076+00:00. Mode: arctic_shift+rss
2026-06-11T04:01:38+0000 [INFO] Found 3 posts to process
2026-06-11T04:01:39+0000 [INFO] Processing post 1u0tnly (Arctic Shift): [The Athletic FC] The top 20 greatest football players of al
2026-06-11T04:01:39+0000 [WARNING]   Could not re-fetch post 1u0tnly from Arctic Shift
2026-06-11T04:01:44+0000 [INFO]   Arctic Shift returned 322 comments
2026-06-11T04:01:44+0000 [INFO] Processing post 1u0td1h (Arctic Shift): Peru 0-3 Spain - Pedro Gallese own goal 53'
2026-06-11T04:01:45+0000 [WARNING]   Could not re-fetch post 1u0td1h from Arctic Shift
2026-06-11T04:01:51+0000 [INFO]   Arctic Shift returned 6 comments
2026-06-11T04:01:51+0000 [INFO] Processing post 1u0tmki (Arctic Shift): Peru [1]-3 Spain - Jairo Velez 66'
2026-06-11T04:01:51+0000 [WARNING]   Could not re-fetch post 1u0tmki from Arctic Shift
2026-06-11T04:01:55+0000 [INFO]   Arctic Shift returned 45 comments
2026-06-11T04:01:55+0000 [INFO] Harvester complete (arctic_shift+rss). 3 posts processed, 0 failed, 373 total comments collected.
2026-06-11T04:06:32+0000 [INFO] Harvester starting. Target time: 2026-06-09T04:06:32.837174+00:00. Mode: arctic_shift+rss
2026-06-11T04:06:32+0000 [INFO] No pending posts for target time 2026-06-09T04. Nothing to do.
2026-06-11T04:11:29+0000 [INFO] Harvester starting. Target time: 2026-06-09T04:11:29.454757+00:00. Mode: arctic_shift+rss
2026-06-11T04:11:29+0000 [INFO] No pending posts for target time 2026-06-09T04. Nothing to do.
2026-06-11T04:16:33+0000 [INFO] Harvester starting. Target time: 2026-06-09T04:16:33.213347+00:00. Mode: arctic_shift+rss
2026-06-11T04:16:33+0000 [INFO] No pending posts for target time 2026-06-09T04. Nothing to do.
2026-06-11T04:21:33+0000 [INFO] Harvester starting. Target time: 2026-06-09T04:21:33.037424+00:00. Mode: arctic_shift+rss
2026-06-11T04:21:33+0000 [INFO] No pending posts for target time 2026-06-09T04. Nothing to do.
2026-06-11T04:26:34+0000 [INFO] Harvester starting. Target time: 2026-06-09T04:26:34.807219+00:00. Mode: arctic_shift+rss
2026-06-11T04:26:34+0000 [INFO] No pending posts for target time 2026-06-09T04. Nothing to do.
2026-06-11T04:31:36+0000 [INFO] Harvester starting. Target time: 2026-06-09T04:31:36.501220+00:00. Mode: arctic_shift+rss
2026-06-11T04:31:36+0000 [INFO] No pending posts for target time 2026-06-09T04. Nothing to do.
2026-06-11T04:36:33+0000 [INFO] Harvester starting. Target time: 2026-06-09T04:36:33.092790+00:00. Mode: arctic_shift+rss
2026-06-11T04:36:33+0000 [INFO] No pending posts for target time 2026-06-09T04. Nothing to do.
2026-06-11T04:41:35+0000 [INFO] Harvester starting. Target time: 2026-06-09T04:41:35.358864+00:00. Mode: arctic_shift+rss
2026-06-11T04:41:35+0000 [INFO] No pending posts for target time 2026-06-09T04. Nothing to do.
2026-06-11T04:46:34+0000 [INFO] Harvester starting. Target time: 2026-06-09T04:46:34.038354+00:00. Mode: arctic_shift+rss
2026-06-11T04:46:34+0000 [INFO] No pending posts for target time 2026-06-09T04. Nothing to do.
2026-06-11T04:51:32+0000 [INFO] Harvester starting. Target time: 2026-06-09T04:51:32.193626+00:00. Mode: arctic_shift+rss
2026-06-11T04:51:32+0000 [INFO] No pending posts for target time 2026-06-09T04. Nothing to do.
2026-06-11T04:56:29+0000 [INFO] Harvester starting. Target time: 2026-06-09T04:56:29.095308+00:00. Mode: arctic_shift+rss
2026-06-11T04:56:29+0000 [INFO] No pending posts for target time 2026-06-09T04. Nothing to do.
