2026-06-12T15:02:14+0000 [INFO] Harvester starting. Target time: 2026-06-10T15:02:14.606130+00:00. Mode: arctic_shift+rss
2026-06-12T15:02:14+0000 [INFO] Found 15 posts to process
2026-06-12T15:02:14+0000 [INFO] Processing post 1u24e5l (Arctic Shift): [Florian Plettenberg] Sebastian Kehl has rejected Tottenham 
2026-06-12T15:02:15+0000 [WARNING]   Could not re-fetch post 1u24e5l from Arctic Shift
2026-06-12T15:02:17+0000 [INFO]   Arctic Shift returned 20 comments
2026-06-12T15:02:17+0000 [INFO] Processing post 1u2407q (Arctic Shift): Antonio Rüdiger has signed a contract renewal with Real Madr
2026-06-12T15:02:18+0000 [WARNING]   Could not re-fetch post 1u2407q from Arctic Shift
2026-06-12T15:02:39+0000 [INFO]   Arctic Shift returned 55 comments
2026-06-12T15:02:39+0000 [INFO] Processing post 1u23ii1 (Arctic Shift): [Sky]David Sullivan:"The report has been inaccurately descri
2026-06-12T15:02:52+0000 [WARNING]   Could not re-fetch post 1u23ii1 from Arctic Shift
2026-06-12T15:02:54+0000 [INFO]   Arctic Shift returned 31 comments
2026-06-12T15:02:54+0000 [INFO] Processing post 1u24lub (Arctic Shift): Iran arrives at World Cup wearing pins of #168 schoolgirls k
2026-06-12T15:02:54+0000 [WARNING]   Could not re-fetch post 1u24lub from Arctic Shift
2026-06-12T15:02:56+0000 [INFO]   Arctic Shift returned 49 comments
2026-06-12T15:02:56+0000 [INFO] Processing post 1u24ez0 (Arctic Shift): Abdullah Ibhais, former media director for the 2022 World Cu
2026-06-12T15:02:57+0000 [WARNING]   Could not re-fetch post 1u24ez0 from Arctic Shift
2026-06-12T15:02:59+0000 [INFO]   Arctic Shift returned 24 comments
2026-06-12T15:02:59+0000 [INFO] Processing post 1u242nz (Arctic Shift): Roberto Martinez: “In the British game, it’s very difficult 
2026-06-12T15:03:00+0000 [WARNING]   Could not re-fetch post 1u242nz from Arctic Shift
2026-06-12T15:03:05+0000 [INFO]   Arctic Shift returned 52 comments
2026-06-12T15:03:05+0000 [INFO] Processing post 1u23ouu (Arctic Shift): [Everton FC] Club statement over the Burnley £40m compensati
2026-06-12T15:03:06+0000 [WARNING]   Could not re-fetch post 1u23ouu from Arctic Shift
2026-06-12T15:03:10+0000 [INFO]   Arctic Shift returned 178 comments
2026-06-12T15:03:10+0000 [INFO] Processing post 1u24au6 (Arctic Shift): The Somali referee Omar Abdulkadir Artan was interrogated an
2026-06-12T15:03:11+0000 [WARNING]   Could not re-fetch post 1u24au6 from Arctic Shift
2026-06-12T15:03:24+0000 [INFO]   Arctic Shift returned 879 comments
2026-06-12T15:03:24+0000 [INFO] Processing post 1u242h2 (Arctic Shift): Correct pronunciation of the names of the Bosnia and Herzego
2026-06-12T15:03:25+0000 [WARNING]   Could not re-fetch post 1u242h2 from Arctic Shift
2026-06-12T15:03:28+0000 [INFO]   Arctic Shift returned 118 comments
2026-06-12T15:03:28+0000 [INFO] Processing post 1u23fqf (Arctic Shift): Ronaldo: “I haven’t completely ruled out playing in the 2030
2026-06-12T15:03:29+0000 [WARNING]   Could not re-fetch post 1u23fqf from Arctic Shift
2026-06-12T15:03:37+0000 [INFO]   Arctic Shift returned 687 comments
2026-06-12T15:03:37+0000 [INFO] Processing post 1u23ay0 (Arctic Shift): Schalke • presentation video of Satoshi Tanaka
2026-06-12T15:03:39+0000 [WARNING]   Could not re-fetch post 1u23ay0 from Arctic Shift
2026-06-12T15:03:40+0000 [INFO]   Arctic Shift returned 5 comments
2026-06-12T15:03:40+0000 [INFO] Processing post 1u23o75 (Arctic Shift): Everton told to pay Burnley £35m over PSR breaches
2026-06-12T15:03:41+0000 [WARNING]   Could not re-fetch post 1u23o75 from Arctic Shift
2026-06-12T15:03:43+0000 [INFO]   Arctic Shift returned 17 comments
2026-06-12T15:03:43+0000 [INFO] Processing post 1u24bmb (Arctic Shift): [Sky Sports] Jose Mourinho has landed in Madrid and will sig
2026-06-12T15:03:44+0000 [WARNING]   Could not re-fetch post 1u24bmb from Arctic Shift
2026-06-12T15:03:48+0000 [INFO]   Arctic Shift returned 194 comments
2026-06-12T15:03:48+0000 [INFO] Processing post 1u24134 (Arctic Shift): Residents in Lawrence, Kansas talk about Algeria ahead of th
2026-06-12T15:03:50+0000 [WARNING]   Could not re-fetch post 1u24134 from Arctic Shift
2026-06-12T15:03:57+0000 [INFO]   Arctic Shift returned 640 comments
2026-06-12T15:03:57+0000 [INFO] Processing post 1u23lqz (Arctic Shift): Paolo Bianco leaves Monza after bringing them to Serie A. Wi
2026-06-12T15:03:58+0000 [WARNING]   Could not re-fetch post 1u23lqz from Arctic Shift
2026-06-12T15:04:01+0000 [INFO]   Arctic Shift returned 4 comments
2026-06-12T15:04:01+0000 [INFO] Harvester complete (arctic_shift+rss). 15 posts processed, 0 failed, 2953 total comments collected.
2026-06-12T15:06:59+0000 [INFO] Harvester starting. Target time: 2026-06-10T15:06:59.522320+00:00. Mode: arctic_shift+rss
2026-06-12T15:06:59+0000 [INFO] No pending posts for target time 2026-06-10T15. Nothing to do.
2026-06-12T15:12:10+0000 [INFO] Harvester starting. Target time: 2026-06-10T15:12:10.883306+00:00. Mode: arctic_shift+rss
2026-06-12T15:12:10+0000 [INFO] No pending posts for target time 2026-06-10T15. Nothing to do.
2026-06-12T15:17:04+0000 [INFO] Harvester starting. Target time: 2026-06-10T15:17:04.333531+00:00. Mode: arctic_shift+rss
2026-06-12T15:17:04+0000 [INFO] No pending posts for target time 2026-06-10T15. Nothing to do.
2026-06-12T15:21:57+0000 [INFO] Harvester starting. Target time: 2026-06-10T15:21:57.946478+00:00. Mode: arctic_shift+rss
2026-06-12T15:21:57+0000 [INFO] No pending posts for target time 2026-06-10T15. Nothing to do.
