2026-06-10T21:01:38+0000 [INFO] Harvester starting. Target time: 2026-06-08T21:01:38.853356+00:00. Mode: arctic_shift+rss
2026-06-10T21:01:38+0000 [INFO] Found 18 posts to process
2026-06-10T21:01:38+0000 [INFO] Processing post 1u0k7j6 (Arctic Shift): Netherlands 1-[1] Uzbekistan - Igor Sergeev 90+2'
2026-06-10T21:01:39+0000 [WARNING]   Could not re-fetch post 1u0k7j6 from Arctic Shift
2026-06-10T21:01:42+0000 [INFO]   Arctic Shift returned 77 comments
2026-06-10T21:01:42+0000 [INFO] Processing post 1u0k5ef (Arctic Shift): Netherlands 1-0 Uzbekistan - Guus Til red card 87'
2026-06-10T21:01:43+0000 [WARNING]   Could not re-fetch post 1u0k5ef from Arctic Shift
2026-06-10T21:01:46+0000 [INFO]   Arctic Shift returned 58 comments
2026-06-10T21:01:46+0000 [INFO] Processing post 1u0ld1s (Arctic Shift): Wolves complete the signing of Kieran Trippier on a free tra
2026-06-10T21:01:47+0000 [WARNING]   Could not re-fetch post 1u0ld1s from Arctic Shift
2026-06-10T21:01:50+0000 [INFO]   Arctic Shift returned 37 comments
2026-06-10T21:01:50+0000 [INFO] Processing post 1u0kh5b (Arctic Shift): [Gaston Edul] Manchester United are interested in signing To
2026-06-10T21:01:51+0000 [WARNING]   Could not re-fetch post 1u0kh5b from Arctic Shift
2026-06-10T21:02:00+0000 [INFO]   Arctic Shift returned 333 comments
2026-06-10T21:02:00+0000 [INFO] Processing post 1u0k8nt (Arctic Shift): France 3-1 Northern Ireland - Michael Olise great goal 75'
2026-06-10T21:02:01+0000 [WARNING]   Could not re-fetch post 1u0k8nt from Arctic Shift
2026-06-10T21:02:34+0000 [INFO]   Arctic Shift returned 273 comments
2026-06-10T21:02:34+0000 [INFO] Processing post 1u0jjcd (Arctic Shift): France 2-0 Northern Ireland - Michael Olise 49'
2026-06-10T21:02:39+0000 [WARNING]   Could not re-fetch post 1u0jjcd from Arctic Shift
2026-06-10T21:02:46+0000 [INFO]   Arctic Shift returned 120 comments
2026-06-10T21:02:46+0000 [INFO] Processing post 1u0kv1v (Arctic Shift): Post Match Thread: France 3-1 Northern Ireland
2026-06-10T21:02:47+0000 [WARNING]   Could not re-fetch post 1u0kv1v from Arctic Shift
2026-06-10T21:02:51+0000 [INFO]   Arctic Shift returned 172 comments
2026-06-10T21:02:51+0000 [INFO] Processing post 1u0kcvj (Arctic Shift): Netherlands [2]-1 Uzbekistan - Cody Gakpo penalty 90+8'
2026-06-10T21:02:52+0000 [WARNING]   Could not re-fetch post 1u0kcvj from Arctic Shift
2026-06-10T21:02:54+0000 [INFO]   Arctic Shift returned 87 comments
2026-06-10T21:02:54+0000 [INFO] Processing post 1u0ltqr (Arctic Shift): This is how the Senegalese national team's delegation were i
2026-06-10T21:02:55+0000 [WARNING]   Could not re-fetch post 1u0ltqr from Arctic Shift
2026-06-10T21:03:00+0000 [INFO]   Arctic Shift returned 303 comments
2026-06-10T21:03:00+0000 [INFO] Processing post 1u0jybi (Arctic Shift): France 2-[1] Northern Ireland - Patrick Kelly 64'
2026-06-10T21:03:01+0000 [WARNING]   Could not re-fetch post 1u0jybi from Arctic Shift
2026-06-10T21:03:03+0000 [INFO]   Arctic Shift returned 46 comments
2026-06-10T21:03:03+0000 [INFO] Processing post 1u0kz5i (Arctic Shift): Alternate angles of Michael Olise's third goal against North
2026-06-10T21:03:04+0000 [WARNING]   Could not re-fetch post 1u0kz5i from Arctic Shift
2026-06-10T21:03:08+0000 [INFO]   Arctic Shift returned 217 comments
2026-06-10T21:03:08+0000 [INFO] Processing post 1u0kghp (Arctic Shift): Post Match Thread: Netherlands 2-1 Uzbekistan
2026-06-10T21:03:09+0000 [WARNING]   Could not re-fetch post 1u0kghp from Arctic Shift
2026-06-10T21:03:12+0000 [INFO]   Arctic Shift returned 140 comments
2026-06-10T21:03:12+0000 [INFO] Processing post 1u0j8x9 (Arctic Shift): World Cup Rank: The 50 best players in the 2026 tournament
2026-06-10T21:03:13+0000 [WARNING]   Could not re-fetch post 1u0j8x9 from Arctic Shift
2026-06-10T21:03:16+0000 [INFO]   Arctic Shift returned 114 comments
2026-06-10T21:03:16+0000 [INFO] Processing post 1u0jq7r (Arctic Shift): [Sky Sports] Nottingham Forest, Fulham and Sunderland are al
2026-06-10T21:03:17+0000 [WARNING]   Could not re-fetch post 1u0jq7r from Arctic Shift
2026-06-10T21:03:20+0000 [INFO]   Arctic Shift returned 21 comments
2026-06-10T21:03:20+0000 [INFO] Processing post 1u0ly5n (Arctic Shift): World Cup 2026: Somali referee Omar Artan to miss tournament
2026-06-10T21:03:22+0000 [WARNING]   Could not re-fetch post 1u0ly5n from Arctic Shift
2026-06-10T21:03:24+0000 [INFO]   Arctic Shift returned 87 comments
2026-06-10T21:03:24+0000 [INFO] Processing post 1u0j413 (Arctic Shift): Uzbekistan being checked before entering the stadium for the
2026-06-10T21:03:25+0000 [WARNING]   Could not re-fetch post 1u0j413 from Arctic Shift
2026-06-10T21:03:29+0000 [INFO]   Arctic Shift returned 143 comments
2026-06-10T21:03:29+0000 [INFO] Processing post 1u0jxnj (Arctic Shift): [ESPN NL] Stanley Menzo signs 5 year contract as director of
2026-06-10T21:03:30+0000 [WARNING]   Could not re-fetch post 1u0jxnj from Arctic Shift
2026-06-10T21:03:33+0000 [INFO]   Arctic Shift returned 1 comments
2026-06-10T21:03:33+0000 [INFO] Processing post 1u0k768 (Arctic Shift): [Athletic] David Sullivan is open to selling his West Ham st
2026-06-10T21:03:34+0000 [WARNING]   Could not re-fetch post 1u0k768 from Arctic Shift
2026-06-10T21:03:36+0000 [INFO]   Arctic Shift returned 13 comments
2026-06-10T21:03:36+0000 [INFO] Harvester complete (arctic_shift+rss). 18 posts processed, 0 failed, 2242 total comments collected.
2026-06-10T21:06:36+0000 [INFO] Harvester starting. Target time: 2026-06-08T21:06:36.945734+00:00. Mode: arctic_shift+rss
2026-06-10T21:06:36+0000 [INFO] No pending posts for target time 2026-06-08T21. Nothing to do.
2026-06-10T21:11:32+0000 [INFO] Harvester starting. Target time: 2026-06-08T21:11:32.304299+00:00. Mode: arctic_shift+rss
2026-06-10T21:11:32+0000 [INFO] No pending posts for target time 2026-06-08T21. Nothing to do.
2026-06-10T21:16:39+0000 [INFO] Harvester starting. Target time: 2026-06-08T21:16:39.115041+00:00. Mode: arctic_shift+rss
2026-06-10T21:16:39+0000 [INFO] No pending posts for target time 2026-06-08T21. Nothing to do.
2026-06-10T21:21:32+0000 [INFO] Harvester starting. Target time: 2026-06-08T21:21:32.277077+00:00. Mode: arctic_shift+rss
2026-06-10T21:21:32+0000 [INFO] No pending posts for target time 2026-06-08T21. Nothing to do.
2026-06-10T21:26:33+0000 [INFO] Harvester starting. Target time: 2026-06-08T21:26:33.057601+00:00. Mode: arctic_shift+rss
2026-06-10T21:26:33+0000 [INFO] No pending posts for target time 2026-06-08T21. Nothing to do.
2026-06-10T21:32:07+0000 [INFO] Harvester starting. Target time: 2026-06-08T21:32:07.055708+00:00. Mode: arctic_shift+rss
2026-06-10T21:32:07+0000 [INFO] No pending posts for target time 2026-06-08T21. Nothing to do.
2026-06-10T21:36:08+0000 [INFO] Harvester starting. Target time: 2026-06-08T21:36:08.756461+00:00. Mode: arctic_shift+rss
2026-06-10T21:36:08+0000 [INFO] No pending posts for target time 2026-06-08T21. Nothing to do.
