2026-06-12T23:02:17+0000 [INFO] Harvester starting. Target time: 2026-06-10T23:02:17.644069+00:00. Mode: arctic_shift+rss
2026-06-12T23:02:17+0000 [INFO] Found 10 posts to process
2026-06-12T23:02:17+0000 [INFO] Processing post 1u2hpqh (Arctic Shift): Will the US fan base ever recover from WC26?
2026-06-12T23:02:18+0000 [WARNING]   Could not re-fetch post 1u2hpqh from Arctic Shift
2026-06-12T23:02:21+0000 [INFO]   Arctic Shift returned 1 comments
2026-06-12T23:02:21+0000 [INFO] Processing post 1u2hqd2 (Arctic Shift): [Fabrizio Romano] EXCL: Wolves agree deal in principle to ap
2026-06-12T23:02:21+0000 [WARNING]   Could not re-fetch post 1u2hqd2 from Arctic Shift
2026-06-12T23:02:24+0000 [INFO]   Arctic Shift returned 85 comments
2026-06-12T23:02:24+0000 [INFO] Processing post 1u2hrkt (Arctic Shift): how do I know who are official starters and substitutes in a
2026-06-12T23:02:25+0000 [WARNING]   Could not re-fetch post 1u2hrkt from Arctic Shift
2026-06-12T23:02:26+0000 [INFO]   Arctic Shift returned 0 comments
2026-06-12T23:02:26+0000 [INFO] Processing post 1u2hqcc (Arctic Shift): Goalies can prevent more penalty kick goals
2026-06-12T23:02:27+0000 [WARNING]   Could not re-fetch post 1u2hqcc from Arctic Shift
2026-06-12T23:02:29+0000 [INFO]   Arctic Shift returned 1 comments
2026-06-12T23:02:29+0000 [INFO] Processing post 1u2i747 (Arctic Shift): Why South America Is So Good at Football
2026-06-12T23:02:30+0000 [WARNING]   Could not re-fetch post 1u2i747 from Arctic Shift
2026-06-12T23:02:32+0000 [INFO]   Arctic Shift returned 4 comments
2026-06-12T23:02:32+0000 [INFO] Processing post 1u2i5q3 (Arctic Shift): I built a FIFA 2026 fan identity quiz, take it and get your 
2026-06-12T23:02:33+0000 [WARNING]   Could not re-fetch post 1u2i5q3 from Arctic Shift
2026-06-12T23:02:35+0000 [INFO]   Arctic Shift returned 2 comments
2026-06-12T23:02:35+0000 [INFO] Processing post 1u2ird3 (Arctic Shift): Would you use an app where you compete with friends to predi
2026-06-12T23:02:36+0000 [WARNING]   Could not re-fetch post 1u2ird3 from Arctic Shift
2026-06-12T23:02:38+0000 [INFO]   Arctic Shift returned 1 comments
2026-06-12T23:02:38+0000 [INFO] Processing post 1u2iyho (Arctic Shift): AI press statements being used to link Omar Artan to Terrori
2026-06-12T23:02:39+0000 [WARNING]   Could not re-fetch post 1u2iyho from Arctic Shift
2026-06-12T23:02:41+0000 [INFO]   Arctic Shift returned 1 comments
2026-06-12T23:02:41+0000 [INFO] Processing post 1u2izbd (Arctic Shift): [ Removed by moderator ]
2026-06-12T23:02:42+0000 [WARNING]   Could not re-fetch post 1u2izbd from Arctic Shift
2026-06-12T23:02:44+0000 [INFO]   Arctic Shift returned 2 comments
2026-06-12T23:02:44+0000 [INFO] Processing post 1u2j2ir (Arctic Shift): World Cup Social Media App
2026-06-12T23:02:45+0000 [WARNING]   Could not re-fetch post 1u2j2ir from Arctic Shift
2026-06-12T23:02:47+0000 [INFO]   Arctic Shift returned 1 comments
2026-06-12T23:02:47+0000 [INFO] Harvester complete (arctic_shift+rss). 10 posts processed, 0 failed, 98 total comments collected.
2026-06-12T23:07:15+0000 [INFO] Harvester starting. Target time: 2026-06-10T23:07:15.511595+00:00. Mode: arctic_shift+rss
2026-06-12T23:07:15+0000 [INFO] No pending posts for target time 2026-06-10T23. Nothing to do.
2026-06-12T23:12:04+0000 [INFO] Harvester starting. Target time: 2026-06-10T23:12:04.427389+00:00. Mode: arctic_shift+rss
2026-06-12T23:12:04+0000 [INFO] No pending posts for target time 2026-06-10T23. Nothing to do.
2026-06-12T23:17:06+0000 [INFO] Harvester starting. Target time: 2026-06-10T23:17:06.391637+00:00. Mode: arctic_shift+rss
2026-06-12T23:17:06+0000 [INFO] No pending posts for target time 2026-06-10T23. Nothing to do.
2026-06-12T23:22:20+0000 [INFO] Harvester starting. Target time: 2026-06-10T23:22:20.489048+00:00. Mode: arctic_shift+rss
2026-06-12T23:22:20+0000 [INFO] No pending posts for target time 2026-06-10T23. Nothing to do.
2026-06-12T23:27:12+0000 [INFO] Harvester starting. Target time: 2026-06-10T23:27:12.253985+00:00. Mode: arctic_shift+rss
2026-06-12T23:27:12+0000 [INFO] No pending posts for target time 2026-06-10T23. Nothing to do.
2026-06-12T23:32:15+0000 [INFO] Harvester starting. Target time: 2026-06-10T23:32:15.232433+00:00. Mode: arctic_shift+rss
2026-06-12T23:32:15+0000 [INFO] No pending posts for target time 2026-06-10T23. Nothing to do.
