2026-06-12T22:02:28+0000 [INFO] Harvester starting. Target time: 2026-06-10T22:02:28.833092+00:00. Mode: arctic_shift+rss
2026-06-12T22:02:28+0000 [INFO] Found 22 posts to process
2026-06-12T22:02:28+0000 [INFO] Processing post 1u2g86v (Arctic Shift): England penalty overturned against Costa Rica after VAR
2026-06-12T22:02:29+0000 [WARNING]   Could not re-fetch post 1u2g86v from Arctic Shift
2026-06-12T22:02:31+0000 [INFO]   Arctic Shift returned 78 comments
2026-06-12T22:02:31+0000 [INFO] Processing post 1u2ge45 (Arctic Shift): Legendary Germany National Team and Bayern Munich goalkeeper
2026-06-12T22:02:32+0000 [WARNING]   Could not re-fetch post 1u2ge45 from Arctic Shift
2026-06-12T22:02:34+0000 [INFO]   Arctic Shift returned 3 comments
2026-06-12T22:02:34+0000 [INFO] Processing post 1u2gf2g (Arctic Shift): Harry Kane's pass against Costa Rica
2026-06-12T22:02:35+0000 [WARNING]   Could not re-fetch post 1u2gf2g from Arctic Shift
2026-06-12T22:02:42+0000 [INFO]   Arctic Shift returned 472 comments
2026-06-12T22:02:42+0000 [INFO] Processing post 1u2gkcy (Arctic Shift): Hey everyone — built a free FIFA 2026 fan identity quiz 🏆
2026-06-12T22:02:42+0000 [WARNING]   Could not re-fetch post 1u2gkcy from Arctic Shift
2026-06-12T22:02:44+0000 [INFO]   Arctic Shift returned 2 comments
2026-06-12T22:02:44+0000 [INFO] Processing post 1u2ghba (Arctic Shift): Mexico vs South Africa who you got? I'll be live streaming f
2026-06-12T22:02:46+0000 [WARNING]   Could not re-fetch post 1u2ghba from Arctic Shift
2026-06-12T22:02:48+0000 [INFO]   Arctic Shift returned 1 comments
2026-06-12T22:02:48+0000 [INFO] Processing post 1u2gj6m (Arctic Shift): Made a World Cup knowledge game
2026-06-12T22:02:48+0000 [WARNING]   Could not re-fetch post 1u2gj6m from Arctic Shift
2026-06-12T22:02:51+0000 [INFO]   Arctic Shift returned 1 comments
2026-06-12T22:02:51+0000 [INFO] Processing post 1u2gno4 (Arctic Shift): Australian Football Noob Reacts to FIFA World Cup 2026 Songs
2026-06-12T22:02:52+0000 [WARNING]   Could not re-fetch post 1u2gno4 from Arctic Shift
2026-06-12T22:02:54+0000 [INFO]   Arctic Shift returned 1 comments
2026-06-12T22:02:54+0000 [INFO] Processing post 1u2gxs3 (Arctic Shift): Any good alternatives for watching sports without cable?
2026-06-12T22:02:55+0000 [WARNING]   Could not re-fetch post 1u2gxs3 from Arctic Shift
2026-06-12T22:02:56+0000 [INFO]   Arctic Shift returned 1 comments
2026-06-12T22:02:56+0000 [INFO] Processing post 1u2gxx3 (Arctic Shift): Will this be the worst World Cup ever?
2026-06-12T22:02:57+0000 [WARNING]   Could not re-fetch post 1u2gxx3 from Arctic Shift
2026-06-12T22:02:59+0000 [INFO]   Arctic Shift returned 2 comments
2026-06-12T22:02:59+0000 [INFO] Processing post 1u2h5zn (Arctic Shift): The goalkeepers who stay in the center of the goal save more
2026-06-12T22:03:01+0000 [WARNING]   Could not re-fetch post 1u2h5zn from Arctic Shift
2026-06-12T22:03:03+0000 [INFO]   Arctic Shift returned 1 comments
2026-06-12T22:03:03+0000 [INFO] Processing post 1u2h70n (Arctic Shift): World Cup drone show rehearsal for Toronto opening ceremony
2026-06-12T22:03:04+0000 [WARNING]   Could not re-fetch post 1u2h70n from Arctic Shift
2026-06-12T22:03:06+0000 [INFO]   Arctic Shift returned 1 comments
2026-06-12T22:03:06+0000 [INFO] Processing post 1u2h7ns (Arctic Shift): England 2-0 Costa Rica - Anthony Gordon penalty 68'
2026-06-12T22:03:07+0000 [WARNING]   Could not re-fetch post 1u2h7ns from Arctic Shift
2026-06-12T22:03:09+0000 [INFO]   Arctic Shift returned 47 comments
2026-06-12T22:03:09+0000 [INFO] Processing post 1u2h7uj (Arctic Shift): England [2] - 0 Costa Rica - Anthony Gordon (penalty) 68‎'‎
2026-06-12T22:03:10+0000 [WARNING]   Could not re-fetch post 1u2h7uj from Arctic Shift
2026-06-12T22:03:12+0000 [INFO]   Arctic Shift returned 7 comments
2026-06-12T22:03:12+0000 [INFO] Processing post 1u2hg81 (Arctic Shift): Costa Rica GK Patrick Sequeria receives some treatment in ga
2026-06-12T22:03:13+0000 [WARNING]   Could not re-fetch post 1u2hg81 from Arctic Shift
2026-06-12T22:03:15+0000 [INFO]   Arctic Shift returned 18 comments
2026-06-12T22:03:15+0000 [INFO] Processing post 1u2hd02 (Arctic Shift): How many points will be needed to make the Knockout stages o
2026-06-12T22:03:16+0000 [WARNING]   Could not re-fetch post 1u2hd02 from Arctic Shift
2026-06-12T22:03:18+0000 [INFO]   Arctic Shift returned 49 comments
2026-06-12T22:03:18+0000 [INFO] Processing post 1u2hkfi (Arctic Shift): England 2-0 Costa Rica - Anthony Gordon penalty 68'
2026-06-12T22:03:19+0000 [WARNING]   Could not re-fetch post 1u2hkfi from Arctic Shift
2026-06-12T22:03:22+0000 [INFO]   Arctic Shift returned 45 comments
2026-06-12T22:03:22+0000 [INFO] Processing post 1u2hhwh (Arctic Shift): [Fabrizio Romano] EXCL: Wolves agree deal in principle to ap
2026-06-12T22:03:23+0000 [WARNING]   Could not re-fetch post 1u2hhwh from Arctic Shift
2026-06-12T22:03:25+0000 [INFO]   Arctic Shift returned 1 comments
2026-06-12T22:03:25+0000 [INFO] Processing post 1u2hkh0 (Arctic Shift): Smear Campaign on Omar Artan
2026-06-12T22:03:26+0000 [WARNING]   Could not re-fetch post 1u2hkh0 from Arctic Shift
2026-06-12T22:03:29+0000 [INFO]   Arctic Shift returned 1 comments
2026-06-12T22:03:29+0000 [INFO] Processing post 1u2hocl (Arctic Shift): England [3] - 0 Costa Rica - Ollie Watkins 87‎'‎
2026-06-12T22:03:29+0000 [WARNING]   Could not re-fetch post 1u2hocl from Arctic Shift
2026-06-12T22:03:33+0000 [INFO]   Arctic Shift returned 65 comments
2026-06-12T22:03:33+0000 [INFO] Processing post 1u2hmrf (Arctic Shift): AI being used to link Omar Artan to Terrorist Groups
2026-06-12T22:03:33+0000 [WARNING]   Could not re-fetch post 1u2hmrf from Arctic Shift
2026-06-12T22:03:35+0000 [INFO]   Arctic Shift returned 1 comments
2026-06-12T22:03:35+0000 [INFO] Processing post 1u2hodr (Arctic Shift): England 3-0 Costa Rica - Ollie Watkins 87'
2026-06-12T22:03:36+0000 [WARNING]   Could not re-fetch post 1u2hodr from Arctic Shift
2026-06-12T22:03:38+0000 [INFO]   Arctic Shift returned 1 comments
2026-06-12T22:03:38+0000 [INFO] Processing post 1u2hms6 (Arctic Shift): Will US soccer fandom ever recover from wc26 memes?
2026-06-12T22:03:39+0000 [WARNING]   Could not re-fetch post 1u2hms6 from Arctic Shift
2026-06-12T22:03:41+0000 [INFO]   Arctic Shift returned 1 comments
2026-06-12T22:03:41+0000 [INFO] Harvester complete (arctic_shift+rss). 22 posts processed, 0 failed, 799 total comments collected.
2026-06-12T22:07:22+0000 [INFO] Harvester starting. Target time: 2026-06-10T22:07:22.813872+00:00. Mode: arctic_shift+rss
2026-06-12T22:07:22+0000 [INFO] No pending posts for target time 2026-06-10T22. Nothing to do.
2026-06-12T22:12:08+0000 [INFO] Harvester starting. Target time: 2026-06-10T22:12:08.793517+00:00. Mode: arctic_shift+rss
2026-06-12T22:12:08+0000 [INFO] No pending posts for target time 2026-06-10T22. Nothing to do.
2026-06-12T22:17:14+0000 [INFO] Harvester starting. Target time: 2026-06-10T22:17:14.839930+00:00. Mode: arctic_shift+rss
2026-06-12T22:17:14+0000 [INFO] No pending posts for target time 2026-06-10T22. Nothing to do.
2026-06-12T22:22:04+0000 [INFO] Harvester starting. Target time: 2026-06-10T22:22:04.039470+00:00. Mode: arctic_shift+rss
2026-06-12T22:22:04+0000 [INFO] No pending posts for target time 2026-06-10T22. Nothing to do.
2026-06-12T22:27:05+0000 [INFO] Harvester starting. Target time: 2026-06-10T22:27:05.871114+00:00. Mode: arctic_shift+rss
2026-06-12T22:27:05+0000 [INFO] No pending posts for target time 2026-06-10T22. Nothing to do.
