2026-06-12T20:02:19+0000 [INFO] Harvester starting. Target time: 2026-06-10T20:02:19.289122+00:00. Mode: arctic_shift+rss
2026-06-12T20:02:19+0000 [INFO] Found 37 posts to process
2026-06-12T20:02:19+0000 [INFO] Processing post 1u2d342 (Arctic Shift): This is TERRA FC.
2026-06-12T20:02:19+0000 [WARNING]   Could not re-fetch post 1u2d342 from Arctic Shift
2026-06-12T20:02:23+0000 [INFO]   Arctic Shift returned 1 comments
2026-06-12T20:02:23+0000 [INFO] Processing post 1u2d0t4 (Arctic Shift): Match Thread: Portugal vs Nigeria
2026-06-12T20:02:24+0000 [WARNING]   Could not re-fetch post 1u2d0t4 from Arctic Shift
2026-06-12T20:02:25+0000 [INFO]   Arctic Shift returned 0 comments
2026-06-12T20:02:25+0000 [INFO] Processing post 1u2d53d (Arctic Shift): Cristiano Ronaldo miss against Nigeria 9'
2026-06-12T20:02:26+0000 [WARNING]   Could not re-fetch post 1u2d53d from Arctic Shift
2026-06-12T20:02:34+0000 [INFO]   Arctic Shift returned 355 comments
2026-06-12T20:02:34+0000 [INFO] Processing post 1u2d7jy (Arctic Shift): Infantino asked by a BBC journalist if he accepts he's lost 
2026-06-12T20:02:34+0000 [WARNING]   Could not re-fetch post 1u2d7jy from Arctic Shift
2026-06-12T20:02:45+0000 [INFO]   Arctic Shift returned 785 comments
2026-06-12T20:02:45+0000 [INFO] Processing post 1u2d8ed (Arctic Shift): Made a free World Cup score prediction game for me and my fr
2026-06-12T20:02:46+0000 [WARNING]   Could not re-fetch post 1u2d8ed from Arctic Shift
2026-06-12T20:02:48+0000 [INFO]   Arctic Shift returned 1 comments
2026-06-12T20:02:48+0000 [INFO] Processing post 1u2d84h (Arctic Shift): [Ornstein] United are refusing to enter a bidding war, and a
2026-06-12T20:02:49+0000 [WARNING]   Could not re-fetch post 1u2d84h from Arctic Shift
2026-06-12T20:02:50+0000 [INFO]   Arctic Shift returned 0 comments
2026-06-12T20:02:50+0000 [INFO] Processing post 1u2d7t6 (Arctic Shift): In honor of the World Cup starting tomorrow, I built a free 
2026-06-12T20:02:51+0000 [WARNING]   Could not re-fetch post 1u2d7t6 from Arctic Shift
2026-06-12T20:02:54+0000 [INFO]   Arctic Shift returned 2 comments
2026-06-12T20:02:54+0000 [INFO] Processing post 1u2d9uw (Arctic Shift): [David Ornstein] Manchester United are refusing to enter a b
2026-06-12T20:02:55+0000 [WARNING]   Could not re-fetch post 1u2d9uw from Arctic Shift
2026-06-12T20:03:00+0000 [INFO]   Arctic Shift returned 213 comments
2026-06-12T20:03:00+0000 [INFO] Processing post 1u2dgf9 (Arctic Shift): I made a Korean flag made up of 48 jerseys of all the nation
2026-06-12T20:03:00+0000 [WARNING]   Could not re-fetch post 1u2dgf9 from Arctic Shift
2026-06-12T20:03:03+0000 [INFO]   Arctic Shift returned 1 comments
2026-06-12T20:03:03+0000 [INFO] Processing post 1u2dhqw (Arctic Shift): Portugal [1] - 0 Nigeria - Pedro Neto  23'
2026-06-12T20:03:04+0000 [WARNING]   Could not re-fetch post 1u2dhqw from Arctic Shift
2026-06-12T20:03:07+0000 [INFO]   Arctic Shift returned 7 comments
2026-06-12T20:03:07+0000 [INFO] Processing post 1u2df96 (Arctic Shift): My 9yo daughter ranked every 2026 World Cup team by how many
2026-06-12T20:03:08+0000 [WARNING]   Could not re-fetch post 1u2df96 from Arctic Shift
2026-06-12T20:03:10+0000 [INFO]   Arctic Shift returned 1 comments
2026-06-12T20:03:10+0000 [INFO] Processing post 1u2dhiq (Arctic Shift): Portugal 1-0 Nigeria - Pedro Neto 23'
2026-06-12T20:03:11+0000 [WARNING]   Could not re-fetch post 1u2dhiq from Arctic Shift
2026-06-12T20:03:13+0000 [INFO]   Arctic Shift returned 64 comments
2026-06-12T20:03:13+0000 [INFO] Processing post 1u2dj9y (Arctic Shift): My 9yo daughter ranked every 2026 World Cup team by how many
2026-06-12T20:03:14+0000 [WARNING]   Could not re-fetch post 1u2dj9y from Arctic Shift
2026-06-12T20:03:16+0000 [INFO]   Arctic Shift returned 8 comments
2026-06-12T20:03:16+0000 [INFO] Processing post 1u2dhjy (Arctic Shift): [FC Barcelona] has formally submitted to UEFA the bid and co
2026-06-12T20:03:17+0000 [WARNING]   Could not re-fetch post 1u2dhjy from Arctic Shift
2026-06-12T20:03:20+0000 [INFO]   Arctic Shift returned 151 comments
2026-06-12T20:03:20+0000 [INFO] Processing post 1u2dnay (Arctic Shift): Modena to appoint Daniele Galloppa as manager
2026-06-12T20:03:21+0000 [WARNING]   Could not re-fetch post 1u2dnay from Arctic Shift
2026-06-12T20:03:24+0000 [INFO]   Arctic Shift returned 5 comments
2026-06-12T20:03:24+0000 [INFO] Processing post 1u2dkkl (Arctic Shift): I made a football anthem from the heart — please give it a l
2026-06-12T20:03:25+0000 [WARNING]   Could not re-fetch post 1u2dkkl from Arctic Shift
2026-06-12T20:03:27+0000 [INFO]   Arctic Shift returned 1 comments
2026-06-12T20:03:27+0000 [INFO] Processing post 1u2dmal (Arctic Shift): RAFIUS - We Rise Tonight | Football World Cup 2026 Anthem (U
2026-06-12T20:03:28+0000 [WARNING]   Could not re-fetch post 1u2dmal from Arctic Shift
2026-06-12T20:03:29+0000 [INFO]   Arctic Shift returned 1 comments
2026-06-12T20:03:29+0000 [INFO] Processing post 1u2dsqc (Arctic Shift): [The Athletic] Gotham FC to construct $35 million training f
2026-06-12T20:03:30+0000 [WARNING]   Could not re-fetch post 1u2dsqc from Arctic Shift
2026-06-12T20:03:32+0000 [INFO]   Arctic Shift returned 18 comments
2026-06-12T20:03:32+0000 [INFO] Processing post 1u2driu (Arctic Shift): Throwback to 2023 when FIFA stripped Indonesia from hosting 
2026-06-12T20:03:34+0000 [WARNING]   Could not re-fetch post 1u2driu from Arctic Shift
2026-06-12T20:03:35+0000 [INFO]   Arctic Shift returned 1 comments
2026-06-12T20:03:35+0000 [INFO] Processing post 1u2dqwm (Arctic Shift): Cheapest ticket for Colombia vs Portugal ($3,000)
2026-06-12T20:03:36+0000 [WARNING]   Could not re-fetch post 1u2dqwm from Arctic Shift
2026-06-12T20:03:39+0000 [INFO]   Arctic Shift returned 2 comments
2026-06-12T20:03:39+0000 [INFO] Processing post 1u2ds87 (Arctic Shift): Italy's World Cup 2026 group 🇮🇹
2026-06-12T20:03:40+0000 [WARNING]   Could not re-fetch post 1u2ds87 from Arctic Shift
2026-06-12T20:03:45+0000 [INFO]   Arctic Shift returned 1 comments
2026-06-12T20:03:45+0000 [INFO] Processing post 1u2dtmh (Arctic Shift): Fifa world cup live stream free
2026-06-12T20:03:45+0000 [WARNING]   Could not re-fetch post 1u2dtmh from Arctic Shift
2026-06-12T20:03:47+0000 [INFO]   Arctic Shift returned 1 comments
2026-06-12T20:03:47+0000 [INFO] Processing post 1u2dsuz (Arctic Shift): Erling Haaland and Achraf Hakimi reunite after Norway’s frie
2026-06-12T20:03:49+0000 [WARNING]   Could not re-fetch post 1u2dsuz from Arctic Shift
2026-06-12T20:03:51+0000 [INFO]   Arctic Shift returned 1 comments
2026-06-12T20:03:51+0000 [INFO] Processing post 1u2dqg9 (Arctic Shift): Ultimate USMNT vs Paraguay Preview
2026-06-12T20:03:52+0000 [WARNING]   Could not re-fetch post 1u2dqg9 from Arctic Shift
2026-06-12T20:03:54+0000 [INFO]   Arctic Shift returned 1 comments
2026-06-12T20:03:54+0000 [INFO] Processing post 1u2dvl4 (Arctic Shift): Portugal 1-[1] Nigeria - Akor Adams 37'
2026-06-12T20:03:55+0000 [WARNING]   Could not re-fetch post 1u2dvl4 from Arctic Shift
2026-06-12T20:03:58+0000 [INFO]   Arctic Shift returned 156 comments
2026-06-12T20:03:58+0000 [INFO] Processing post 1u2dyh1 (Arctic Shift): Malaga [1]-1 Las Palmas [2-1 on agg.] - Joaquin Munoz 69'
2026-06-12T20:03:59+0000 [WARNING]   Could not re-fetch post 1u2dyh1 from Arctic Shift
2026-06-12T20:04:02+0000 [INFO]   Arctic Shift returned 6 comments
2026-06-12T20:04:02+0000 [INFO] Processing post 1u2dvnx (Arctic Shift): Portugal [1] - [1] Nigeria - A. Adams 37'
2026-06-12T20:04:03+0000 [WARNING]   Could not re-fetch post 1u2dvnx from Arctic Shift
2026-06-12T20:04:05+0000 [INFO]   Arctic Shift returned 3 comments
2026-06-12T20:04:05+0000 [INFO] Processing post 1u2e13j (Arctic Shift): Why Argentina's 2022 World Cup win was about architecture, n
2026-06-12T20:04:06+0000 [WARNING]   Could not re-fetch post 1u2e13j from Arctic Shift
2026-06-12T20:04:09+0000 [INFO]   Arctic Shift returned 1 comments
2026-06-12T20:04:09+0000 [INFO] Processing post 1u2e85o (Arctic Shift): [ Removed by moderator ]
2026-06-12T20:04:10+0000 [WARNING]   Could not re-fetch post 1u2e85o from Arctic Shift
2026-06-12T20:04:12+0000 [INFO]   Arctic Shift returned 2 comments
2026-06-12T20:04:12+0000 [INFO] Processing post 1u2e6q5 (Arctic Shift): Erling Haaland and Achraf Hakimi reunite after Norway’s frie
2026-06-12T20:04:13+0000 [WARNING]   Could not re-fetch post 1u2e6q5 from Arctic Shift
2026-06-12T20:04:15+0000 [INFO]   Arctic Shift returned 1 comments
2026-06-12T20:04:15+0000 [INFO] Processing post 1u2ebtz (Arctic Shift): Hypothetical: FIFA Time Travel World Champions Cup
2026-06-12T20:04:16+0000 [WARNING]   Could not re-fetch post 1u2ebtz from Arctic Shift
2026-06-12T20:04:18+0000 [INFO]   Arctic Shift returned 1 comments
2026-06-12T20:04:18+0000 [INFO] Processing post 1u2ecuh (Arctic Shift): Le groupe de l'Italie à la Coupe du Monde 2026 🇮🇹
2026-06-12T20:04:19+0000 [WARNING]   Could not re-fetch post 1u2ecuh from Arctic Shift
2026-06-12T20:04:23+0000 [INFO]   Arctic Shift returned 1 comments
2026-06-12T20:04:23+0000 [INFO] Processing post 1u2ek7f (Arctic Shift): Sporting KC pushing to sign Toulouse winger Yann Gboho: Sour
2026-06-12T20:04:23+0000 [WARNING]   Could not re-fetch post 1u2ek7f from Arctic Shift
2026-06-12T20:04:26+0000 [INFO]   Arctic Shift returned 5 comments
2026-06-12T20:04:26+0000 [INFO] Processing post 1u2ejw9 (Arctic Shift): BREAKING: Manchester City have submitted a £121 MILLION offi
2026-06-12T20:04:26+0000 [WARNING]   Could not re-fetch post 1u2ejw9 from Arctic Shift
2026-06-12T20:04:29+0000 [INFO]   Arctic Shift returned 1 comments
2026-06-12T20:04:29+0000 [INFO] Processing post 1u2ejl6 (Arctic Shift): Who is going to win the World Cup?
2026-06-12T20:04:30+0000 [WARNING]   Could not re-fetch post 1u2ejl6 from Arctic Shift
2026-06-12T20:04:32+0000 [INFO]   Arctic Shift returned 2 comments
2026-06-12T20:04:32+0000 [INFO] Processing post 1u2ekdg (Arctic Shift): [VI] Mitchell van der Gaag is in the running to become Marít
2026-06-12T20:04:33+0000 [WARNING]   Could not re-fetch post 1u2ekdg from Arctic Shift
2026-06-12T20:04:35+0000 [INFO]   Arctic Shift returned 5 comments
2026-06-12T20:04:35+0000 [INFO] Processing post 1u2elze (Arctic Shift): How is this a comparison?
2026-06-12T20:04:36+0000 [WARNING]   Could not re-fetch post 1u2elze from Arctic Shift
2026-06-12T20:04:38+0000 [INFO]   Arctic Shift returned 1 comments
2026-06-12T20:04:38+0000 [INFO] Harvester complete (arctic_shift+rss). 37 posts processed, 0 failed, 1806 total comments collected.
2026-06-12T20:07:16+0000 [INFO] Harvester starting. Target time: 2026-06-10T20:07:16.213930+00:00. Mode: arctic_shift+rss
2026-06-12T20:07:16+0000 [INFO] No pending posts for target time 2026-06-10T20. Nothing to do.
2026-06-12T20:12:13+0000 [INFO] Harvester starting. Target time: 2026-06-10T20:12:13.645046+00:00. Mode: arctic_shift+rss
2026-06-12T20:12:13+0000 [INFO] No pending posts for target time 2026-06-10T20. Nothing to do.
2026-06-12T20:17:06+0000 [INFO] Harvester starting. Target time: 2026-06-10T20:17:06.638547+00:00. Mode: arctic_shift+rss
2026-06-12T20:17:06+0000 [INFO] No pending posts for target time 2026-06-10T20. Nothing to do.
2026-06-12T20:21:56+0000 [INFO] Harvester starting. Target time: 2026-06-10T20:21:56.600441+00:00. Mode: arctic_shift+rss
2026-06-12T20:21:56+0000 [INFO] No pending posts for target time 2026-06-10T20. Nothing to do.
2026-06-12T20:27:11+0000 [INFO] Harvester starting. Target time: 2026-06-10T20:27:11.399295+00:00. Mode: arctic_shift+rss
2026-06-12T20:27:11+0000 [INFO] No pending posts for target time 2026-06-10T20. Nothing to do.
2026-06-12T20:32:10+0000 [INFO] Harvester starting. Target time: 2026-06-10T20:32:10.985579+00:00. Mode: arctic_shift+rss
2026-06-12T20:32:10+0000 [INFO] No pending posts for target time 2026-06-10T20. Nothing to do.
2026-06-12T20:37:17+0000 [INFO] Harvester starting. Target time: 2026-06-10T20:37:17.956738+00:00. Mode: arctic_shift+rss
2026-06-12T20:37:17+0000 [INFO] No pending posts for target time 2026-06-10T20. Nothing to do.
2026-06-12T20:42:18+0000 [INFO] Harvester starting. Target time: 2026-06-10T20:42:18.173062+00:00. Mode: arctic_shift+rss
2026-06-12T20:42:18+0000 [INFO] No pending posts for target time 2026-06-10T20. Nothing to do.
2026-06-12T20:47:06+0000 [INFO] Harvester starting. Target time: 2026-06-10T20:47:06.651817+00:00. Mode: arctic_shift+rss
2026-06-12T20:47:06+0000 [INFO] No pending posts for target time 2026-06-10T20. Nothing to do.
2026-06-12T20:52:17+0000 [INFO] Harvester starting. Target time: 2026-06-10T20:52:17.198127+00:00. Mode: arctic_shift+rss
2026-06-12T20:52:17+0000 [INFO] No pending posts for target time 2026-06-10T20. Nothing to do.
