2026-06-12T19:01:58+0000 [INFO] Harvester starting. Target time: 2026-06-10T19:01:58.532332+00:00. Mode: arctic_shift+rss
2026-06-12T19:01:58+0000 [INFO] Found 32 posts to process
2026-06-12T19:01:58+0000 [INFO] Processing post 1u2batm (Arctic Shift): Leça defeats Vitoria de Sernache (1-1[5-4 on pen.]) and is t
2026-06-12T19:01:58+0000 [WARNING]   Could not re-fetch post 1u2batm from Arctic Shift
2026-06-12T19:02:00+0000 [INFO]   Arctic Shift returned 1 comments
2026-06-12T19:02:00+0000 [INFO] Processing post 1u2aadl (Arctic Shift): Brazilian reporter covering the World Cup in Mexico was live
2026-06-12T19:02:01+0000 [WARNING]   Could not re-fetch post 1u2aadl from Arctic Shift
2026-06-12T19:02:05+0000 [INFO]   Arctic Shift returned 201 comments
2026-06-12T19:02:06+0000 [INFO] Processing post 1u2a1py (Arctic Shift): England squad pronunciations for 2026 World Cup
2026-06-12T19:02:07+0000 [WARNING]   Could not re-fetch post 1u2a1py from Arctic Shift
2026-06-12T19:02:11+0000 [INFO]   Arctic Shift returned 331 comments
2026-06-12T19:02:12+0000 [INFO] Processing post 1u2b51t (Arctic Shift): World Cup warm-up LIVE: England vs Costa Rica: score, radio 
2026-06-12T19:02:13+0000 [WARNING]   Could not re-fetch post 1u2b51t from Arctic Shift
2026-06-12T19:02:15+0000 [INFO]   Arctic Shift returned 112 comments
2026-06-12T19:02:15+0000 [INFO] Processing post 1u2a2r3 (Arctic Shift): I made stamps for every country in the World Cup.
2026-06-12T19:02:16+0000 [WARNING]   Could not re-fetch post 1u2a2r3 from Arctic Shift
2026-06-12T19:02:19+0000 [INFO]   Arctic Shift returned 92 comments
2026-06-12T19:02:19+0000 [INFO] Processing post 1u2atrb (Arctic Shift): [Ornstein] Manchester City make £106m plus add-ons verbal of
2026-06-12T19:02:19+0000 [WARNING]   Could not re-fetch post 1u2atrb from Arctic Shift
2026-06-12T19:02:30+0000 [INFO]   Arctic Shift returned 704 comments
2026-06-12T19:02:30+0000 [INFO] Processing post 1u2ba5m (Arctic Shift): Bayer 04 signs top talent Kennet Eichhorn
2026-06-12T19:02:31+0000 [WARNING]   Could not re-fetch post 1u2ba5m from Arctic Shift
2026-06-12T19:02:33+0000 [INFO]   Arctic Shift returned 41 comments
2026-06-12T19:02:33+0000 [INFO] Processing post 1u2bgo0 (Arctic Shift): Suddenly, an unknown Canadian has joined the [Belgian nation
2026-06-12T19:02:34+0000 [WARNING]   Could not re-fetch post 1u2bgo0 from Arctic Shift
2026-06-12T19:02:36+0000 [INFO]   Arctic Shift returned 4 comments
2026-06-12T19:02:36+0000 [INFO] Processing post 1u2bbdl (Arctic Shift): [Getafe CF] José Bordalás (62) renews his contract with Geta
2026-06-12T19:02:37+0000 [WARNING]   Could not re-fetch post 1u2bbdl from Arctic Shift
2026-06-12T19:02:39+0000 [INFO]   Arctic Shift returned 36 comments
2026-06-12T19:02:39+0000 [INFO] Processing post 1u29yg6 (Arctic Shift): Omar Artan, embraced by his people
2026-06-12T19:02:40+0000 [WARNING]   Could not re-fetch post 1u29yg6 from Arctic Shift
2026-06-12T19:02:42+0000 [INFO]   Arctic Shift returned 97 comments
2026-06-12T19:02:42+0000 [INFO] Processing post 1u2c7c6 (Arctic Shift): Arsene Wenger: "There’s one man who is at the centre of all 
2026-06-12T19:02:43+0000 [WARNING]   Could not re-fetch post 1u2c7c6 from Arctic Shift
2026-06-12T19:02:48+0000 [INFO]   Arctic Shift returned 323 comments
2026-06-12T19:02:48+0000 [INFO] Processing post 1u2cbkz (Arctic Shift): Full match replay World Cup
2026-06-12T19:02:49+0000 [WARNING]   Could not re-fetch post 1u2cbkz from Arctic Shift
2026-06-12T19:02:51+0000 [INFO]   Arctic Shift returned 1 comments
2026-06-12T19:02:51+0000 [INFO] Processing post 1u2caou (Arctic Shift): Messi  ¿Te acordás quién soy? #Messi #elhijodeGudjohnsen
2026-06-12T19:02:52+0000 [WARNING]   Could not re-fetch post 1u2caou from Arctic Shift
2026-06-12T19:02:54+0000 [INFO]   Arctic Shift returned 1 comments
2026-06-12T19:02:54+0000 [INFO] Processing post 1u2blzk (Arctic Shift): [Roger Torelló] FC Barcelona has paid the €1.5M + bonuses bu
2026-06-12T19:02:55+0000 [WARNING]   Could not re-fetch post 1u2blzk from Arctic Shift
2026-06-12T19:02:57+0000 [INFO]   Arctic Shift returned 25 comments
2026-06-12T19:02:57+0000 [INFO] Processing post 1u2cb33 (Arctic Shift): I Built a World Cup Bar Finder for Fans
2026-06-12T19:02:58+0000 [WARNING]   Could not re-fetch post 1u2cb33 from Arctic Shift
2026-06-12T19:03:00+0000 [INFO]   Arctic Shift returned 1 comments
2026-06-12T19:03:00+0000 [INFO] Processing post 1u2bu9u (Arctic Shift): Malaga 0-1 Las Palmas [1-1 on agg.] - Jese 3'
2026-06-12T19:03:01+0000 [WARNING]   Could not re-fetch post 1u2bu9u from Arctic Shift
2026-06-12T19:03:03+0000 [INFO]   Arctic Shift returned 8 comments
2026-06-12T19:03:03+0000 [INFO] Processing post 1u2c6uk (Arctic Shift): Infantino: ‘Chill, relax, we can’t control everything’ - Inf
2026-06-12T19:03:04+0000 [WARNING]   Could not re-fetch post 1u2c6uk from Arctic Shift
2026-06-12T19:03:09+0000 [INFO]   Arctic Shift returned 326 comments
2026-06-12T19:03:09+0000 [INFO] Processing post 1u2c2h5 (Arctic Shift): [Getafe CF] José Bordalás renews with Getafe until 2028.
2026-06-12T19:03:10+0000 [WARNING]   Could not re-fetch post 1u2c2h5 from Arctic Shift
2026-06-12T19:03:12+0000 [INFO]   Arctic Shift returned 39 comments
2026-06-12T19:03:12+0000 [INFO] Processing post 1u2bquy (Arctic Shift): Suddenly, an unknown Canadian has joined the [Belgian nation
2026-06-12T19:03:13+0000 [WARNING]   Could not re-fetch post 1u2bquy from Arctic Shift
2026-06-12T19:03:15+0000 [INFO]   Arctic Shift returned 36 comments
2026-06-12T19:03:15+0000 [INFO] Processing post 1u2cbbz (Arctic Shift): I want to hear from an Iceland or Argentina fan who went to 
2026-06-12T19:03:16+0000 [WARNING]   Could not re-fetch post 1u2cbbz from Arctic Shift
2026-06-12T19:03:18+0000 [INFO]   Arctic Shift returned 1 comments
2026-06-12T19:03:18+0000 [INFO] Processing post 1u2cb0r (Arctic Shift): Which football club has the most annoying fan base?
2026-06-12T19:03:19+0000 [WARNING]   Could not re-fetch post 1u2cb0r from Arctic Shift
2026-06-12T19:03:21+0000 [INFO]   Arctic Shift returned 2 comments
2026-06-12T19:03:21+0000 [INFO] Processing post 1u2ca1p (Arctic Shift): Where are you guys watching World Cup games this time?
2026-06-12T19:03:22+0000 [WARNING]   Could not re-fetch post 1u2ca1p from Arctic Shift
2026-06-12T19:03:24+0000 [INFO]   Arctic Shift returned 1 comments
2026-06-12T19:03:24+0000 [INFO] Processing post 1u2ck59 (Arctic Shift): Wall chart at the ready...
2026-06-12T19:03:25+0000 [WARNING]   Could not re-fetch post 1u2ck59 from Arctic Shift
2026-06-12T19:03:27+0000 [INFO]   Arctic Shift returned 2 comments
2026-06-12T19:03:27+0000 [INFO] Processing post 1u2cmgh (Arctic Shift): [BBC] Essex Police given new David Sullivan information
2026-06-12T19:03:28+0000 [WARNING]   Could not re-fetch post 1u2cmgh from Arctic Shift
2026-06-12T19:03:30+0000 [INFO]   Arctic Shift returned 3 comments
2026-06-12T19:03:30+0000 [INFO] Processing post 1u2clbp (Arctic Shift): Calculated WC 2026 sleep loss for 12 fanbases. Saudi Arabia 
2026-06-12T19:03:31+0000 [WARNING]   Could not re-fetch post 1u2clbp from Arctic Shift
2026-06-12T19:03:33+0000 [INFO]   Arctic Shift returned 1 comments
2026-06-12T19:03:33+0000 [INFO] Processing post 1u2cnsn (Arctic Shift): Portugal v Nigeria
2026-06-12T19:03:34+0000 [WARNING]   Could not re-fetch post 1u2cnsn from Arctic Shift
2026-06-12T19:03:36+0000 [INFO]   Arctic Shift returned 1 comments
2026-06-12T19:03:36+0000 [INFO] Processing post 1u2cv9k (Arctic Shift): Match Thread: Portugal vs Nigeria | International Friendly 2
2026-06-12T19:03:37+0000 [WARNING]   Could not re-fetch post 1u2cv9k from Arctic Shift
2026-06-12T19:03:46+0000 [INFO]   Arctic Shift returned 747 comments
2026-06-12T19:03:46+0000 [INFO] Processing post 1u2cty4 (Arctic Shift): Mister Roulette — a browser football manager where everythin
2026-06-12T19:03:47+0000 [WARNING]   Could not re-fetch post 1u2cty4 from Arctic Shift
2026-06-12T19:03:49+0000 [INFO]   Arctic Shift returned 1 comments
2026-06-12T19:03:49+0000 [INFO] Processing post 1u2crlx (Arctic Shift): Transfer Market Madness
2026-06-12T19:03:50+0000 [WARNING]   Could not re-fetch post 1u2crlx from Arctic Shift
2026-06-12T19:03:52+0000 [INFO]   Arctic Shift returned 1 comments
2026-06-12T19:03:52+0000 [INFO] Processing post 1u2cziu (Arctic Shift): I drew the national animals, flags and kits of the 2026 Worl
2026-06-12T19:03:53+0000 [WARNING]   Could not re-fetch post 1u2cziu from Arctic Shift
2026-06-12T19:03:55+0000 [INFO]   Arctic Shift returned 1 comments
2026-06-12T19:03:55+0000 [INFO] Processing post 1u2cxcj (Arctic Shift): England v Costa Rica to kick off at 22:00 BST after game del
2026-06-12T19:03:56+0000 [WARNING]   Could not re-fetch post 1u2cxcj from Arctic Shift
2026-06-12T19:03:58+0000 [INFO]   Arctic Shift returned 1 comments
2026-06-12T19:03:58+0000 [INFO] Processing post 1u2cxlq (Arctic Shift): I drew the national animals, flags and kits of the 2026 Worl
2026-06-12T19:03:59+0000 [WARNING]   Could not re-fetch post 1u2cxlq from Arctic Shift
2026-06-12T19:04:01+0000 [INFO]   Arctic Shift returned 1 comments
2026-06-12T19:04:01+0000 [INFO] Harvester complete (arctic_shift+rss). 32 posts processed, 0 failed, 3142 total comments collected.
2026-06-12T19:06:53+0000 [INFO] Harvester starting. Target time: 2026-06-10T19:06:53.981314+00:00. Mode: arctic_shift+rss
2026-06-12T19:06:53+0000 [INFO] No pending posts for target time 2026-06-10T19. Nothing to do.
2026-06-12T19:12:19+0000 [INFO] Harvester starting. Target time: 2026-06-10T19:12:19.516944+00:00. Mode: arctic_shift+rss
2026-06-12T19:12:19+0000 [INFO] No pending posts for target time 2026-06-10T19. Nothing to do.
2026-06-12T19:16:48+0000 [INFO] Harvester starting. Target time: 2026-06-10T19:16:48.980908+00:00. Mode: arctic_shift+rss
2026-06-12T19:16:48+0000 [INFO] No pending posts for target time 2026-06-10T19. Nothing to do.
2026-06-12T19:21:52+0000 [INFO] Harvester starting. Target time: 2026-06-10T19:21:52.730180+00:00. Mode: arctic_shift+rss
2026-06-12T19:21:52+0000 [INFO] No pending posts for target time 2026-06-10T19. Nothing to do.
2026-06-12T19:26:51+0000 [INFO] Harvester starting. Target time: 2026-06-10T19:26:51.632078+00:00. Mode: arctic_shift+rss
2026-06-12T19:26:51+0000 [INFO] No pending posts for target time 2026-06-10T19. Nothing to do.
2026-06-12T19:32:00+0000 [INFO] Harvester starting. Target time: 2026-06-10T19:32:00.611570+00:00. Mode: arctic_shift+rss
2026-06-12T19:32:00+0000 [INFO] No pending posts for target time 2026-06-10T19. Nothing to do.
2026-06-12T19:36:47+0000 [INFO] Harvester starting. Target time: 2026-06-10T19:36:47.289020+00:00. Mode: arctic_shift+rss
2026-06-12T19:36:47+0000 [INFO] No pending posts for target time 2026-06-10T19. Nothing to do.
2026-06-12T19:41:54+0000 [INFO] Harvester starting. Target time: 2026-06-10T19:41:54.418324+00:00. Mode: arctic_shift+rss
2026-06-12T19:41:54+0000 [INFO] No pending posts for target time 2026-06-10T19. Nothing to do.
2026-06-12T19:47:05+0000 [INFO] Harvester starting. Target time: 2026-06-10T19:47:05.529348+00:00. Mode: arctic_shift+rss
2026-06-12T19:47:05+0000 [INFO] No pending posts for target time 2026-06-10T19. Nothing to do.
2026-06-12T19:52:17+0000 [INFO] Harvester starting. Target time: 2026-06-10T19:52:17.010121+00:00. Mode: arctic_shift+rss
2026-06-12T19:52:17+0000 [INFO] No pending posts for target time 2026-06-10T19. Nothing to do.
2026-06-12T19:57:16+0000 [INFO] Harvester starting. Target time: 2026-06-10T19:57:16.742875+00:00. Mode: arctic_shift+rss
2026-06-12T19:57:16+0000 [INFO] No pending posts for target time 2026-06-10T19. Nothing to do.
