2026-06-11T14:02:06+0000 [INFO] Harvester starting. Target time: 2026-06-09T14:02:06.373184+00:00. Mode: arctic_shift+rss
2026-06-11T14:02:06+0000 [INFO] Found 14 posts to process
2026-06-11T14:02:06+0000 [INFO] Processing post 1u15btx (Arctic Shift): [Fabrizio Romano] Crystal Palace agree deal in principle to 
2026-06-11T14:02:06+0000 [WARNING]   Could not re-fetch post 1u15btx from Arctic Shift
2026-06-11T14:02:08+0000 [INFO]   Arctic Shift returned 42 comments
2026-06-11T14:02:08+0000 [INFO] Processing post 1u14gdy (Arctic Shift): US stadium and hotel workers threaten strikes ‘ To make thin
2026-06-11T14:02:10+0000 [WARNING]   Could not re-fetch post 1u14gdy from Arctic Shift
2026-06-11T14:02:11+0000 [INFO]   Arctic Shift returned 19 comments
2026-06-11T14:02:11+0000 [INFO] Processing post 1u14qwk (Arctic Shift): Cambodia 2-0 Hong Kong - Chanthea Sieng 50'
2026-06-11T14:02:12+0000 [WARNING]   Could not re-fetch post 1u14qwk from Arctic Shift
2026-06-11T14:02:14+0000 [INFO]   Arctic Shift returned 6 comments
2026-06-11T14:02:14+0000 [INFO] Processing post 1u14d96 (Arctic Shift): Mikel Oyarzabal in his last 11 games for Spain : 12 goals an
2026-06-11T14:02:15+0000 [WARNING]   Could not re-fetch post 1u14d96 from Arctic Shift
2026-06-11T14:02:17+0000 [INFO]   Arctic Shift returned 73 comments
2026-06-11T14:02:17+0000 [INFO] Processing post 1u14f7m (Arctic Shift): Climate cost of expanded World Cup under scrutiny as emissio
2026-06-11T14:02:18+0000 [WARNING]   Could not re-fetch post 1u14f7m from Arctic Shift
2026-06-11T14:02:20+0000 [INFO]   Arctic Shift returned 9 comments
2026-06-11T14:02:20+0000 [INFO] Processing post 1u14rwk (Arctic Shift): Swiss World Cup training camp infested with rattlesnakes
2026-06-11T14:02:21+0000 [WARNING]   Could not re-fetch post 1u14rwk from Arctic Shift
2026-06-11T14:02:24+0000 [INFO]   Arctic Shift returned 113 comments
2026-06-11T14:02:24+0000 [INFO] Processing post 1u14hr4 (Arctic Shift): ‘ It was madness in Baghdad ’ : René Meulensteen on coaching
2026-06-11T14:02:25+0000 [WARNING]   Could not re-fetch post 1u14hr4 from Arctic Shift
2026-06-11T14:02:28+0000 [INFO]   Arctic Shift returned 1 comments
2026-06-11T14:02:28+0000 [INFO] Processing post 1u14fbh (Arctic Shift): At this World Cup, there are 16 players born outside the cou
2026-06-11T14:02:29+0000 [WARNING]   Could not re-fetch post 1u14fbh from Arctic Shift
2026-06-11T14:02:31+0000 [INFO]   Arctic Shift returned 121 comments
2026-06-11T14:02:31+0000 [INFO] Processing post 1u14fum (Arctic Shift): Anderlecht leading race to sign Tunisia international Omar R
2026-06-11T14:02:32+0000 [WARNING]   Could not re-fetch post 1u14fum from Arctic Shift
2026-06-11T14:02:34+0000 [INFO]   Arctic Shift returned 2 comments
2026-06-11T14:02:34+0000 [INFO] Processing post 1u14mq9 (Arctic Shift): [OC] A guide to qualifying for European club competitions (a
2026-06-11T14:02:35+0000 [WARNING]   Could not re-fetch post 1u14mq9 from Arctic Shift
2026-06-11T14:02:37+0000 [INFO]   Arctic Shift returned 13 comments
2026-06-11T14:02:37+0000 [INFO] Processing post 1u14vys (Arctic Shift): Premier League clubs have held talks over buying an artifici
2026-06-11T14:02:38+0000 [WARNING]   Could not re-fetch post 1u14vys from Arctic Shift
2026-06-11T14:02:40+0000 [INFO]   Arctic Shift returned 93 comments
2026-06-11T14:02:40+0000 [INFO] Processing post 1u14cyx (Arctic Shift): Lamine Yamal with his wax statue at Madame Tussauds in Berli
2026-06-11T14:02:41+0000 [WARNING]   Could not re-fetch post 1u14cyx from Arctic Shift
2026-06-11T14:02:44+0000 [INFO]   Arctic Shift returned 118 comments
2026-06-11T14:02:44+0000 [INFO] Processing post 1u152dy (Arctic Shift): Somali Referee Abdulkadir Artan: “I’m just simply a referee 
2026-06-11T14:02:45+0000 [WARNING]   Could not re-fetch post 1u152dy from Arctic Shift
2026-06-11T14:02:57+0000 [INFO]   Arctic Shift returned 914 comments
2026-06-11T14:02:57+0000 [INFO] Processing post 1u14vjq (Arctic Shift): Indonesia 1-0 Mozambique - Ole ter Haar Romeny 12'
2026-06-11T14:02:58+0000 [WARNING]   Could not re-fetch post 1u14vjq from Arctic Shift
2026-06-11T14:03:00+0000 [INFO]   Arctic Shift returned 2 comments
2026-06-11T14:03:00+0000 [INFO] Harvester complete (arctic_shift+rss). 14 posts processed, 0 failed, 1526 total comments collected.
2026-06-11T14:06:44+0000 [INFO] Harvester starting. Target time: 2026-06-09T14:06:44.286940+00:00. Mode: arctic_shift+rss
2026-06-11T14:06:44+0000 [INFO] No pending posts for target time 2026-06-09T14. Nothing to do.
2026-06-11T14:11:46+0000 [INFO] Harvester starting. Target time: 2026-06-09T14:11:46.807084+00:00. Mode: arctic_shift+rss
2026-06-11T14:11:46+0000 [INFO] No pending posts for target time 2026-06-09T14. Nothing to do.
2026-06-11T14:16:51+0000 [INFO] Harvester starting. Target time: 2026-06-09T14:16:51.054528+00:00. Mode: arctic_shift+rss
2026-06-11T14:16:51+0000 [INFO] No pending posts for target time 2026-06-09T14. Nothing to do.
2026-06-11T14:21:51+0000 [INFO] Harvester starting. Target time: 2026-06-09T14:21:51.925662+00:00. Mode: arctic_shift+rss
2026-06-11T14:21:51+0000 [INFO] No pending posts for target time 2026-06-09T14. Nothing to do.
