2026-06-13T12:02:44+0000 [INFO] Harvester starting. Target time: 2026-06-11T12:02:44.899357+00:00. Mode: arctic_shift+rss
2026-06-13T12:02:44+0000 [INFO] Found 21 posts to process
2026-06-13T12:02:44+0000 [INFO] Processing post 1u2wyf0 (Arctic Shift): [AZ]Breakthrough between FC Bayern and Eintracht over Brown 
2026-06-13T12:02:45+0000 [WARNING]   Could not re-fetch post 1u2wyf0 from Arctic Shift
2026-06-13T12:02:47+0000 [INFO]   Arctic Shift returned 75 comments
2026-06-13T12:02:47+0000 [INFO] Processing post 1u2x648 (Arctic Shift): A new ‘ Choose Scotland ’ mural featuring Scott McTominay is
2026-06-13T12:02:48+0000 [WARNING]   Could not re-fetch post 1u2x648 from Arctic Shift
2026-06-13T12:02:50+0000 [INFO]   Arctic Shift returned 30 comments
2026-06-13T12:02:50+0000 [INFO] Processing post 1u2x88r (Arctic Shift): Beta launch of a data-driven player ranking site
2026-06-13T12:02:51+0000 [WARNING]   Could not re-fetch post 1u2x88r from Arctic Shift
2026-06-13T12:02:53+0000 [INFO]   Arctic Shift returned 3 comments
2026-06-13T12:02:53+0000 [INFO] Processing post 1u2xbvp (Arctic Shift): Hull City's owner Acun Ilıcalı: "It's too early for transfer
2026-06-13T12:02:54+0000 [WARNING]   Could not re-fetch post 1u2xbvp from Arctic Shift
2026-06-13T12:02:56+0000 [INFO]   Arctic Shift returned 64 comments
2026-06-13T12:02:56+0000 [INFO] Processing post 1u2xbil (Arctic Shift): Built a Free World Cup Bracket Predictor & Live Knockout Tra
2026-06-13T12:02:57+0000 [WARNING]   Could not re-fetch post 1u2xbil from Arctic Shift
2026-06-13T12:02:59+0000 [INFO]   Arctic Shift returned 1 comments
2026-06-13T12:02:59+0000 [INFO] Processing post 1u2xf1q (Arctic Shift): 🇲🇽 Mexico vs 🇿🇦 South Africa World Cup 26 Opening Match Pred
2026-06-13T12:03:00+0000 [WARNING]   Could not re-fetch post 1u2xf1q from Arctic Shift
2026-06-13T12:03:02+0000 [INFO]   Arctic Shift returned 1 comments
2026-06-13T12:03:02+0000 [INFO] Processing post 1u2xg39 (Arctic Shift): Mexico vs South Africa WC26 Opening Match
2026-06-13T12:03:03+0000 [WARNING]   Could not re-fetch post 1u2xg39 from Arctic Shift
2026-06-13T12:03:05+0000 [INFO]   Arctic Shift returned 1 comments
2026-06-13T12:03:05+0000 [INFO] Processing post 1u2xka8 (Arctic Shift): Eredivisie promotional poster for the world cup
2026-06-13T12:03:06+0000 [WARNING]   Could not re-fetch post 1u2xka8 from Arctic Shift
2026-06-13T12:03:08+0000 [INFO]   Arctic Shift returned 15 comments
2026-06-13T12:03:08+0000 [INFO] Processing post 1u2xi3s (Arctic Shift): [Fabrizio Romano] During José Mourinho's meeting with Real M
2026-06-13T12:03:09+0000 [WARNING]   Could not re-fetch post 1u2xi3s from Arctic Shift
2026-06-13T12:03:11+0000 [INFO]   Arctic Shift returned 12 comments
2026-06-13T12:03:11+0000 [INFO] Processing post 1u2xijt (Arctic Shift): [AS] Real Madrid will earn around €300M per season from its 
2026-06-13T12:03:12+0000 [WARNING]   Could not re-fetch post 1u2xijt from Arctic Shift
2026-06-13T12:03:15+0000 [INFO]   Arctic Shift returned 192 comments
2026-06-13T12:03:15+0000 [INFO] Processing post 1u2xigo (Arctic Shift): Reddit's Top 20 Players at the 2026 FIFA World Cup Results
2026-06-13T12:03:16+0000 [WARNING]   Could not re-fetch post 1u2xigo from Arctic Shift
2026-06-13T12:03:18+0000 [INFO]   Arctic Shift returned 93 comments
2026-06-13T12:03:18+0000 [INFO] Processing post 1u2xkru (Arctic Shift): New York Temporarily Renames a Street in Honor of Thierry He
2026-06-13T12:03:19+0000 [WARNING]   Could not re-fetch post 1u2xkru from Arctic Shift
2026-06-13T12:03:22+0000 [INFO]   Arctic Shift returned 127 comments
2026-06-13T12:03:22+0000 [INFO] Processing post 1u2xme0 (Arctic Shift): Mexico 🇲🇽 vs South Africa 🇿🇦 | PAUSE & PREDICT THE SCORE! ⚽ 
2026-06-13T12:03:23+0000 [WARNING]   Could not re-fetch post 1u2xme0 from Arctic Shift
2026-06-13T12:03:25+0000 [INFO]   Arctic Shift returned 1 comments
2026-06-13T12:03:25+0000 [INFO] Processing post 1u2xnr4 (Arctic Shift): Amando Moreno Scores Stunning Opener for El Paso Locomotive 
2026-06-13T12:03:26+0000 [WARNING]   Could not re-fetch post 1u2xnr4 from Arctic Shift
2026-06-13T12:03:28+0000 [INFO]   Arctic Shift returned 2 comments
2026-06-13T12:03:28+0000 [INFO] Processing post 1u2xtww (Arctic Shift): Franco Mastantuono & Gonzalo Garcia could leave Real Madrid 
2026-06-13T12:03:29+0000 [WARNING]   Could not re-fetch post 1u2xtww from Arctic Shift
2026-06-13T12:03:31+0000 [INFO]   Arctic Shift returned 81 comments
2026-06-13T12:03:31+0000 [INFO] Processing post 1u2xxcl (Arctic Shift): [SkySports] Fulham's Antonee Robinson has emerged as a poten
2026-06-13T12:03:32+0000 [WARNING]   Could not re-fetch post 1u2xxcl from Arctic Shift
2026-06-13T12:03:34+0000 [INFO]   Arctic Shift returned 57 comments
2026-06-13T12:03:34+0000 [INFO] Processing post 1u2y1wj (Arctic Shift): Ez Abde is officially out of the world cup
2026-06-13T12:03:35+0000 [WARNING]   Could not re-fetch post 1u2y1wj from Arctic Shift
2026-06-13T12:03:37+0000 [INFO]   Arctic Shift returned 13 comments
2026-06-13T12:03:37+0000 [INFO] Processing post 1u2y59z (Arctic Shift): [Romano] While Nico Paz sees his long-term future at Real Ma
2026-06-13T12:03:38+0000 [WARNING]   Could not re-fetch post 1u2y59z from Arctic Shift
2026-06-13T12:03:42+0000 [INFO]   Arctic Shift returned 204 comments
2026-06-13T12:03:42+0000 [INFO] Processing post 1u2y6f6 (Arctic Shift): [Matteo Moretto] Director Damien Comolli leaves Juventus. Sa
2026-06-13T12:03:43+0000 [WARNING]   Could not re-fetch post 1u2y6f6 from Arctic Shift
2026-06-13T12:03:45+0000 [INFO]   Arctic Shift returned 7 comments
2026-06-13T12:03:45+0000 [INFO] Processing post 1u2y8k9 (Arctic Shift): Where can i watch the world cup on TOSHIBA TV
2026-06-13T12:03:46+0000 [WARNING]   Could not re-fetch post 1u2y8k9 from Arctic Shift
2026-06-13T12:03:48+0000 [INFO]   Arctic Shift returned 1 comments
2026-06-13T12:03:48+0000 [INFO] Processing post 1u2y7kw (Arctic Shift): [AFP] Côte d'Ivoire fans barred from US entry
2026-06-13T12:03:49+0000 [WARNING]   Could not re-fetch post 1u2y7kw from Arctic Shift
2026-06-13T12:03:57+0000 [INFO]   Arctic Shift returned 645 comments
2026-06-13T12:03:57+0000 [INFO] Harvester complete (arctic_shift+rss). 21 posts processed, 0 failed, 1625 total comments collected.
2026-06-13T12:07:35+0000 [INFO] Harvester starting. Target time: 2026-06-11T12:07:35.196658+00:00. Mode: arctic_shift+rss
2026-06-13T12:07:35+0000 [INFO] No pending posts for target time 2026-06-11T12. Nothing to do.
2026-06-13T12:13:03+0000 [INFO] Harvester starting. Target time: 2026-06-11T12:13:03.178611+00:00. Mode: arctic_shift+rss
2026-06-13T12:13:03+0000 [INFO] No pending posts for target time 2026-06-11T12. Nothing to do.
2026-06-13T12:14:55+0000 [INFO] Harvester starting. Target time: 2026-06-11T12:14:55.783370+00:00. Mode: arctic_shift+rss
2026-06-13T12:14:55+0000 [INFO] No pending posts for target time 2026-06-11T12. Nothing to do.
2026-06-13T12:17:42+0000 [INFO] Harvester starting. Target time: 2026-06-11T12:17:42.746384+00:00. Mode: arctic_shift+rss
2026-06-13T12:17:42+0000 [INFO] No pending posts for target time 2026-06-11T12. Nothing to do.
2026-06-13T12:22:40+0000 [INFO] Harvester starting. Target time: 2026-06-11T12:22:40.985879+00:00. Mode: arctic_shift+rss
2026-06-13T12:22:40+0000 [INFO] No pending posts for target time 2026-06-11T12. Nothing to do.
2026-06-13T12:27:31+0000 [INFO] Harvester starting. Target time: 2026-06-11T12:27:31.738956+00:00. Mode: arctic_shift+rss
2026-06-13T12:27:31+0000 [INFO] No pending posts for target time 2026-06-11T12. Nothing to do.
2026-06-13T12:32:42+0000 [INFO] Harvester starting. Target time: 2026-06-11T12:32:42.752674+00:00. Mode: arctic_shift+rss
2026-06-13T12:32:42+0000 [INFO] No pending posts for target time 2026-06-11T12. Nothing to do.
2026-06-13T12:37:38+0000 [INFO] Harvester starting. Target time: 2026-06-11T12:37:38.143281+00:00. Mode: arctic_shift+rss
2026-06-13T12:37:38+0000 [INFO] No pending posts for target time 2026-06-11T12. Nothing to do.
2026-06-13T12:42:47+0000 [INFO] Harvester starting. Target time: 2026-06-11T12:42:47.183227+00:00. Mode: arctic_shift+rss
2026-06-13T12:42:47+0000 [INFO] No pending posts for target time 2026-06-11T12. Nothing to do.
2026-06-13T12:47:49+0000 [INFO] Harvester starting. Target time: 2026-06-11T12:47:49.647502+00:00. Mode: arctic_shift+rss
2026-06-13T12:47:49+0000 [INFO] No pending posts for target time 2026-06-11T12. Nothing to do.
2026-06-13T12:52:48+0000 [INFO] Harvester starting. Target time: 2026-06-11T12:52:48.871741+00:00. Mode: arctic_shift+rss
2026-06-13T12:52:48+0000 [INFO] No pending posts for target time 2026-06-11T12. Nothing to do.
2026-06-13T12:57:39+0000 [INFO] Harvester starting. Target time: 2026-06-11T12:57:39.862402+00:00. Mode: arctic_shift+rss
2026-06-13T12:57:39+0000 [INFO] No pending posts for target time 2026-06-11T12. Nothing to do.
