2026-06-10T23:01:50+0000 [INFO] Harvester starting. Target time: 2026-06-08T23:01:50.359153+00:00. Mode: arctic_shift+rss
2026-06-10T23:01:50+0000 [INFO] Found 5 posts to process
2026-06-10T23:01:50+0000 [INFO] Processing post 1u0mf11 (Arctic Shift): [Jornal de Notícias] Casillas claims 3.7M€ from insurance co
2026-06-10T23:01:51+0000 [WARNING]   Could not re-fetch post 1u0mf11 from Arctic Shift
2026-06-10T23:01:55+0000 [INFO]   Arctic Shift returned 11 comments
2026-06-10T23:01:55+0000 [INFO] Processing post 1u0nm58 (Arctic Shift): FIFA confirms Somali ref Omar Artan "will be unable to train
2026-06-10T23:01:57+0000 [WARNING]   Could not re-fetch post 1u0nm58 from Arctic Shift
2026-06-10T23:02:14+0000 [INFO]   Arctic Shift returned 776 comments
2026-06-10T23:02:14+0000 [INFO] Processing post 1u0mwvl (Arctic Shift): Liga Portugal: Proposal for centralization of television rig
2026-06-10T23:02:15+0000 [WARNING]   Could not re-fetch post 1u0mwvl from Arctic Shift
2026-06-10T23:02:17+0000 [INFO]   Arctic Shift returned 14 comments
2026-06-10T23:02:17+0000 [INFO] Processing post 1u0n168 (Arctic Shift): Crystal Palace hold talks with Lens manager, Pierre Sage
2026-06-10T23:02:19+0000 [WARNING]   Could not re-fetch post 1u0n168 from Arctic Shift
2026-06-10T23:02:21+0000 [INFO]   Arctic Shift returned 13 comments
2026-06-10T23:02:21+0000 [INFO] Processing post 1u0moj4 (Arctic Shift): Premier League club rejected Michael Olise as teenager over 
2026-06-10T23:02:22+0000 [WARNING]   Could not re-fetch post 1u0moj4 from Arctic Shift
2026-06-10T23:02:26+0000 [INFO]   Arctic Shift returned 77 comments
2026-06-10T23:02:26+0000 [INFO] Harvester complete (arctic_shift+rss). 5 posts processed, 0 failed, 891 total comments collected.
2026-06-10T23:06:34+0000 [INFO] Harvester starting. Target time: 2026-06-08T23:06:34.682496+00:00. Mode: arctic_shift+rss
2026-06-10T23:06:34+0000 [INFO] No pending posts for target time 2026-06-08T23. Nothing to do.
2026-06-10T23:11:38+0000 [INFO] Harvester starting. Target time: 2026-06-08T23:11:38.753237+00:00. Mode: arctic_shift+rss
2026-06-10T23:11:38+0000 [INFO] No pending posts for target time 2026-06-08T23. Nothing to do.
2026-06-10T23:13:33+0000 [INFO] Harvester starting. Target time: 2026-06-08T23:13:33.907761+00:00. Mode: arctic_shift+rss
2026-06-10T23:13:33+0000 [INFO] No pending posts for target time 2026-06-08T23. Nothing to do.
2026-06-10T23:16:37+0000 [INFO] Harvester starting. Target time: 2026-06-08T23:16:37.333446+00:00. Mode: arctic_shift+rss
2026-06-10T23:16:37+0000 [INFO] No pending posts for target time 2026-06-08T23. Nothing to do.
2026-06-10T23:21:43+0000 [INFO] Harvester starting. Target time: 2026-06-08T23:21:43.269415+00:00. Mode: arctic_shift+rss
2026-06-10T23:21:43+0000 [INFO] No pending posts for target time 2026-06-08T23. Nothing to do.
2026-06-10T23:26:34+0000 [INFO] Harvester starting. Target time: 2026-06-08T23:26:34.976127+00:00. Mode: arctic_shift+rss
2026-06-10T23:26:34+0000 [INFO] No pending posts for target time 2026-06-08T23. Nothing to do.
2026-06-10T23:31:51+0000 [INFO] Harvester starting. Target time: 2026-06-08T23:31:51.593785+00:00. Mode: arctic_shift+rss
2026-06-10T23:31:51+0000 [INFO] No pending posts for target time 2026-06-08T23. Nothing to do.
2026-06-10T23:36:27+0000 [INFO] Harvester starting. Target time: 2026-06-08T23:36:27.723819+00:00. Mode: arctic_shift+rss
2026-06-10T23:36:27+0000 [INFO] No pending posts for target time 2026-06-08T23. Nothing to do.
2026-06-10T23:41:30+0000 [INFO] Harvester starting. Target time: 2026-06-08T23:41:30.834509+00:00. Mode: arctic_shift+rss
2026-06-10T23:41:30+0000 [INFO] No pending posts for target time 2026-06-08T23. Nothing to do.
