2026-06-11T08:01:53+0000 [INFO] Harvester starting. Target time: 2026-06-09T08:01:53.905680+00:00. Mode: arctic_shift+rss
2026-06-11T08:01:53+0000 [INFO] Found 8 posts to process
2026-06-11T08:01:54+0000 [INFO] Processing post 1u0y2at (Arctic Shift): Somali referee Omar Artan: "Despite the circumstances, I am 
2026-06-11T08:01:54+0000 [WARNING]   Could not re-fetch post 1u0y2at from Arctic Shift
2026-06-11T08:01:58+0000 [INFO]   Arctic Shift returned 242 comments
2026-06-11T08:01:58+0000 [INFO] Processing post 1u0yu3e (Arctic Shift): Thomas Partey, the World Cup vice-captain standing trial for
2026-06-11T08:01:59+0000 [WARNING]   Could not re-fetch post 1u0yu3e from Arctic Shift
2026-06-11T08:02:05+0000 [INFO]   Arctic Shift returned 443 comments
2026-06-11T08:02:05+0000 [INFO] Processing post 1u0xyjs (Arctic Shift): On this day 20 years ago, Philipp Lahm scored a beautiful go
2026-06-11T08:02:07+0000 [WARNING]   Could not re-fetch post 1u0xyjs from Arctic Shift
2026-06-11T08:02:09+0000 [INFO]   Arctic Shift returned 27 comments
2026-06-11T08:02:09+0000 [INFO] Processing post 1u0z3xd (Arctic Shift): AIFF shortlist 28 PIO/OCI players as Kalyan Chaubey pushes f
2026-06-11T08:02:10+0000 [WARNING]   Could not re-fetch post 1u0z3xd from Arctic Shift
2026-06-11T08:02:11+0000 [INFO]   Arctic Shift returned 0 comments
2026-06-11T08:02:11+0000 [INFO] Processing post 1u0ywif (Arctic Shift): Scene of rhe sad moments of Vietnam Football . Becamex Ho Ch
2026-06-11T08:02:12+0000 [WARNING]   Could not re-fetch post 1u0ywif from Arctic Shift
2026-06-11T08:02:14+0000 [INFO]   Arctic Shift returned 33 comments
2026-06-11T08:02:14+0000 [INFO] Processing post 1u0yh3n (Arctic Shift): [The Athletic] Manchester United are keeping tabs on Alex Sc
2026-06-11T08:02:15+0000 [WARNING]   Could not re-fetch post 1u0yh3n from Arctic Shift
2026-06-11T08:02:18+0000 [INFO]   Arctic Shift returned 176 comments
2026-06-11T08:02:19+0000 [INFO] Processing post 1u0y73e (Arctic Shift): 20 years ago today, Germany and Costa Rica opened the 2006 F
2026-06-11T08:02:19+0000 [WARNING]   Could not re-fetch post 1u0y73e from Arctic Shift
2026-06-11T08:02:21+0000 [INFO]   Arctic Shift returned 93 comments
2026-06-11T08:02:21+0000 [INFO] Processing post 1u0z23p (Arctic Shift): Anyone Watch 'The Bus, A French Team Mutiny' on Netflix?
2026-06-11T08:02:22+0000 [WARNING]   Could not re-fetch post 1u0z23p from Arctic Shift
2026-06-11T08:02:25+0000 [INFO]   Arctic Shift returned 9 comments
2026-06-11T08:02:25+0000 [INFO] Harvester complete (arctic_shift+rss). 8 posts processed, 0 failed, 1023 total comments collected.
2026-06-11T08:06:43+0000 [INFO] Harvester starting. Target time: 2026-06-09T08:06:43.425213+00:00. Mode: arctic_shift+rss
2026-06-11T08:06:43+0000 [INFO] No pending posts for target time 2026-06-09T08. Nothing to do.
2026-06-11T08:11:45+0000 [INFO] Harvester starting. Target time: 2026-06-09T08:11:45.219573+00:00. Mode: arctic_shift+rss
2026-06-11T08:11:45+0000 [INFO] No pending posts for target time 2026-06-09T08. Nothing to do.
2026-06-11T08:16:49+0000 [INFO] Harvester starting. Target time: 2026-06-09T08:16:49.700332+00:00. Mode: arctic_shift+rss
2026-06-11T08:16:49+0000 [INFO] No pending posts for target time 2026-06-09T08. Nothing to do.
2026-06-11T08:21:50+0000 [INFO] Harvester starting. Target time: 2026-06-09T08:21:50.338528+00:00. Mode: arctic_shift+rss
2026-06-11T08:21:50+0000 [INFO] No pending posts for target time 2026-06-09T08. Nothing to do.
2026-06-11T08:26:46+0000 [INFO] Harvester starting. Target time: 2026-06-09T08:26:46.751364+00:00. Mode: arctic_shift+rss
2026-06-11T08:26:46+0000 [INFO] No pending posts for target time 2026-06-09T08. Nothing to do.
2026-06-11T08:32:00+0000 [INFO] Harvester starting. Target time: 2026-06-09T08:32:00.044302+00:00. Mode: arctic_shift+rss
2026-06-11T08:32:00+0000 [INFO] No pending posts for target time 2026-06-09T08. Nothing to do.
