2026-06-12T02:02:21+0000 [INFO] Harvester starting. Target time: 2026-06-10T02:02:21.671031+00:00. Mode: arctic_shift+rss
2026-06-12T02:02:21+0000 [INFO] Found 7 posts to process
2026-06-12T02:02:21+0000 [INFO] Processing post 1u1ombl (Arctic Shift): Match Thread: Argentina vs. Iceland
2026-06-12T02:02:22+0000 [WARNING]   Could not re-fetch post 1u1ombl from Arctic Shift
2026-06-12T02:02:27+0000 [INFO]   Arctic Shift returned 313 comments
2026-06-12T02:02:27+0000 [INFO] Processing post 1u1o5yk (Arctic Shift): Iraq 0-[1] Venezuela - Cristian Casseres 17'
2026-06-12T02:02:28+0000 [WARNING]   Could not re-fetch post 1u1o5yk from Arctic Shift
2026-06-12T02:02:30+0000 [INFO]   Arctic Shift returned 6 comments
2026-06-12T02:02:30+0000 [INFO] Processing post 1u1nn3g (Arctic Shift): Nicolas Jackson 2 yellow cards within 3 minutes against Saud
2026-06-12T02:02:31+0000 [WARNING]   Could not re-fetch post 1u1nn3g from Arctic Shift
2026-06-12T02:02:33+0000 [INFO]   Arctic Shift returned 83 comments
2026-06-12T02:02:33+0000 [INFO] Processing post 1u1nx21 (Arctic Shift): Argentina 1-0 Iceland - Valentin Barco 8'
2026-06-12T02:02:33+0000 [WARNING]   Could not re-fetch post 1u1nx21 from Arctic Shift
2026-06-12T02:02:36+0000 [INFO]   Arctic Shift returned 85 comments
2026-06-12T02:02:36+0000 [INFO] Processing post 1u1obhn (Arctic Shift): Match Thread: Iraq vs Venezuela
2026-06-12T02:02:37+0000 [WARNING]   Could not re-fetch post 1u1obhn from Arctic Shift
2026-06-12T02:02:38+0000 [INFO]   Arctic Shift returned 13 comments
2026-06-12T02:02:38+0000 [INFO] Processing post 1u1o30i (Arctic Shift): American-born Brian Gutierrez and Obed Vargas signal a new e
2026-06-12T02:02:39+0000 [WARNING]   Could not re-fetch post 1u1o30i from Arctic Shift
2026-06-12T02:02:42+0000 [INFO]   Arctic Shift returned 15 comments
2026-06-12T02:02:42+0000 [INFO] Processing post 1u1on9e (Arctic Shift): Bosnia-Herzegovina National Team Antagonizes Media Days Befo
2026-06-12T02:02:43+0000 [WARNING]   Could not re-fetch post 1u1on9e from Arctic Shift
2026-06-12T02:02:44+0000 [INFO]   Arctic Shift returned 8 comments
2026-06-12T02:02:44+0000 [INFO] Harvester complete (arctic_shift+rss). 7 posts processed, 0 failed, 523 total comments collected.
2026-06-12T02:07:08+0000 [INFO] Harvester starting. Target time: 2026-06-10T02:07:08.086277+00:00. Mode: arctic_shift+rss
2026-06-12T02:07:08+0000 [INFO] No pending posts for target time 2026-06-10T02. Nothing to do.
2026-06-12T02:12:05+0000 [INFO] Harvester starting. Target time: 2026-06-10T02:12:05.009803+00:00. Mode: arctic_shift+rss
2026-06-12T02:12:05+0000 [INFO] No pending posts for target time 2026-06-10T02. Nothing to do.
2026-06-12T02:17:00+0000 [INFO] Harvester starting. Target time: 2026-06-10T02:17:00.532699+00:00. Mode: arctic_shift+rss
2026-06-12T02:17:00+0000 [INFO] No pending posts for target time 2026-06-10T02. Nothing to do.
2026-06-12T02:22:11+0000 [INFO] Harvester starting. Target time: 2026-06-10T02:22:11.728983+00:00. Mode: arctic_shift+rss
2026-06-12T02:22:11+0000 [INFO] No pending posts for target time 2026-06-10T02. Nothing to do.
2026-06-12T02:27:05+0000 [INFO] Harvester starting. Target time: 2026-06-10T02:27:05.392633+00:00. Mode: arctic_shift+rss
2026-06-12T02:27:05+0000 [INFO] No pending posts for target time 2026-06-10T02. Nothing to do.
2026-06-12T02:32:05+0000 [INFO] Harvester starting. Target time: 2026-06-10T02:32:05.530635+00:00. Mode: arctic_shift+rss
2026-06-12T02:32:05+0000 [INFO] No pending posts for target time 2026-06-10T02. Nothing to do.
2026-06-12T02:37:02+0000 [INFO] Harvester starting. Target time: 2026-06-10T02:37:02.422217+00:00. Mode: arctic_shift+rss
2026-06-12T02:37:02+0000 [INFO] No pending posts for target time 2026-06-10T02. Nothing to do.
2026-06-12T02:42:01+0000 [INFO] Harvester starting. Target time: 2026-06-10T02:42:01.202099+00:00. Mode: arctic_shift+rss
2026-06-12T02:42:01+0000 [INFO] No pending posts for target time 2026-06-10T02. Nothing to do.
