2026-06-13T00:02:14+0000 [INFO] Harvester starting. Target time: 2026-06-11T00:02:14.309652+00:00. Mode: arctic_shift+rss
2026-06-13T00:02:14+0000 [INFO] Found 8 posts to process
2026-06-13T00:02:14+0000 [INFO] Processing post 1u2jauf (Arctic Shift): [O Jogo] FIFPRO and FIFA change transfer regulations: find o
2026-06-13T00:02:14+0000 [WARNING]   Could not re-fetch post 1u2jauf from Arctic Shift
2026-06-13T00:02:16+0000 [INFO]   Arctic Shift returned 45 comments
2026-06-13T00:02:16+0000 [INFO] Processing post 1u2j6vu (Arctic Shift): If UK was united football team instead of 4 nations is it po
2026-06-13T00:02:17+0000 [WARNING]   Could not re-fetch post 1u2j6vu from Arctic Shift
2026-06-13T00:02:19+0000 [INFO]   Arctic Shift returned 2 comments
2026-06-13T00:02:19+0000 [INFO] Processing post 1u2jbjf (Arctic Shift): I built a free 2026 World Cup prediction tool - hope you hav
2026-06-13T00:02:20+0000 [WARNING]   Could not re-fetch post 1u2jbjf from Arctic Shift
2026-06-13T00:02:22+0000 [INFO]   Arctic Shift returned 1 comments
2026-06-13T00:02:22+0000 [INFO] Processing post 1u2jk84 (Arctic Shift): I created a community-based football website for the World C
2026-06-13T00:02:23+0000 [WARNING]   Could not re-fetch post 1u2jk84 from Arctic Shift
2026-06-13T00:02:25+0000 [INFO]   Arctic Shift returned 2 comments
2026-06-13T00:02:25+0000 [INFO] Processing post 1u2jn58 (Arctic Shift): Somali soccer referee who was denied US entry comes home to 
2026-06-13T00:02:26+0000 [WARNING]   Could not re-fetch post 1u2jn58 from Arctic Shift
2026-06-13T00:02:28+0000 [INFO]   Arctic Shift returned 1 comments
2026-06-13T00:02:28+0000 [INFO] Processing post 1u2jrj6 (Arctic Shift): [A Bola] Developments regarding the Peixoto/Wolverhampton ca
2026-06-13T00:02:29+0000 [WARNING]   Could not re-fetch post 1u2jrj6 from Arctic Shift
2026-06-13T00:02:31+0000 [INFO]   Arctic Shift returned 4 comments
2026-06-13T00:02:31+0000 [INFO] Processing post 1u2k98k (Arctic Shift): I’ve started writing about football – an introduction to wha
2026-06-13T00:02:32+0000 [WARNING]   Could not re-fetch post 1u2k98k from Arctic Shift
2026-06-13T00:02:34+0000 [INFO]   Arctic Shift returned 1 comments
2026-06-13T00:02:34+0000 [INFO] Processing post 1u2k8bx (Arctic Shift): Title: I built an AI that generates World Cup 2026 supporter
2026-06-13T00:02:35+0000 [WARNING]   Could not re-fetch post 1u2k8bx from Arctic Shift
2026-06-13T00:02:37+0000 [INFO]   Arctic Shift returned 2 comments
2026-06-13T00:02:37+0000 [INFO] Harvester complete (arctic_shift+rss). 8 posts processed, 0 failed, 58 total comments collected.
2026-06-13T00:07:17+0000 [INFO] Harvester starting. Target time: 2026-06-11T00:07:17.652771+00:00. Mode: arctic_shift+rss
2026-06-13T00:07:17+0000 [INFO] No pending posts for target time 2026-06-11T00. Nothing to do.
2026-06-13T00:09:53+0000 [INFO] Harvester starting. Target time: 2026-06-11T00:09:53.248510+00:00. Mode: arctic_shift+rss
2026-06-13T00:09:53+0000 [INFO] No pending posts for target time 2026-06-11T00. Nothing to do.
2026-06-13T00:12:07+0000 [INFO] Harvester starting. Target time: 2026-06-11T00:12:07.244536+00:00. Mode: arctic_shift+rss
2026-06-13T00:12:07+0000 [INFO] No pending posts for target time 2026-06-11T00. Nothing to do.
2026-06-13T00:17:02+0000 [INFO] Harvester starting. Target time: 2026-06-11T00:17:02.484562+00:00. Mode: arctic_shift+rss
2026-06-13T00:17:02+0000 [INFO] No pending posts for target time 2026-06-11T00. Nothing to do.
2026-06-13T00:22:17+0000 [INFO] Harvester starting. Target time: 2026-06-11T00:22:17.745553+00:00. Mode: arctic_shift+rss
2026-06-13T00:22:17+0000 [INFO] No pending posts for target time 2026-06-11T00. Nothing to do.
2026-06-13T00:27:07+0000 [INFO] Harvester starting. Target time: 2026-06-11T00:27:07.878384+00:00. Mode: arctic_shift+rss
2026-06-13T00:27:07+0000 [INFO] No pending posts for target time 2026-06-11T00. Nothing to do.
2026-06-13T00:32:16+0000 [INFO] Harvester starting. Target time: 2026-06-11T00:32:16.778863+00:00. Mode: arctic_shift+rss
2026-06-13T00:32:16+0000 [INFO] No pending posts for target time 2026-06-11T00. Nothing to do.
2026-06-13T00:37:03+0000 [INFO] Harvester starting. Target time: 2026-06-11T00:37:03.964682+00:00. Mode: arctic_shift+rss
2026-06-13T00:37:03+0000 [INFO] No pending posts for target time 2026-06-11T00. Nothing to do.
2026-06-13T00:42:11+0000 [INFO] Harvester starting. Target time: 2026-06-11T00:42:11.934246+00:00. Mode: arctic_shift+rss
2026-06-13T00:42:11+0000 [INFO] No pending posts for target time 2026-06-11T00. Nothing to do.
