2026-06-09T20:02:48+0000 [INFO] Harvester starting. Target batch: 2026-06-07T20. Mode: rss
2026-06-09T20:02:48+0000 [INFO] Found 100 posts to process
2026-06-09T20:02:48+0000 [INFO] Processing post 1tzb2ze (RSS): [VI] FC Groningen have convinced Vaessen and signed the goal
2026-06-09T20:02:49+0000 [INFO]   Collected 0 comments via RSS
2026-06-09T20:02:49+0000 [INFO] Processing post 1tz6whs (RSS): Marco Delvecchio on Euro 2000: “I’d replay that final agains
2026-06-09T20:02:56+0000 [INFO]   Collected 35 comments via RSS
2026-06-09T20:02:56+0000 [INFO] Processing post 1tzgdtq (RSS): CBF reports that right-back Wesley has been cut from the Wor
2026-06-09T20:03:05+0000 [INFO]   Collected 130 comments via RSS
2026-06-09T20:03:05+0000 [INFO] Processing post 1tyxuf5 (RSS): Argentina [1] - [0] Honduras - Martinez '37 (Penalty)
2026-06-09T20:03:11+0000 [INFO]   Collected 34 comments via RSS
2026-06-09T20:03:11+0000 [INFO] Processing post 1tzgrik (RSS): After 22 years, Becamex Ho Chi Minh City FC has been relegat
2026-06-09T20:03:19+0000 [INFO]   Collected 8 comments via RSS
2026-06-09T20:03:19+0000 [INFO] Processing post 1tyx2xq (RSS): The Unbiased guide to the world cup. And why Australia will 
2026-06-09T20:03:26+0000 [INFO]   Collected 55 comments via RSS
2026-06-09T20:03:26+0000 [INFO] Processing post 1tz9toh (RSS): [VI] Oscar García wants to return to his former role at Ajax
2026-06-09T20:03:34+0000 [INFO]   Collected 2 comments via RSS
2026-06-09T20:03:34+0000 [INFO] Processing post 1tzbnnl (RSS): [Column] David Moyes: "A clamour to “play the right way” — e
2026-06-09T20:03:42+0000 [INFO]   Collected 140 comments via RSS
2026-06-09T20:03:42+0000 [INFO] Processing post 1tz822r (RSS): Hugo Sochůrek (18) signs new contract with Sparta Praha afte
2026-06-09T20:03:49+0000 [INFO]   Collected 3 comments via RSS
2026-06-09T20:03:49+0000 [INFO] Processing post 1tzk88s (RSS): [De Telegraaf] Bayern are set to make a move for Ismael Saib
2026-06-09T20:03:56+0000 [INFO]   Collected 5 comments via RSS
2026-06-09T20:03:56+0000 [INFO] Processing post 1tzj1ev (RSS): Christian Eriksen just collapsed on the field in a match aga
2026-06-09T20:04:07+0000 [INFO]   Collected 473 comments via RSS
2026-06-09T20:04:08+0000 [INFO] Processing post 1tzlkum (RSS): [Official] Players with the most successful passes in the Er
2026-06-09T20:04:11+0000 [INFO]   Collected 15 comments via RSS
2026-06-09T20:04:11+0000 [INFO] Processing post 1tzi3id (RSS): Japan training at the University of Mexico. Luckily, the Mon
2026-06-09T20:04:19+0000 [INFO]   Collected 22 comments via RSS
2026-06-09T20:04:19+0000 [INFO] Processing post 1tzkt7w (RSS): Daily Discussion
2026-06-09T20:04:29+0000 [INFO]   Collected 476 comments via RSS
2026-06-09T20:04:29+0000 [INFO] Processing post 1tz4bhq (RSS): In matchday 10 of Allsvenskan, there was an average of 5 goa
2026-06-09T20:04:34+0000 [INFO]   Collected 16 comments via RSS
2026-06-09T20:04:34+0000 [INFO] Processing post 1tzjo1h (RSS): World Cup will reveal how divisive the St George’s flag has 
2026-06-09T20:04:41+0000 [INFO]   Collected 43 comments via RSS
2026-06-09T20:04:41+0000 [INFO] Processing post 1tzfv0g (RSS): [Bloomberg] Some World Cup teams will face a much hotter tou
2026-06-09T20:04:49+0000 [INFO]   Collected 155 comments via RSS
2026-06-09T20:04:49+0000 [INFO] Processing post 1tzbp8k (RSS): Match Thread: Liechtenstein vs Cyprus
2026-06-09T20:04:56+0000 [INFO]   Collected 1 comments via RSS
2026-06-09T20:04:56+0000 [INFO] Processing post 1tzjmiv (RSS): Ascoli returns to Serie B after two years
2026-06-09T20:05:03+0000 [INFO]   Collected 2 comments via RSS
2026-06-09T20:05:03+0000 [INFO] Processing post 1tzf5kl (RSS): Lamine Yamal thoughts on Dembélé winning the Ballon d’Or ahe
2026-06-09T20:05:13+0000 [INFO]   Collected 220 comments via RSS
2026-06-09T20:05:13+0000 [INFO] Processing post 1tzl4wd (RSS): Italy are the UEFA EURO Under-17 champions for a second time
2026-06-09T20:05:19+0000 [INFO]   Collected 116 comments via RSS
2026-06-09T20:05:19+0000 [INFO] Processing post 1tzltiz (RSS): [Ben Jacobs] Coventry City have bid £20m for former loanee C
2026-06-09T20:05:26+0000 [INFO]   Collected 31 comments via RSS
2026-06-09T20:05:26+0000 [INFO] Processing post 1tze3w0 (RSS): Gonçalo Oliveira (Benfica) is set to join Rennes for 3.5M€
2026-06-09T20:05:34+0000 [INFO]   Collected 9 comments via RSS
2026-06-09T20:05:34+0000 [INFO] Processing post 1tywunx (RSS): Match Thread: Curaçao vs Aruba
2026-06-09T20:05:41+0000 [INFO]   Collected 11 comments via RSS
2026-06-09T20:05:41+0000 [INFO] Processing post 1tz4b7w (RSS): [Yağiz Sabuncuoğlu] Fenerbahçe presidential candidate Hakan 
2026-06-09T20:05:49+0000 [INFO]   Collected 38 comments via RSS
2026-06-09T20:05:49+0000 [INFO] Processing post 1tzlhn6 (RSS): [VI] Defensive midfielder Donny Warmerdam set for return to 
2026-06-09T20:05:56+0000 [INFO]   Collected 1 comments via RSS
2026-06-09T20:05:56+0000 [INFO] Processing post 1tzfsdg (RSS): CONIFA European Championship Final Results
2026-06-09T20:06:04+0000 [INFO]   Collected 4 comments via RSS
2026-06-09T20:06:04+0000 [INFO] Processing post 1tywzs8 (RSS): Post Match Thread: Brazil 2 - 1 Egypt | International Friend
2026-06-09T20:06:11+0000 [INFO]   Collected 68 comments via RSS
2026-06-09T20:06:11+0000 [INFO] Processing post 1tzludk (RSS): SoFi workers vote to authorize a strike days before the Worl
2026-06-09T20:06:19+0000 [INFO]   Collected 57 comments via RSS
2026-06-09T20:06:19+0000 [INFO] Processing post 1tz10o5 (RSS): Great olympico goal by Oakland Roots player Jesus de Vicente
2026-06-09T20:06:26+0000 [INFO]   Collected 6 comments via RSS
2026-06-09T20:06:26+0000 [INFO] Processing post 1tzkxw8 (RSS): Official: Feyenoord says goodbye to head coach Robin van Per
2026-06-09T20:06:34+0000 [INFO]   Collected 56 comments via RSS
2026-06-09T20:06:34+0000 [INFO] Processing post 1tzi0gn (RSS): Denmark 2-[1] Ukraine - Viktor Tsygankov 44'
2026-06-09T20:06:41+0000 [INFO]   Collected 14 comments via RSS
2026-06-09T20:06:41+0000 [INFO] Processing post 1tzk3ec (RSS): [Marca] Ajax can't make ends meet with Ter Stegen
2026-06-09T20:06:49+0000 [INFO]   Collected 31 comments via RSS
2026-06-09T20:06:49+0000 [INFO] Processing post 1tzaqio (RSS): Inter SD Ausilio: "If every Turkish soap opera results in a 
2026-06-09T20:06:56+0000 [INFO]   Collected 24 comments via RSS
2026-06-09T20:06:56+0000 [INFO] Processing post 1tyy2tg (RSS): Before the Argentina vs Honduras match, the Cumbia song "El 
2026-06-09T20:07:04+0000 [INFO]   Collected 48 comments via RSS
2026-06-09T20:07:04+0000 [INFO] Processing post 1tz4b48 (RSS): Bernardo Silva on his next club: "I haven't made my decision
2026-06-09T20:07:11+0000 [INFO]   Collected 61 comments via RSS
2026-06-09T20:07:11+0000 [INFO] Processing post 1tzl801 (RSS): Ante Budimir (Croatia) chance against Slovenia 25'
2026-06-09T20:07:19+0000 [INFO]   Collected 19 comments via RSS
2026-06-09T20:07:19+0000 [INFO] Processing post 1tzko38 (RSS): Match Thread: Morocco vs Norway
2026-06-09T20:07:28+0000 [INFO]   Collected 436 comments via RSS
2026-06-09T20:07:28+0000 [INFO] Processing post 1tz5xba (RSS): A team-by-team guide to the 2026 World Cup: What to expect a
2026-06-09T20:07:34+0000 [INFO]   Collected 58 comments via RSS
2026-06-09T20:07:34+0000 [INFO] Processing post 1tzhsyg (RSS): Denmark [2]-0 Ukraine - Joakim Mæhle 36'
2026-06-09T20:07:41+0000 [INFO]   Collected 23 comments via RSS
2026-06-09T20:07:41+0000 [INFO] Processing post 1tzceo6 (RSS): Richard Ríos (SL Benfica) could move to Napoli for 35M€
2026-06-09T20:07:49+0000 [INFO]   Collected 52 comments via RSS
2026-06-09T20:07:49+0000 [INFO] Processing post 1tzh87n (RSS): Denmark [1]-0 Ukraine - Patrick Dorgu great strike 13'
2026-06-09T20:07:57+0000 [INFO]   Collected 170 comments via RSS
2026-06-09T20:07:57+0000 [INFO] Processing post 1tzjgtc (RSS): [UEFA] Denmark-Ukraine has been called off.
2026-06-09T20:08:04+0000 [INFO]   Collected 50 comments via RSS
2026-06-09T20:08:04+0000 [INFO] Processing post 1tzhyig (RSS): Bayern president Herbert Hainer: "Michael Olise is a player 
2026-06-09T20:08:12+0000 [INFO]   Collected 156 comments via RSS
2026-06-09T20:08:12+0000 [INFO] Processing post 1tz3qw1 (RSS): Iran’s ambassador to Mexico said Saturday the squad had been
2026-06-09T20:08:22+0000 [INFO]   Collected 482 comments via RSS
2026-06-09T20:08:22+0000 [INFO] Processing post 1tz54ym (RSS): Jamal Musiala's reaction to the extra long pre-match ceremon
2026-06-09T20:08:29+0000 [INFO]   Collected 457 comments via RSS
2026-06-09T20:08:29+0000 [INFO] Processing post 1tzc5v6 (RSS): [Sky] Brighton chief executive Paul Barber: "We have rejecte
2026-06-09T20:08:34+0000 [INFO]   Collected 118 comments via RSS
2026-06-09T20:08:34+0000 [INFO] Processing post 1tzecdk (RSS): How Jorge Mendes Built a Business Worth More Than Most Footb
2026-06-09T20:08:42+0000 [INFO]   Collected 101 comments via RSS
2026-06-09T20:08:42+0000 [INFO] Processing post 1tzl3ru (RSS): Morocco [1] - 0 Norway - Brahim Díaz 8'
2026-06-09T20:08:49+0000 [INFO]   Collected 62 comments via RSS
2026-06-09T20:08:49+0000 [INFO] Processing post 1tza60f (RSS): [Matteo Moretto] Juventus reach personal agreement with Alex
2026-06-09T20:08:56+0000 [INFO]   Collected 32 comments via RSS
2026-06-09T20:08:56+0000 [INFO] Processing post 1tz975d (RSS): Gordon on Rashford: "He was telling me how good the team spi
2026-06-09T20:09:04+0000 [INFO]   Collected 106 comments via RSS
2026-06-09T20:09:04+0000 [INFO] Processing post 1tzlcwo (RSS): Greece 0-1 Italy - Pio Esposito 18'
2026-06-09T20:09:12+0000 [INFO]   Collected 78 comments via RSS
2026-06-09T20:09:12+0000 [INFO] Processing post 1tzgtyd (RSS): Match Thread: Denmark vs Ukraine
2026-06-09T20:09:19+0000 [INFO]   Collected 58 comments via RSS
2026-06-09T20:09:19+0000 [INFO] Processing post 1tz3t5r (RSS): [Leeuwarder Courant] SC Cambuur’s supervisory board resigns 
2026-06-09T20:09:26+0000 [INFO]   Collected 0 comments via RSS
2026-06-09T20:09:26+0000 [INFO] Processing post 1tzbwwi (RSS): [Bolanarede] Jorge Cuenca is close to leaving Fulham for Ben
2026-06-09T20:09:34+0000 [INFO]   Collected 29 comments via RSS
2026-06-09T20:09:34+0000 [INFO] Processing post 1tzh3qt (RSS): Thierry Henry Responds to Fabricated Comments Attributed to 
2026-06-09T20:09:41+0000 [INFO]   Collected 36 comments via RSS
2026-06-09T20:09:41+0000 [INFO] Processing post 1tz92l5 (RSS): Martínez on Rafael Leão's reaction: "He defended his teammat
2026-06-09T20:09:49+0000 [INFO]   Collected 12 comments via RSS
2026-06-09T20:09:49+0000 [INFO] Processing post 1tzdf40 (RSS): The drinks menu prices at the Raymond James Stadium, Tampa f
2026-06-09T20:09:59+0000 [INFO]   Collected 495 comments via RSS
2026-06-09T20:09:59+0000 [INFO] Processing post 1tzl30s (RSS): Kosovo 2-0 Andorra - Albion Rrahmani penalty 52'
2026-06-09T20:10:04+0000 [INFO]   Collected 1 comments via RSS
2026-06-09T20:10:04+0000 [INFO] Processing post 1tz30bq (RSS): [VI] SC Brage made an offer for SC Heerenveen's Marcus Linda
2026-06-09T20:10:12+0000 [INFO]   Collected 1 comments via RSS
2026-06-09T20:10:12+0000 [INFO] Processing post 1tzkld1 (RSS): [Fabrizio Romano] Hakan Safi lost the elections as Fenerbahç
2026-06-09T20:10:19+0000 [INFO]   Collected 53 comments via RSS
2026-06-09T20:10:19+0000 [INFO] Processing post 1tz8kjv (RSS): Luis de la Fuente : ‘ The appreciation for Spanish coaches s
2026-06-09T20:10:26+0000 [INFO]   Collected 12 comments via RSS
2026-06-09T20:10:26+0000 [INFO] Processing post 1tzciie (RSS): Liechtenstein 0-1 Cyprus - Marinos Tzionis 28'
2026-06-09T20:10:34+0000 [INFO]   Collected 2 comments via RSS
2026-06-09T20:10:34+0000 [INFO] Processing post 1tzd6x5 (RSS): Tampa vs England’s Names
2026-06-09T20:10:43+0000 [INFO]   Collected 355 comments via RSS
2026-06-09T20:10:43+0000 [INFO] Processing post 1tzb4j8 (RSS): Sassuolo to appoint Alberto Aquilani as manager
2026-06-09T20:10:49+0000 [INFO]   Collected 18 comments via RSS
2026-06-09T20:10:49+0000 [INFO] Processing post 1tz7o7h (RSS): The French National Team Recreating The Viral Cherki Pose Du
2026-06-09T20:10:57+0000 [INFO]   Collected 143 comments via RSS
2026-06-09T20:10:57+0000 [INFO] Processing post 1tz8l0n (RSS): ‘ Football saved me ’ : Street Soccer coordinator Sarah Rhin
2026-06-09T20:11:04+0000 [INFO]   Collected 0 comments via RSS
2026-06-09T20:11:04+0000 [INFO] Processing post 1tzae3k (RSS): [The Atlantic] The World Cup of Ugh
2026-06-09T20:11:13+0000 [INFO]   Collected 242 comments via RSS
2026-06-09T20:11:13+0000 [INFO] Processing post 1tzmsah (RSS): Great goal by Patronato's Walter Rueda v Agropecuario in the
2026-06-09T20:11:19+0000 [INFO]   Collected 4 comments via RSS
2026-06-09T20:11:19+0000 [INFO] Processing post 1tzl7s9 (RSS): [Sheldon] Thomas Tuchel names Arsenal’s Declan Rice as Engla
2026-06-09T20:11:27+0000 [INFO]   Collected 123 comments via RSS
2026-06-09T20:11:27+0000 [INFO] Processing post 1tz8g1p (RSS): England vs New Zealand friendly in Florida: England fans sto
2026-06-09T20:11:37+0000 [INFO]   Collected 480 comments via RSS
2026-06-09T20:11:37+0000 [INFO] Processing post 1tzl77i (RSS): Aziz Yıldırım, who previously served as Fenerbahçe president
2026-06-09T20:11:41+0000 [INFO]   Collected 16 comments via RSS
2026-06-09T20:11:41+0000 [INFO] Processing post 1tzbtl6 (RSS): World Cup 2026: Are Portugal a better team without Cristiano
2026-06-09T20:11:53+0000 [INFO]   Collected 425 comments via RSS
2026-06-09T20:11:53+0000 [INFO] Processing post 1tzg0yt (RSS): Every African team that has not been to the World Cup, and t
2026-06-09T20:11:58+0000 [INFO]   Collected 24 comments via RSS
2026-06-09T20:11:58+0000 [INFO] Processing post 1tzkokw (RSS): Match Thread: Greece vs Italy
2026-06-09T20:12:04+0000 [INFO]   Collected 67 comments via RSS
2026-06-09T20:12:04+0000 [INFO] Processing post 1tzfc93 (RSS): The Football Association was aware of serious historic alleg
2026-06-09T20:12:11+0000 [INFO]   Collected 56 comments via RSS
2026-06-09T20:12:11+0000 [INFO] Processing post 1tzjgyh (RSS): [The Athletic] Nine injured in shooting near England’s World
2026-06-09T20:12:21+0000 [INFO]   Collected 466 comments via RSS
2026-06-09T20:12:21+0000 [INFO] Processing post 1tzk8qe (RSS): [Denmark FA] From Dr. Morten Boesen: “We are in constant con
2026-06-09T20:12:26+0000 [INFO]   Collected 64 comments via RSS
2026-06-09T20:12:26+0000 [INFO] Processing post 1tze4js (RSS): Deschamps: “We have a lot of very talented attacking players
2026-06-09T20:12:34+0000 [INFO]   Collected 120 comments via RSS
2026-06-09T20:12:34+0000 [INFO] Processing post 1tzjjat (RSS): Christian Eriksen receives an ovation as he is escorted to a
2026-06-09T20:12:42+0000 [INFO]   Collected 166 comments via RSS
2026-06-09T20:12:42+0000 [INFO] Processing post 1tz8mj7 (RSS): ‘ We looked quite good for 20 minutes ’ : Tony Popovic conte
2026-06-09T20:12:49+0000 [INFO]   Collected 1 comments via RSS
2026-06-09T20:12:49+0000 [INFO] Processing post 1tz1udr (RSS): Defender Bombito to be replaced on Canada’s World Cup roster
2026-06-09T20:12:56+0000 [INFO]   Collected 39 comments via RSS
2026-06-09T20:12:56+0000 [INFO] Processing post 1tzdos4 (RSS): Liechtenstein 0-2 Cyprus - Konstantinos Sotiriou 70'
2026-06-09T20:13:04+0000 [INFO]   Collected 6 comments via RSS
2026-06-09T20:13:04+0000 [INFO] Processing post 1tzd64h (RSS): [UEFA] Football clubs with the highest OPEX (non-sporting/pl
2026-06-09T20:13:11+0000 [INFO]   Collected 31 comments via RSS
2026-06-09T20:13:11+0000 [INFO] Processing post 1tzkfq0 (RSS): Kosovo 1-0 Andorra - Iker Álvarez OG 41'
2026-06-09T20:13:19+0000 [INFO]   Collected 6 comments via RSS
2026-06-09T20:13:19+0000 [INFO] Processing post 1tyymk1 (RSS): Argentina 2-0 Honduras - Giuliano Simeone 54'
2026-06-09T20:13:26+0000 [INFO]   Collected 54 comments via RSS
2026-06-09T20:13:26+0000 [INFO] Processing post 1tzg3ja (RSS): Van Persie fired as trainer of Feyenoord
2026-06-09T20:13:34+0000 [INFO]   Collected 173 comments via RSS
2026-06-09T20:13:34+0000 [INFO] Processing post 1tziqe1 (RSS): World Cup Fixtures in Local Time
2026-06-09T20:13:41+0000 [INFO]   Collected 20 comments via RSS
2026-06-09T20:13:41+0000 [INFO] Processing post 1tzgzl3 (RSS): [VI] Feyenoord coaches this century. Left column is total ga
2026-06-09T20:13:49+0000 [INFO]   Collected 44 comments via RSS
2026-06-09T20:13:49+0000 [INFO] Processing post 1tzlyg9 (RSS): Match Thread: Croatia vs Slovenia
2026-06-09T20:13:56+0000 [INFO]   Collected 23 comments via RSS
2026-06-09T20:13:56+0000 [INFO] Processing post 1tz60gi (RSS): Sunday Support
2026-06-09T20:14:04+0000 [INFO]   Collected 32 comments via RSS
2026-06-09T20:14:04+0000 [INFO] Processing post 1tzmaq9 (RSS): Croatia [1] - 0 Slovenia - Luka Modrić 51'
2026-06-09T20:14:12+0000 [INFO]   Collected 62 comments via RSS
2026-06-09T20:14:12+0000 [INFO] Processing post 1tzhip4 (RSS): Gavi's harsh tackle on Rodri during Spain World Cup training
2026-06-09T20:14:20+0000 [INFO]   Collected 196 comments via RSS
2026-06-09T20:14:20+0000 [INFO] Processing post 1tzmts2 (RSS): Las Palmas 0-1 Malaga - David Larrubia 57'
2026-06-09T20:14:26+0000 [INFO]   Collected 5 comments via RSS
2026-06-09T20:14:26+0000 [INFO] Processing post 1tzlui6 (RSS): Kosovo 3-0 Andorra - Valmir Matoshi 77'
2026-06-09T20:14:34+0000 [INFO]   Collected 2 comments via RSS
2026-06-09T20:14:34+0000 [INFO] Processing post 1tzi4sb (RSS): Roman Yaremchuk (Ukraine) disallowed goal against Denmark 45
2026-06-09T20:14:41+0000 [INFO]   Collected 16 comments via RSS
2026-06-09T20:14:41+0000 [INFO] Processing post 1tzjccp (RSS): Match Thread: Kosovo vs Andorra
2026-06-09T20:14:49+0000 [INFO]   Collected 1 comments via RSS
2026-06-09T20:14:49+0000 [INFO] Processing post 1tyzfdn (RSS): Post Match Thread: Argentina 2-0 Honduras
2026-06-09T20:14:56+0000 [INFO]   Collected 37 comments via RSS
2026-06-09T20:14:56+0000 [INFO] Processing post 1tz44go (RSS): Cesc Fabregas: “Winning in Italy, believe me, people say the
2026-06-09T20:15:04+0000 [INFO]   Collected 101 comments via RSS
2026-06-09T20:15:04+0000 [INFO] Processing post 1tzmcqo (RSS): Florentino Perez is projected to to be re-elected as preside
2026-06-09T20:15:12+0000 [INFO]   Collected 130 comments via RSS
2026-06-09T20:15:12+0000 [INFO] Harvester complete (rss). 100 posts processed, 0 failed, 9257 total comments collected.
