2026-06-13T15:02:52+0000 [INFO] Harvester starting. Target time: 2026-06-11T15:02:52.476825+00:00. Mode: arctic_shift+rss
2026-06-13T15:02:52+0000 [INFO] Found 24 posts to process
2026-06-13T15:02:52+0000 [INFO] Processing post 1u31i9q (Arctic Shift): Daily Discussion
2026-06-13T15:02:53+0000 [WARNING]   Could not re-fetch post 1u31i9q from Arctic Shift
2026-06-13T15:03:17+0000 [INFO]   Arctic Shift returned 2393 comments
2026-06-13T15:03:18+0000 [INFO] Processing post 1u31j9e (Arctic Shift): [Matteo Moretto] Atlético are making a strong push for Marc 
2026-06-13T15:03:18+0000 [WARNING]   Could not re-fetch post 1u31j9e from Arctic Shift
2026-06-13T15:03:21+0000 [INFO]   Arctic Shift returned 141 comments
2026-06-13T15:03:21+0000 [INFO] Processing post 1u31x6m (Arctic Shift): Uefa picks Somalian referee denied entry to US for Super Cup
2026-06-13T15:03:22+0000 [WARNING]   Could not re-fetch post 1u31x6m from Arctic Shift
2026-06-13T15:03:24+0000 [INFO]   Arctic Shift returned 1 comments
2026-06-13T15:03:24+0000 [INFO] Processing post 1u31u15 (Arctic Shift): WhatsApp has changed the football/soccer emoji to the World 
2026-06-13T15:03:25+0000 [WARNING]   Could not re-fetch post 1u31u15 from Arctic Shift
2026-06-13T15:03:27+0000 [INFO]   Arctic Shift returned 1 comments
2026-06-13T15:03:27+0000 [INFO] Processing post 1u31u7p (Arctic Shift): Official World Cup Anthem 2026 - We Are One (If You Can Pay)
2026-06-13T15:03:28+0000 [WARNING]   Could not re-fetch post 1u31u7p from Arctic Shift
2026-06-13T15:03:30+0000 [INFO]   Arctic Shift returned 5 comments
2026-06-13T15:03:30+0000 [INFO] Processing post 1u31wpm (Arctic Shift): prediction for the mexico- south africa today
2026-06-13T15:03:31+0000 [WARNING]   Could not re-fetch post 1u31wpm from Arctic Shift
2026-06-13T15:03:33+0000 [INFO]   Arctic Shift returned 1 comments
2026-06-13T15:03:33+0000 [INFO] Processing post 1u31sid (Arctic Shift): Nice touch from WhatsApp: The ⚽ emoji is now the World Cup b
2026-06-13T15:03:34+0000 [WARNING]   Could not re-fetch post 1u31sid from Arctic Shift
2026-06-13T15:03:36+0000 [INFO]   Arctic Shift returned 1 comments
2026-06-13T15:03:36+0000 [INFO] Processing post 1u3264c (Arctic Shift): PAOK FC owner's son found guilty in criminal case involving 
2026-06-13T15:03:37+0000 [WARNING]   Could not re-fetch post 1u3264c from Arctic Shift
2026-06-13T15:03:39+0000 [INFO]   Arctic Shift returned 2 comments
2026-06-13T15:03:39+0000 [INFO] Processing post 1u3240b (Arctic Shift): Noel Gallagher: "I don't like razzmatazz of football. I like
2026-06-13T15:03:40+0000 [WARNING]   Could not re-fetch post 1u3240b from Arctic Shift
2026-06-13T15:03:42+0000 [INFO]   Arctic Shift returned 1 comments
2026-06-13T15:03:42+0000 [INFO] Processing post 1u325j9 (Arctic Shift): 🚨🚨 IT’S ON: THE AZTECA STADIUM 🇲🇽 HAS OPENED ITS GATES FOR T
2026-06-13T15:03:43+0000 [WARNING]   Could not re-fetch post 1u325j9 from Arctic Shift
2026-06-13T15:03:45+0000 [INFO]   Arctic Shift returned 1 comments
2026-06-13T15:03:45+0000 [INFO] Processing post 1u324hn (Arctic Shift): [The Athletic] The U.S. signed up for the 2026 FIFA World Cu
2026-06-13T15:03:46+0000 [WARNING]   Could not re-fetch post 1u324hn from Arctic Shift
2026-06-13T15:03:48+0000 [INFO]   Arctic Shift returned 1 comments
2026-06-13T15:03:48+0000 [INFO] Processing post 1u329no (Arctic Shift): My prediction fifa 3026
2026-06-13T15:03:49+0000 [WARNING]   Could not re-fetch post 1u329no from Arctic Shift
2026-06-13T15:03:51+0000 [INFO]   Arctic Shift returned 1 comments
2026-06-13T15:03:51+0000 [INFO] Processing post 1u32bu9 (Arctic Shift): Looking for Feedback on My World Cup 2026 App
2026-06-13T15:03:52+0000 [WARNING]   Could not re-fetch post 1u32bu9 from Arctic Shift
2026-06-13T15:03:54+0000 [INFO]   Arctic Shift returned 1 comments
2026-06-13T15:03:54+0000 [INFO] Processing post 1u328kk (Arctic Shift): IT’S ON: THE AZTECA STADIUM HAS OPENED ITS GATES FOR THE 202
2026-06-13T15:03:55+0000 [WARNING]   Could not re-fetch post 1u328kk from Arctic Shift
2026-06-13T15:03:57+0000 [INFO]   Arctic Shift returned 1 comments
2026-06-13T15:03:57+0000 [INFO] Processing post 1u32bs1 (Arctic Shift): $500 bonus on kalshi for world cup!
2026-06-13T15:03:58+0000 [WARNING]   Could not re-fetch post 1u32bs1 from Arctic Shift
2026-06-13T15:04:00+0000 [INFO]   Arctic Shift returned 1 comments
2026-06-13T15:04:00+0000 [INFO] Processing post 1u327cl (Arctic Shift): 🚨🚨 IT’S ON: THE AZTECA STADIUM 🇲🇽 HAS OPENED ITS GATES FOR T
2026-06-13T15:04:01+0000 [WARNING]   Could not re-fetch post 1u327cl from Arctic Shift
2026-06-13T15:04:03+0000 [INFO]   Arctic Shift returned 1 comments
2026-06-13T15:04:03+0000 [INFO] Processing post 1u327xv (Arctic Shift): While yesterday French newspaper L'equipe had a frontpage cr
2026-06-13T15:04:04+0000 [WARNING]   Could not re-fetch post 1u327xv from Arctic Shift
2026-06-13T15:04:06+0000 [INFO]   Arctic Shift returned 47 comments
2026-06-13T15:04:06+0000 [INFO] Processing post 1u32ava (Arctic Shift): My prediction fifa 2026
2026-06-13T15:04:07+0000 [WARNING]   Could not re-fetch post 1u32ava from Arctic Shift
2026-06-13T15:04:10+0000 [INFO]   Arctic Shift returned 1 comments
2026-06-13T15:04:10+0000 [INFO] Processing post 1u32fb0 (Arctic Shift): ORANJE FEVER - an Oranje original
2026-06-13T15:04:10+0000 [WARNING]   Could not re-fetch post 1u32fb0 from Arctic Shift
2026-06-13T15:04:13+0000 [INFO]   Arctic Shift returned 7 comments
2026-06-13T15:04:13+0000 [INFO] Processing post 1u32dzj (Arctic Shift): 𝗢𝗥𝗔𝗡𝗝𝗘 𝗙𝗘𝗩𝗘𝗥 - an Oranje original
2026-06-13T15:04:13+0000 [WARNING]   Could not re-fetch post 1u32dzj from Arctic Shift
2026-06-13T15:04:15+0000 [INFO]   Arctic Shift returned 2 comments
2026-06-13T15:04:15+0000 [INFO] Processing post 1u32hlr (Arctic Shift): [OC] I built an interactive 2026 World Cup Calendar! When an
2026-06-13T15:04:17+0000 [WARNING]   Could not re-fetch post 1u32hlr from Arctic Shift
2026-06-13T15:04:18+0000 [INFO]   Arctic Shift returned 1 comments
2026-06-13T15:04:18+0000 [INFO] Processing post 1u32llo (Arctic Shift): Will YouTube be streaming the Mexico vs South Africa match t
2026-06-13T15:04:19+0000 [WARNING]   Could not re-fetch post 1u32llo from Arctic Shift
2026-06-13T15:04:21+0000 [INFO]   Arctic Shift returned 2 comments
2026-06-13T15:04:21+0000 [INFO] Processing post 1u32ot1 (Arctic Shift): Your 1-Sentence Guide to EVERY TEAM in the 2026 World Cup | 
2026-06-13T15:04:22+0000 [WARNING]   Could not re-fetch post 1u32ot1 from Arctic Shift
2026-06-13T15:04:24+0000 [INFO]   Arctic Shift returned 12 comments
2026-06-13T15:04:24+0000 [INFO] Processing post 1u32q47 (Arctic Shift): Manchester United stars Harry Maguire and Matheus Cunha pros
2026-06-13T15:04:25+0000 [WARNING]   Could not re-fetch post 1u32q47 from Arctic Shift
2026-06-13T15:04:29+0000 [INFO]   Arctic Shift returned 257 comments
2026-06-13T15:04:30+0000 [INFO] Harvester complete (arctic_shift+rss). 24 posts processed, 0 failed, 2882 total comments collected.
2026-06-13T15:07:44+0000 [INFO] Harvester starting. Target time: 2026-06-11T15:07:44.814276+00:00. Mode: arctic_shift+rss
2026-06-13T15:07:44+0000 [INFO] No pending posts for target time 2026-06-11T15. Nothing to do.
2026-06-13T15:12:39+0000 [INFO] Harvester starting. Target time: 2026-06-11T15:12:39.336350+00:00. Mode: arctic_shift+rss
2026-06-13T15:12:39+0000 [INFO] No pending posts for target time 2026-06-11T15. Nothing to do.
2026-06-13T15:17:43+0000 [INFO] Harvester starting. Target time: 2026-06-11T15:17:43.671814+00:00. Mode: arctic_shift+rss
2026-06-13T15:17:43+0000 [INFO] No pending posts for target time 2026-06-11T15. Nothing to do.
2026-06-13T15:22:47+0000 [INFO] Harvester starting. Target time: 2026-06-11T15:22:47.522001+00:00. Mode: arctic_shift+rss
2026-06-13T15:22:47+0000 [INFO] No pending posts for target time 2026-06-11T15. Nothing to do.
2026-06-13T15:27:42+0000 [INFO] Harvester starting. Target time: 2026-06-11T15:27:42.844417+00:00. Mode: arctic_shift+rss
2026-06-13T15:27:42+0000 [INFO] No pending posts for target time 2026-06-11T15. Nothing to do.
