2026-06-12T09:02:44+0000 [INFO] Harvester starting. Target time: 2026-06-10T09:02:44.172885+00:00. Mode: arctic_shift+rss
2026-06-12T09:02:44+0000 [INFO] Found 1 posts to process
2026-06-12T09:02:44+0000 [INFO] Processing post 1u1wr4v (Arctic Shift): Wunderkind Watch
2026-06-12T09:02:44+0000 [WARNING]   Could not re-fetch post 1u1wr4v from Arctic Shift
2026-06-12T09:02:46+0000 [INFO]   Arctic Shift returned 31 comments
2026-06-12T09:02:46+0000 [INFO] Harvester complete (arctic_shift+rss). 1 posts processed, 0 failed, 31 total comments collected.
2026-06-12T09:07:34+0000 [INFO] Harvester starting. Target time: 2026-06-10T09:07:34.860398+00:00. Mode: arctic_shift+rss
2026-06-12T09:07:34+0000 [INFO] No pending posts for target time 2026-06-10T09. Nothing to do.
2026-06-12T09:12:30+0000 [INFO] Harvester starting. Target time: 2026-06-10T09:12:30.359254+00:00. Mode: arctic_shift+rss
2026-06-12T09:12:30+0000 [INFO] No pending posts for target time 2026-06-10T09. Nothing to do.
2026-06-12T09:17:37+0000 [INFO] Harvester starting. Target time: 2026-06-10T09:17:37.017091+00:00. Mode: arctic_shift+rss
2026-06-12T09:17:37+0000 [INFO] No pending posts for target time 2026-06-10T09. Nothing to do.
2026-06-12T09:22:38+0000 [INFO] Harvester starting. Target time: 2026-06-10T09:22:38.956078+00:00. Mode: arctic_shift+rss
2026-06-12T09:22:38+0000 [INFO] No pending posts for target time 2026-06-10T09. Nothing to do.
2026-06-12T09:27:32+0000 [INFO] Harvester starting. Target time: 2026-06-10T09:27:32.547347+00:00. Mode: arctic_shift+rss
2026-06-12T09:27:32+0000 [INFO] No pending posts for target time 2026-06-10T09. Nothing to do.
2026-06-12T09:32:35+0000 [INFO] Harvester starting. Target time: 2026-06-10T09:32:35.548111+00:00. Mode: arctic_shift+rss
2026-06-12T09:32:35+0000 [INFO] No pending posts for target time 2026-06-10T09. Nothing to do.
2026-06-12T09:37:24+0000 [INFO] Harvester starting. Target time: 2026-06-10T09:37:24.133484+00:00. Mode: arctic_shift+rss
2026-06-12T09:37:24+0000 [INFO] No pending posts for target time 2026-06-10T09. Nothing to do.
2026-06-12T09:42:35+0000 [INFO] Harvester starting. Target time: 2026-06-10T09:42:35.326438+00:00. Mode: arctic_shift+rss
2026-06-12T09:42:35+0000 [INFO] No pending posts for target time 2026-06-10T09. Nothing to do.
2026-06-12T09:47:21+0000 [INFO] Harvester starting. Target time: 2026-06-10T09:47:21.719582+00:00. Mode: arctic_shift+rss
2026-06-12T09:47:21+0000 [INFO] No pending posts for target time 2026-06-10T09. Nothing to do.
2026-06-12T09:52:33+0000 [INFO] Harvester starting. Target time: 2026-06-10T09:52:33.445146+00:00. Mode: arctic_shift+rss
2026-06-12T09:52:33+0000 [INFO] No pending posts for target time 2026-06-10T09. Nothing to do.
