2026-06-12T13:02:47+0000 [INFO] Harvester starting. Target time: 2026-06-10T13:02:47.176185+00:00. Mode: arctic_shift+rss
2026-06-12T13:02:47+0000 [INFO] Found 3 posts to process
2026-06-12T13:02:47+0000 [INFO] Processing post 1u215o8 (Arctic Shift): BeIN SPORTS assembles the biggest broadcast team for the big
2026-06-12T13:02:47+0000 [WARNING]   Could not re-fetch post 1u215o8 from Arctic Shift
2026-06-12T13:02:51+0000 [INFO]   Arctic Shift returned 20 comments
2026-06-12T13:02:51+0000 [INFO] Processing post 1u21g7h (Arctic Shift): Previous opening matches at the World Cup
2026-06-12T13:02:52+0000 [WARNING]   Could not re-fetch post 1u21g7h from Arctic Shift
2026-06-12T13:02:55+0000 [INFO]   Arctic Shift returned 113 comments
2026-06-12T13:02:55+0000 [INFO] Processing post 1u2105d (Arctic Shift): We are delighted to announce that Ben Davies has signed a ne
2026-06-12T13:02:56+0000 [WARNING]   Could not re-fetch post 1u2105d from Arctic Shift
2026-06-12T13:02:58+0000 [INFO]   Arctic Shift returned 10 comments
2026-06-12T13:02:58+0000 [INFO] Harvester complete (arctic_shift+rss). 3 posts processed, 0 failed, 143 total comments collected.
2026-06-12T13:07:26+0000 [INFO] Harvester starting. Target time: 2026-06-10T13:07:26.801344+00:00. Mode: arctic_shift+rss
2026-06-12T13:07:26+0000 [INFO] No pending posts for target time 2026-06-10T13. Nothing to do.
2026-06-12T13:12:51+0000 [INFO] Harvester starting. Target time: 2026-06-10T13:12:51.072778+00:00. Mode: arctic_shift+rss
2026-06-12T13:12:51+0000 [INFO] No pending posts for target time 2026-06-10T13. Nothing to do.
2026-06-12T13:16:50+0000 [INFO] Harvester starting. Target time: 2026-06-10T13:16:50.073441+00:00. Mode: arctic_shift+rss
2026-06-12T13:16:50+0000 [INFO] No pending posts for target time 2026-06-10T13. Nothing to do.
2026-06-12T13:21:49+0000 [INFO] Harvester starting. Target time: 2026-06-10T13:21:49.140560+00:00. Mode: arctic_shift+rss
2026-06-12T13:21:49+0000 [INFO] No pending posts for target time 2026-06-10T13. Nothing to do.
