2026-06-12T18:02:38+0000 [INFO] Harvester starting. Target time: 2026-06-10T18:02:38.993952+00:00. Mode: arctic_shift+rss
2026-06-12T18:02:38+0000 [INFO] Found 8 posts to process
2026-06-12T18:02:39+0000 [INFO] Processing post 1u28hp0 (Arctic Shift): Gathered every media power ranking of the 48 world cup teams
2026-06-12T18:02:39+0000 [WARNING]   Could not re-fetch post 1u28hp0 from Arctic Shift
2026-06-12T18:02:41+0000 [INFO]   Arctic Shift returned 78 comments
2026-06-12T18:02:41+0000 [INFO] Processing post 1u295wa (Arctic Shift): José Bordalás (62) signs two-year deal with Getafe until Jun
2026-06-12T18:02:42+0000 [WARNING]   Could not re-fetch post 1u295wa from Arctic Shift
2026-06-12T18:02:46+0000 [INFO]   Arctic Shift returned 31 comments
2026-06-12T18:02:46+0000 [INFO] Processing post 1u28g1x (Arctic Shift): [Athletic] Karren Brady told fans there was ‘no investigatio
2026-06-12T18:02:47+0000 [WARNING]   Could not re-fetch post 1u28g1x from Arctic Shift
2026-06-12T18:02:49+0000 [INFO]   Arctic Shift returned 19 comments
2026-06-12T18:02:49+0000 [INFO] Processing post 1u283iu (Arctic Shift): [Ornstein] Kieran McKenna leaving Ipswich a month after secu
2026-06-12T18:02:50+0000 [WARNING]   Could not re-fetch post 1u283iu from Arctic Shift
2026-06-12T18:02:55+0000 [INFO]   Arctic Shift returned 224 comments
2026-06-12T18:02:55+0000 [INFO] Processing post 1u29mna (Arctic Shift): [Di Marzio] Matteo Darmian will not renew his contract with 
2026-06-12T18:02:55+0000 [WARNING]   Could not re-fetch post 1u29mna from Arctic Shift
2026-06-12T18:02:57+0000 [INFO]   Arctic Shift returned 19 comments
2026-06-12T18:02:57+0000 [INFO] Processing post 1u29lbt (Arctic Shift): Hull City's new shirt for the 26/27 season - their first Pre
2026-06-12T18:02:58+0000 [WARNING]   Could not re-fetch post 1u29lbt from Arctic Shift
2026-06-12T18:03:02+0000 [INFO]   Arctic Shift returned 87 comments
2026-06-12T18:03:02+0000 [INFO] Processing post 1u29r0n (Arctic Shift): Pakistan 2-0 Afghanistan - Harun Hamid 90'+4'
2026-06-12T18:03:02+0000 [WARNING]   Could not re-fetch post 1u29r0n from Arctic Shift
2026-06-12T18:03:05+0000 [INFO]   Arctic Shift returned 16 comments
2026-06-12T18:03:05+0000 [INFO] Processing post 1u288oz (Arctic Shift): Haiti to debut redesign World Cup jersey after FIFA rejects 
2026-06-12T18:03:05+0000 [WARNING]   Could not re-fetch post 1u288oz from Arctic Shift
2026-06-12T18:03:09+0000 [INFO]   Arctic Shift returned 187 comments
2026-06-12T18:03:09+0000 [INFO] Harvester complete (arctic_shift+rss). 8 posts processed, 0 failed, 661 total comments collected.
2026-06-12T18:07:11+0000 [INFO] Harvester starting. Target time: 2026-06-10T18:07:11.992004+00:00. Mode: arctic_shift+rss
2026-06-12T18:07:11+0000 [INFO] No pending posts for target time 2026-06-10T18. Nothing to do.
2026-06-12T18:12:19+0000 [INFO] Harvester starting. Target time: 2026-06-10T18:12:19.693157+00:00. Mode: arctic_shift+rss
2026-06-12T18:12:19+0000 [INFO] No pending posts for target time 2026-06-10T18. Nothing to do.
2026-06-12T18:17:33+0000 [INFO] Harvester starting. Target time: 2026-06-10T18:17:33.035641+00:00. Mode: arctic_shift+rss
2026-06-12T18:17:33+0000 [INFO] No pending posts for target time 2026-06-10T18. Nothing to do.
2026-06-12T18:22:13+0000 [INFO] Harvester starting. Target time: 2026-06-10T18:22:13.158169+00:00. Mode: arctic_shift+rss
2026-06-12T18:22:13+0000 [INFO] No pending posts for target time 2026-06-10T18. Nothing to do.
