2026-06-12T04:02:18+0000 [INFO] Harvester starting. Target time: 2026-06-10T04:02:18.414779+00:00. Mode: arctic_shift+rss
2026-06-12T04:02:18+0000 [INFO] Found 10 posts to process
2026-06-12T04:02:18+0000 [INFO] Processing post 1u1qwf6 (Arctic Shift): Deyna Castellanos Scores Historic Goal as Venezuela Reaches 
2026-06-12T04:02:18+0000 [WARNING]   Could not re-fetch post 1u1qwf6 from Arctic Shift
2026-06-12T04:02:20+0000 [INFO]   Arctic Shift returned 8 comments
2026-06-12T04:02:20+0000 [INFO] Processing post 1u1rntv (Arctic Shift): Fans celebrating after their team won a local Algerian footb
2026-06-12T04:02:21+0000 [WARNING]   Could not re-fetch post 1u1rntv from Arctic Shift
2026-06-12T04:02:24+0000 [INFO]   Arctic Shift returned 8 comments
2026-06-12T04:02:24+0000 [INFO] Processing post 1u1rq51 (Arctic Shift): Scenes as the referee hands out several red cards during the
2026-06-12T04:02:24+0000 [WARNING]   Could not re-fetch post 1u1rq51 from Arctic Shift
2026-06-12T04:02:30+0000 [INFO]   Arctic Shift returned 308 comments
2026-06-12T04:02:30+0000 [INFO] Processing post 1u1q8ah (Arctic Shift): Post Match Thread: Argentina 3 - Iceland 0
2026-06-12T04:02:30+0000 [WARNING]   Could not re-fetch post 1u1q8ah from Arctic Shift
2026-06-12T04:02:33+0000 [INFO]   Arctic Shift returned 132 comments
2026-06-12T04:02:33+0000 [INFO] Processing post 1u1r159 (Arctic Shift): Tonight's friendly between Argentina vs. Iceland at Jordan-H
2026-06-12T04:02:34+0000 [WARNING]   Could not re-fetch post 1u1r159 from Arctic Shift
2026-06-12T04:02:40+0000 [INFO]   Arctic Shift returned 485 comments
2026-06-12T04:02:40+0000 [INFO] Processing post 1u1q9fi (Arctic Shift): [ESPN] United States women gets scrappy win as Brazil sees 8
2026-06-12T04:02:41+0000 [WARNING]   Could not re-fetch post 1u1q9fi from Arctic Shift
2026-06-12T04:02:46+0000 [INFO]   Arctic Shift returned 204 comments
2026-06-12T04:02:46+0000 [INFO] Processing post 1u1ro1g (Arctic Shift): Happy birthday Don Carlo
2026-06-12T04:02:46+0000 [WARNING]   Could not re-fetch post 1u1ro1g from Arctic Shift
2026-06-12T04:02:48+0000 [INFO]   Arctic Shift returned 5 comments
2026-06-12T04:02:48+0000 [INFO] Processing post 1u1qnj2 (Arctic Shift): ¿Who is the first to drop from the next world champion?
2026-06-12T04:02:49+0000 [WARNING]   Could not re-fetch post 1u1qnj2 from Arctic Shift
2026-06-12T04:02:51+0000 [INFO]   Arctic Shift returned 8 comments
2026-06-12T04:02:51+0000 [INFO] Processing post 1u1rdu0 (Arctic Shift): No foreign manager has ever won the world cup
2026-06-12T04:02:52+0000 [WARNING]   Could not re-fetch post 1u1rdu0 from Arctic Shift
2026-06-12T04:02:58+0000 [INFO]   Arctic Shift returned 472 comments
2026-06-12T04:02:58+0000 [INFO] Processing post 1u1rrdr (Arctic Shift): Last major trophy won by the main football nations
2026-06-12T04:02:59+0000 [WARNING]   Could not re-fetch post 1u1rrdr from Arctic Shift
2026-06-12T04:03:02+0000 [INFO]   Arctic Shift returned 44 comments
2026-06-12T04:03:02+0000 [INFO] Harvester complete (arctic_shift+rss). 10 posts processed, 0 failed, 1674 total comments collected.
2026-06-12T04:06:10+0000 [INFO] Harvester starting. Target time: 2026-06-10T04:06:10.765289+00:00. Mode: arctic_shift+rss
2026-06-12T04:06:10+0000 [INFO] No pending posts for target time 2026-06-10T04. Nothing to do.
