2026-06-11T02:01:39+0000 [INFO] Harvester starting. Target time: 2026-06-09T02:01:39.109307+00:00. Mode: arctic_shift+rss
2026-06-11T02:01:39+0000 [INFO] Found 1 posts to process
2026-06-11T02:01:39+0000 [INFO] Processing post 1u0ria6 (Arctic Shift): [Fabrizio Romano]Understand Matheus Fernandes price tag has 
2026-06-11T02:01:39+0000 [WARNING]   Could not re-fetch post 1u0ria6 from Arctic Shift
2026-06-11T02:01:44+0000 [INFO]   Arctic Shift returned 269 comments
2026-06-11T02:01:44+0000 [INFO] Harvester complete (arctic_shift+rss). 1 posts processed, 0 failed, 269 total comments collected.
2026-06-11T02:06:27+0000 [INFO] Harvester starting. Target time: 2026-06-09T02:06:27.886673+00:00. Mode: arctic_shift+rss
2026-06-11T02:06:27+0000 [INFO] No pending posts for target time 2026-06-09T02. Nothing to do.
2026-06-11T02:11:28+0000 [INFO] Harvester starting. Target time: 2026-06-09T02:11:28.589867+00:00. Mode: arctic_shift+rss
2026-06-11T02:11:28+0000 [INFO] No pending posts for target time 2026-06-09T02. Nothing to do.
2026-06-11T02:16:33+0000 [INFO] Harvester starting. Target time: 2026-06-09T02:16:33.805667+00:00. Mode: arctic_shift+rss
2026-06-11T02:16:33+0000 [INFO] No pending posts for target time 2026-06-09T02. Nothing to do.
2026-06-11T02:21:28+0000 [INFO] Harvester starting. Target time: 2026-06-09T02:21:28.899413+00:00. Mode: arctic_shift+rss
2026-06-11T02:21:28+0000 [INFO] No pending posts for target time 2026-06-09T02. Nothing to do.
2026-06-11T02:26:29+0000 [INFO] Harvester starting. Target time: 2026-06-09T02:26:29.350277+00:00. Mode: arctic_shift+rss
2026-06-11T02:26:29+0000 [INFO] No pending posts for target time 2026-06-09T02. Nothing to do.
2026-06-11T02:31:39+0000 [INFO] Harvester starting. Target time: 2026-06-09T02:31:39.365702+00:00. Mode: arctic_shift+rss
2026-06-11T02:31:39+0000 [INFO] No pending posts for target time 2026-06-09T02. Nothing to do.
2026-06-11T02:36:28+0000 [INFO] Harvester starting. Target time: 2026-06-09T02:36:28.239133+00:00. Mode: arctic_shift+rss
2026-06-11T02:36:28+0000 [INFO] No pending posts for target time 2026-06-09T02. Nothing to do.
