2026-06-12T16:02:10+0000 [INFO] Harvester starting. Target time: 2026-06-10T16:02:10.514766+00:00. Mode: arctic_shift+rss
2026-06-12T16:02:10+0000 [INFO] Found 10 posts to process
2026-06-12T16:02:10+0000 [INFO] Processing post 1u2589x (Arctic Shift): Nike charges World Cup fans the most for replica shirts afte
2026-06-12T16:02:11+0000 [WARNING]   Could not re-fetch post 1u2589x from Arctic Shift
2026-06-12T16:02:12+0000 [INFO]   Arctic Shift returned 68 comments
2026-06-12T16:02:12+0000 [INFO] Processing post 1u26i05 (Arctic Shift): Marcos Senesi signs for Tottenham
2026-06-12T16:02:17+0000 [WARNING]   Could not re-fetch post 1u26i05 from Arctic Shift
2026-06-12T16:02:20+0000 [INFO]   Arctic Shift returned 230 comments
2026-06-12T16:02:20+0000 [INFO] Processing post 1u27cpn (Arctic Shift): Pakistan 1-0 Afghanistan - Shayak Dost 24'
2026-06-12T16:02:22+0000 [WARNING]   Could not re-fetch post 1u27cpn from Arctic Shift
2026-06-12T16:02:23+0000 [INFO]   Arctic Shift returned 9 comments
2026-06-12T16:02:23+0000 [INFO] Processing post 1u269e0 (Arctic Shift): Even Messi can’t get people excited: majority of Americans d
2026-06-12T16:02:24+0000 [WARNING]   Could not re-fetch post 1u269e0 from Arctic Shift
2026-06-12T16:02:27+0000 [INFO]   Arctic Shift returned 61 comments
2026-06-12T16:02:27+0000 [INFO] Processing post 1u27fph (Arctic Shift): The Spurs announcement video for Marcos Senesi's signing fea
2026-06-12T16:02:28+0000 [WARNING]   Could not re-fetch post 1u27fph from Arctic Shift
2026-06-12T16:02:29+0000 [INFO]   Arctic Shift returned 16 comments
2026-06-12T16:02:29+0000 [INFO] Processing post 1u2600y (Arctic Shift): Map of World Cup players born in the lowlands
2026-06-12T16:02:31+0000 [WARNING]   Could not re-fetch post 1u2600y from Arctic Shift
2026-06-12T16:02:32+0000 [INFO]   Arctic Shift returned 51 comments
2026-06-12T16:02:32+0000 [INFO] Processing post 1u2788p (Arctic Shift): Fenerbahçe put Real Madrid's Moroccan football player Brahim
2026-06-12T16:02:33+0000 [WARNING]   Could not re-fetch post 1u2788p from Arctic Shift
2026-06-12T16:02:36+0000 [INFO]   Arctic Shift returned 7 comments
2026-06-12T16:02:36+0000 [INFO] Processing post 1u266y4 (Arctic Shift): Most Assists in Bundesliga history
2026-06-12T16:02:36+0000 [WARNING]   Could not re-fetch post 1u266y4 from Arctic Shift
2026-06-12T16:02:38+0000 [INFO]   Arctic Shift returned 32 comments
2026-06-12T16:02:38+0000 [INFO] Processing post 1u24vfd (Arctic Shift): José Mourinho wants 1 more center-back following the arrival
2026-06-12T16:02:43+0000 [WARNING]   Could not re-fetch post 1u24vfd from Arctic Shift
2026-06-12T16:02:46+0000 [INFO]   Arctic Shift returned 173 comments
2026-06-12T16:02:46+0000 [INFO] Processing post 1u26df5 (Arctic Shift): Daily Discussion
2026-06-12T16:02:46+0000 [WARNING]   Could not re-fetch post 1u26df5 from Arctic Shift
2026-06-12T16:03:07+0000 [INFO]   Arctic Shift returned 1785 comments
2026-06-12T16:03:07+0000 [INFO] Harvester complete (arctic_shift+rss). 10 posts processed, 0 failed, 2432 total comments collected.
2026-06-12T16:07:14+0000 [INFO] Harvester starting. Target time: 2026-06-10T16:07:14.900379+00:00. Mode: arctic_shift+rss
2026-06-12T16:07:14+0000 [INFO] No pending posts for target time 2026-06-10T16. Nothing to do.
2026-06-12T16:12:12+0000 [INFO] Harvester starting. Target time: 2026-06-10T16:12:12.279362+00:00. Mode: arctic_shift+rss
2026-06-12T16:12:12+0000 [INFO] No pending posts for target time 2026-06-10T16. Nothing to do.
2026-06-12T16:17:09+0000 [INFO] Harvester starting. Target time: 2026-06-10T16:17:09.076239+00:00. Mode: arctic_shift+rss
2026-06-12T16:17:09+0000 [INFO] No pending posts for target time 2026-06-10T16. Nothing to do.
2026-06-12T16:22:20+0000 [INFO] Harvester starting. Target time: 2026-06-10T16:22:20.602277+00:00. Mode: arctic_shift+rss
2026-06-12T16:22:20+0000 [INFO] No pending posts for target time 2026-06-10T16. Nothing to do.
2026-06-12T16:27:01+0000 [INFO] Harvester starting. Target time: 2026-06-10T16:27:01.623449+00:00. Mode: arctic_shift+rss
2026-06-12T16:27:01+0000 [INFO] No pending posts for target time 2026-06-10T16. Nothing to do.
2026-06-12T16:32:07+0000 [INFO] Harvester starting. Target time: 2026-06-10T16:32:07.483372+00:00. Mode: arctic_shift+rss
2026-06-12T16:32:07+0000 [INFO] No pending posts for target time 2026-06-10T16. Nothing to do.
2026-06-12T16:37:01+0000 [INFO] Harvester starting. Target time: 2026-06-10T16:37:01.647614+00:00. Mode: arctic_shift+rss
2026-06-12T16:37:01+0000 [INFO] No pending posts for target time 2026-06-10T16. Nothing to do.
2026-06-12T16:42:03+0000 [INFO] Harvester starting. Target time: 2026-06-10T16:42:03.094376+00:00. Mode: arctic_shift+rss
2026-06-12T16:42:03+0000 [INFO] No pending posts for target time 2026-06-10T16. Nothing to do.
2026-06-12T16:47:32+0000 [INFO] Harvester starting. Target time: 2026-06-10T16:47:32.841790+00:00. Mode: arctic_shift+rss
2026-06-12T16:47:32+0000 [INFO] No pending posts for target time 2026-06-10T16. Nothing to do.
2026-06-12T16:52:09+0000 [INFO] Harvester starting. Target time: 2026-06-10T16:52:09.080582+00:00. Mode: arctic_shift+rss
2026-06-12T16:52:09+0000 [INFO] No pending posts for target time 2026-06-10T16. Nothing to do.
2026-06-12T16:56:59+0000 [INFO] Harvester starting. Target time: 2026-06-10T16:56:59.821688+00:00. Mode: arctic_shift+rss
2026-06-12T16:56:59+0000 [INFO] No pending posts for target time 2026-06-10T16. Nothing to do.
