2026-06-11T03:01:40+0000 [INFO] Harvester starting. Target time: 2026-06-09T03:01:40.401241+00:00. Mode: arctic_shift+rss
2026-06-11T03:01:40+0000 [INFO] Found 6 posts to process
2026-06-11T03:01:40+0000 [INFO] Processing post 1u0siho (Arctic Shift): Peru 0 - [2] Spain - Pedri 32'
2026-06-11T03:01:41+0000 [WARNING]   Could not re-fetch post 1u0siho from Arctic Shift
2026-06-11T03:01:48+0000 [INFO]   Arctic Shift returned 24 comments
2026-06-11T03:01:48+0000 [INFO] Processing post 1u0rsvx (Arctic Shift): Joshua Kimmich: "I had the feeling that Bayern were very ope
2026-06-11T03:01:49+0000 [WARNING]   Could not re-fetch post 1u0rsvx from Arctic Shift
2026-06-11T03:01:51+0000 [INFO]   Arctic Shift returned 57 comments
2026-06-11T03:01:51+0000 [INFO] Processing post 1u0spj7 (Arctic Shift): Vidales chance against Spain 40'
2026-06-11T03:01:52+0000 [WARNING]   Could not re-fetch post 1u0spj7 from Arctic Shift
2026-06-11T03:01:54+0000 [INFO]   Arctic Shift returned 3 comments
2026-06-11T03:01:54+0000 [INFO] Processing post 1u0rucs (Arctic Shift): Match Thread: Peru vs Spain
2026-06-11T03:01:55+0000 [WARNING]   Could not re-fetch post 1u0rucs from Arctic Shift
2026-06-11T03:01:58+0000 [INFO]   Arctic Shift returned 150 comments
2026-06-11T03:01:58+0000 [INFO] Processing post 1u0s7e3 (Arctic Shift): Junior F.C. repeats as Colombian champions, 12th domestic ti
2026-06-11T03:01:59+0000 [WARNING]   Could not re-fetch post 1u0s7e3 from Arctic Shift
2026-06-11T03:02:01+0000 [INFO]   Arctic Shift returned 2 comments
2026-06-11T03:02:01+0000 [INFO] Processing post 1u0rx7i (Arctic Shift): Spain 1-0 Peru - Mikel Oyarzabal 2'
2026-06-11T03:02:02+0000 [WARNING]   Could not re-fetch post 1u0rx7i from Arctic Shift
2026-06-11T03:02:06+0000 [INFO]   Arctic Shift returned 30 comments
2026-06-11T03:02:06+0000 [INFO] Harvester complete (arctic_shift+rss). 6 posts processed, 0 failed, 266 total comments collected.
2026-06-11T03:06:27+0000 [INFO] Harvester starting. Target time: 2026-06-09T03:06:27.201304+00:00. Mode: arctic_shift+rss
2026-06-11T03:06:27+0000 [INFO] No pending posts for target time 2026-06-09T03. Nothing to do.
2026-06-11T03:11:30+0000 [INFO] Harvester starting. Target time: 2026-06-09T03:11:30.296980+00:00. Mode: arctic_shift+rss
2026-06-11T03:11:30+0000 [INFO] No pending posts for target time 2026-06-09T03. Nothing to do.
2026-06-11T03:16:33+0000 [INFO] Harvester starting. Target time: 2026-06-09T03:16:33.247745+00:00. Mode: arctic_shift+rss
2026-06-11T03:16:33+0000 [INFO] No pending posts for target time 2026-06-09T03. Nothing to do.
2026-06-11T03:21:31+0000 [INFO] Harvester starting. Target time: 2026-06-09T03:21:31.482191+00:00. Mode: arctic_shift+rss
2026-06-11T03:21:31+0000 [INFO] No pending posts for target time 2026-06-09T03. Nothing to do.
