2026-06-11T17:02:09+0000 [INFO] Harvester starting. Target time: 2026-06-09T17:02:09.270192+00:00. Mode: arctic_shift+rss
2026-06-11T17:02:09+0000 [INFO] Found 11 posts to process
2026-06-11T17:02:09+0000 [INFO] Processing post 1u1auzc (Arctic Shift): France is falling for PSG: 73% believe that PSG makes France
2026-06-11T17:02:10+0000 [WARNING]   Could not re-fetch post 1u1auzc from Arctic Shift
2026-06-11T17:02:19+0000 [INFO]   Arctic Shift returned 208 comments
2026-06-11T17:02:19+0000 [INFO] Processing post 1u1ap4d (Arctic Shift): Armenia 1-[1] Moldova - Victor Bogaciuc 90+1'
2026-06-11T17:02:21+0000 [WARNING]   Could not re-fetch post 1u1ap4d from Arctic Shift
2026-06-11T17:02:23+0000 [INFO]   Arctic Shift returned 4 comments
2026-06-11T17:02:23+0000 [INFO] Processing post 1u1a53c (Arctic Shift): Fernando Torres will stay in charge of Atlético's B-team for
2026-06-11T17:02:24+0000 [WARNING]   Could not re-fetch post 1u1a53c from Arctic Shift
2026-06-11T17:02:26+0000 [INFO]   Arctic Shift returned 25 comments
2026-06-11T17:02:26+0000 [INFO] Processing post 1u1axv1 (Arctic Shift): Daily Discussion
2026-06-11T17:02:27+0000 [WARNING]   Could not re-fetch post 1u1axv1 from Arctic Shift
2026-06-11T17:02:46+0000 [INFO]   Arctic Shift returned 1708 comments
2026-06-11T17:02:46+0000 [INFO] Processing post 1u1aj38 (Arctic Shift): There’s a new threat to the World Cup. FIFA might not be rea
2026-06-11T17:02:47+0000 [WARNING]   Could not re-fetch post 1u1aj38 from Arctic Shift
2026-06-11T17:02:49+0000 [INFO]   Arctic Shift returned 56 comments
2026-06-11T17:02:49+0000 [INFO] Processing post 1u1ahlv (Arctic Shift): Latvia 0-1 Faroe Islands - Hanus Sørensen 81' (Baltic Cup, 3
2026-06-11T17:02:50+0000 [WARNING]   Could not re-fetch post 1u1ahlv from Arctic Shift
2026-06-11T17:02:52+0000 [INFO]   Arctic Shift returned 3 comments
2026-06-11T17:02:52+0000 [INFO] Processing post 1u1as2i (Arctic Shift): Atlético believe they have an edge over Barcelona and Real M
2026-06-11T17:02:53+0000 [WARNING]   Could not re-fetch post 1u1as2i from Arctic Shift
2026-06-11T17:02:55+0000 [INFO]   Arctic Shift returned 21 comments
2026-06-11T17:02:55+0000 [INFO] Processing post 1u1am5o (Arctic Shift): Armenia 1-0 Moldova - Artur Serobyan 89'
2026-06-11T17:02:56+0000 [WARNING]   Could not re-fetch post 1u1am5o from Arctic Shift
2026-06-11T17:03:07+0000 [INFO]   Arctic Shift returned 2 comments
2026-06-11T17:03:07+0000 [INFO] Processing post 1u1ato0 (Arctic Shift): Roy Keane: “That’s just the way of the world- it’s all about
2026-06-11T17:03:08+0000 [WARNING]   Could not re-fetch post 1u1ato0 from Arctic Shift
2026-06-11T17:03:10+0000 [INFO]   Arctic Shift returned 9 comments
2026-06-11T17:03:10+0000 [INFO] Processing post 1u1asik (Arctic Shift): Match Thread: Hungary vs Kazakhstan
2026-06-11T17:03:11+0000 [WARNING]   Could not re-fetch post 1u1asik from Arctic Shift
2026-06-11T17:03:13+0000 [INFO]   Arctic Shift returned 12 comments
2026-06-11T17:03:13+0000 [INFO] Processing post 1u1a5o5 (Arctic Shift): I built a free World Cup 2026 bracket predictor
2026-06-11T17:03:14+0000 [WARNING]   Could not re-fetch post 1u1a5o5 from Arctic Shift
2026-06-11T17:03:30+0000 [INFO]   Arctic Shift returned 14 comments
2026-06-11T17:03:30+0000 [INFO] Harvester complete (arctic_shift+rss). 11 posts processed, 0 failed, 2062 total comments collected.
2026-06-11T17:08:09+0000 [INFO] Harvester starting. Target time: 2026-06-09T17:08:09.701571+00:00. Mode: arctic_shift+rss
2026-06-11T17:08:09+0000 [INFO] No pending posts for target time 2026-06-09T17. Nothing to do.
2026-06-11T17:12:07+0000 [INFO] Harvester starting. Target time: 2026-06-09T17:12:07.037180+00:00. Mode: arctic_shift+rss
2026-06-11T17:12:07+0000 [INFO] No pending posts for target time 2026-06-09T17. Nothing to do.
2026-06-11T17:16:54+0000 [INFO] Harvester starting. Target time: 2026-06-09T17:16:54.280560+00:00. Mode: arctic_shift+rss
2026-06-11T17:16:54+0000 [INFO] No pending posts for target time 2026-06-09T17. Nothing to do.
2026-06-11T17:22:02+0000 [INFO] Harvester starting. Target time: 2026-06-09T17:22:02.540117+00:00. Mode: arctic_shift+rss
2026-06-11T17:22:02+0000 [INFO] No pending posts for target time 2026-06-09T17. Nothing to do.
