2026-06-13T16:02:52+0000 [INFO] Harvester starting. Target time: 2026-06-11T16:02:52.524966+00:00. Mode: arctic_shift+rss
2026-06-13T16:02:52+0000 [INFO] Found 22 posts to process
2026-06-13T16:02:52+0000 [INFO] Processing post 1u334ja (Arctic Shift): The South African national rugby team (The Springboks) wishi
2026-06-13T16:02:53+0000 [WARNING]   Could not re-fetch post 1u334ja from Arctic Shift
2026-06-13T16:02:55+0000 [INFO]   Arctic Shift returned 1 comments
2026-06-13T16:02:55+0000 [INFO] Processing post 1u330bn (Arctic Shift): Fan site World Cup 2026 fan site - no login, no ads, just da
2026-06-13T16:02:56+0000 [WARNING]   Could not re-fetch post 1u330bn from Arctic Shift
2026-06-13T16:02:58+0000 [INFO]   Arctic Shift returned 1 comments
2026-06-13T16:02:58+0000 [INFO] Processing post 1u33fwx (Arctic Shift): In honor of today’s kickoff, here are my WC94 afghan and hat
2026-06-13T16:02:58+0000 [WARNING]   Could not re-fetch post 1u33fwx from Arctic Shift
2026-06-13T16:03:01+0000 [INFO]   Arctic Shift returned 5 comments
2026-06-13T16:03:01+0000 [INFO] Processing post 1u33fky (Arctic Shift): Top African referee Omar Artan to officiate 2026 UEFA Super 
2026-06-13T16:03:02+0000 [WARNING]   Could not re-fetch post 1u33fky from Arctic Shift
2026-06-13T16:03:03+0000 [INFO]   Arctic Shift returned 0 comments
2026-06-13T16:03:03+0000 [INFO] Processing post 1u33n9k (Arctic Shift): The wait is over. The FIFA World Cup 2026 is finally kicking
2026-06-13T16:03:04+0000 [WARNING]   Could not re-fetch post 1u33n9k from Arctic Shift
2026-06-13T16:03:06+0000 [INFO]   Arctic Shift returned 31 comments
2026-06-13T16:03:06+0000 [INFO] Processing post 1u33mya (Arctic Shift): Can South Africa Pull Off an Opening Match Upset?
2026-06-13T16:03:07+0000 [WARNING]   Could not re-fetch post 1u33mya from Arctic Shift
2026-06-13T16:03:09+0000 [INFO]   Arctic Shift returned 1 comments
2026-06-13T16:03:09+0000 [INFO] Processing post 1u33nvx (Arctic Shift): Stadium vibes
2026-06-13T16:03:11+0000 [WARNING]   Could not re-fetch post 1u33nvx from Arctic Shift
2026-06-13T16:03:12+0000 [INFO]   Arctic Shift returned 35 comments
2026-06-13T16:03:12+0000 [INFO] Processing post 1u33knk (Arctic Shift): 𝐓𝐇𝐄 𝐖𝐀𝐈𝐓 𝐈𝐒 𝐅𝐈𝐍𝐀𝐋𝐋𝐘 𝐎𝐕𝐄𝐑… 𝐓𝐎𝐃𝐀𝐘, 𝐓𝐇𝐄 𝐖𝐎𝐑𝐋𝐃 𝐂𝐔𝐏 𝐑𝐄𝐓𝐔𝐑𝐍𝐒.
2026-06-13T16:03:13+0000 [WARNING]   Could not re-fetch post 1u33knk from Arctic Shift
2026-06-13T16:03:15+0000 [INFO]   Arctic Shift returned 1 comments
2026-06-13T16:03:15+0000 [INFO] Processing post 1u33wap (Arctic Shift): [Sky Sport] Julien Duranville on the verge of transferring t
2026-06-13T16:03:16+0000 [WARNING]   Could not re-fetch post 1u33wap from Arctic Shift
2026-06-13T16:03:18+0000 [INFO]   Arctic Shift returned 26 comments
2026-06-13T16:03:18+0000 [INFO] Processing post 1u33znk (Arctic Shift): Vancouver Fifa
2026-06-13T16:03:19+0000 [WARNING]   Could not re-fetch post 1u33znk from Arctic Shift
2026-06-13T16:03:21+0000 [INFO]   Arctic Shift returned 1 comments
2026-06-13T16:03:21+0000 [INFO] Processing post 1u33zmi (Arctic Shift): [BBC Sport] Celtic receive suspended stadium sanction for fi
2026-06-13T16:03:22+0000 [WARNING]   Could not re-fetch post 1u33zmi from Arctic Shift
2026-06-13T16:03:24+0000 [INFO]   Arctic Shift returned 71 comments
2026-06-13T16:03:24+0000 [INFO] Processing post 1u341vk (Arctic Shift): Built a World Cup predictions app that creates a permanent t
2026-06-13T16:03:25+0000 [WARNING]   Could not re-fetch post 1u341vk from Arctic Shift
2026-06-13T16:03:27+0000 [INFO]   Arctic Shift returned 1 comments
2026-06-13T16:03:27+0000 [INFO] Processing post 1u341e6 (Arctic Shift): FIFA: Last Week Tonight with John Oliver (Bonus Segments)
2026-06-13T16:03:28+0000 [WARNING]   Could not re-fetch post 1u341e6 from Arctic Shift
2026-06-13T16:03:30+0000 [INFO]   Arctic Shift returned 1 comments
2026-06-13T16:03:30+0000 [INFO] Processing post 1u341mv (Arctic Shift): You can remove one rule from football for the 2026 World Cup
2026-06-13T16:03:31+0000 [WARNING]   Could not re-fetch post 1u341mv from Arctic Shift
2026-06-13T16:03:39+0000 [INFO]   Arctic Shift returned 1 comments
2026-06-13T16:03:39+0000 [INFO] Processing post 1u349q7 (Arctic Shift): [Romano] Real Madrid sent official proposal to Bernardo Silv
2026-06-13T16:03:40+0000 [WARNING]   Could not re-fetch post 1u349q7 from Arctic Shift
2026-06-13T16:03:43+0000 [INFO]   Arctic Shift returned 171 comments
2026-06-13T16:03:43+0000 [INFO] Processing post 1u3476p (Arctic Shift): Why the opening match against England dictates Croatia's ent
2026-06-13T16:03:44+0000 [WARNING]   Could not re-fetch post 1u3476p from Arctic Shift
2026-06-13T16:03:46+0000 [INFO]   Arctic Shift returned 1 comments
2026-06-13T16:03:46+0000 [INFO] Processing post 1u344d7 (Arctic Shift): What are you guys using to watch World Cup games in SPANISH 
2026-06-13T16:03:47+0000 [WARNING]   Could not re-fetch post 1u344d7 from Arctic Shift
2026-06-13T16:03:57+0000 [INFO]   Arctic Shift returned 1 comments
2026-06-13T16:03:57+0000 [INFO] Processing post 1u34926 (Arctic Shift): free 48-team bracket predictor with the new Round of 32 and 
2026-06-13T16:03:57+0000 [WARNING]   Could not re-fetch post 1u34926 from Arctic Shift
2026-06-13T16:03:59+0000 [INFO]   Arctic Shift returned 2 comments
2026-06-13T16:03:59+0000 [INFO] Processing post 1u349v9 (Arctic Shift): Brazil's Luiz Henrique put on blast for his lack of coordina
2026-06-13T16:04:00+0000 [WARNING]   Could not re-fetch post 1u349v9 from Arctic Shift
2026-06-13T16:04:02+0000 [INFO]   Arctic Shift returned 1 comments
2026-06-13T16:04:02+0000 [INFO] Processing post 1u349tw (Arctic Shift): Only one of them can leave with the trophy. Who are you back
2026-06-13T16:04:03+0000 [WARNING]   Could not re-fetch post 1u349tw from Arctic Shift
2026-06-13T16:04:05+0000 [INFO]   Arctic Shift returned 1 comments
2026-06-13T16:04:05+0000 [INFO] Processing post 1u34a9b (Arctic Shift): Brazil's Luiz Henrique showing amazing body coordination in 
2026-06-13T16:04:06+0000 [WARNING]   Could not re-fetch post 1u34a9b from Arctic Shift
2026-06-13T16:04:08+0000 [INFO]   Arctic Shift returned 35 comments
2026-06-13T16:04:08+0000 [INFO] Processing post 1u34du5 (Arctic Shift): [Moretto] AC Milan, appointing the coach. Direct contacts ar
2026-06-13T16:04:09+0000 [WARNING]   Could not re-fetch post 1u34du5 from Arctic Shift
2026-06-13T16:04:12+0000 [INFO]   Arctic Shift returned 52 comments
2026-06-13T16:04:12+0000 [INFO] Harvester complete (arctic_shift+rss). 22 posts processed, 0 failed, 440 total comments collected.
2026-06-13T16:07:37+0000 [INFO] Harvester starting. Target time: 2026-06-11T16:07:37.152426+00:00. Mode: arctic_shift+rss
2026-06-13T16:07:37+0000 [INFO] No pending posts for target time 2026-06-11T16. Nothing to do.
2026-06-13T16:12:46+0000 [INFO] Harvester starting. Target time: 2026-06-11T16:12:46.501063+00:00. Mode: arctic_shift+rss
2026-06-13T16:12:46+0000 [INFO] No pending posts for target time 2026-06-11T16. Nothing to do.
2026-06-13T16:17:49+0000 [INFO] Harvester starting. Target time: 2026-06-11T16:17:49.765521+00:00. Mode: arctic_shift+rss
2026-06-13T16:17:49+0000 [INFO] No pending posts for target time 2026-06-11T16. Nothing to do.
2026-06-13T16:22:44+0000 [INFO] Harvester starting. Target time: 2026-06-11T16:22:44.991170+00:00. Mode: arctic_shift+rss
2026-06-13T16:22:44+0000 [INFO] No pending posts for target time 2026-06-11T16. Nothing to do.
2026-06-13T16:27:47+0000 [INFO] Harvester starting. Target time: 2026-06-11T16:27:47.108672+00:00. Mode: arctic_shift+rss
2026-06-13T16:27:47+0000 [INFO] No pending posts for target time 2026-06-11T16. Nothing to do.
2026-06-13T16:32:57+0000 [INFO] Harvester starting. Target time: 2026-06-11T16:32:57.929931+00:00. Mode: arctic_shift+rss
2026-06-13T16:32:57+0000 [INFO] No pending posts for target time 2026-06-11T16. Nothing to do.
