2026-06-13T02:02:40+0000 [INFO] Harvester starting. Target time: 2026-06-11T02:02:40.361003+00:00. Mode: arctic_shift+rss
2026-06-13T02:02:40+0000 [INFO] Found 6 posts to process
2026-06-13T02:02:40+0000 [INFO] Processing post 1u2lpn1 (Arctic Shift): Wc2026 R32 matching criteria
2026-06-13T02:02:41+0000 [WARNING]   Could not re-fetch post 1u2lpn1 from Arctic Shift
2026-06-13T02:02:43+0000 [INFO]   Arctic Shift returned 1 comments
2026-06-13T02:02:43+0000 [INFO] Processing post 1u2lwg0 (Arctic Shift): [ Removed by Reddit ]
2026-06-13T02:02:44+0000 [WARNING]   Could not re-fetch post 1u2lwg0 from Arctic Shift
2026-06-13T02:02:46+0000 [INFO]   Arctic Shift returned 1 comments
2026-06-13T02:02:46+0000 [INFO] Processing post 1u2m6u6 (Arctic Shift): Came across an Argentina FC in the remotest possible locatio
2026-06-13T02:02:47+0000 [WARNING]   Could not re-fetch post 1u2m6u6 from Arctic Shift
2026-06-13T02:02:49+0000 [INFO]   Arctic Shift returned 1 comments
2026-06-13T02:02:49+0000 [INFO] Processing post 1u2me13 (Arctic Shift): Excited for the start of the 2026 World Cup
2026-06-13T02:02:50+0000 [WARNING]   Could not re-fetch post 1u2me13 from Arctic Shift
2026-06-13T02:02:52+0000 [INFO]   Arctic Shift returned 1 comments
2026-06-13T02:02:52+0000 [INFO] Processing post 1u2miiw (Arctic Shift): I made a bar chart race of most watched sports 1960-2026
2026-06-13T02:02:53+0000 [WARNING]   Could not re-fetch post 1u2miiw from Arctic Shift
2026-06-13T02:02:55+0000 [INFO]   Arctic Shift returned 1 comments
2026-06-13T02:02:55+0000 [INFO] Processing post 1u2mnqr (Arctic Shift): World Cup drama begins even before the kickoff....
2026-06-13T02:02:56+0000 [WARNING]   Could not re-fetch post 1u2mnqr from Arctic Shift
2026-06-13T02:02:57+0000 [INFO]   Arctic Shift returned 0 comments
2026-06-13T02:02:57+0000 [INFO] Harvester complete (arctic_shift+rss). 6 posts processed, 0 failed, 5 total comments collected.
2026-06-13T02:07:21+0000 [INFO] Harvester starting. Target time: 2026-06-11T02:07:21.438459+00:00. Mode: arctic_shift+rss
2026-06-13T02:07:21+0000 [INFO] No pending posts for target time 2026-06-11T02. Nothing to do.
2026-06-13T02:12:10+0000 [INFO] Harvester starting. Target time: 2026-06-11T02:12:10.500123+00:00. Mode: arctic_shift+rss
2026-06-13T02:12:10+0000 [INFO] No pending posts for target time 2026-06-11T02. Nothing to do.
2026-06-13T02:17:09+0000 [INFO] Harvester starting. Target time: 2026-06-11T02:17:09.505677+00:00. Mode: arctic_shift+rss
2026-06-13T02:17:09+0000 [INFO] No pending posts for target time 2026-06-11T02. Nothing to do.
2026-06-13T02:22:52+0000 [INFO] Harvester starting. Target time: 2026-06-11T02:22:52.402588+00:00. Mode: arctic_shift+rss
2026-06-13T02:22:52+0000 [INFO] No pending posts for target time 2026-06-11T02. Nothing to do.
2026-06-13T02:27:14+0000 [INFO] Harvester starting. Target time: 2026-06-11T02:27:14.205593+00:00. Mode: arctic_shift+rss
2026-06-13T02:27:14+0000 [INFO] No pending posts for target time 2026-06-11T02. Nothing to do.
2026-06-13T02:32:08+0000 [INFO] Harvester starting. Target time: 2026-06-11T02:32:08.409646+00:00. Mode: arctic_shift+rss
2026-06-13T02:32:08+0000 [INFO] No pending posts for target time 2026-06-11T02. Nothing to do.
2026-06-13T02:37:06+0000 [INFO] Harvester starting. Target time: 2026-06-11T02:37:06.825409+00:00. Mode: arctic_shift+rss
2026-06-13T02:37:06+0000 [INFO] No pending posts for target time 2026-06-11T02. Nothing to do.
2026-06-13T02:42:14+0000 [INFO] Harvester starting. Target time: 2026-06-11T02:42:14.242121+00:00. Mode: arctic_shift+rss
2026-06-13T02:42:14+0000 [INFO] No pending posts for target time 2026-06-11T02. Nothing to do.
