2026-06-11T19:02:15+0000 [INFO] Harvester starting. Target time: 2026-06-09T19:02:15.987157+00:00. Mode: arctic_shift+rss
2026-06-11T19:02:15+0000 [INFO] Found 16 posts to process
2026-06-11T19:02:16+0000 [INFO] Processing post 1u1es7a (Arctic Shift): Northern Ireland [1] - 2 Switzerland - Emily Cassap (85')
2026-06-11T19:02:16+0000 [WARNING]   Could not re-fetch post 1u1es7a from Arctic Shift
2026-06-11T19:02:19+0000 [INFO]   Arctic Shift returned 13 comments
2026-06-11T19:02:19+0000 [INFO] Processing post 1u1d9zf (Arctic Shift): Atleti responds to Madrid: “You make us laugh more than Barç
2026-06-11T19:02:20+0000 [WARNING]   Could not re-fetch post 1u1d9zf from Arctic Shift
2026-06-11T19:02:34+0000 [INFO]   Arctic Shift returned 471 comments
2026-06-11T19:02:34+0000 [INFO] Processing post 1u1cp7v (Arctic Shift): Workers at Los Angeles stadium hosting World Cup matches rea
2026-06-11T19:02:35+0000 [WARNING]   Could not re-fetch post 1u1cp7v from Arctic Shift
2026-06-11T19:02:37+0000 [INFO]   Arctic Shift returned 12 comments
2026-06-11T19:02:37+0000 [INFO] Processing post 1u1dhes (Arctic Shift): Hungary 1-1 Kazakhstan - Maksim Samorodov second yellow card
2026-06-11T19:02:38+0000 [WARNING]   Could not re-fetch post 1u1dhes from Arctic Shift
2026-06-11T19:02:40+0000 [INFO]   Arctic Shift returned 13 comments
2026-06-11T19:02:40+0000 [INFO] Processing post 1u1e7gj (Arctic Shift): A Camera Just Fell Onto the Pitch During Hungary–Kazakhstan
2026-06-11T19:02:41+0000 [WARNING]   Could not re-fetch post 1u1e7gj from Arctic Shift
2026-06-11T19:02:46+0000 [INFO]   Arctic Shift returned 332 comments
2026-06-11T19:02:46+0000 [INFO] Processing post 1u1czvi (Arctic Shift): [Official] Silas Andersen joins Sporting CP
2026-06-11T19:02:48+0000 [WARNING]   Could not re-fetch post 1u1czvi from Arctic Shift
2026-06-11T19:02:51+0000 [INFO]   Arctic Shift returned 24 comments
2026-06-11T19:02:51+0000 [INFO] Processing post 1u1e93e (Arctic Shift): Hungary [3]-1 Kazakhstan - Rajmund Tóth 90+2'
2026-06-11T19:02:52+0000 [WARNING]   Could not re-fetch post 1u1e93e from Arctic Shift
2026-06-11T19:02:55+0000 [INFO]   Arctic Shift returned 3 comments
2026-06-11T19:02:55+0000 [INFO] Processing post 1u1dk3q (Arctic Shift): Hungary [2]-1 Kazakhstan - András Schäfer great goal 67'
2026-06-11T19:02:56+0000 [WARNING]   Could not re-fetch post 1u1dk3q from Arctic Shift
2026-06-11T19:03:00+0000 [INFO]   Arctic Shift returned 58 comments
2026-06-11T19:03:00+0000 [INFO] Processing post 1u1eyl4 (Arctic Shift): 'Counterproductive and wrong for World Cup 2026' - Hillary C
2026-06-11T19:03:01+0000 [WARNING]   Could not re-fetch post 1u1eyl4 from Arctic Shift
2026-06-11T19:03:06+0000 [INFO]   Arctic Shift returned 96 comments
2026-06-11T19:03:06+0000 [INFO] Processing post 1u1eokv (Arctic Shift): Azerbaijan [2]-1 San Marino - Renat Dadashov 49'
2026-06-11T19:03:07+0000 [WARNING]   Could not re-fetch post 1u1eokv from Arctic Shift
2026-06-11T19:03:08+0000 [INFO]   Arctic Shift returned 5 comments
2026-06-11T19:03:08+0000 [INFO] Processing post 1u1cp8c (Arctic Shift): Belarus 2-0 Burkina Faso - Karen Vardanyan 67'
2026-06-11T19:03:09+0000 [WARNING]   Could not re-fetch post 1u1cp8c from Arctic Shift
2026-06-11T19:03:12+0000 [INFO]   Arctic Shift returned 2 comments
2026-06-11T19:03:12+0000 [INFO] Processing post 1u1cw64 (Arctic Shift): Belarus 2-[1] Burkina Faso - Elohim Kaboré 72'
2026-06-11T19:03:12+0000 [WARNING]   Could not re-fetch post 1u1cw64 from Arctic Shift
2026-06-11T19:03:14+0000 [INFO]   Arctic Shift returned 1 comments
2026-06-11T19:03:14+0000 [INFO] Processing post 1u1d3vz (Arctic Shift): Hungary [1]-1 Kazakhstan - Dominik Szoboszlai 52'
2026-06-11T19:03:15+0000 [WARNING]   Could not re-fetch post 1u1d3vz from Arctic Shift
2026-06-11T19:03:18+0000 [INFO]   Arctic Shift returned 18 comments
2026-06-11T19:03:18+0000 [INFO] Processing post 1u1d94u (Arctic Shift): Belarus 2-[2] Burkina Faso - Abdoul Tapsoba 85'
2026-06-11T19:03:19+0000 [WARNING]   Could not re-fetch post 1u1d94u from Arctic Shift
2026-06-11T19:03:20+0000 [INFO]   Arctic Shift returned 3 comments
2026-06-11T19:03:20+0000 [INFO] Processing post 1u1diti (Arctic Shift): Azerbaijan [1]-1 San Marino - Rahman Dashdamirov 27'
2026-06-11T19:03:21+0000 [WARNING]   Could not re-fetch post 1u1diti from Arctic Shift
2026-06-11T19:03:24+0000 [INFO]   Arctic Shift returned 5 comments
2026-06-11T19:03:24+0000 [INFO] Processing post 1u1cy2y (Arctic Shift): Azerbaijan 0-1 San Marino - Nicola Nanni 9'
2026-06-11T19:03:24+0000 [WARNING]   Could not re-fetch post 1u1cy2y from Arctic Shift
2026-06-11T19:03:27+0000 [INFO]   Arctic Shift returned 48 comments
2026-06-11T19:03:27+0000 [INFO] Harvester complete (arctic_shift+rss). 16 posts processed, 0 failed, 1104 total comments collected.
2026-06-11T19:08:02+0000 [INFO] Harvester starting. Target time: 2026-06-09T19:08:02.943504+00:00. Mode: arctic_shift+rss
2026-06-11T19:08:02+0000 [INFO] No pending posts for target time 2026-06-09T19. Nothing to do.
2026-06-11T19:11:40+0000 [INFO] Harvester starting. Target time: 2026-06-09T19:11:40.028535+00:00. Mode: arctic_shift+rss
2026-06-11T19:11:40+0000 [INFO] No pending posts for target time 2026-06-09T19. Nothing to do.
2026-06-11T19:16:49+0000 [INFO] Harvester starting. Target time: 2026-06-09T19:16:49.233683+00:00. Mode: arctic_shift+rss
2026-06-11T19:16:49+0000 [INFO] No pending posts for target time 2026-06-09T19. Nothing to do.
2026-06-11T19:21:49+0000 [INFO] Harvester starting. Target time: 2026-06-09T19:21:49.172519+00:00. Mode: arctic_shift+rss
2026-06-11T19:21:49+0000 [INFO] No pending posts for target time 2026-06-09T19. Nothing to do.
2026-06-11T19:26:45+0000 [INFO] Harvester starting. Target time: 2026-06-09T19:26:45.261009+00:00. Mode: arctic_shift+rss
2026-06-11T19:26:45+0000 [INFO] No pending posts for target time 2026-06-09T19. Nothing to do.
2026-06-11T19:32:12+0000 [INFO] Harvester starting. Target time: 2026-06-09T19:32:12.920189+00:00. Mode: arctic_shift+rss
2026-06-11T19:32:12+0000 [INFO] No pending posts for target time 2026-06-09T19. Nothing to do.
2026-06-11T19:36:45+0000 [INFO] Harvester starting. Target time: 2026-06-09T19:36:45.555950+00:00. Mode: arctic_shift+rss
2026-06-11T19:36:45+0000 [INFO] No pending posts for target time 2026-06-09T19. Nothing to do.
