2026-06-12T08:02:47+0000 [INFO] Harvester starting. Target time: 2026-06-10T08:02:47.777226+00:00. Mode: arctic_shift+rss
2026-06-12T08:02:47+0000 [INFO] Found 12 posts to process
2026-06-12T08:02:47+0000 [INFO] Processing post 1u1vo1u (Arctic Shift): How they got here -- Highlights from all 48 teams participat
2026-06-12T08:02:48+0000 [WARNING]   Could not re-fetch post 1u1vo1u from Arctic Shift
2026-06-12T08:02:50+0000 [INFO]   Arctic Shift returned 5 comments
2026-06-12T08:02:50+0000 [INFO] Processing post 1u1v0mv (Arctic Shift): Roy Keane: "Bruno Fernandes reached out to me. He wanted a c
2026-06-12T08:02:52+0000 [WARNING]   Could not re-fetch post 1u1v0mv from Arctic Shift
2026-06-12T08:02:54+0000 [INFO]   Arctic Shift returned 80 comments
2026-06-12T08:02:54+0000 [INFO] Processing post 1u1vr74 (Arctic Shift): /r/soccer "This Is Your Life" (in World Cups)
2026-06-12T08:02:55+0000 [WARNING]   Could not re-fetch post 1u1vr74 from Arctic Shift
2026-06-12T08:02:57+0000 [INFO]   Arctic Shift returned 69 comments
2026-06-12T08:02:57+0000 [INFO] Processing post 1u1v4oq (Arctic Shift): World Cup Squads - Ranked by CIES According to Estimated Tra
2026-06-12T08:02:58+0000 [WARNING]   Could not re-fetch post 1u1v4oq from Arctic Shift
2026-06-12T08:03:02+0000 [INFO]   Arctic Shift returned 102 comments
2026-06-12T08:03:02+0000 [INFO] Processing post 1u1wj9n (Arctic Shift): Real Madrid and adidas extend the most successful partnershi
2026-06-12T08:03:04+0000 [WARNING]   Could not re-fetch post 1u1wj9n from Arctic Shift
2026-06-12T08:03:05+0000 [INFO]   Arctic Shift returned 28 comments
2026-06-12T08:03:05+0000 [INFO] Processing post 1u1w662 (Arctic Shift): [World Cup 2026 Preview] South Africa: Bafana Bafana Return 
2026-06-12T08:03:06+0000 [WARNING]   Could not re-fetch post 1u1w662 from Arctic Shift
2026-06-12T08:03:08+0000 [INFO]   Arctic Shift returned 12 comments
2026-06-12T08:03:08+0000 [INFO] Processing post 1u1v4zd (Arctic Shift): Vini Jr. has decided to see out the rest of his contract and
2026-06-12T08:03:09+0000 [WARNING]   Could not re-fetch post 1u1v4zd from Arctic Shift
2026-06-12T08:03:16+0000 [INFO]   Arctic Shift returned 537 comments
2026-06-12T08:03:16+0000 [INFO] Processing post 1u1wddo (Arctic Shift): [World Cup 2026 Preview] Czechia: Physical, Awkward, and Bac
2026-06-12T08:03:17+0000 [WARNING]   Could not re-fetch post 1u1wddo from Arctic Shift
2026-06-12T08:03:19+0000 [INFO]   Arctic Shift returned 13 comments
2026-06-12T08:03:19+0000 [INFO] Processing post 1u1uyau (Arctic Shift): [Somalia Stars] Referee Omar Artan is welcomed back in Mogad
2026-06-12T08:03:20+0000 [WARNING]   Could not re-fetch post 1u1uyau from Arctic Shift
2026-06-12T08:03:24+0000 [INFO]   Arctic Shift returned 202 comments
2026-06-12T08:03:24+0000 [INFO] Processing post 1u1wl63 (Arctic Shift): [World Cup 2026 Preview] South Korea: Tactical Turmoil, Toxi
2026-06-12T08:03:25+0000 [WARNING]   Could not re-fetch post 1u1wl63 from Arctic Shift
2026-06-12T08:03:27+0000 [INFO]   Arctic Shift returned 25 comments
2026-06-12T08:03:27+0000 [INFO] Processing post 1u1w3gc (Arctic Shift): [World Cup 2026 Preview] Mexico: The Hosts, The Altitude, an
2026-06-12T08:03:30+0000 [WARNING]   Could not re-fetch post 1u1w3gc from Arctic Shift
2026-06-12T08:03:32+0000 [INFO]   Arctic Shift returned 33 comments
2026-06-12T08:03:32+0000 [INFO] Processing post 1u1vbdi (Arctic Shift): The Guardian's David Squires on the 2026 World Cup (second p
2026-06-12T08:03:39+0000 [WARNING]   Could not re-fetch post 1u1vbdi from Arctic Shift
2026-06-12T08:03:41+0000 [INFO]   Arctic Shift returned 52 comments
2026-06-12T08:03:41+0000 [INFO] Harvester complete (arctic_shift+rss). 12 posts processed, 0 failed, 1158 total comments collected.
2026-06-12T08:07:51+0000 [INFO] Harvester starting. Target time: 2026-06-10T08:07:51.222408+00:00. Mode: arctic_shift+rss
2026-06-12T08:07:51+0000 [INFO] No pending posts for target time 2026-06-10T08. Nothing to do.
2026-06-12T08:12:55+0000 [INFO] Harvester starting. Target time: 2026-06-10T08:12:55.444895+00:00. Mode: arctic_shift+rss
2026-06-12T08:12:55+0000 [INFO] No pending posts for target time 2026-06-10T08. Nothing to do.
