2026-06-11T12:01:48+0000 [INFO] Harvester starting. Target time: 2026-06-09T12:01:48.799730+00:00. Mode: arctic_shift+rss
2026-06-11T12:01:48+0000 [INFO] Found 10 posts to process
2026-06-11T12:01:48+0000 [INFO] Processing post 1u1301l (Arctic Shift): [Washington Post] How the World Cup became a front line for 
2026-06-11T12:01:49+0000 [WARNING]   Could not re-fetch post 1u1301l from Arctic Shift
2026-06-11T12:01:51+0000 [INFO]   Arctic Shift returned 12 comments
2026-06-11T12:01:51+0000 [INFO] Processing post 1u12ovf (Arctic Shift): [Alex Crook] Bournemouth value sought-after midfielder Alex 
2026-06-11T12:01:52+0000 [WARNING]   Could not re-fetch post 1u12ovf from Arctic Shift
2026-06-11T12:01:56+0000 [INFO]   Arctic Shift returned 101 comments
2026-06-11T12:01:56+0000 [INFO] Processing post 1u12ya1 (Arctic Shift): Michel Platini: Former Uefa president begins legal proceedin
2026-06-11T12:01:57+0000 [WARNING]   Could not re-fetch post 1u12ya1 from Arctic Shift
2026-06-11T12:01:59+0000 [INFO]   Arctic Shift returned 13 comments
2026-06-11T12:01:59+0000 [INFO] Processing post 1u12bcd (Arctic Shift): Interactive map of 2026 World Cup players' birthplaces
2026-06-11T12:02:00+0000 [WARNING]   Could not re-fetch post 1u12bcd from Arctic Shift
2026-06-11T12:02:01+0000 [INFO]   Arctic Shift returned 31 comments
2026-06-11T12:02:01+0000 [INFO] Processing post 1u133cu (Arctic Shift): [The Athletic] In their search for a new left winger, Arsena
2026-06-11T12:02:03+0000 [WARNING]   Could not re-fetch post 1u133cu from Arctic Shift
2026-06-11T12:02:05+0000 [INFO]   Arctic Shift returned 53 comments
2026-06-11T12:02:05+0000 [INFO] Processing post 1u1285h (Arctic Shift): [Jörg Weller] Real Madrid is one of the few clubs with direc
2026-06-11T12:02:06+0000 [WARNING]   Could not re-fetch post 1u1285h from Arctic Shift
2026-06-11T12:02:08+0000 [INFO]   Arctic Shift returned 82 comments
2026-06-11T12:02:08+0000 [INFO] Processing post 1u12unm (Arctic Shift): [A Bola] SC Braga is targeting Lucas Stassin
2026-06-11T12:02:09+0000 [WARNING]   Could not re-fetch post 1u12unm from Arctic Shift
2026-06-11T12:02:10+0000 [INFO]   Arctic Shift returned 1 comments
2026-06-11T12:02:10+0000 [INFO] Processing post 1u12yo9 (Arctic Shift): Real Madrid and Fly Emirates have reached a historical agree
2026-06-11T12:02:12+0000 [WARNING]   Could not re-fetch post 1u12yo9 from Arctic Shift
2026-06-11T12:02:15+0000 [INFO]   Arctic Shift returned 131 comments
2026-06-11T12:02:15+0000 [INFO] Processing post 1u12pxz (Arctic Shift): Match Thread: China vs Thailand
2026-06-11T12:02:16+0000 [WARNING]   Could not re-fetch post 1u12pxz from Arctic Shift
2026-06-11T12:02:18+0000 [INFO]   Arctic Shift returned 3 comments
2026-06-11T12:02:18+0000 [INFO] Processing post 1u12ksl (Arctic Shift): [Marca] Bordalás is close to renewing his contract with Geta
2026-06-11T12:02:19+0000 [WARNING]   Could not re-fetch post 1u12ksl from Arctic Shift
2026-06-11T12:02:24+0000 [INFO]   Arctic Shift returned 97 comments
2026-06-11T12:02:24+0000 [INFO] Harvester complete (arctic_shift+rss). 10 posts processed, 0 failed, 524 total comments collected.
2026-06-11T12:06:38+0000 [INFO] Harvester starting. Target time: 2026-06-09T12:06:38.412371+00:00. Mode: arctic_shift+rss
2026-06-11T12:06:38+0000 [INFO] No pending posts for target time 2026-06-09T12. Nothing to do.
2026-06-11T12:11:39+0000 [INFO] Harvester starting. Target time: 2026-06-09T12:11:39.778667+00:00. Mode: arctic_shift+rss
2026-06-11T12:11:39+0000 [INFO] No pending posts for target time 2026-06-09T12. Nothing to do.
2026-06-11T12:16:45+0000 [INFO] Harvester starting. Target time: 2026-06-09T12:16:45.191738+00:00. Mode: arctic_shift+rss
2026-06-11T12:16:45+0000 [INFO] No pending posts for target time 2026-06-09T12. Nothing to do.
2026-06-11T12:21:41+0000 [INFO] Harvester starting. Target time: 2026-06-09T12:21:41.680797+00:00. Mode: arctic_shift+rss
2026-06-11T12:21:41+0000 [INFO] No pending posts for target time 2026-06-09T12. Nothing to do.
2026-06-11T12:26:36+0000 [INFO] Harvester starting. Target time: 2026-06-09T12:26:36.939010+00:00. Mode: arctic_shift+rss
2026-06-11T12:26:36+0000 [INFO] No pending posts for target time 2026-06-09T12. Nothing to do.
2026-06-11T12:31:50+0000 [INFO] Harvester starting. Target time: 2026-06-09T12:31:50.859226+00:00. Mode: arctic_shift+rss
2026-06-11T12:31:50+0000 [INFO] No pending posts for target time 2026-06-09T12. Nothing to do.
2026-06-11T12:36:40+0000 [INFO] Harvester starting. Target time: 2026-06-09T12:36:40.457805+00:00. Mode: arctic_shift+rss
2026-06-11T12:36:40+0000 [INFO] No pending posts for target time 2026-06-09T12. Nothing to do.
2026-06-11T12:41:44+0000 [INFO] Harvester starting. Target time: 2026-06-09T12:41:44.729252+00:00. Mode: arctic_shift+rss
2026-06-11T12:41:44+0000 [INFO] No pending posts for target time 2026-06-09T12. Nothing to do.
2026-06-11T12:46:40+0000 [INFO] Harvester starting. Target time: 2026-06-09T12:46:40.552291+00:00. Mode: arctic_shift+rss
2026-06-11T12:46:40+0000 [INFO] No pending posts for target time 2026-06-09T12. Nothing to do.
2026-06-11T12:51:41+0000 [INFO] Harvester starting. Target time: 2026-06-09T12:51:41.196801+00:00. Mode: arctic_shift+rss
2026-06-11T12:51:41+0000 [INFO] No pending posts for target time 2026-06-09T12. Nothing to do.
