2026-06-13T03:02:20+0000 [INFO] Harvester starting. Target time: 2026-06-11T03:02:20.438712+00:00. Mode: arctic_shift+rss
2026-06-13T03:02:20+0000 [INFO] Found 9 posts to process
2026-06-13T03:02:20+0000 [INFO] Processing post 1u2nc6i (Arctic Shift): My Crazy predictions for the 2026 World Cup
2026-06-13T03:02:21+0000 [WARNING]   Could not re-fetch post 1u2nc6i from Arctic Shift
2026-06-13T03:02:23+0000 [INFO]   Arctic Shift returned 1 comments
2026-06-13T03:02:23+0000 [INFO] Processing post 1u2nict (Arctic Shift): Why does America call it "soccer"? The answer will genuinely
2026-06-13T03:02:24+0000 [WARNING]   Could not re-fetch post 1u2nict from Arctic Shift
2026-06-13T03:02:26+0000 [INFO]   Arctic Shift returned 2 comments
2026-06-13T03:02:26+0000 [INFO] Processing post 1u2nk6f (Arctic Shift): Who are the best teams that didn’t qualify for the World Cup
2026-06-13T03:02:27+0000 [WARNING]   Could not re-fetch post 1u2nk6f from Arctic Shift
2026-06-13T03:02:30+0000 [INFO]   Arctic Shift returned 1 comments
2026-06-13T03:02:30+0000 [INFO] Processing post 1u2nr76 (Arctic Shift): Man City and Chelsea remain in talks over Maresca
2026-06-13T03:02:30+0000 [WARNING]   Could not re-fetch post 1u2nr76 from Arctic Shift
2026-06-13T03:02:32+0000 [INFO]   Arctic Shift returned 1 comments
2026-06-13T03:02:32+0000 [INFO] Processing post 1u2nqs0 (Arctic Shift): FIFA's Infantino: People should 'chill' over World Cup visa 
2026-06-13T03:02:33+0000 [WARNING]   Could not re-fetch post 1u2nqs0 from Arctic Shift
2026-06-13T03:02:36+0000 [INFO]   Arctic Shift returned 192 comments
2026-06-13T03:02:36+0000 [INFO] Processing post 1u2nvvp (Arctic Shift): Freeform rambling , Misdirection and no regrets. Gianni Infa
2026-06-13T03:02:38+0000 [WARNING]   Could not re-fetch post 1u2nvvp from Arctic Shift
2026-06-13T03:02:39+0000 [INFO]   Arctic Shift returned 9 comments
2026-06-13T03:02:39+0000 [INFO] Processing post 1u2nwgr (Arctic Shift): Germany team offering to pay for fans World Cup travel for N
2026-06-13T03:02:40+0000 [WARNING]   Could not re-fetch post 1u2nwgr from Arctic Shift
2026-06-13T03:02:42+0000 [INFO]   Arctic Shift returned 66 comments
2026-06-13T03:02:42+0000 [INFO] Processing post 1u2nybb (Arctic Shift): The Top 5 Dribblers of all time, in my opinion:
2026-06-13T03:02:44+0000 [WARNING]   Could not re-fetch post 1u2nybb from Arctic Shift
2026-06-13T03:02:46+0000 [INFO]   Arctic Shift returned 1 comments
2026-06-13T03:02:46+0000 [INFO] Processing post 1u2o0nq (Arctic Shift): World Cup Kids Quiz!
2026-06-13T03:02:47+0000 [WARNING]   Could not re-fetch post 1u2o0nq from Arctic Shift
2026-06-13T03:02:48+0000 [INFO]   Arctic Shift returned 1 comments
2026-06-13T03:02:48+0000 [INFO] Harvester complete (arctic_shift+rss). 9 posts processed, 0 failed, 274 total comments collected.
2026-06-13T03:07:23+0000 [INFO] Harvester starting. Target time: 2026-06-11T03:07:23.171377+00:00. Mode: arctic_shift+rss
2026-06-13T03:07:23+0000 [INFO] No pending posts for target time 2026-06-11T03. Nothing to do.
2026-06-13T03:12:11+0000 [INFO] Harvester starting. Target time: 2026-06-11T03:12:11.161410+00:00. Mode: arctic_shift+rss
2026-06-13T03:12:11+0000 [INFO] No pending posts for target time 2026-06-11T03. Nothing to do.
