2026-06-13T14:02:50+0000 [INFO] Harvester starting. Target time: 2026-06-11T14:02:50.089158+00:00. Mode: arctic_shift+rss
2026-06-13T14:02:50+0000 [INFO] Found 32 posts to process
2026-06-13T14:02:50+0000 [INFO] Processing post 1u2zt62 (Arctic Shift): Somali referee Omar Artan will officiate 2026 Super Cup betw
2026-06-13T14:02:50+0000 [WARNING]   Could not re-fetch post 1u2zt62 from Arctic Shift
2026-06-13T14:02:52+0000 [INFO]   Arctic Shift returned 18 comments
2026-06-13T14:02:52+0000 [INFO] Processing post 1u2zs9u (Arctic Shift): zee5 world cup pack device sharing
2026-06-13T14:02:53+0000 [WARNING]   Could not re-fetch post 1u2zs9u from Arctic Shift
2026-06-13T14:02:55+0000 [INFO]   Arctic Shift returned 2 comments
2026-06-13T14:02:55+0000 [INFO] Processing post 1u2zt5o (Arctic Shift): World Cup Pre-Match Shows
2026-06-13T14:02:56+0000 [WARNING]   Could not re-fetch post 1u2zt5o from Arctic Shift
2026-06-13T14:02:58+0000 [INFO]   Arctic Shift returned 1 comments
2026-06-13T14:02:58+0000 [INFO] Processing post 1u301wx (Arctic Shift): Kieran Trippier among Wolves players left angry and dismayed
2026-06-13T14:02:59+0000 [WARNING]   Could not re-fetch post 1u301wx from Arctic Shift
2026-06-13T14:03:02+0000 [INFO]   Arctic Shift returned 118 comments
2026-06-13T14:03:02+0000 [INFO] Processing post 1u305sb (Arctic Shift): Petr Cech is on his way to becoming a Rock Star.
2026-06-13T14:03:03+0000 [WARNING]   Could not re-fetch post 1u305sb from Arctic Shift
2026-06-13T14:03:05+0000 [INFO]   Arctic Shift returned 6 comments
2026-06-13T14:03:05+0000 [INFO] Processing post 1u306qq (Arctic Shift): Well, thats is the country that FIFA decided to host the Wor
2026-06-13T14:03:06+0000 [WARNING]   Could not re-fetch post 1u306qq from Arctic Shift
2026-06-13T14:03:08+0000 [INFO]   Arctic Shift returned 1 comments
2026-06-13T14:03:08+0000 [INFO] Processing post 1u306lu (Arctic Shift): Arsenal 2-3 Man Utd voted best premier league match of 2025/
2026-06-13T14:03:09+0000 [WARNING]   Could not re-fetch post 1u306lu from Arctic Shift
2026-06-13T14:03:12+0000 [INFO]   Arctic Shift returned 1 comments
2026-06-13T14:03:12+0000 [INFO] Processing post 1u30ifa (Arctic Shift): Following the Wasted Money at WC 2026 [Pablo Torre Finds Out
2026-06-13T14:03:12+0000 [WARNING]   Could not re-fetch post 1u30ifa from Arctic Shift
2026-06-13T14:03:14+0000 [INFO]   Arctic Shift returned 10 comments
2026-06-13T14:03:14+0000 [INFO] Processing post 1u30ni4 (Arctic Shift): Check out Live Football Highlights - Never miss a goal!
2026-06-13T14:03:15+0000 [WARNING]   Could not re-fetch post 1u30ni4 from Arctic Shift
2026-06-13T14:03:17+0000 [INFO]   Arctic Shift returned 1 comments
2026-06-13T14:03:17+0000 [INFO] Processing post 1u30m4f (Arctic Shift): Happy Gary Lineker Shitting Himself Day! 35 years ago, GL le
2026-06-13T14:03:18+0000 [WARNING]   Could not re-fetch post 1u30m4f from Arctic Shift
2026-06-13T14:03:21+0000 [INFO]   Arctic Shift returned 1 comments
2026-06-13T14:03:21+0000 [INFO] Processing post 1u30nrz (Arctic Shift): Red Bull 100 Balls Challenge ft Neymar, Endrick, Szoboszlai 
2026-06-13T14:03:21+0000 [WARNING]   Could not re-fetch post 1u30nrz from Arctic Shift
2026-06-13T14:03:23+0000 [INFO]   Arctic Shift returned 1 comments
2026-06-13T14:03:23+0000 [INFO] Processing post 1u30n3l (Arctic Shift): Happy Gary Lineker Shitting Himself Day! 36 years ago, GL le
2026-06-13T14:03:24+0000 [WARNING]   Could not re-fetch post 1u30n3l from Arctic Shift
2026-06-13T14:03:26+0000 [INFO]   Arctic Shift returned 2 comments
2026-06-13T14:03:26+0000 [INFO] Processing post 1u30mv7 (Arctic Shift): [Gradient Sports] Ousmane Dembélé was the most two-footed pl
2026-06-13T14:03:27+0000 [WARNING]   Could not re-fetch post 1u30mv7 from Arctic Shift
2026-06-13T14:03:30+0000 [INFO]   Arctic Shift returned 145 comments
2026-06-13T14:03:30+0000 [INFO] Processing post 1u30y9c (Arctic Shift): Como is already working on repeating ‘Operation Nico Paz’: C
2026-06-13T14:03:31+0000 [WARNING]   Could not re-fetch post 1u30y9c from Arctic Shift
2026-06-13T14:03:33+0000 [INFO]   Arctic Shift returned 34 comments
2026-06-13T14:03:33+0000 [INFO] Processing post 1u30v2v (Arctic Shift): Somali referee barred from World Cup appointed by UEFA to of
2026-06-13T14:03:34+0000 [WARNING]   Could not re-fetch post 1u30v2v from Arctic Shift
2026-06-13T14:03:36+0000 [INFO]   Arctic Shift returned 17 comments
2026-06-13T14:03:36+0000 [INFO] Processing post 1u30v6p (Arctic Shift): The art of yelling 'goooaaalll': Mexico City residents and v
2026-06-13T14:03:37+0000 [WARNING]   Could not re-fetch post 1u30v6p from Arctic Shift
2026-06-13T14:03:39+0000 [INFO]   Arctic Shift returned 1 comments
2026-06-13T14:03:39+0000 [INFO] Processing post 1u30ua6 (Arctic Shift): Iran's Alireza Jahanbakhsh tells ESPN how his national team 
2026-06-13T14:03:40+0000 [WARNING]   Could not re-fetch post 1u30ua6 from Arctic Shift
2026-06-13T14:03:43+0000 [INFO]   Arctic Shift returned 106 comments
2026-06-13T14:03:43+0000 [INFO] Processing post 1u30wua (Arctic Shift): Real Oviedo has reached an agreement to hire Julián Calero a
2026-06-13T14:03:44+0000 [WARNING]   Could not re-fetch post 1u30wua from Arctic Shift
2026-06-13T14:03:46+0000 [INFO]   Arctic Shift returned 2 comments
2026-06-13T14:03:46+0000 [INFO] Processing post 1u30yb0 (Arctic Shift): [BBC] Man City second offer worth £120m for Anderson rejecte
2026-06-13T14:03:47+0000 [WARNING]   Could not re-fetch post 1u30yb0 from Arctic Shift
2026-06-13T14:03:49+0000 [INFO]   Arctic Shift returned 60 comments
2026-06-13T14:03:49+0000 [INFO] Processing post 1u30xml (Arctic Shift): Man City second offer worth £120m for Anderson rejected
2026-06-13T14:03:50+0000 [WARNING]   Could not re-fetch post 1u30xml from Arctic Shift
2026-06-13T14:03:52+0000 [INFO]   Arctic Shift returned 1 comments
2026-06-13T14:03:52+0000 [INFO] Processing post 1u30vz0 (Arctic Shift): Das Line-up zur Weltmeisterschaft 2026: Warum Fußballer die 
2026-06-13T14:03:53+0000 [WARNING]   Could not re-fetch post 1u30vz0 from Arctic Shift
2026-06-13T14:03:55+0000 [INFO]   Arctic Shift returned 1 comments
2026-06-13T14:03:55+0000 [INFO] Processing post 1u312ie (Arctic Shift): Why can't China win at football? The answer lies in the Chin
2026-06-13T14:03:56+0000 [WARNING]   Could not re-fetch post 1u312ie from Arctic Shift
2026-06-13T14:03:58+0000 [INFO]   Arctic Shift returned 1 comments
2026-06-13T14:03:58+0000 [INFO] Processing post 1u313rd (Arctic Shift): Best app for following the world cup?
2026-06-13T14:03:59+0000 [WARNING]   Could not re-fetch post 1u313rd from Arctic Shift
2026-06-13T14:04:01+0000 [INFO]   Arctic Shift returned 1 comments
2026-06-13T14:04:01+0000 [INFO] Processing post 1u314de (Arctic Shift): Our very own sports blog
2026-06-13T14:04:02+0000 [WARNING]   Could not re-fetch post 1u314de from Arctic Shift
2026-06-13T14:04:04+0000 [INFO]   Arctic Shift returned 1 comments
2026-06-13T14:04:04+0000 [INFO] Processing post 1u3185c (Arctic Shift): Online World Cup Quiz Game
2026-06-13T14:04:05+0000 [WARNING]   Could not re-fetch post 1u3185c from Arctic Shift
2026-06-13T14:04:07+0000 [INFO]   Arctic Shift returned 2 comments
2026-06-13T14:04:07+0000 [INFO] Processing post 1u3181a (Arctic Shift): Is Mikel Oyarzabal injured?
2026-06-13T14:04:08+0000 [WARNING]   Could not re-fetch post 1u3181a from Arctic Shift
2026-06-13T14:04:10+0000 [INFO]   Arctic Shift returned 1 comments
2026-06-13T14:04:10+0000 [INFO] Processing post 1u316xm (Arctic Shift): Looking to log all the World Cup games you'll watch in one p
2026-06-13T14:04:11+0000 [WARNING]   Could not re-fetch post 1u316xm from Arctic Shift
2026-06-13T14:04:13+0000 [INFO]   Arctic Shift returned 1 comments
2026-06-13T14:04:13+0000 [INFO] Processing post 1u314ao (Arctic Shift): Somali referee Omar Artan to officiate Super Cup after being
2026-06-13T14:04:14+0000 [WARNING]   Could not re-fetch post 1u314ao from Arctic Shift
2026-06-13T14:04:16+0000 [INFO]   Arctic Shift returned 1 comments
2026-06-13T14:04:16+0000 [INFO] Processing post 1u31503 (Arctic Shift): Red Bull 100 Balls Challenge ft Neymar, Endrick, Szoboszlai 
2026-06-13T14:04:17+0000 [WARNING]   Could not re-fetch post 1u31503 from Arctic Shift
2026-06-13T14:04:19+0000 [INFO]   Arctic Shift returned 1 comments
2026-06-13T14:04:19+0000 [INFO] Processing post 1u31a4l (Arctic Shift): Elliot Anderson: Manchester City have second bid rejected fo
2026-06-13T14:04:20+0000 [WARNING]   Could not re-fetch post 1u31a4l from Arctic Shift
2026-06-13T14:04:24+0000 [INFO]   Arctic Shift returned 227 comments
2026-06-13T14:04:24+0000 [INFO] Processing post 1u31f71 (Arctic Shift): [Gerard Romero] Bernardo Silva is now closer to Atlético Mad
2026-06-13T14:04:25+0000 [WARNING]   Could not re-fetch post 1u31f71 from Arctic Shift
2026-06-13T14:04:27+0000 [INFO]   Arctic Shift returned 62 comments
2026-06-13T14:04:27+0000 [INFO] Processing post 1u31exx (Arctic Shift): [Reuters] Argentine football fans whose US tourist visas wer
2026-06-13T14:04:28+0000 [WARNING]   Could not re-fetch post 1u31exx from Arctic Shift
2026-06-13T14:04:31+0000 [INFO]   Arctic Shift returned 173 comments
2026-06-13T14:04:31+0000 [INFO] Harvester complete (arctic_shift+rss). 32 posts processed, 0 failed, 1000 total comments collected.
2026-06-13T14:07:40+0000 [INFO] Harvester starting. Target time: 2026-06-11T14:07:40.765846+00:00. Mode: arctic_shift+rss
2026-06-13T14:07:40+0000 [INFO] No pending posts for target time 2026-06-11T14. Nothing to do.
2026-06-13T14:12:48+0000 [INFO] Harvester starting. Target time: 2026-06-11T14:12:48.417821+00:00. Mode: arctic_shift+rss
2026-06-13T14:12:48+0000 [INFO] No pending posts for target time 2026-06-11T14. Nothing to do.
2026-06-13T14:17:38+0000 [INFO] Harvester starting. Target time: 2026-06-11T14:17:38.276382+00:00. Mode: arctic_shift+rss
2026-06-13T14:17:38+0000 [INFO] No pending posts for target time 2026-06-11T14. Nothing to do.
2026-06-13T14:22:52+0000 [INFO] Harvester starting. Target time: 2026-06-11T14:22:52.309982+00:00. Mode: arctic_shift+rss
2026-06-13T14:22:52+0000 [INFO] No pending posts for target time 2026-06-11T14. Nothing to do.
2026-06-13T14:27:37+0000 [INFO] Harvester starting. Target time: 2026-06-11T14:27:37.301863+00:00. Mode: arctic_shift+rss
2026-06-13T14:27:37+0000 [INFO] No pending posts for target time 2026-06-11T14. Nothing to do.
2026-06-13T14:32:43+0000 [INFO] Harvester starting. Target time: 2026-06-11T14:32:43.442129+00:00. Mode: arctic_shift+rss
2026-06-13T14:32:43+0000 [INFO] No pending posts for target time 2026-06-11T14. Nothing to do.
