2026-06-12T11:02:33+0000 [INFO] Harvester starting. Target time: 2026-06-10T11:02:33.290066+00:00. Mode: arctic_shift+rss
2026-06-12T11:02:33+0000 [INFO] Found 8 posts to process
2026-06-12T11:02:33+0000 [INFO] Processing post 1u1ywk1 (Arctic Shift): Iceland's Daniel Gudjohnsen introducing himself to Lionel Me
2026-06-12T11:02:33+0000 [WARNING]   Could not re-fetch post 1u1ywk1 from Arctic Shift
2026-06-12T11:02:40+0000 [INFO]   Arctic Shift returned 554 comments
2026-06-12T11:02:40+0000 [INFO] Processing post 1u1ywdz (Arctic Shift): [OC] Argentina and Scotland have never met at the World Cup,
2026-06-12T11:02:41+0000 [WARNING]   Could not re-fetch post 1u1ywdz from Arctic Shift
2026-06-12T11:02:43+0000 [INFO]   Arctic Shift returned 13 comments
2026-06-12T11:02:43+0000 [INFO] Processing post 1u1y562 (Arctic Shift): On this day 10 years ago, The Official Theme Song of Euro 20
2026-06-12T11:02:44+0000 [WARNING]   Could not re-fetch post 1u1y562 from Arctic Shift
2026-06-12T11:02:46+0000 [INFO]   Arctic Shift returned 6 comments
2026-06-12T11:02:46+0000 [INFO] Processing post 1u1yh11 (Arctic Shift): Mkhitaryan set to extend his expiring contract for another s
2026-06-12T11:02:48+0000 [WARNING]   Could not re-fetch post 1u1yh11 from Arctic Shift
2026-06-12T11:02:50+0000 [INFO]   Arctic Shift returned 20 comments
2026-06-12T11:02:50+0000 [INFO] Processing post 1u1yckg (Arctic Shift): César Peixoto close to replacing Rob Edwards at Wolves
2026-06-12T11:02:50+0000 [WARNING]   Could not re-fetch post 1u1yckg from Arctic Shift
2026-06-12T11:02:54+0000 [INFO]   Arctic Shift returned 33 comments
2026-06-12T11:02:54+0000 [INFO] Processing post 1u1ynse (Arctic Shift): Iran threatens to withdraw from World Cup matches if politic
2026-06-12T11:02:55+0000 [WARNING]   Could not re-fetch post 1u1ynse from Arctic Shift
2026-06-12T11:03:01+0000 [INFO]   Arctic Shift returned 327 comments
2026-06-12T11:03:01+0000 [INFO] Processing post 1u1ytyo (Arctic Shift): West Ham sponsor Boyle Sports ‘ Extremely concerned ’ by Dav
2026-06-12T11:03:01+0000 [WARNING]   Could not re-fetch post 1u1ytyo from Arctic Shift
2026-06-12T11:03:04+0000 [INFO]   Arctic Shift returned 17 comments
2026-06-12T11:03:04+0000 [INFO] Processing post 1u1yksl (Arctic Shift): Fan kept asking Salah: “You’re scoring tomorrow, right?” Sal
2026-06-12T11:03:04+0000 [WARNING]   Could not re-fetch post 1u1yksl from Arctic Shift
2026-06-12T11:03:07+0000 [INFO]   Arctic Shift returned 16 comments
2026-06-12T11:03:07+0000 [INFO] Harvester complete (arctic_shift+rss). 8 posts processed, 0 failed, 986 total comments collected.
2026-06-12T11:07:28+0000 [INFO] Harvester starting. Target time: 2026-06-10T11:07:28.835245+00:00. Mode: arctic_shift+rss
2026-06-12T11:07:28+0000 [INFO] No pending posts for target time 2026-06-10T11. Nothing to do.
2026-06-12T11:12:39+0000 [INFO] Harvester starting. Target time: 2026-06-10T11:12:39.486645+00:00. Mode: arctic_shift+rss
2026-06-12T11:12:39+0000 [INFO] No pending posts for target time 2026-06-10T11. Nothing to do.
2026-06-12T11:17:28+0000 [INFO] Harvester starting. Target time: 2026-06-10T11:17:28.323393+00:00. Mode: arctic_shift+rss
2026-06-12T11:17:28+0000 [INFO] No pending posts for target time 2026-06-10T11. Nothing to do.
2026-06-12T11:22:38+0000 [INFO] Harvester starting. Target time: 2026-06-10T11:22:38.119429+00:00. Mode: arctic_shift+rss
2026-06-12T11:22:38+0000 [INFO] No pending posts for target time 2026-06-10T11. Nothing to do.
2026-06-12T11:27:18+0000 [INFO] Harvester starting. Target time: 2026-06-10T11:27:18.203860+00:00. Mode: arctic_shift+rss
2026-06-12T11:27:18+0000 [INFO] No pending posts for target time 2026-06-10T11. Nothing to do.
2026-06-12T11:32:22+0000 [INFO] Harvester starting. Target time: 2026-06-10T11:32:22.399554+00:00. Mode: arctic_shift+rss
2026-06-12T11:32:22+0000 [INFO] No pending posts for target time 2026-06-10T11. Nothing to do.
2026-06-12T11:37:26+0000 [INFO] Harvester starting. Target time: 2026-06-10T11:37:26.754882+00:00. Mode: arctic_shift+rss
2026-06-12T11:37:26+0000 [INFO] No pending posts for target time 2026-06-10T11. Nothing to do.
