2026-06-12T12:03:22+0000 [INFO] Harvester starting. Target time: 2026-06-10T12:03:22.973949+00:00. Mode: arctic_shift+rss
2026-06-12T12:03:22+0000 [INFO] Found 9 posts to process
2026-06-12T12:03:23+0000 [INFO] Processing post 1u20hev (Arctic Shift): [The Lawyer] Burnley has won its legal case against Everton 
2026-06-12T12:03:23+0000 [WARNING]   Could not re-fetch post 1u20hev from Arctic Shift
2026-06-12T12:03:31+0000 [INFO]   Arctic Shift returned 436 comments
2026-06-12T12:03:31+0000 [INFO] Processing post 1u20mvw (Arctic Shift): Correct pronunciation of the names of the Cape Verde nationa
2026-06-12T12:03:32+0000 [WARNING]   Could not re-fetch post 1u20mvw from Arctic Shift
2026-06-12T12:03:35+0000 [INFO]   Arctic Shift returned 96 comments
2026-06-12T12:03:35+0000 [INFO] Processing post 1u1ztye (Arctic Shift): Scotland fan has US visa revoked an hour before flying to Wo
2026-06-12T12:03:36+0000 [WARNING]   Could not re-fetch post 1u1ztye from Arctic Shift
2026-06-12T12:03:43+0000 [INFO]   Arctic Shift returned 514 comments
2026-06-12T12:03:43+0000 [INFO] Processing post 1u1z3uu (Arctic Shift): Ewen Jaouen signs for Newcastle United
2026-06-12T12:03:44+0000 [WARNING]   Could not re-fetch post 1u1z3uu from Arctic Shift
2026-06-12T12:03:46+0000 [INFO]   Arctic Shift returned 30 comments
2026-06-12T12:03:46+0000 [INFO] Processing post 1u1yzgt (Arctic Shift): [David Ornstein] Bayer Leverkusen win race for Kennet Eichho
2026-06-12T12:03:47+0000 [WARNING]   Could not re-fetch post 1u1yzgt from Arctic Shift
2026-06-12T12:03:49+0000 [INFO]   Arctic Shift returned 92 comments
2026-06-12T12:03:49+0000 [INFO] Processing post 1u1zusl (Arctic Shift): All of the Premier League clubs' from the 25/26 season relea
2026-06-12T12:03:50+0000 [WARNING]   Could not re-fetch post 1u1zusl from Arctic Shift
2026-06-12T12:03:52+0000 [INFO]   Arctic Shift returned 34 comments
2026-06-12T12:03:52+0000 [INFO] Processing post 1u1z7ev (Arctic Shift): Here Are All the Kits National Teams Have Unveiled Ahead of 
2026-06-12T12:03:53+0000 [WARNING]   Could not re-fetch post 1u1z7ev from Arctic Shift
2026-06-12T12:03:55+0000 [INFO]   Arctic Shift returned 26 comments
2026-06-12T12:03:55+0000 [INFO] Processing post 1u1zsal (Arctic Shift): West Ham United issue Retained List at end of 2025/26 season
2026-06-12T12:03:56+0000 [WARNING]   Could not re-fetch post 1u1zsal from Arctic Shift
2026-06-12T12:03:58+0000 [INFO]   Arctic Shift returned 6 comments
2026-06-12T12:03:58+0000 [INFO] Processing post 1u20r8d (Arctic Shift): Reddit's Top 20 Players at the 2026 FIFA World Cup
2026-06-12T12:04:00+0000 [WARNING]   Could not re-fetch post 1u20r8d from Arctic Shift
2026-06-12T12:04:01+0000 [INFO]   Arctic Shift returned 76 comments
2026-06-12T12:04:01+0000 [INFO] Harvester complete (arctic_shift+rss). 9 posts processed, 0 failed, 1310 total comments collected.
2026-06-12T12:07:21+0000 [INFO] Harvester starting. Target time: 2026-06-10T12:07:21.334287+00:00. Mode: arctic_shift+rss
2026-06-12T12:07:21+0000 [INFO] No pending posts for target time 2026-06-10T12. Nothing to do.
2026-06-12T12:12:20+0000 [INFO] Harvester starting. Target time: 2026-06-10T12:12:20.365609+00:00. Mode: arctic_shift+rss
2026-06-12T12:12:20+0000 [INFO] No pending posts for target time 2026-06-10T12. Nothing to do.
2026-06-12T12:17:28+0000 [INFO] Harvester starting. Target time: 2026-06-10T12:17:28.327871+00:00. Mode: arctic_shift+rss
2026-06-12T12:17:28+0000 [INFO] No pending posts for target time 2026-06-10T12. Nothing to do.
2026-06-12T12:22:40+0000 [INFO] Harvester starting. Target time: 2026-06-10T12:22:40.723183+00:00. Mode: arctic_shift+rss
2026-06-12T12:22:40+0000 [INFO] No pending posts for target time 2026-06-10T12. Nothing to do.
