2026-06-13T11:02:47+0000 [INFO] Harvester starting. Target time: 2026-06-11T11:02:47.948943+00:00. Mode: arctic_shift+rss
2026-06-13T11:02:47+0000 [INFO] Found 12 posts to process
2026-06-13T11:02:48+0000 [INFO] Processing post 1u2vs3e (Arctic Shift): The Psychology of Leadership | Think Like a World Cup Captai
2026-06-13T11:02:48+0000 [WARNING]   Could not re-fetch post 1u2vs3e from Arctic Shift
2026-06-13T11:02:50+0000 [INFO]   Arctic Shift returned 1 comments
2026-06-13T11:02:50+0000 [INFO] Processing post 1u2vqj9 (Arctic Shift): 🔴 LIVE | Mexico vs South Africa
2026-06-13T11:02:51+0000 [WARNING]   Could not re-fetch post 1u2vqj9 from Arctic Shift
2026-06-13T11:02:53+0000 [INFO]   Arctic Shift returned 2 comments
2026-06-13T11:02:53+0000 [INFO] Processing post 1u2vv3b (Arctic Shift): What if only ONE person in your friend group could have Mbap
2026-06-13T11:02:54+0000 [WARNING]   Could not re-fetch post 1u2vv3b from Arctic Shift
2026-06-13T11:02:56+0000 [INFO]   Arctic Shift returned 1 comments
2026-06-13T11:02:56+0000 [INFO] Processing post 1u2vvwf (Arctic Shift): قیمت پروتئین وی پگاه گلپایگان 15 کیلویی 60%
2026-06-13T11:02:57+0000 [WARNING]   Could not re-fetch post 1u2vvwf from Arctic Shift
2026-06-13T11:03:00+0000 [INFO]   Arctic Shift returned 1 comments
2026-06-13T11:03:00+0000 [INFO] Processing post 1u2vzb6 (Arctic Shift): [Di Marzio] The position of Damien Comolli is in discussion.
2026-06-13T11:03:01+0000 [WARNING]   Could not re-fetch post 1u2vzb6 from Arctic Shift
2026-06-13T11:03:03+0000 [INFO]   Arctic Shift returned 19 comments
2026-06-13T11:03:03+0000 [INFO] Processing post 1u2w5xy (Arctic Shift): Why are so many posts here deleted?
2026-06-13T11:03:04+0000 [WARNING]   Could not re-fetch post 1u2w5xy from Arctic Shift
2026-06-13T11:03:07+0000 [INFO]   Arctic Shift returned 1 comments
2026-06-13T11:03:07+0000 [INFO] Processing post 1u2w5m1 (Arctic Shift): I built a free ELO + Poisson model that predicts all 72 Worl
2026-06-13T11:03:07+0000 [WARNING]   Could not re-fetch post 1u2w5m1 from Arctic Shift
2026-06-13T11:03:10+0000 [INFO]   Arctic Shift returned 1 comments
2026-06-13T11:03:10+0000 [INFO] Processing post 1u2wbv0 (Arctic Shift): Celtic confirm Martin O'Neill as manager
2026-06-13T11:03:10+0000 [WARNING]   Could not re-fetch post 1u2wbv0 from Arctic Shift
2026-06-13T11:03:14+0000 [INFO]   Arctic Shift returned 62 comments
2026-06-13T11:03:14+0000 [INFO] Processing post 1u2wgt0 (Arctic Shift): [ Removed by moderator ]
2026-06-13T11:03:14+0000 [WARNING]   Could not re-fetch post 1u2wgt0 from Arctic Shift
2026-06-13T11:03:16+0000 [INFO]   Arctic Shift returned 2 comments
2026-06-13T11:03:16+0000 [INFO] Processing post 1u2wmh4 (Arctic Shift): [FT] Afonso Bastardo Moreira agrees personal terms with Baye
2026-06-13T11:03:17+0000 [WARNING]   Could not re-fetch post 1u2wmh4 from Arctic Shift
2026-06-13T11:03:19+0000 [INFO]   Arctic Shift returned 30 comments
2026-06-13T11:03:19+0000 [INFO] Processing post 1u2wqqw (Arctic Shift): Built a free World Cup sweepstakes web app. No ads, No Data 
2026-06-13T11:03:20+0000 [WARNING]   Could not re-fetch post 1u2wqqw from Arctic Shift
2026-06-13T11:03:22+0000 [INFO]   Arctic Shift returned 1 comments
2026-06-13T11:03:22+0000 [INFO] Processing post 1u2wvfq (Arctic Shift): [Official] Ajax Vrouwen GK Regina van Eijk joins Bayern Muni
2026-06-13T11:03:23+0000 [WARNING]   Could not re-fetch post 1u2wvfq from Arctic Shift
2026-06-13T11:03:25+0000 [INFO]   Arctic Shift returned 1 comments
2026-06-13T11:03:25+0000 [INFO] Harvester complete (arctic_shift+rss). 12 posts processed, 0 failed, 122 total comments collected.
2026-06-13T11:07:34+0000 [INFO] Harvester starting. Target time: 2026-06-11T11:07:34.713456+00:00. Mode: arctic_shift+rss
2026-06-13T11:07:34+0000 [INFO] No pending posts for target time 2026-06-11T11. Nothing to do.
2026-06-13T11:12:45+0000 [INFO] Harvester starting. Target time: 2026-06-11T11:12:45.701438+00:00. Mode: arctic_shift+rss
2026-06-13T11:12:45+0000 [INFO] No pending posts for target time 2026-06-11T11. Nothing to do.
