2026-06-12T00:02:23+0000 [INFO] Harvester starting. Target time: 2026-06-10T00:02:23.081355+00:00. Mode: arctic_shift+rss
2026-06-12T00:02:23+0000 [INFO] Found 2 posts to process
2026-06-12T00:02:23+0000 [INFO] Processing post 1u1m0mv (Arctic Shift): The front page of the French sports newspaper L'Équipe
2026-06-12T00:02:23+0000 [WARNING]   Could not re-fetch post 1u1m0mv from Arctic Shift
2026-06-12T00:02:27+0000 [INFO]   Arctic Shift returned 196 comments
2026-06-12T00:02:27+0000 [INFO] Processing post 1u1llww (Arctic Shift): World Cup 2026: Canada opens its doors to Omar Abdulkadir Ar
2026-06-12T00:02:28+0000 [WARNING]   Could not re-fetch post 1u1llww from Arctic Shift
2026-06-12T00:02:31+0000 [INFO]   Arctic Shift returned 145 comments
2026-06-12T00:02:31+0000 [INFO] Harvester complete (arctic_shift+rss). 2 posts processed, 0 failed, 341 total comments collected.
2026-06-12T00:07:01+0000 [INFO] Harvester starting. Target time: 2026-06-10T00:07:01.544198+00:00. Mode: arctic_shift+rss
2026-06-12T00:07:01+0000 [INFO] No pending posts for target time 2026-06-10T00. Nothing to do.
2026-06-12T00:12:03+0000 [INFO] Harvester starting. Target time: 2026-06-10T00:12:03.141208+00:00. Mode: arctic_shift+rss
2026-06-12T00:12:03+0000 [INFO] No pending posts for target time 2026-06-10T00. Nothing to do.
2026-06-12T00:17:11+0000 [INFO] Harvester starting. Target time: 2026-06-10T00:17:11.592301+00:00. Mode: arctic_shift+rss
2026-06-12T00:17:11+0000 [INFO] No pending posts for target time 2026-06-10T00. Nothing to do.
2026-06-12T00:22:04+0000 [INFO] Harvester starting. Target time: 2026-06-10T00:22:04.143542+00:00. Mode: arctic_shift+rss
2026-06-12T00:22:04+0000 [INFO] No pending posts for target time 2026-06-10T00. Nothing to do.
2026-06-12T00:27:04+0000 [INFO] Harvester starting. Target time: 2026-06-10T00:27:04.012739+00:00. Mode: arctic_shift+rss
2026-06-12T00:27:04+0000 [INFO] No pending posts for target time 2026-06-10T00. Nothing to do.
2026-06-12T00:32:11+0000 [INFO] Harvester starting. Target time: 2026-06-10T00:32:11.006223+00:00. Mode: arctic_shift+rss
2026-06-12T00:32:11+0000 [INFO] No pending posts for target time 2026-06-10T00. Nothing to do.
2026-06-12T00:36:55+0000 [INFO] Harvester starting. Target time: 2026-06-10T00:36:55.619517+00:00. Mode: arctic_shift+rss
2026-06-12T00:36:55+0000 [INFO] No pending posts for target time 2026-06-10T00. Nothing to do.
