2026-06-11T06:01:55+0000 [INFO] Harvester starting. Target time: 2026-06-09T06:01:55.554166+00:00. Mode: arctic_shift+rss
2026-06-11T06:01:55+0000 [INFO] Found 3 posts to process
2026-06-11T06:01:55+0000 [INFO] Processing post 1u0wdss (Arctic Shift): [NOS] The future of women’s football hangs in the balance: ‘
2026-06-11T06:01:55+0000 [WARNING]   Could not re-fetch post 1u0wdss from Arctic Shift
2026-06-11T06:01:58+0000 [INFO]   Arctic Shift returned 126 comments
2026-06-11T06:01:58+0000 [INFO] Processing post 1u0wgia (Arctic Shift): Jose Mourinho wants Micky van de Ven at Real Madrid, as he l
2026-06-11T06:01:59+0000 [WARNING]   Could not re-fetch post 1u0wgia from Arctic Shift
2026-06-11T06:02:04+0000 [INFO]   Arctic Shift returned 286 comments
2026-06-11T06:02:04+0000 [INFO] Processing post 1u0w4kz (Arctic Shift): [ThePopFoot] The most decisive players of the 2022 World Cup
2026-06-11T06:02:05+0000 [WARNING]   Could not re-fetch post 1u0w4kz from Arctic Shift
2026-06-11T06:02:08+0000 [INFO]   Arctic Shift returned 124 comments
2026-06-11T06:02:08+0000 [INFO] Harvester complete (arctic_shift+rss). 3 posts processed, 0 failed, 536 total comments collected.
2026-06-11T06:06:38+0000 [INFO] Harvester starting. Target time: 2026-06-09T06:06:38.051672+00:00. Mode: arctic_shift+rss
2026-06-11T06:06:38+0000 [INFO] No pending posts for target time 2026-06-09T06. Nothing to do.
2026-06-11T06:11:43+0000 [INFO] Harvester starting. Target time: 2026-06-09T06:11:43.621256+00:00. Mode: arctic_shift+rss
2026-06-11T06:11:43+0000 [INFO] No pending posts for target time 2026-06-09T06. Nothing to do.
2026-06-11T06:16:41+0000 [INFO] Harvester starting. Target time: 2026-06-09T06:16:41.733857+00:00. Mode: arctic_shift+rss
2026-06-11T06:16:41+0000 [INFO] No pending posts for target time 2026-06-09T06. Nothing to do.
2026-06-11T06:21:40+0000 [INFO] Harvester starting. Target time: 2026-06-09T06:21:40.472263+00:00. Mode: arctic_shift+rss
2026-06-11T06:21:40+0000 [INFO] No pending posts for target time 2026-06-09T06. Nothing to do.
2026-06-11T06:25:39+0000 [INFO] Harvester starting. Target time: 2026-06-09T06:25:39.983940+00:00. Mode: arctic_shift+rss
2026-06-11T06:25:39+0000 [INFO] No pending posts for target time 2026-06-09T06. Nothing to do.
2026-06-11T06:26:45+0000 [INFO] Harvester starting. Target time: 2026-06-09T06:26:45.699032+00:00. Mode: arctic_shift+rss
2026-06-11T06:26:45+0000 [INFO] No pending posts for target time 2026-06-09T06. Nothing to do.
2026-06-11T06:31:42+0000 [INFO] Harvester starting. Target time: 2026-06-09T06:31:42.588952+00:00. Mode: arctic_shift+rss
2026-06-11T06:31:42+0000 [INFO] No pending posts for target time 2026-06-09T06. Nothing to do.
2026-06-11T06:36:42+0000 [INFO] Harvester starting. Target time: 2026-06-09T06:36:42.594410+00:00. Mode: arctic_shift+rss
2026-06-11T06:36:42+0000 [INFO] No pending posts for target time 2026-06-09T06. Nothing to do.
2026-06-11T06:41:39+0000 [INFO] Harvester starting. Target time: 2026-06-09T06:41:39.389402+00:00. Mode: arctic_shift+rss
2026-06-11T06:41:39+0000 [INFO] No pending posts for target time 2026-06-09T06. Nothing to do.
2026-06-11T06:46:39+0000 [INFO] Harvester starting. Target time: 2026-06-09T06:46:39.114857+00:00. Mode: arctic_shift+rss
2026-06-11T06:46:39+0000 [INFO] No pending posts for target time 2026-06-09T06. Nothing to do.
