2026-06-13T09:02:44+0000 [INFO] Harvester starting. Target time: 2026-06-11T09:02:44.218642+00:00. Mode: arctic_shift+rss
2026-06-13T09:02:44+0000 [INFO] Found 23 posts to process
2026-06-13T09:02:44+0000 [INFO] Processing post 1u2tocg (Arctic Shift): This World Cup is about greed and rancid politics – but I wi
2026-06-13T09:02:44+0000 [WARNING]   Could not re-fetch post 1u2tocg from Arctic Shift
2026-06-13T09:02:52+0000 [INFO]   Arctic Shift returned 28 comments
2026-06-13T09:02:52+0000 [INFO] Processing post 1u2tn8x (Arctic Shift): Messi retires from football!
2026-06-13T09:02:53+0000 [WARNING]   Could not re-fetch post 1u2tn8x from Arctic Shift
2026-06-13T09:02:57+0000 [INFO]   Arctic Shift returned 1 comments
2026-06-13T09:02:57+0000 [INFO] Processing post 1u2tr3v (Arctic Shift): The 2026 World Cup Kit Megathread
2026-06-13T09:02:58+0000 [WARNING]   Could not re-fetch post 1u2tr3v from Arctic Shift
2026-06-13T09:03:02+0000 [INFO]   Arctic Shift returned 173 comments
2026-06-13T09:03:02+0000 [INFO] Processing post 1u2tsel (Arctic Shift): Designed a FIFA World Cup 2026 Belgium fan shirt – looking f
2026-06-13T09:03:03+0000 [WARNING]   Could not re-fetch post 1u2tsel from Arctic Shift
2026-06-13T09:03:07+0000 [INFO]   Arctic Shift returned 0 comments
2026-06-13T09:03:07+0000 [INFO] Processing post 1u2trb3 (Arctic Shift): UNICEF names Lamine Yamal as a Goodwill Ambassador
2026-06-13T09:03:07+0000 [WARNING]   Could not re-fetch post 1u2trb3 from Arctic Shift
2026-06-13T09:03:11+0000 [INFO]   Arctic Shift returned 0 comments
2026-06-13T09:03:11+0000 [INFO] Processing post 1u2tvgt (Arctic Shift): UNICEF names Lamine Yamal as a Goodwill Ambassador
2026-06-13T09:03:12+0000 [WARNING]   Could not re-fetch post 1u2tvgt from Arctic Shift
2026-06-13T09:03:13+0000 [INFO]   Arctic Shift returned 0 comments
2026-06-13T09:03:13+0000 [INFO] Processing post 1u2ttzq (Arctic Shift): Designed a FIFA World Cup 2026 Belgium fan shirt – looking f
2026-06-13T09:03:14+0000 [WARNING]   Could not re-fetch post 1u2ttzq from Arctic Shift
2026-06-13T09:03:15+0000 [INFO]   Arctic Shift returned 0 comments
2026-06-13T09:03:15+0000 [INFO] Processing post 1u2tw60 (Arctic Shift): 8 Datos curiosos de México en los Mundiales
2026-06-13T09:03:16+0000 [WARNING]   Could not re-fetch post 1u2tw60 from Arctic Shift
2026-06-13T09:03:18+0000 [INFO]   Arctic Shift returned 1 comments
2026-06-13T09:03:18+0000 [INFO] Processing post 1u2tyjj (Arctic Shift): [Footmercato] Manchester United fell under the spell of Mama
2026-06-13T09:03:19+0000 [WARNING]   Could not re-fetch post 1u2tyjj from Arctic Shift
2026-06-13T09:03:34+0000 [INFO]   Arctic Shift returned 227 comments
2026-06-13T09:03:34+0000 [INFO] Processing post 1u2u0no (Arctic Shift): Caitlin Foord signs new contract
2026-06-13T09:03:35+0000 [WARNING]   Could not re-fetch post 1u2u0no from Arctic Shift
2026-06-13T09:03:42+0000 [INFO]   Arctic Shift returned 1 comments
2026-06-13T09:03:42+0000 [INFO] Processing post 1u2u371 (Arctic Shift): [OC] I watched through all the Handball Penalties awarded in
2026-06-13T09:03:43+0000 [WARNING]   Could not re-fetch post 1u2u371 from Arctic Shift
2026-06-13T09:03:51+0000 [INFO]   Arctic Shift returned 1 comments
2026-06-13T09:03:51+0000 [INFO] Processing post 1u2u7km (Arctic Shift): World Cup 2026 Live Schedule, Scores, Match Tracker & Stream
2026-06-13T09:03:51+0000 [WARNING]   Could not re-fetch post 1u2u7km from Arctic Shift
2026-06-13T09:03:53+0000 [INFO]   Arctic Shift returned 2 comments
2026-06-13T09:03:53+0000 [INFO] Processing post 1u2u8bj (Arctic Shift): Individual Awards for 2026 World Cup Revealed
2026-06-13T09:03:54+0000 [WARNING]   Could not re-fetch post 1u2u8bj from Arctic Shift
2026-06-13T09:03:57+0000 [INFO]   Arctic Shift returned 3 comments
2026-06-13T09:03:57+0000 [INFO] Processing post 1u2u9uy (Arctic Shift): How the 2026 FIFA World Cup group tables could change in the
2026-06-13T09:03:57+0000 [WARNING]   Could not re-fetch post 1u2u9uy from Arctic Shift
2026-06-13T09:04:02+0000 [INFO]   Arctic Shift returned 16 comments
2026-06-13T09:04:02+0000 [INFO] Processing post 1u2ucry (Arctic Shift): I handmade 48 football outfits for the 2026 World Cup, one p
2026-06-13T09:04:03+0000 [WARNING]   Could not re-fetch post 1u2ucry from Arctic Shift
2026-06-13T09:04:04+0000 [INFO]   Arctic Shift returned 1 comments
2026-06-13T09:04:04+0000 [INFO] Processing post 1u2ubkz (Arctic Shift): Individual Awards for 2026 World Cup Revealed.
2026-06-13T09:04:06+0000 [WARNING]   Could not re-fetch post 1u2ubkz from Arctic Shift
2026-06-13T09:04:08+0000 [INFO]   Arctic Shift returned 69 comments
2026-06-13T09:04:08+0000 [INFO] Processing post 1u2ugdh (Arctic Shift): Decorating and painting streets for the World Cup is a Brazi
2026-06-13T09:04:09+0000 [WARNING]   Could not re-fetch post 1u2ugdh from Arctic Shift
2026-06-13T09:04:11+0000 [INFO]   Arctic Shift returned 12 comments
2026-06-13T09:04:11+0000 [INFO] Processing post 1u2ujkf (Arctic Shift): What makes you think the 2026 World Cup is going to be an ab
2026-06-13T09:04:12+0000 [WARNING]   Could not re-fetch post 1u2ujkf from Arctic Shift
2026-06-13T09:04:16+0000 [INFO]   Arctic Shift returned 1 comments
2026-06-13T09:04:16+0000 [INFO] Processing post 1u2ujdg (Arctic Shift): [VI] Twente not swayed by PSV’s initial bid for Nijstad
2026-06-13T09:04:17+0000 [WARNING]   Could not re-fetch post 1u2ujdg from Arctic Shift
2026-06-13T09:04:19+0000 [INFO]   Arctic Shift returned 4 comments
2026-06-13T09:04:19+0000 [INFO] Processing post 1u2uiyn (Arctic Shift): [BBC] Man Utd backing away from Anderson chase
2026-06-13T09:04:20+0000 [WARNING]   Could not re-fetch post 1u2uiyn from Arctic Shift
2026-06-13T09:04:24+0000 [INFO]   Arctic Shift returned 106 comments
2026-06-13T09:04:24+0000 [INFO] Processing post 1u2uk68 (Arctic Shift): In Germany, you can order 9 numbers of Playboy with German h
2026-06-13T09:04:25+0000 [WARNING]   Could not re-fetch post 1u2uk68 from Arctic Shift
2026-06-13T09:04:27+0000 [INFO]   Arctic Shift returned 1 comments
2026-06-13T09:04:27+0000 [INFO] Processing post 1u2ukru (Arctic Shift): In Germany, you can order 9 numbers of Playboy with German h
2026-06-13T09:04:28+0000 [WARNING]   Could not re-fetch post 1u2ukru from Arctic Shift
2026-06-13T09:04:29+0000 [INFO]   Arctic Shift returned 0 comments
2026-06-13T09:04:29+0000 [INFO] Processing post 1u2ukgo (Arctic Shift): [Official] Joseph Oosting new head coach of Go Ahead Eagles
2026-06-13T09:04:30+0000 [WARNING]   Could not re-fetch post 1u2ukgo from Arctic Shift
2026-06-13T09:04:37+0000 [INFO]   Arctic Shift returned 3 comments
2026-06-13T09:04:37+0000 [INFO] Harvester complete (arctic_shift+rss). 23 posts processed, 0 failed, 650 total comments collected.
2026-06-13T09:07:35+0000 [INFO] Harvester starting. Target time: 2026-06-11T09:07:35.379486+00:00. Mode: arctic_shift+rss
2026-06-13T09:07:35+0000 [INFO] No pending posts for target time 2026-06-11T09. Nothing to do.
2026-06-13T09:12:34+0000 [INFO] Harvester starting. Target time: 2026-06-11T09:12:34.845542+00:00. Mode: arctic_shift+rss
2026-06-13T09:12:34+0000 [INFO] No pending posts for target time 2026-06-11T09. Nothing to do.
2026-06-13T09:17:36+0000 [INFO] Harvester starting. Target time: 2026-06-11T09:17:36.783189+00:00. Mode: arctic_shift+rss
2026-06-13T09:17:36+0000 [INFO] No pending posts for target time 2026-06-11T09. Nothing to do.
2026-06-13T09:22:37+0000 [INFO] Harvester starting. Target time: 2026-06-11T09:22:37.234673+00:00. Mode: arctic_shift+rss
2026-06-13T09:22:37+0000 [INFO] No pending posts for target time 2026-06-11T09. Nothing to do.
2026-06-13T09:27:24+0000 [INFO] Harvester starting. Target time: 2026-06-11T09:27:24.531645+00:00. Mode: arctic_shift+rss
2026-06-13T09:27:24+0000 [INFO] No pending posts for target time 2026-06-11T09. Nothing to do.
2026-06-13T09:32:39+0000 [INFO] Harvester starting. Target time: 2026-06-11T09:32:39.413088+00:00. Mode: arctic_shift+rss
2026-06-13T09:32:39+0000 [INFO] No pending posts for target time 2026-06-11T09. Nothing to do.
