2026-06-10T16:02:43+0000 [INFO] Harvester starting. Target batch: 2026-06-08T16. Mode: rss
2026-06-10T16:02:43+0000 [INFO] Found 57 posts to process
2026-06-10T16:02:43+0000 [INFO] Processing post 1u0agcc (RSS): A group of Sammarinese national team players will move to It
2026-06-10T16:02:43+0000 [INFO]   Collected 1 comments via RSS
2026-06-10T16:02:43+0000 [INFO] Processing post 1u084nl (RSS): Cesc Fabregas: "My obsession was playing on the streets, hit
2026-06-10T16:02:52+0000 [INFO]   Collected 194 comments via RSS
2026-06-10T16:02:52+0000 [INFO] Processing post 1u07fau (RSS): Japan U21 1-0 Ukraine U21 - Uche Brian Seo Nwadike 1'
2026-06-10T16:02:58+0000 [INFO]   Collected 0 comments via RSS
2026-06-10T16:02:58+0000 [INFO] Processing post 1u0a5o9 (RSS): Japan U21 3-0 Ukraine U21 - Uche Brian Seo Nwadike 61'
2026-06-10T16:03:05+0000 [INFO]   Collected 3 comments via RSS
2026-06-10T16:03:05+0000 [INFO] Processing post 1u05buz (RSS): [Official] NAC bolsters its attack with striker Paul Gladon
2026-06-10T16:03:13+0000 [INFO]   Collected 0 comments via RSS
2026-06-10T16:03:13+0000 [INFO] Processing post 1u09td2 (RSS): Divock Origi has retired from professional football.
2026-06-10T16:03:21+0000 [INFO]   Collected 138 comments via RSS
2026-06-10T16:03:21+0000 [INFO] Processing post 1u0c49l (RSS): [Craig Hope] Newcastle are finalising an £18.65m deal for Re
2026-06-10T16:03:28+0000 [INFO]   Collected 32 comments via RSS
2026-06-10T16:03:28+0000 [INFO] Processing post 1u07aip (RSS): Sri Lanka 2-0 Bhutan - Barath Suresh 64'
2026-06-10T16:03:35+0000 [INFO]   Collected 1 comments via RSS
2026-06-10T16:03:35+0000 [INFO] Processing post 1u0914e (RSS): Somali referee Omar Abdulkadir Artan chosen by FIFA for Worl
2026-06-10T16:03:46+0000 [INFO]   Collected 495 comments via RSS
2026-06-10T16:03:46+0000 [INFO] Processing post 1u0c9dc (RSS): [BBC] John McGinn on the World Cup ticket prices: “I find it
2026-06-10T16:03:51+0000 [INFO]   Collected 112 comments via RSS
2026-06-10T16:03:51+0000 [INFO] Processing post 1u06xst (RSS): Lithuanian "Vyčio tribūna" with a pyro flag during Baltic Cu
2026-06-10T16:03:58+0000 [INFO]   Collected 30 comments via RSS
2026-06-10T16:03:58+0000 [INFO] Processing post 1u06c0j (RSS): [Fulham FC] PLAYER CONTRACT UPDATES
2026-06-10T16:04:05+0000 [INFO]   Collected 28 comments via RSS
2026-06-10T16:04:05+0000 [INFO] Processing post 1u0baw6 (RSS): Sean Dyche enjoying his unemployment as he joins TikTok with
2026-06-10T16:04:13+0000 [INFO]   Collected 74 comments via RSS
2026-06-10T16:04:13+0000 [INFO] Processing post 1u08nk3 (RSS): Match Thread: Ivory Coast U23 vs Canada U20
2026-06-10T16:04:20+0000 [INFO]   Collected 1 comments via RSS
2026-06-10T16:04:20+0000 [INFO] Processing post 1u09xqx (RSS): FIFA says it has settled with Diarra in player transfer righ
2026-06-10T16:04:28+0000 [INFO]   Collected 5 comments via RSS
2026-06-10T16:04:28+0000 [INFO] Processing post 1u0ba6b (RSS): Belarus U21 0-1 Kazakhstan U21 - Ramazan Karimov penalty 25'
2026-06-10T16:04:35+0000 [INFO]   Collected 1 comments via RSS
2026-06-10T16:04:35+0000 [INFO] Processing post 1u0an5i (RSS): Ireland's home game with Israel set for neutral venue
2026-06-10T16:04:43+0000 [INFO]   Collected 1 comments via RSS
2026-06-10T16:04:43+0000 [INFO] Processing post 1u086ey (RSS): Roberto Mancini is the leading candidate for Italy job
2026-06-10T16:04:51+0000 [INFO]   Collected 91 comments via RSS
2026-06-10T16:04:51+0000 [INFO] Processing post 1u095s7 (RSS): Kieron Dyer named as new Southend United head coach
2026-06-10T16:04:58+0000 [INFO]   Collected 15 comments via RSS
2026-06-10T16:04:58+0000 [INFO] Processing post 1u0b8ek (RSS): [Edwards, Tele] Tonali could leave before the start of the s
2026-06-10T16:05:07+0000 [INFO]   Collected 199 comments via RSS
2026-06-10T16:05:07+0000 [INFO] Processing post 1u08efs (RSS): [Callum Fay, Sully] Exclusive: Manchester United Have Begun 
2026-06-10T16:05:14+0000 [INFO]   Collected 153 comments via RSS
2026-06-10T16:05:14+0000 [INFO] Processing post 1u09oif (RSS): I was jailed for speaking out about the treatment of workers
2026-06-10T16:05:20+0000 [INFO]   Collected 12 comments via RSS
2026-06-10T16:05:20+0000 [INFO] Processing post 1u09guz (RSS): Christian Eriksen : How do ‘ Heart starter ’ ICDs work ? And
2026-06-10T16:05:28+0000 [INFO]   Collected 2 comments via RSS
2026-06-10T16:05:28+0000 [INFO] Processing post 1u07jxs (RSS): Sri Lanka 3-[1] Bhutan - Rinzin Dorji 80'
2026-06-10T16:05:35+0000 [INFO]   Collected 1 comments via RSS
2026-06-10T16:05:35+0000 [INFO] Processing post 1u09o7i (RSS): The Hotspot | ‘ This may be our last chance ’ : Rising sea l
2026-06-10T16:05:43+0000 [INFO]   Collected 2 comments via RSS
2026-06-10T16:05:43+0000 [INFO] Processing post 1u09jvz (RSS): [L'Équipe] In recent weeks, Ousmane Dembélé has had discussi
2026-06-10T16:05:53+0000 [INFO]   Collected 480 comments via RSS
2026-06-10T16:05:54+0000 [INFO] Processing post 1u062fx (RSS): Manchester City are understood to be feeling positive in con
2026-06-10T16:05:58+0000 [INFO]   Collected 52 comments via RSS
2026-06-10T16:05:58+0000 [INFO] Processing post 1u07405 (RSS): Former Brann and Saint Etienne-coach Eirik Horneland is clos
2026-06-10T16:06:05+0000 [INFO]   Collected 1 comments via RSS
2026-06-10T16:06:05+0000 [INFO] Processing post 1u0bopj (RSS): [Index] Como have rejected a €55 million bid from Aston Vill
2026-06-10T16:06:15+0000 [INFO]   Collected 96 comments via RSS
2026-06-10T16:06:15+0000 [INFO] Processing post 1u07ao2 (RSS): [Nieuwsuur] On the eve of the World Cup, fears about ICE are
2026-06-10T16:06:20+0000 [INFO]   Collected 17 comments via RSS
2026-06-10T16:06:20+0000 [INFO] Processing post 1u09gdz (RSS): ‘ Everyone wants ’ to see Daniel Farke continue at Leeds , S
2026-06-10T16:06:28+0000 [INFO]   Collected 3 comments via RSS
2026-06-10T16:06:28+0000 [INFO] Processing post 1u07sbv (RSS): Juventus want to pay below €30M for Sørloth. Atleti however,
2026-06-10T16:06:36+0000 [INFO]   Collected 66 comments via RSS
2026-06-10T16:06:36+0000 [INFO] Processing post 1u0c6bp (RSS): Billionaire West Ham co-owner David Sullivan accused of prey
2026-06-10T16:06:43+0000 [INFO]   Collected 21 comments via RSS
2026-06-10T16:06:43+0000 [INFO] Processing post 1u07d33 (RSS): Initial examinations undergone by Abde Ezzalzouli are showin
2026-06-10T16:06:52+0000 [INFO]   Collected 203 comments via RSS
2026-06-10T16:06:52+0000 [INFO] Processing post 1u09dqd (RSS): Kylian Mbappé predicts the World Cup 2026 top scorer
2026-06-10T16:06:58+0000 [INFO]   Collected 61 comments via RSS
2026-06-10T16:06:58+0000 [INFO] Processing post 1u05ds9 (RSS): Telstar wants to extend Hardeveld’s contract amid interest f
2026-06-10T16:07:05+0000 [INFO]   Collected 0 comments via RSS
2026-06-10T16:07:05+0000 [INFO] Processing post 1u09ylu (RSS): Dalic admits Croatia’s World Cup opener against England ‘ Ca
2026-06-10T16:07:13+0000 [INFO]   Collected 56 comments via RSS
2026-06-10T16:07:13+0000 [INFO] Processing post 1u0arb0 (RSS): Revealed: David Sullivan’s Sunday Sport sold sexualised imag
2026-06-10T16:07:21+0000 [INFO]   Collected 40 comments via RSS
2026-06-10T16:07:21+0000 [INFO] Processing post 1u09j6s (RSS): Zlatan being Zlatan - WC
2026-06-10T16:07:28+0000 [INFO]   Collected 11 comments via RSS
2026-06-10T16:07:28+0000 [INFO] Processing post 1u07njp (RSS): Florentino Pérez continues his campaign: he launches the sal
2026-06-10T16:07:36+0000 [INFO]   Collected 81 comments via RSS
2026-06-10T16:07:36+0000 [INFO] Processing post 1u07jh1 (RSS): Sri Lanka 3-0 Bhutan - Ahmed Waseem Razeek 78'
2026-06-10T16:07:43+0000 [INFO]   Collected 1 comments via RSS
2026-06-10T16:07:43+0000 [INFO] Processing post 1u0axd1 (RSS): Tottenham advancing in move for £60m-rated Man City winger S
2026-06-10T16:07:53+0000 [INFO]   Collected 335 comments via RSS
2026-06-10T16:07:53+0000 [INFO] Processing post 1u09z0i (RSS): 17-year-old Cesena youth player Filippo Terni receives his f
2026-06-10T16:07:58+0000 [INFO]   Collected 4 comments via RSS
2026-06-10T16:07:58+0000 [INFO] Processing post 1u07glh (RSS): Japan U21 2-0 Ukraine U21 - Rei Umeki 8'
2026-06-10T16:08:05+0000 [INFO]   Collected 1 comments via RSS
2026-06-10T16:08:05+0000 [INFO] Processing post 1u09gv3 (RSS): Grosso is the new Fiorentina head coach
2026-06-10T16:08:13+0000 [INFO]   Collected 3 comments via RSS
2026-06-10T16:08:13+0000 [INFO] Processing post 1u0aoke (RSS): FIFA president Gianni Infantino taking a corner kick at a pr
2026-06-10T16:08:22+0000 [INFO]   Collected 478 comments via RSS
2026-06-10T16:08:22+0000 [INFO] Processing post 1u0aurj (RSS): "Essentially, Infantino and I are divorced" — Sepp Blatter (
2026-06-10T16:08:30+0000 [INFO]   Collected 50 comments via RSS
2026-06-10T16:08:30+0000 [INFO] Processing post 1u055on (RSS): Swiss team warns of rattlesnakes at San Diego World Cup base
2026-06-10T16:08:36+0000 [INFO]   Collected 121 comments via RSS
2026-06-10T16:08:36+0000 [INFO] Processing post 1u07hy4 (RSS): Every OFC team that has not been to the World Cup, and the c
2026-06-10T16:08:43+0000 [INFO]   Collected 7 comments via RSS
2026-06-10T16:08:43+0000 [INFO] Processing post 1u05w35 (RSS): Sri Lanka 1-0 Bhutan - Wade Dekker 16'
2026-06-10T16:08:50+0000 [INFO]   Collected 2 comments via RSS
2026-06-10T16:08:50+0000 [INFO] Processing post 1u061ro (RSS): Who, exactly, is this World Cup for? | Jerry Brewer, The Ath
2026-06-10T16:08:58+0000 [INFO]   Collected 39 comments via RSS
2026-06-10T16:08:58+0000 [INFO] Processing post 1u09vva (RSS): South Korea’s Kim hopes World Cup results make up for missin
2026-06-10T16:09:05+0000 [INFO]   Collected 11 comments via RSS
2026-06-10T16:09:05+0000 [INFO] Processing post 1u0azys (RSS): [The Analyst] The Non-Aggression Pact: Quantifying the 'Disg
2026-06-10T16:09:13+0000 [INFO]   Collected 4 comments via RSS
2026-06-10T16:09:13+0000 [INFO] Processing post 1u06rwe (RSS): All time FIFA World Cup table
2026-06-10T16:09:22+0000 [INFO]   Collected 218 comments via RSS
2026-06-10T16:09:22+0000 [INFO] Processing post 1u0a98v (RSS): Real Madrid's targets for the transfer window: Konaté & Dumf
2026-06-10T16:09:29+0000 [INFO]   Collected 129 comments via RSS
2026-06-10T16:09:29+0000 [INFO] Processing post 1u0by1o (RSS): Statement from Christian Eriksen on Instagram
2026-06-10T16:09:37+0000 [INFO]   Collected 173 comments via RSS
2026-06-10T16:09:37+0000 [INFO] Processing post 1u0b4kl (RSS): Free Printable Wall Chart - All Time Zones [OC]
2026-06-10T16:09:43+0000 [INFO]   Collected 4 comments via RSS
2026-06-10T16:09:43+0000 [INFO] Harvester complete (rss). 57 posts processed, 0 failed, 4359 total comments collected.
2026-06-10T16:37:35+0000 [INFO] Harvester starting. Target batch: 2026-06-08T16. Mode: rss
2026-06-10T16:37:35+0000 [INFO] No pending posts for batch 2026-06-08T16. Nothing to do.
