2026-06-12T14:01:58+0000 [INFO] Harvester starting. Target time: 2026-06-10T14:01:58.861513+00:00. Mode: arctic_shift+rss
2026-06-12T14:01:58+0000 [INFO] Found 6 posts to process
2026-06-12T14:01:59+0000 [INFO] Processing post 1u21lvu (Arctic Shift): [Sam Lee] Josko Gvardiol will sign the new deal and stay in 
2026-06-12T14:01:59+0000 [WARNING]   Could not re-fetch post 1u21lvu from Arctic Shift
2026-06-12T14:02:01+0000 [INFO]   Arctic Shift returned 42 comments
2026-06-12T14:02:01+0000 [INFO] Processing post 1u21rzi (Arctic Shift): SC Braga reports having reached an agreement with FC Köln fo
2026-06-12T14:02:02+0000 [WARNING]   Could not re-fetch post 1u21rzi from Arctic Shift
2026-06-12T14:02:03+0000 [INFO]   Arctic Shift returned 0 comments
2026-06-12T14:02:03+0000 [INFO] Processing post 1u22ouy (Arctic Shift): [CIES] Top-15 most popular football clubs around the world b
2026-06-12T14:02:04+0000 [WARNING]   Could not re-fetch post 1u22ouy from Arctic Shift
2026-06-12T14:02:07+0000 [INFO]   Arctic Shift returned 117 comments
2026-06-12T14:02:07+0000 [INFO] Processing post 1u22xu6 (Arctic Shift): TIME100 Most Influential People in Sports 2026: Lionel Messi
2026-06-12T14:02:08+0000 [WARNING]   Could not re-fetch post 1u22xu6 from Arctic Shift
2026-06-12T14:02:10+0000 [INFO]   Arctic Shift returned 27 comments
2026-06-12T14:02:10+0000 [INFO] Processing post 1u21u3n (Arctic Shift): Hugo Almeida: “Cristiano's age isn't a problem. He prepares 
2026-06-12T14:02:11+0000 [WARNING]   Could not re-fetch post 1u21u3n from Arctic Shift
2026-06-12T14:02:15+0000 [INFO]   Arctic Shift returned 234 comments
2026-06-12T14:02:15+0000 [INFO] Processing post 1u22k1n (Arctic Shift): FIFA World Cup manager Fabio Cannavaro breaks silence on USA
2026-06-12T14:02:16+0000 [WARNING]   Could not re-fetch post 1u22k1n from Arctic Shift
2026-06-12T14:02:20+0000 [INFO]   Arctic Shift returned 207 comments
2026-06-12T14:02:20+0000 [INFO] Harvester complete (arctic_shift+rss). 6 posts processed, 0 failed, 627 total comments collected.
2026-06-12T14:06:51+0000 [INFO] Harvester starting. Target time: 2026-06-10T14:06:51.837066+00:00. Mode: arctic_shift+rss
2026-06-12T14:06:51+0000 [INFO] No pending posts for target time 2026-06-10T14. Nothing to do.
2026-06-12T14:12:05+0000 [INFO] Harvester starting. Target time: 2026-06-10T14:12:05.261694+00:00. Mode: arctic_shift+rss
2026-06-12T14:12:05+0000 [INFO] No pending posts for target time 2026-06-10T14. Nothing to do.
2026-06-12T14:16:53+0000 [INFO] Harvester starting. Target time: 2026-06-10T14:16:53.719148+00:00. Mode: arctic_shift+rss
2026-06-12T14:16:53+0000 [INFO] No pending posts for target time 2026-06-10T14. Nothing to do.
2026-06-12T14:21:56+0000 [INFO] Harvester starting. Target time: 2026-06-10T14:21:56.120441+00:00. Mode: arctic_shift+rss
2026-06-12T14:21:56+0000 [INFO] No pending posts for target time 2026-06-10T14. Nothing to do.
2026-06-12T14:26:48+0000 [INFO] Harvester starting. Target time: 2026-06-10T14:26:48.351107+00:00. Mode: arctic_shift+rss
2026-06-12T14:26:48+0000 [INFO] No pending posts for target time 2026-06-10T14. Nothing to do.
2026-06-12T14:31:58+0000 [INFO] Harvester starting. Target time: 2026-06-10T14:31:58.138830+00:00. Mode: arctic_shift+rss
2026-06-12T14:31:58+0000 [INFO] No pending posts for target time 2026-06-10T14. Nothing to do.
2026-06-12T14:36:49+0000 [INFO] Harvester starting. Target time: 2026-06-10T14:36:49.146159+00:00. Mode: arctic_shift+rss
2026-06-12T14:36:49+0000 [INFO] No pending posts for target time 2026-06-10T14. Nothing to do.
2026-06-12T14:41:53+0000 [INFO] Harvester starting. Target time: 2026-06-10T14:41:53.682180+00:00. Mode: arctic_shift+rss
2026-06-12T14:41:53+0000 [INFO] No pending posts for target time 2026-06-10T14. Nothing to do.
2026-06-12T14:47:21+0000 [INFO] Harvester starting. Target time: 2026-06-10T14:47:21.577176+00:00. Mode: arctic_shift+rss
2026-06-12T14:47:21+0000 [INFO] No pending posts for target time 2026-06-10T14. Nothing to do.
2026-06-12T14:51:57+0000 [INFO] Harvester starting. Target time: 2026-06-10T14:51:57.471544+00:00. Mode: arctic_shift+rss
2026-06-12T14:51:57+0000 [INFO] No pending posts for target time 2026-06-10T14. Nothing to do.
2026-06-12T14:56:50+0000 [INFO] Harvester starting. Target time: 2026-06-10T14:56:50.711429+00:00. Mode: arctic_shift+rss
2026-06-12T14:56:50+0000 [INFO] No pending posts for target time 2026-06-10T14. Nothing to do.
