2026-06-11T18:02:06+0000 [INFO] Harvester starting. Target time: 2026-06-09T18:02:06.217545+00:00. Mode: arctic_shift+rss
2026-06-11T18:02:06+0000 [INFO] Found 12 posts to process
2026-06-11T18:02:06+0000 [INFO] Processing post 1u1bfbt (Arctic Shift): Real Madrid C.F. announces that, following today’s Board of 
2026-06-11T18:02:07+0000 [WARNING]   Could not re-fetch post 1u1bfbt from Arctic Shift
2026-06-11T18:02:18+0000 [INFO]   Arctic Shift returned 724 comments
2026-06-11T18:02:18+0000 [INFO] Processing post 1u1c288 (Arctic Shift): Estonia 1-0 Lithuania - Karel Mustmaa 80' (Baltic Cup, final
2026-06-11T18:02:19+0000 [WARNING]   Could not re-fetch post 1u1c288 from Arctic Shift
2026-06-11T18:02:21+0000 [INFO]   Arctic Shift returned 16 comments
2026-06-11T18:02:21+0000 [INFO] Processing post 1u1bxav (Arctic Shift): PSG defender Hakimi bids to have rape case dismissed
2026-06-11T18:02:22+0000 [WARNING]   Could not re-fetch post 1u1bxav from Arctic Shift
2026-06-11T18:02:24+0000 [INFO]   Arctic Shift returned 15 comments
2026-06-11T18:02:24+0000 [INFO] Processing post 1u1bmxp (Arctic Shift): UEFA U-17 EURO Team of the Tournament
2026-06-11T18:02:25+0000 [WARNING]   Could not re-fetch post 1u1bmxp from Arctic Shift
2026-06-11T18:02:27+0000 [INFO]   Arctic Shift returned 10 comments
2026-06-11T18:02:27+0000 [INFO] Processing post 1u1b896 (Arctic Shift): Hungary 0-1 Kazakhstan - Serhiy Malyi 9'
2026-06-11T18:02:28+0000 [WARNING]   Could not re-fetch post 1u1b896 from Arctic Shift
2026-06-11T18:02:30+0000 [INFO]   Arctic Shift returned 11 comments
2026-06-11T18:02:30+0000 [INFO] Processing post 1u1c0hx (Arctic Shift): South Shields head coach Ian Watson and assistant Carl Magna
2026-06-11T18:02:31+0000 [WARNING]   Could not re-fetch post 1u1c0hx from Arctic Shift
2026-06-11T18:02:33+0000 [INFO]   Arctic Shift returned 3 comments
2026-06-11T18:02:33+0000 [INFO] Processing post 1u1ci5i (Arctic Shift): [Estonia] win the 2026 Baltic Cup after beating Lithuania 1-
2026-06-11T18:02:34+0000 [WARNING]   Could not re-fetch post 1u1ci5i from Arctic Shift
2026-06-11T18:02:36+0000 [INFO]   Arctic Shift returned 21 comments
2026-06-11T18:02:36+0000 [INFO] Processing post 1u1cerc (Arctic Shift): Belarus 1-0 Burkina Faso - Vladislav Malkevich 56'
2026-06-11T18:02:37+0000 [WARNING]   Could not re-fetch post 1u1cerc from Arctic Shift
2026-06-11T18:02:39+0000 [INFO]   Arctic Shift returned 2 comments
2026-06-11T18:02:39+0000 [INFO] Processing post 1u1caed (Arctic Shift): Comunicado Oficial: Arbeloa leaves Real Madrid.
2026-06-11T18:02:40+0000 [WARNING]   Could not re-fetch post 1u1caed from Arctic Shift
2026-06-11T18:02:43+0000 [INFO]   Arctic Shift returned 155 comments
2026-06-11T18:02:43+0000 [INFO] Processing post 1u1ca49 (Arctic Shift): [SportSport.ba] Bournemouth have offered €35 million for Tar
2026-06-11T18:02:44+0000 [WARNING]   Could not re-fetch post 1u1ca49 from Arctic Shift
2026-06-11T18:02:46+0000 [INFO]   Arctic Shift returned 39 comments
2026-06-11T18:02:46+0000 [INFO] Processing post 1u1cm2f (Arctic Shift): David Sullivan banned from contact with West Ham women's and
2026-06-11T18:02:47+0000 [WARNING]   Could not re-fetch post 1u1cm2f from Arctic Shift
2026-06-11T18:02:49+0000 [INFO]   Arctic Shift returned 60 comments
2026-06-11T18:02:49+0000 [INFO] Processing post 1u1cisc (Arctic Shift): Chile 1-0 Congo - Dario Osorio 51' (Great goal)
2026-06-11T18:02:51+0000 [WARNING]   Could not re-fetch post 1u1cisc from Arctic Shift
2026-06-11T18:02:52+0000 [INFO]   Arctic Shift returned 7 comments
2026-06-11T18:02:52+0000 [INFO] Harvester complete (arctic_shift+rss). 12 posts processed, 0 failed, 1063 total comments collected.
2026-06-11T18:07:48+0000 [INFO] Harvester starting. Target time: 2026-06-09T18:07:48.966349+00:00. Mode: arctic_shift+rss
2026-06-11T18:07:48+0000 [INFO] No pending posts for target time 2026-06-09T18. Nothing to do.
2026-06-11T18:12:11+0000 [INFO] Harvester starting. Target time: 2026-06-09T18:12:11.411842+00:00. Mode: arctic_shift+rss
2026-06-11T18:12:11+0000 [INFO] No pending posts for target time 2026-06-09T18. Nothing to do.
2026-06-11T18:17:12+0000 [INFO] Harvester starting. Target time: 2026-06-09T18:17:12.080642+00:00. Mode: arctic_shift+rss
2026-06-11T18:17:12+0000 [INFO] No pending posts for target time 2026-06-09T18. Nothing to do.
2026-06-11T18:21:59+0000 [INFO] Harvester starting. Target time: 2026-06-09T18:21:59.701978+00:00. Mode: arctic_shift+rss
2026-06-11T18:21:59+0000 [INFO] No pending posts for target time 2026-06-09T18. Nothing to do.
2026-06-11T18:26:59+0000 [INFO] Harvester starting. Target time: 2026-06-09T18:26:59.538226+00:00. Mode: arctic_shift+rss
2026-06-11T18:26:59+0000 [INFO] No pending posts for target time 2026-06-09T18. Nothing to do.
2026-06-11T18:32:05+0000 [INFO] Harvester starting. Target time: 2026-06-09T18:32:05.262172+00:00. Mode: arctic_shift+rss
2026-06-11T18:32:05+0000 [INFO] No pending posts for target time 2026-06-09T18. Nothing to do.
2026-06-11T18:36:59+0000 [INFO] Harvester starting. Target time: 2026-06-09T18:36:59.072669+00:00. Mode: arctic_shift+rss
2026-06-11T18:36:59+0000 [INFO] No pending posts for target time 2026-06-09T18. Nothing to do.
2026-06-11T18:42:06+0000 [INFO] Harvester starting. Target time: 2026-06-09T18:42:06.103031+00:00. Mode: arctic_shift+rss
2026-06-11T18:42:06+0000 [INFO] No pending posts for target time 2026-06-09T18. Nothing to do.
2026-06-11T18:47:07+0000 [INFO] Harvester starting. Target time: 2026-06-09T18:47:07.634364+00:00. Mode: arctic_shift+rss
2026-06-11T18:47:07+0000 [INFO] No pending posts for target time 2026-06-09T18. Nothing to do.
