2026-06-13T06:02:30+0000 [INFO] Harvester starting. Target time: 2026-06-11T06:02:30.529188+00:00. Mode: arctic_shift+rss
2026-06-13T06:02:30+0000 [INFO] Found 14 posts to process
2026-06-13T06:02:30+0000 [INFO] Processing post 1u2qlp3 (Arctic Shift): How do you think the hot summer conditions across US venues 
2026-06-13T06:02:31+0000 [WARNING]   Could not re-fetch post 1u2qlp3 from Arctic Shift
2026-06-13T06:02:33+0000 [INFO]   Arctic Shift returned 1 comments
2026-06-13T06:02:33+0000 [INFO] Processing post 1u2qnrr (Arctic Shift): [World Cup 2026 Preview] Bosnia and Herzegovina: Chaos, Poke
2026-06-13T06:02:34+0000 [WARNING]   Could not re-fetch post 1u2qnrr from Arctic Shift
2026-06-13T06:02:36+0000 [INFO]   Arctic Shift returned 53 comments
2026-06-13T06:02:36+0000 [INFO] Processing post 1u2qwli (Arctic Shift): I couldn't find a World Cup predictor game I liked, so I bui
2026-06-13T06:02:37+0000 [WARNING]   Could not re-fetch post 1u2qwli from Arctic Shift
2026-06-13T06:02:39+0000 [INFO]   Arctic Shift returned 1 comments
2026-06-13T06:02:39+0000 [INFO] Processing post 1u2r16z (Arctic Shift): Patrick Wimmer on Christian Eriksen: "He warned us that the 
2026-06-13T06:02:40+0000 [WARNING]   Could not re-fetch post 1u2r16z from Arctic Shift
2026-06-13T06:02:42+0000 [INFO]   Arctic Shift returned 5 comments
2026-06-13T06:02:42+0000 [INFO] Processing post 1u2r802 (Arctic Shift): Move over Paul the Octopus 🇲🇽🇿🇦
2026-06-13T06:02:43+0000 [WARNING]   Could not re-fetch post 1u2r802 from Arctic Shift
2026-06-13T06:02:45+0000 [INFO]   Arctic Shift returned 1 comments
2026-06-13T06:02:45+0000 [INFO] Processing post 1u2r90r (Arctic Shift): Move over Paul the Octopus
2026-06-13T06:02:46+0000 [WARNING]   Could not re-fetch post 1u2r90r from Arctic Shift
2026-06-13T06:02:48+0000 [INFO]   Arctic Shift returned 1 comments
2026-06-13T06:02:48+0000 [INFO] Processing post 1u2r8op (Arctic Shift): 2026 World Cup Bold Predictions - the Results!
2026-06-13T06:02:48+0000 [WARNING]   Could not re-fetch post 1u2r8op from Arctic Shift
2026-06-13T06:02:51+0000 [INFO]   Arctic Shift returned 1 comments
2026-06-13T06:02:51+0000 [INFO] Processing post 1u2r8v4 (Arctic Shift): [Liam Keen] Wolves have just sacked Rob Edwards
2026-06-13T06:02:52+0000 [WARNING]   Could not re-fetch post 1u2r8v4 from Arctic Shift
2026-06-13T06:02:54+0000 [INFO]   Arctic Shift returned 1 comments
2026-06-13T06:02:54+0000 [INFO] Processing post 1u2reqg (Arctic Shift): [ Removed by moderator ]
2026-06-13T06:02:55+0000 [WARNING]   Could not re-fetch post 1u2reqg from Arctic Shift
2026-06-13T06:02:57+0000 [INFO]   Arctic Shift returned 1 comments
2026-06-13T06:02:57+0000 [INFO] Processing post 1u2remd (Arctic Shift): OC: I mapped all 1,248 World Cup players: birthplaces, clubs
2026-06-13T06:02:58+0000 [WARNING]   Could not re-fetch post 1u2remd from Arctic Shift
2026-06-13T06:03:00+0000 [INFO]   Arctic Shift returned 1 comments
2026-06-13T06:03:00+0000 [INFO] Processing post 1u2rhky (Arctic Shift): How 2K Can Destroy EA FC: A Blueprint for a Choice-Driven St
2026-06-13T06:03:01+0000 [WARNING]   Could not re-fetch post 1u2rhky from Arctic Shift
2026-06-13T06:03:03+0000 [INFO]   Arctic Shift returned 1 comments
2026-06-13T06:03:03+0000 [INFO] Processing post 1u2rlph (Arctic Shift): I made a small tool to track World Cup matches by club
2026-06-13T06:03:04+0000 [WARNING]   Could not re-fetch post 1u2rlph from Arctic Shift
2026-06-13T06:03:06+0000 [INFO]   Arctic Shift returned 2 comments
2026-06-13T06:03:06+0000 [INFO] Processing post 1u2rksq (Arctic Shift): I made a small tool to track World Cup matches by club
2026-06-13T06:03:07+0000 [WARNING]   Could not re-fetch post 1u2rksq from Arctic Shift
2026-06-13T06:03:09+0000 [INFO]   Arctic Shift returned 1 comments
2026-06-13T06:03:09+0000 [INFO] Processing post 1u2rj7z (Arctic Shift): [John Percy]Wolves sack Rob Edwards and will appoint Portugu
2026-06-13T06:03:10+0000 [WARNING]   Could not re-fetch post 1u2rj7z from Arctic Shift
2026-06-13T06:03:13+0000 [INFO]   Arctic Shift returned 174 comments
2026-06-13T06:03:13+0000 [INFO] Harvester complete (arctic_shift+rss). 14 posts processed, 0 failed, 244 total comments collected.
2026-06-13T06:07:30+0000 [INFO] Harvester starting. Target time: 2026-06-11T06:07:30.979031+00:00. Mode: arctic_shift+rss
2026-06-13T06:07:30+0000 [INFO] No pending posts for target time 2026-06-11T06. Nothing to do.
2026-06-13T06:12:34+0000 [INFO] Harvester starting. Target time: 2026-06-11T06:12:34.048852+00:00. Mode: arctic_shift+rss
2026-06-13T06:12:34+0000 [INFO] No pending posts for target time 2026-06-11T06. Nothing to do.
2026-06-13T06:17:23+0000 [INFO] Harvester starting. Target time: 2026-06-11T06:17:23.152662+00:00. Mode: arctic_shift+rss
2026-06-13T06:17:23+0000 [INFO] No pending posts for target time 2026-06-11T06. Nothing to do.
2026-06-13T06:22:25+0000 [INFO] Harvester starting. Target time: 2026-06-11T06:22:25.272424+00:00. Mode: arctic_shift+rss
2026-06-13T06:22:25+0000 [INFO] No pending posts for target time 2026-06-11T06. Nothing to do.
2026-06-13T06:27:29+0000 [INFO] Harvester starting. Target time: 2026-06-11T06:27:29.507160+00:00. Mode: arctic_shift+rss
2026-06-13T06:27:29+0000 [INFO] No pending posts for target time 2026-06-11T06. Nothing to do.
2026-06-13T06:32:34+0000 [INFO] Harvester starting. Target time: 2026-06-11T06:32:34.437984+00:00. Mode: arctic_shift+rss
2026-06-13T06:32:34+0000 [INFO] No pending posts for target time 2026-06-11T06. Nothing to do.
2026-06-13T06:37:23+0000 [INFO] Harvester starting. Target time: 2026-06-11T06:37:23.531023+00:00. Mode: arctic_shift+rss
2026-06-13T06:37:23+0000 [INFO] No pending posts for target time 2026-06-11T06. Nothing to do.
2026-06-13T06:42:23+0000 [INFO] Harvester starting. Target time: 2026-06-11T06:42:23.419760+00:00. Mode: arctic_shift+rss
2026-06-13T06:42:23+0000 [INFO] No pending posts for target time 2026-06-11T06. Nothing to do.
