2026-06-13T05:02:43+0000 [INFO] Harvester starting. Target time: 2026-06-11T05:02:43.794209+00:00. Mode: arctic_shift+rss
2026-06-13T05:02:43+0000 [INFO] Found 11 posts to process
2026-06-13T05:02:43+0000 [INFO] Processing post 1u2pzsf (Arctic Shift): World Cup bracket
2026-06-13T05:02:44+0000 [WARNING]   Could not re-fetch post 1u2pzsf from Arctic Shift
2026-06-13T05:02:46+0000 [INFO]   Arctic Shift returned 1 comments
2026-06-13T05:02:46+0000 [INFO] Processing post 1u2py5k (Arctic Shift): [NOS] KNVB director Van Leeuwen does not want to play the mo
2026-06-13T05:02:47+0000 [WARNING]   Could not re-fetch post 1u2py5k from Arctic Shift
2026-06-13T05:02:49+0000 [INFO]   Arctic Shift returned 62 comments
2026-06-13T05:02:49+0000 [INFO] Processing post 1u2pzlx (Arctic Shift): Why a World Cup is the biggest event on planet Earth: True b
2026-06-13T05:02:51+0000 [WARNING]   Could not re-fetch post 1u2pzlx from Arctic Shift
2026-06-13T05:02:54+0000 [INFO]   Arctic Shift returned 38 comments
2026-06-13T05:02:54+0000 [INFO] Processing post 1u2py34 (Arctic Shift): Nobody beating my bracket🙂‍↔️🤓🥸
2026-06-13T05:02:54+0000 [WARNING]   Could not re-fetch post 1u2py34 from Arctic Shift
2026-06-13T05:02:56+0000 [INFO]   Arctic Shift returned 1 comments
2026-06-13T05:02:56+0000 [INFO] Processing post 1u2q1me (Arctic Shift): World Cup prediction pool (free)
2026-06-13T05:02:57+0000 [WARNING]   Could not re-fetch post 1u2q1me from Arctic Shift
2026-06-13T05:02:59+0000 [INFO]   Arctic Shift returned 2 comments
2026-06-13T05:02:59+0000 [INFO] Processing post 1u2q380 (Arctic Shift): This Brazil vs. Netherlands World Cup 1974 match, in color a
2026-06-13T05:03:01+0000 [WARNING]   Could not re-fetch post 1u2q380 from Arctic Shift
2026-06-13T05:03:05+0000 [INFO]   Arctic Shift returned 1 comments
2026-06-13T05:03:05+0000 [INFO] Processing post 1u2q8kk (Arctic Shift): [Highlight] Ronaldo cross or shot attempt from yesterday
2026-06-13T05:03:05+0000 [WARNING]   Could not re-fetch post 1u2q8kk from Arctic Shift
2026-06-13T05:03:07+0000 [INFO]   Arctic Shift returned 6 comments
2026-06-13T05:03:07+0000 [INFO] Processing post 1u2q7ge (Arctic Shift): World Cup prediction pool (free)
2026-06-13T05:03:08+0000 [WARNING]   Could not re-fetch post 1u2q7ge from Arctic Shift
2026-06-13T05:03:10+0000 [INFO]   Arctic Shift returned 2 comments
2026-06-13T05:03:10+0000 [INFO] Processing post 1u2qd9p (Arctic Shift): [Author: Me] The Aura. The Samba. Brazil, Raphinha, and the 
2026-06-13T05:03:11+0000 [WARNING]   Could not re-fetch post 1u2qd9p from Arctic Shift
2026-06-13T05:03:14+0000 [INFO]   Arctic Shift returned 1 comments
2026-06-13T05:03:14+0000 [INFO] Processing post 1u2qdpx (Arctic Shift): Age Appropriate Coaching | Pro Touch Football
2026-06-13T05:03:14+0000 [WARNING]   Could not re-fetch post 1u2qdpx from Arctic Shift
2026-06-13T05:03:16+0000 [INFO]   Arctic Shift returned 0 comments
2026-06-13T05:03:16+0000 [INFO] Processing post 1u2qh72 (Arctic Shift): The 2026 World Cup starts today. 'The Beautiful Game' (video
2026-06-13T05:03:16+0000 [WARNING]   Could not re-fetch post 1u2qh72 from Arctic Shift
2026-06-13T05:03:18+0000 [INFO]   Arctic Shift returned 23 comments
2026-06-13T05:03:18+0000 [INFO] Harvester complete (arctic_shift+rss). 11 posts processed, 0 failed, 137 total comments collected.
2026-06-13T05:07:19+0000 [INFO] Harvester starting. Target time: 2026-06-11T05:07:19.667524+00:00. Mode: arctic_shift+rss
2026-06-13T05:07:19+0000 [INFO] No pending posts for target time 2026-06-11T05. Nothing to do.
