2026-06-13T04:02:29+0000 [INFO] Harvester starting. Target time: 2026-06-11T04:02:29.789848+00:00. Mode: arctic_shift+rss
2026-06-13T04:02:29+0000 [INFO] Found 6 posts to process
2026-06-13T04:02:29+0000 [INFO] Processing post 1u2oa7q (Arctic Shift): Brazil vs Egypt friendly match
2026-06-13T04:02:30+0000 [WARNING]   Could not re-fetch post 1u2oa7q from Arctic Shift
2026-06-13T04:02:32+0000 [INFO]   Arctic Shift returned 3 comments
2026-06-13T04:02:32+0000 [INFO] Processing post 1u2ohrt (Arctic Shift): Guys what are some hidden gem deep lying playmakers?
2026-06-13T04:02:33+0000 [WARNING]   Could not re-fetch post 1u2ohrt from Arctic Shift
2026-06-13T04:02:35+0000 [INFO]   Arctic Shift returned 1 comments
2026-06-13T04:02:35+0000 [INFO] Processing post 1u2on7t (Arctic Shift): Ronaldos first half misses
2026-06-13T04:02:36+0000 [WARNING]   Could not re-fetch post 1u2on7t from Arctic Shift
2026-06-13T04:02:38+0000 [INFO]   Arctic Shift returned 1 comments
2026-06-13T04:02:38+0000 [INFO] Processing post 1u2oz6y (Arctic Shift): 90% of users in this app think Mexico is winning today, am I
2026-06-13T04:02:39+0000 [WARNING]   Could not re-fetch post 1u2oz6y from Arctic Shift
2026-06-13T04:02:40+0000 [INFO]   Arctic Shift returned 0 comments
2026-06-13T04:02:40+0000 [INFO] Processing post 1u2p041 (Arctic Shift): I'm broke, I can't afford a coach, and I'm dead serious abou
2026-06-13T04:02:41+0000 [WARNING]   Could not re-fetch post 1u2p041 from Arctic Shift
2026-06-13T04:02:43+0000 [INFO]   Arctic Shift returned 2 comments
2026-06-13T04:02:43+0000 [INFO] Processing post 1u2p8bl (Arctic Shift): World Cup 8-0 game
2026-06-13T04:02:44+0000 [WARNING]   Could not re-fetch post 1u2p8bl from Arctic Shift
2026-06-13T04:02:46+0000 [INFO]   Arctic Shift returned 1 comments
2026-06-13T04:02:46+0000 [INFO] Harvester complete (arctic_shift+rss). 6 posts processed, 0 failed, 8 total comments collected.
