2026-06-12T10:02:44+0000 [INFO] Harvester starting. Target time: 2026-06-10T10:02:44.664710+00:00. Mode: arctic_shift+rss
2026-06-12T10:02:44+0000 [INFO] Found 7 posts to process
2026-06-12T10:02:44+0000 [INFO] Processing post 1u1x21a (Arctic Shift): How scammers are using AI and automated social engineering t
2026-06-12T10:02:45+0000 [WARNING]   Could not re-fetch post 1u1x21a from Arctic Shift
2026-06-12T10:02:47+0000 [INFO]   Arctic Shift returned 6 comments
2026-06-12T10:02:47+0000 [INFO] Processing post 1u1x7t9 (Arctic Shift): [Sunderland AFC] announce retained list for 2026-27
2026-06-12T10:02:48+0000 [WARNING]   Could not re-fetch post 1u1x7t9 from Arctic Shift
2026-06-12T10:02:50+0000 [INFO]   Arctic Shift returned 14 comments
2026-06-12T10:02:50+0000 [INFO] Processing post 1u1xkq4 (Arctic Shift): United's retained list and released players
2026-06-12T10:02:51+0000 [WARNING]   Could not re-fetch post 1u1xkq4 from Arctic Shift
2026-06-12T10:02:53+0000 [INFO]   Arctic Shift returned 84 comments
2026-06-12T10:02:53+0000 [INFO] Processing post 1u1wvr1 (Arctic Shift): Illan Meslier to leave Leeds United after seven seasons
2026-06-12T10:02:54+0000 [WARNING]   Could not re-fetch post 1u1wvr1 from Arctic Shift
2026-06-12T10:02:56+0000 [INFO]   Arctic Shift returned 48 comments
2026-06-12T10:02:56+0000 [INFO] Processing post 1u1wyuj (Arctic Shift): Ares owed more than half a billion dollars after collapse of
2026-06-12T10:02:57+0000 [WARNING]   Could not re-fetch post 1u1wyuj from Arctic Shift
2026-06-12T10:03:01+0000 [INFO]   Arctic Shift returned 9 comments
2026-06-12T10:03:01+0000 [INFO] Processing post 1u1x20u (Arctic Shift): Men’s player update: we can confirm the departure of Yves Bi
2026-06-12T10:03:03+0000 [WARNING]   Could not re-fetch post 1u1x20u from Arctic Shift
2026-06-12T10:03:04+0000 [INFO]   Arctic Shift returned 46 comments
2026-06-12T10:03:04+0000 [INFO] Processing post 1u1x6cv (Arctic Shift): [Marca] Barcelona will not sign Marcus Rashford. They won't 
2026-06-12T10:03:05+0000 [WARNING]   Could not re-fetch post 1u1x6cv from Arctic Shift
2026-06-12T10:03:17+0000 [INFO]   Arctic Shift returned 612 comments
2026-06-12T10:03:17+0000 [INFO] Harvester complete (arctic_shift+rss). 7 posts processed, 0 failed, 819 total comments collected.
2026-06-12T10:07:22+0000 [INFO] Harvester starting. Target time: 2026-06-10T10:07:22.236274+00:00. Mode: arctic_shift+rss
2026-06-12T10:07:22+0000 [INFO] No pending posts for target time 2026-06-10T10. Nothing to do.
2026-06-12T10:12:30+0000 [INFO] Harvester starting. Target time: 2026-06-10T10:12:30.198431+00:00. Mode: arctic_shift+rss
2026-06-12T10:12:30+0000 [INFO] No pending posts for target time 2026-06-10T10. Nothing to do.
2026-06-12T10:17:31+0000 [INFO] Harvester starting. Target time: 2026-06-10T10:17:31.349422+00:00. Mode: arctic_shift+rss
2026-06-12T10:17:31+0000 [INFO] No pending posts for target time 2026-06-10T10. Nothing to do.
2026-06-12T10:22:22+0000 [INFO] Harvester starting. Target time: 2026-06-10T10:22:22.078238+00:00. Mode: arctic_shift+rss
2026-06-12T10:22:22+0000 [INFO] No pending posts for target time 2026-06-10T10. Nothing to do.
