2026-06-13T01:02:20+0000 [INFO] Harvester starting. Target time: 2026-06-11T01:02:20.741275+00:00. Mode: arctic_shift+rss
2026-06-13T01:02:20+0000 [INFO] Found 5 posts to process
2026-06-13T01:02:20+0000 [INFO] Processing post 1u2kk0t (Arctic Shift): Made a free World Cup calendar you can subscribe to. All 104
2026-06-13T01:02:21+0000 [WARNING]   Could not re-fetch post 1u2kk0t from Arctic Shift
2026-06-13T01:02:22+0000 [INFO]   Arctic Shift returned 0 comments
2026-06-13T01:02:22+0000 [INFO] Processing post 1u2kmzr (Arctic Shift): Countdown Concert Match Thread?
2026-06-13T01:02:23+0000 [WARNING]   Could not re-fetch post 1u2kmzr from Arctic Shift
2026-06-13T01:02:25+0000 [INFO]   Arctic Shift returned 1 comments
2026-06-13T01:02:25+0000 [INFO] Processing post 1u2kpmp (Arctic Shift): National Anthem Durations of All 2026 World Cup Nations
2026-06-13T01:02:26+0000 [WARNING]   Could not re-fetch post 1u2kpmp from Arctic Shift
2026-06-13T01:02:28+0000 [INFO]   Arctic Shift returned 1 comments
2026-06-13T01:02:28+0000 [INFO] Processing post 1u2kqrv (Arctic Shift): SF Bay Area World Cup dressed rehearsal
2026-06-13T01:02:29+0000 [WARNING]   Could not re-fetch post 1u2kqrv from Arctic Shift
2026-06-13T01:02:31+0000 [INFO]   Arctic Shift returned 1 comments
2026-06-13T01:02:31+0000 [INFO] Processing post 1u2kwlh (Arctic Shift): World Cup Pool
2026-06-13T01:02:32+0000 [WARNING]   Could not re-fetch post 1u2kwlh from Arctic Shift
2026-06-13T01:02:34+0000 [INFO]   Arctic Shift returned 1 comments
2026-06-13T01:02:34+0000 [INFO] Harvester complete (arctic_shift+rss). 5 posts processed, 0 failed, 4 total comments collected.
2026-06-13T01:07:05+0000 [INFO] Harvester starting. Target time: 2026-06-11T01:07:05.356394+00:00. Mode: arctic_shift+rss
2026-06-13T01:07:05+0000 [INFO] No pending posts for target time 2026-06-11T01. Nothing to do.
2026-06-13T01:12:09+0000 [INFO] Harvester starting. Target time: 2026-06-11T01:12:09.057106+00:00. Mode: arctic_shift+rss
2026-06-13T01:12:09+0000 [INFO] No pending posts for target time 2026-06-11T01. Nothing to do.
2026-06-13T01:17:06+0000 [INFO] Harvester starting. Target time: 2026-06-11T01:17:06.890563+00:00. Mode: arctic_shift+rss
2026-06-13T01:17:06+0000 [INFO] No pending posts for target time 2026-06-11T01. Nothing to do.
2026-06-13T01:22:09+0000 [INFO] Harvester starting. Target time: 2026-06-11T01:22:09.640399+00:00. Mode: arctic_shift+rss
2026-06-13T01:22:09+0000 [INFO] No pending posts for target time 2026-06-11T01. Nothing to do.
2026-06-13T01:27:07+0000 [INFO] Harvester starting. Target time: 2026-06-11T01:27:07.451759+00:00. Mode: arctic_shift+rss
2026-06-13T01:27:07+0000 [INFO] No pending posts for target time 2026-06-11T01. Nothing to do.
2026-06-13T01:32:14+0000 [INFO] Harvester starting. Target time: 2026-06-11T01:32:14.058365+00:00. Mode: arctic_shift+rss
2026-06-13T01:32:14+0000 [INFO] No pending posts for target time 2026-06-11T01. Nothing to do.
