2026-06-11T16:02:06+0000 [INFO] Harvester starting. Target time: 2026-06-09T16:02:06.415446+00:00. Mode: arctic_shift+rss
2026-06-11T16:02:06+0000 [INFO] Found 12 posts to process
2026-06-11T16:02:06+0000 [INFO] Processing post 1u18xwx (Arctic Shift): Fenerbahçe's previous management had reached an agreement wi
2026-06-11T16:02:06+0000 [WARNING]   Could not re-fetch post 1u18xwx from Arctic Shift
2026-06-11T16:02:09+0000 [INFO]   Arctic Shift returned 50 comments
2026-06-11T16:02:09+0000 [INFO] Processing post 1u19eo6 (Arctic Shift): Manchester City centre back Jahmai Simpson-Pusey will join G
2026-06-11T16:02:10+0000 [WARNING]   Could not re-fetch post 1u19eo6 from Arctic Shift
2026-06-11T16:02:12+0000 [INFO]   Arctic Shift returned 45 comments
2026-06-11T16:02:12+0000 [INFO] Processing post 1u18pu4 (Arctic Shift): Match Thread: Armenia vs Moldova
2026-06-11T16:02:12+0000 [WARNING]   Could not re-fetch post 1u18pu4 from Arctic Shift
2026-06-11T16:02:15+0000 [INFO]   Arctic Shift returned 1 comments
2026-06-11T16:02:15+0000 [INFO] Processing post 1u188yx (Arctic Shift): Ethiopia 0-1 Malawi - Babatunde Adepoju 19'
2026-06-11T16:02:16+0000 [WARNING]   Could not re-fetch post 1u188yx from Arctic Shift
2026-06-11T16:02:18+0000 [INFO]   Arctic Shift returned 4 comments
2026-06-11T16:02:18+0000 [INFO] Processing post 1u18b5n (Arctic Shift): Fenerbahçe's new management is preparing to make its first m
2026-06-11T16:02:19+0000 [WARNING]   Could not re-fetch post 1u18b5n from Arctic Shift
2026-06-11T16:02:21+0000 [INFO]   Arctic Shift returned 4 comments
2026-06-11T16:02:21+0000 [INFO] Processing post 1u199vm (Arctic Shift): [BBC] What now for West Ham after Sullivan allegations?
2026-06-11T16:02:22+0000 [WARNING]   Could not re-fetch post 1u199vm from Arctic Shift
2026-06-11T16:02:45+0000 [INFO]   Arctic Shift returned 8 comments
2026-06-11T16:02:45+0000 [INFO] Processing post 1u1971q (Arctic Shift): [Ben Jacobs] There are provisions for certain Champions Leag
2026-06-11T16:02:46+0000 [WARNING]   Could not re-fetch post 1u1971q from Arctic Shift
2026-06-11T16:02:49+0000 [INFO]   Arctic Shift returned 40 comments
2026-06-11T16:02:49+0000 [INFO] Processing post 1u18hau (Arctic Shift): Loris Karius stays at Schalke 04 until 2028
2026-06-11T16:02:50+0000 [WARNING]   Could not re-fetch post 1u18hau from Arctic Shift
2026-06-11T16:02:52+0000 [INFO]   Arctic Shift returned 39 comments
2026-06-11T16:02:52+0000 [INFO] Processing post 1u18sr2 (Arctic Shift): [Peter L'Official] Why Always Vini? The Brazilian superstar’
2026-06-11T16:02:53+0000 [WARNING]   Could not re-fetch post 1u18sr2 from Arctic Shift
2026-06-11T16:02:56+0000 [INFO]   Arctic Shift returned 38 comments
2026-06-11T16:02:56+0000 [INFO] Processing post 1u18d5u (Arctic Shift): Tajikistan 0-1 India - Vikram Partap Singh 25'
2026-06-11T16:02:57+0000 [WARNING]   Could not re-fetch post 1u18d5u from Arctic Shift
2026-06-11T16:02:59+0000 [INFO]   Arctic Shift returned 5 comments
2026-06-11T16:02:59+0000 [INFO] Processing post 1u18rqj (Arctic Shift): Al Hilal are preparing a lucrative offer for Vítor Pereira.
2026-06-11T16:03:00+0000 [WARNING]   Could not re-fetch post 1u18rqj from Arctic Shift
2026-06-11T16:03:13+0000 [INFO]   Arctic Shift returned 26 comments
2026-06-11T16:03:13+0000 [INFO] Processing post 1u192l6 (Arctic Shift): Every South American team that has not been to the World Cup
2026-06-11T16:03:13+0000 [WARNING]   Could not re-fetch post 1u192l6 from Arctic Shift
2026-06-11T16:03:15+0000 [INFO]   Arctic Shift returned 21 comments
2026-06-11T16:03:15+0000 [INFO] Harvester complete (arctic_shift+rss). 12 posts processed, 0 failed, 281 total comments collected.
2026-06-11T16:07:06+0000 [INFO] Harvester starting. Target time: 2026-06-09T16:07:06.858761+00:00. Mode: arctic_shift+rss
2026-06-11T16:07:06+0000 [INFO] No pending posts for target time 2026-06-09T16. Nothing to do.
2026-06-11T16:12:04+0000 [INFO] Harvester starting. Target time: 2026-06-09T16:12:04.198382+00:00. Mode: arctic_shift+rss
2026-06-11T16:12:04+0000 [INFO] No pending posts for target time 2026-06-09T16. Nothing to do.
2026-06-11T16:16:59+0000 [INFO] Harvester starting. Target time: 2026-06-09T16:16:59.726196+00:00. Mode: arctic_shift+rss
2026-06-11T16:16:59+0000 [INFO] No pending posts for target time 2026-06-09T16. Nothing to do.
2026-06-11T16:22:14+0000 [INFO] Harvester starting. Target time: 2026-06-09T16:22:14.429360+00:00. Mode: arctic_shift+rss
2026-06-11T16:22:14+0000 [INFO] No pending posts for target time 2026-06-09T16. Nothing to do.
2026-06-11T16:26:54+0000 [INFO] Harvester starting. Target time: 2026-06-09T16:26:54.665376+00:00. Mode: arctic_shift+rss
2026-06-11T16:26:54+0000 [INFO] No pending posts for target time 2026-06-09T16. Nothing to do.
