2026-06-11T11:01:44+0000 [INFO] Harvester starting. Target time: 2026-06-09T11:01:44.485361+00:00. Mode: arctic_shift+rss
2026-06-11T11:01:44+0000 [INFO] Found 8 posts to process
2026-06-11T11:01:44+0000 [INFO] Processing post 1u11kfc (Arctic Shift): Somalia seeks explanations from FIFA and the United States: 
2026-06-11T11:01:45+0000 [WARNING]   Could not re-fetch post 1u11kfc from Arctic Shift
2026-06-11T11:01:47+0000 [INFO]   Arctic Shift returned 101 comments
2026-06-11T11:01:48+0000 [INFO] Processing post 1u10pj5 (Arctic Shift): [Sky] Inter-Palestra, negotiations are on hold. Inter have o
2026-06-11T11:01:48+0000 [WARNING]   Could not re-fetch post 1u10pj5 from Arctic Shift
2026-06-11T11:01:50+0000 [INFO]   Arctic Shift returned 60 comments
2026-06-11T11:01:50+0000 [INFO] Processing post 1u11nbu (Arctic Shift): [Stephan von Nocks] Bayer Leverkusen take pole position ahea
2026-06-11T11:01:51+0000 [WARNING]   Could not re-fetch post 1u11nbu from Arctic Shift
2026-06-11T11:01:53+0000 [INFO]   Arctic Shift returned 34 comments
2026-06-11T11:01:53+0000 [INFO] Processing post 1u112o0 (Arctic Shift): [Official] Ajax must pay compensation to the scouting agency
2026-06-11T11:01:55+0000 [WARNING]   Could not re-fetch post 1u112o0 from Arctic Shift
2026-06-11T11:01:56+0000 [INFO]   Arctic Shift returned 14 comments
2026-06-11T11:01:56+0000 [INFO] Processing post 1u10s82 (Arctic Shift): Egyptian fans are pretty optimistic about their first WC win
2026-06-11T11:01:57+0000 [WARNING]   Could not re-fetch post 1u10s82 from Arctic Shift
2026-06-11T11:01:59+0000 [INFO]   Arctic Shift returned 42 comments
2026-06-11T11:01:59+0000 [INFO] Processing post 1u10ow4 (Arctic Shift): Ian Wright on Instagram regarding the Somalian referee being
2026-06-11T11:02:00+0000 [WARNING]   Could not re-fetch post 1u10ow4 from Arctic Shift
2026-06-11T11:02:09+0000 [INFO]   Arctic Shift returned 657 comments
2026-06-11T11:02:09+0000 [INFO] Processing post 1u11omy (Arctic Shift): The $25.8m Kansas City ‘World Cup jail’ that isn’t ready for
2026-06-11T11:02:10+0000 [WARNING]   Could not re-fetch post 1u11omy from Arctic Shift
2026-06-11T11:02:13+0000 [INFO]   Arctic Shift returned 20 comments
2026-06-11T11:02:13+0000 [INFO] Processing post 1u11gyg (Arctic Shift): Platini files criminal complaint against FIFA's Infantino
2026-06-11T11:02:13+0000 [WARNING]   Could not re-fetch post 1u11gyg from Arctic Shift
2026-06-11T11:02:16+0000 [INFO]   Arctic Shift returned 114 comments
2026-06-11T11:02:16+0000 [INFO] Harvester complete (arctic_shift+rss). 8 posts processed, 0 failed, 1042 total comments collected.
2026-06-11T11:06:34+0000 [INFO] Harvester starting. Target time: 2026-06-09T11:06:34.704620+00:00. Mode: arctic_shift+rss
2026-06-11T11:06:34+0000 [INFO] No pending posts for target time 2026-06-09T11. Nothing to do.
2026-06-11T11:07:36+0000 [INFO] Harvester starting. Target time: 2026-06-09T11:07:36.102714+00:00. Mode: arctic_shift+rss
2026-06-11T11:07:36+0000 [INFO] No pending posts for target time 2026-06-09T11. Nothing to do.
2026-06-11T11:11:39+0000 [INFO] Harvester starting. Target time: 2026-06-09T11:11:39.418651+00:00. Mode: arctic_shift+rss
2026-06-11T11:11:39+0000 [INFO] No pending posts for target time 2026-06-09T11. Nothing to do.
2026-06-11T11:16:41+0000 [INFO] Harvester starting. Target time: 2026-06-09T11:16:41.011156+00:00. Mode: arctic_shift+rss
2026-06-11T11:16:41+0000 [INFO] No pending posts for target time 2026-06-09T11. Nothing to do.
2026-06-11T11:21:34+0000 [INFO] Harvester starting. Target time: 2026-06-09T11:21:34.876893+00:00. Mode: arctic_shift+rss
2026-06-11T11:21:34+0000 [INFO] No pending posts for target time 2026-06-09T11. Nothing to do.
2026-06-11T11:26:34+0000 [INFO] Harvester starting. Target time: 2026-06-09T11:26:34.572235+00:00. Mode: arctic_shift+rss
2026-06-11T11:26:34+0000 [INFO] No pending posts for target time 2026-06-09T11. Nothing to do.
2026-06-11T11:31:40+0000 [INFO] Harvester starting. Target time: 2026-06-09T11:31:40.841039+00:00. Mode: arctic_shift+rss
2026-06-11T11:31:40+0000 [INFO] No pending posts for target time 2026-06-09T11. Nothing to do.
