2026-06-11T07:01:50+0000 [INFO] Harvester starting. Target time: 2026-06-09T07:01:50.398442+00:00. Mode: arctic_shift+rss
2026-06-11T07:01:50+0000 [INFO] Found 5 posts to process
2026-06-11T07:01:50+0000 [INFO] Processing post 1u0xcnf (Arctic Shift): A tool to help us wrap our heads around the 2026 bracket
2026-06-11T07:01:51+0000 [WARNING]   Could not re-fetch post 1u0xcnf from Arctic Shift
2026-06-11T07:01:53+0000 [INFO]   Arctic Shift returned 5 comments
2026-06-11T07:01:53+0000 [INFO] Processing post 1u0x862 (Arctic Shift): On this day - the 2006 World Cup starts in Munich, and here 
2026-06-11T07:01:54+0000 [WARNING]   Could not re-fetch post 1u0x862 from Arctic Shift
2026-06-11T07:01:56+0000 [INFO]   Arctic Shift returned 14 comments
2026-06-11T07:01:56+0000 [INFO] Processing post 1u0wt2o (Arctic Shift): Jorge Mendes’ growing influence on Barcelona's transfer plan
2026-06-11T07:01:56+0000 [WARNING]   Could not re-fetch post 1u0wt2o from Arctic Shift
2026-06-11T07:01:59+0000 [INFO]   Arctic Shift returned 30 comments
2026-06-11T07:01:59+0000 [INFO] Processing post 1u0wvz0 (Arctic Shift): VfB Stuttgart is preparing for the potential departure of ke
2026-06-11T07:02:00+0000 [WARNING]   Could not re-fetch post 1u0wvz0 from Arctic Shift
2026-06-11T07:02:02+0000 [INFO]   Arctic Shift returned 14 comments
2026-06-11T07:02:02+0000 [INFO] Processing post 1u0x1ng (Arctic Shift): [Romano] Denzel Dumfries has signed his official contract at
2026-06-11T07:02:03+0000 [WARNING]   Could not re-fetch post 1u0x1ng from Arctic Shift
2026-06-11T07:02:06+0000 [INFO]   Arctic Shift returned 129 comments
2026-06-11T07:02:06+0000 [INFO] Harvester complete (arctic_shift+rss). 5 posts processed, 0 failed, 192 total comments collected.
2026-06-11T07:06:38+0000 [INFO] Harvester starting. Target time: 2026-06-09T07:06:38.118617+00:00. Mode: arctic_shift+rss
2026-06-11T07:06:38+0000 [INFO] No pending posts for target time 2026-06-09T07. Nothing to do.
2026-06-11T07:11:40+0000 [INFO] Harvester starting. Target time: 2026-06-09T07:11:40.088849+00:00. Mode: arctic_shift+rss
2026-06-11T07:11:40+0000 [INFO] No pending posts for target time 2026-06-09T07. Nothing to do.
2026-06-11T07:16:44+0000 [INFO] Harvester starting. Target time: 2026-06-09T07:16:44.042560+00:00. Mode: arctic_shift+rss
2026-06-11T07:16:44+0000 [INFO] No pending posts for target time 2026-06-09T07. Nothing to do.
2026-06-11T07:21:45+0000 [INFO] Harvester starting. Target time: 2026-06-09T07:21:45.409418+00:00. Mode: arctic_shift+rss
2026-06-11T07:21:45+0000 [INFO] No pending posts for target time 2026-06-09T07. Nothing to do.
2026-06-11T07:26:37+0000 [INFO] Harvester starting. Target time: 2026-06-09T07:26:37.481452+00:00. Mode: arctic_shift+rss
2026-06-11T07:26:37+0000 [INFO] No pending posts for target time 2026-06-09T07. Nothing to do.
2026-06-11T07:31:50+0000 [INFO] Harvester starting. Target time: 2026-06-09T07:31:50.931537+00:00. Mode: arctic_shift+rss
2026-06-11T07:31:50+0000 [INFO] No pending posts for target time 2026-06-09T07. Nothing to do.
