2026-06-11T10:01:49+0000 [INFO] Harvester starting. Target time: 2026-06-09T10:01:49.155636+00:00. Mode: arctic_shift+rss
2026-06-11T10:01:49+0000 [INFO] Found 5 posts to process
2026-06-11T10:01:49+0000 [INFO] Processing post 1u0znfl (Arctic Shift): [FR12] Glasner turns down Feyenoord and chooses Milan
2026-06-11T10:01:50+0000 [WARNING]   Could not re-fetch post 1u0znfl from Arctic Shift
2026-06-11T10:01:51+0000 [INFO]   Arctic Shift returned 71 comments
2026-06-11T10:01:51+0000 [INFO] Processing post 1u0zyxn (Arctic Shift): [FIFA] Super Shoutout - For 79 US Dollars you can get your n
2026-06-11T10:01:52+0000 [WARNING]   Could not re-fetch post 1u0zyxn from Arctic Shift
2026-06-11T10:01:54+0000 [INFO]   Arctic Shift returned 81 comments
2026-06-11T10:01:54+0000 [INFO] Processing post 1u10jqv (Arctic Shift): [RB Salzburg] have signed Nikolas Veratschnig from Mainz 05
2026-06-11T10:01:55+0000 [WARNING]   Could not re-fetch post 1u10jqv from Arctic Shift
2026-06-11T10:01:57+0000 [INFO]   Arctic Shift returned 2 comments
2026-06-11T10:01:57+0000 [INFO] Processing post 1u10a7x (Arctic Shift): iCal calendar for the world cup 2026
2026-06-11T10:01:58+0000 [WARNING]   Could not re-fetch post 1u10a7x from Arctic Shift
2026-06-11T10:02:00+0000 [INFO]   Arctic Shift returned 5 comments
2026-06-11T10:02:00+0000 [INFO] Processing post 1u10fyu (Arctic Shift): [VI] Mats Rots is set to continue his career in Germany, wit
2026-06-11T10:02:01+0000 [WARNING]   Could not re-fetch post 1u10fyu from Arctic Shift
2026-06-11T10:02:03+0000 [INFO]   Arctic Shift returned 9 comments
2026-06-11T10:02:03+0000 [INFO] Harvester complete (arctic_shift+rss). 5 posts processed, 0 failed, 168 total comments collected.
2026-06-11T10:06:33+0000 [INFO] Harvester starting. Target time: 2026-06-09T10:06:33.458587+00:00. Mode: arctic_shift+rss
2026-06-11T10:06:33+0000 [INFO] No pending posts for target time 2026-06-09T10. Nothing to do.
