2026-06-10T20:01:40+0000 [INFO] Harvester starting. Target time: 2026-06-08T20:01:40.520256+00:00. Mode: arctic_shift+rss
2026-06-10T20:01:40+0000 [INFO] Found 3 posts to process
2026-06-10T20:01:40+0000 [INFO] Processing post 1u0isrr (Arctic Shift): France 1-0 Northern Ireland - Michael Olise 43'
2026-06-10T20:01:41+0000 [WARNING]   Could not re-fetch post 1u0isrr from Arctic Shift
2026-06-10T20:01:42+0000 [INFO]   Arctic Shift returned 88 comments
2026-06-10T20:01:42+0000 [INFO] Processing post 1u0imjm (Arctic Shift): [Sam Wallace] Arsenal abruptly sacked head doctor Zafar Iqba
2026-06-10T20:01:43+0000 [WARNING]   Could not re-fetch post 1u0imjm from Arctic Shift
2026-06-10T20:01:47+0000 [INFO]   Arctic Shift returned 156 comments
2026-06-10T20:01:47+0000 [INFO] Processing post 1u0ibl2 (Arctic Shift): Netherlands 1-0 Uzbekistan - Cody Gakpo penalty 31'
2026-06-10T20:01:47+0000 [WARNING]   Could not re-fetch post 1u0ibl2 from Arctic Shift
2026-06-10T20:01:49+0000 [INFO]   Arctic Shift returned 14 comments
2026-06-10T20:01:49+0000 [INFO] Harvester complete (arctic_shift+rss). 3 posts processed, 0 failed, 258 total comments collected.
2026-06-10T20:06:31+0000 [INFO] Harvester starting. Target time: 2026-06-08T20:06:31.557670+00:00. Mode: arctic_shift+rss
2026-06-10T20:06:31+0000 [INFO] No pending posts for target time 2026-06-08T20. Nothing to do.
2026-06-10T20:11:32+0000 [INFO] Harvester starting. Target time: 2026-06-08T20:11:32.532247+00:00. Mode: arctic_shift+rss
2026-06-10T20:11:32+0000 [INFO] No pending posts for target time 2026-06-08T20. Nothing to do.
2026-06-10T20:16:37+0000 [INFO] Harvester starting. Target time: 2026-06-08T20:16:37.726477+00:00. Mode: arctic_shift+rss
2026-06-10T20:16:37+0000 [INFO] No pending posts for target time 2026-06-08T20. Nothing to do.
2026-06-10T20:21:39+0000 [INFO] Harvester starting. Target time: 2026-06-08T20:21:39.055505+00:00. Mode: arctic_shift+rss
2026-06-10T20:21:39+0000 [INFO] No pending posts for target time 2026-06-08T20. Nothing to do.
2026-06-10T20:26:32+0000 [INFO] Harvester starting. Target time: 2026-06-08T20:26:32.373523+00:00. Mode: arctic_shift+rss
2026-06-10T20:26:32+0000 [INFO] No pending posts for target time 2026-06-08T20. Nothing to do.
2026-06-10T20:31:53+0000 [INFO] Harvester starting. Target time: 2026-06-08T20:31:53.931448+00:00. Mode: arctic_shift+rss
2026-06-10T20:31:53+0000 [INFO] No pending posts for target time 2026-06-08T20. Nothing to do.
