2026-06-10T11:02:38+0000 [INFO] Harvester starting. Target batch: 2026-06-08T11. Mode: rss
2026-06-10T11:02:38+0000 [INFO] Found 23 posts to process
2026-06-10T11:02:38+0000 [INFO] Processing post 1u03p9u (RSS): Brazilian fans chanted “Hey, Trump, Go Fuck Yourself” during
2026-06-10T11:02:41+0000 [INFO]   Collected 476 comments via RSS
2026-06-10T11:02:41+0000 [INFO] Processing post 1u04p9k (RSS): We Investigated the Most Corrupt World Cup in History
2026-06-10T11:02:46+0000 [INFO]   Collected 50 comments via RSS
2026-06-10T11:02:46+0000 [INFO] Processing post 1u018ow (RSS): Zidane Iqbal interview : Inspiring Iraqi kids at World Cup ,
2026-06-10T11:02:53+0000 [INFO]   Collected 2 comments via RSS
2026-06-10T11:02:53+0000 [INFO] Processing post 1u04q66 (RSS): The Iranian national team is already in Tijuana, where they 
2026-06-10T11:03:03+0000 [INFO]   Collected 461 comments via RSS
2026-06-10T11:03:03+0000 [INFO] Processing post 1u03iai (RSS): Alexia Putellas agrees personal terms with London City
2026-06-10T11:03:08+0000 [INFO]   Collected 51 comments via RSS
2026-06-10T11:03:08+0000 [INFO] Processing post 1u01g1w (RSS): Monday Moan
2026-06-10T11:03:17+0000 [INFO]   Collected 197 comments via RSS
2026-06-10T11:03:17+0000 [INFO] Processing post 1u040n4 (RSS): Brazil’s last-minute World Cup call-up Ederson was on vacati
2026-06-10T11:03:24+0000 [INFO]   Collected 118 comments via RSS
2026-06-10T11:03:24+0000 [INFO] Processing post 1u02wh8 (RSS): Michal Karbownik leaves Hertha BSC
2026-06-10T11:03:30+0000 [INFO]   Collected 1 comments via RSS
2026-06-10T11:03:30+0000 [INFO] Processing post 1u03j4o (RSS): [fr12] 'Glasner awaits AC Milan's response, with Feyenoord o
2026-06-10T11:03:38+0000 [INFO]   Collected 65 comments via RSS
2026-06-10T11:03:38+0000 [INFO] Processing post 1u00of3 (RSS): Declan Rice drove Arsenal to success. Now England have the p
2026-06-10T11:03:46+0000 [INFO]   Collected 80 comments via RSS
2026-06-10T11:03:46+0000 [INFO] Processing post 1u04g55 (RSS): [A BOLA] Ian Cathro is leaving Estoril: he will be the new S
2026-06-10T11:03:53+0000 [INFO]   Collected 13 comments via RSS
2026-06-10T11:03:53+0000 [INFO] Processing post 1u03w32 (RSS): [Alasdair Gold] Alejo Veliz to Bahia from Spurs for £7.8m, 2
2026-06-10T11:04:01+0000 [INFO]   Collected 17 comments via RSS
2026-06-10T11:04:01+0000 [INFO] Processing post 1u031i7 (RSS): [BBC] Christian Eriksen is "in good spirits" following his c
2026-06-10T11:04:08+0000 [INFO]   Collected 53 comments via RSS
2026-06-10T11:04:08+0000 [INFO] Processing post 1u04y0t (RSS): U.S. Officer Dances Along to Egyptian Supporters' Chants Dur
2026-06-10T11:04:16+0000 [INFO]   Collected 67 comments via RSS
2026-06-10T11:04:16+0000 [INFO] Processing post 1u0139v (RSS): 40 years ago today - Denmark continue their sensational tour
2026-06-10T11:04:23+0000 [INFO]   Collected 32 comments via RSS
2026-06-10T11:04:23+0000 [INFO] Processing post 1u01inx (RSS): Pierluigi Collina: “It makes no sense for a corner kick to b
2026-06-10T11:04:31+0000 [INFO]   Collected 83 comments via RSS
2026-06-10T11:04:31+0000 [INFO] Processing post 1u02wiw (RSS): Bellingham has fight to start for England - Tuchel
2026-06-10T11:04:40+0000 [INFO]   Collected 294 comments via RSS
2026-06-10T11:04:40+0000 [INFO] Processing post 1u010m3 (RSS): Head Coach Sergej Barbarez has seen the fans and filmed them
2026-06-10T11:04:45+0000 [INFO]   Collected 23 comments via RSS
2026-06-10T11:04:45+0000 [INFO] Processing post 1u04h65 (RSS): Gary Neville: “I don’t get this anti-‘coming home’ bit. Beca
2026-06-10T11:04:56+0000 [INFO]   Collected 477 comments via RSS
2026-06-10T11:04:56+0000 [INFO] Processing post 1u00jth (RSS): I crunched the numbers on the 'Best 3rd Placed Sides' combin
2026-06-10T11:05:01+0000 [INFO]   Collected 31 comments via RSS
2026-06-10T11:05:01+0000 [INFO] Processing post 1u0351z (RSS): Cook Islands tests mark next chapter for Afghan Women United
2026-06-10T11:05:08+0000 [INFO]   Collected 1 comments via RSS
2026-06-10T11:05:08+0000 [INFO] Processing post 1u00iwj (RSS): 30 years ago, the Euro 1996 began in England. Here are the B
2026-06-10T11:05:15+0000 [INFO]   Collected 29 comments via RSS
2026-06-10T11:05:15+0000 [INFO] Processing post 1u03efl (RSS): [ESPN NL] Head coach Henk Fraser leaves Shaanxi Union due to
2026-06-10T11:05:23+0000 [INFO]   Collected 0 comments via RSS
2026-06-10T11:05:23+0000 [INFO] Harvester complete (rss). 23 posts processed, 0 failed, 2621 total comments collected.
