2026-06-09T22:02:33+0000 [INFO] Harvester starting. Target batch: 2026-06-07T22. Mode: rss
2026-06-09T22:02:33+0000 [INFO] Found 16 posts to process
2026-06-09T22:02:33+0000 [INFO] Processing post 1tzphyd (RSS): Ecuador 2-0 Guatemala - Nilson Angulo 73'
2026-06-09T22:02:33+0000 [INFO]   Collected 1 comments via RSS
2026-06-09T22:02:33+0000 [INFO] Processing post 1tznjxk (RSS): Morocco 1 - [1] Norway - Martin Odegaard 75'
2026-06-09T22:02:41+0000 [INFO]   Collected 55 comments via RSS
2026-06-09T22:02:41+0000 [INFO] Processing post 1tzndsq (RSS): Croatia [2] - 1 Slovenia - Mario Pašalić 90'+3'
2026-06-09T22:02:48+0000 [INFO]   Collected 40 comments via RSS
2026-06-09T22:02:48+0000 [INFO] Processing post 1tznyjs (RSS): Post Match Thread: Croatia 2-1 Slovenia
2026-06-09T22:02:55+0000 [INFO]   Collected 20 comments via RSS
2026-06-09T22:02:55+0000 [INFO] Processing post 1tzo5ay (RSS): Match Thread: Ecuador vs Guatemala
2026-06-09T22:03:03+0000 [INFO]   Collected 22 comments via RSS
2026-06-09T22:03:03+0000 [INFO] Processing post 1tzorcf (RSS): FFF launches Ligue 3 for 2026/27. A new professional third t
2026-06-09T22:03:10+0000 [INFO]   Collected 17 comments via RSS
2026-06-09T22:03:10+0000 [INFO] Processing post 1tzn45x (RSS): Croatia 1 - [1] Slovenia - Andraž Šporar 83'
2026-06-09T22:03:18+0000 [INFO]   Collected 11 comments via RSS
2026-06-09T22:03:18+0000 [INFO] Processing post 1tznsxu (RSS): [VI] AZ are seriously interested in signing Thom van Bergen 
2026-06-09T22:03:25+0000 [INFO]   Collected 5 comments via RSS
2026-06-09T22:03:25+0000 [INFO] Processing post 1tznqun (RSS): Ecuador 1-0 Guatemala - Jordy Caicedo penalty 19'
2026-06-09T22:03:33+0000 [INFO]   Collected 4 comments via RSS
2026-06-09T22:03:33+0000 [INFO] Processing post 1tzo01r (RSS): Post Match Thread: Morocco 1-1 Norway
2026-06-09T22:03:41+0000 [INFO]   Collected 132 comments via RSS
2026-06-09T22:03:41+0000 [INFO] Processing post 1tzovi3 (RSS): Norway manager Ståle Solbakken on Scotland cancelling their 
2026-06-09T22:03:48+0000 [INFO]   Collected 62 comments via RSS
2026-06-09T22:03:48+0000 [INFO] Processing post 1tznzmd (RSS): Post Match Thread: Greece 0-1 Italy
2026-06-09T22:03:56+0000 [INFO]   Collected 43 comments via RSS
2026-06-09T22:03:56+0000 [INFO] Processing post 1tzpfwg (RSS): [OC] Five tactical previews of Portugal, France, England, Br
2026-06-09T22:04:04+0000 [INFO]   Collected 5 comments via RSS
2026-06-09T22:04:04+0000 [INFO] Processing post 1tzpime (RSS): Ecuador 3-0 Guatemala - Pervis Estupinan 78'
2026-06-09T22:04:10+0000 [INFO]   Collected 3 comments via RSS
2026-06-09T22:04:10+0000 [INFO] Processing post 1tznc36 (RSS): Luca Reggiani (Italy) straight red against Greece 68'
2026-06-09T22:04:18+0000 [INFO]   Collected 49 comments via RSS
2026-06-09T22:04:18+0000 [INFO] Processing post 1tzp11t (RSS): What To Watch This Week (8-14 June)
2026-06-09T22:04:25+0000 [INFO]   Collected 9 comments via RSS
2026-06-09T22:04:25+0000 [INFO] Harvester complete (rss). 16 posts processed, 0 failed, 478 total comments collected.
