2026-06-12T07:02:52+0000 [INFO] Harvester starting. Target time: 2026-06-10T07:02:52.381341+00:00. Mode: arctic_shift+rss
2026-06-12T07:02:52+0000 [INFO] Found 3 posts to process
2026-06-12T07:02:52+0000 [INFO] Processing post 1u1tn0k (Arctic Shift): 15 Yellow Card and 8 Red Card, the UN had to call for a ceas
2026-06-12T07:02:52+0000 [WARNING]   Could not re-fetch post 1u1tn0k from Arctic Shift
2026-06-12T07:02:54+0000 [INFO]   Arctic Shift returned 2 comments
2026-06-12T07:02:54+0000 [INFO] Processing post 1u1ucsm (Arctic Shift): [Sky Germany] Kennet Eichhorn has turned down FC Liverpool –
2026-06-12T07:02:55+0000 [WARNING]   Could not re-fetch post 1u1ucsm from Arctic Shift
2026-06-12T07:02:57+0000 [INFO]   Arctic Shift returned 80 comments
2026-06-12T07:02:57+0000 [INFO] Processing post 1u1tu4j (Arctic Shift): Veurink’s report card after Veurink’s first cycle: much impr
2026-06-12T07:02:58+0000 [WARNING]   Could not re-fetch post 1u1tu4j from Arctic Shift
2026-06-12T07:03:00+0000 [INFO]   Arctic Shift returned 3 comments
2026-06-12T07:03:00+0000 [INFO] Harvester complete (arctic_shift+rss). 3 posts processed, 0 failed, 85 total comments collected.
2026-06-12T07:07:54+0000 [INFO] Harvester starting. Target time: 2026-06-10T07:07:54.311278+00:00. Mode: arctic_shift+rss
2026-06-12T07:07:54+0000 [INFO] No pending posts for target time 2026-06-10T07. Nothing to do.
2026-06-12T07:13:00+0000 [INFO] Harvester starting. Target time: 2026-06-10T07:13:00.310798+00:00. Mode: arctic_shift+rss
2026-06-12T07:13:00+0000 [INFO] No pending posts for target time 2026-06-10T07. Nothing to do.
2026-06-12T07:17:16+0000 [INFO] Harvester starting. Target time: 2026-06-10T07:17:16.301114+00:00. Mode: arctic_shift+rss
2026-06-12T07:17:16+0000 [INFO] No pending posts for target time 2026-06-10T07. Nothing to do.
2026-06-12T07:22:20+0000 [INFO] Harvester starting. Target time: 2026-06-10T07:22:20.521784+00:00. Mode: arctic_shift+rss
2026-06-12T07:22:20+0000 [INFO] No pending posts for target time 2026-06-10T07. Nothing to do.
2026-06-12T07:27:27+0000 [INFO] Harvester starting. Target time: 2026-06-10T07:27:27.521530+00:00. Mode: arctic_shift+rss
2026-06-12T07:27:27+0000 [INFO] No pending posts for target time 2026-06-10T07. Nothing to do.
