2026-06-12T21:02:17+0000 [INFO] Harvester starting. Target time: 2026-06-10T21:02:17.604150+00:00. Mode: arctic_shift+rss
2026-06-12T21:02:17+0000 [INFO] Found 36 posts to process
2026-06-12T21:02:17+0000 [INFO] Processing post 1u2er3c (Arctic Shift): Joao Felix hits the bar against Nigeria 48'
2026-06-12T21:02:18+0000 [WARNING]   Could not re-fetch post 1u2er3c from Arctic Shift
2026-06-12T21:02:20+0000 [INFO]   Arctic Shift returned 24 comments
2026-06-12T21:02:20+0000 [INFO] Processing post 1u2esth (Arctic Shift): Cristiano Ronaldo miss against Nigeria 49'
2026-06-12T21:02:21+0000 [WARNING]   Could not re-fetch post 1u2esth from Arctic Shift
2026-06-12T21:02:32+0000 [INFO]   Arctic Shift returned 876 comments
2026-06-12T21:02:32+0000 [INFO] Processing post 1u2esdb (Arctic Shift): press statement by Unsere Kurve e.V., a collective of German
2026-06-12T21:02:32+0000 [WARNING]   Could not re-fetch post 1u2esdb from Arctic Shift
2026-06-12T21:02:34+0000 [INFO]   Arctic Shift returned 0 comments
2026-06-12T21:02:34+0000 [INFO] Processing post 1u2et55 (Arctic Shift): Joao Felix hits the bar against Nigeria 48'
2026-06-12T21:02:34+0000 [WARNING]   Could not re-fetch post 1u2et55 from Arctic Shift
2026-06-12T21:02:36+0000 [INFO]   Arctic Shift returned 27 comments
2026-06-12T21:02:36+0000 [INFO] Processing post 1u2esf0 (Arctic Shift): [Official] Besnik Hasi is the new manager of Amedspor
2026-06-12T21:02:37+0000 [WARNING]   Could not re-fetch post 1u2esf0 from Arctic Shift
2026-06-12T21:02:39+0000 [INFO]   Arctic Shift returned 1 comments
2026-06-12T21:02:39+0000 [INFO] Processing post 1u2ey3y (Arctic Shift): MEXICO CITY - Memorable Moments @ FIFA 2026 WC
2026-06-12T21:02:41+0000 [WARNING]   Could not re-fetch post 1u2ey3y from Arctic Shift
2026-06-12T21:02:41+0000 [INFO]   Arctic Shift returned 0 comments
2026-06-12T21:02:41+0000 [INFO] Processing post 1u2f4mg (Arctic Shift): England [1] - 0 Costa Rica - D. Rice 9'
2026-06-12T21:02:43+0000 [WARNING]   Could not re-fetch post 1u2f4mg from Arctic Shift
2026-06-12T21:02:45+0000 [INFO]   Arctic Shift returned 25 comments
2026-06-12T21:02:45+0000 [INFO] Processing post 1u2f1wb (Arctic Shift): Jump Trading is running a free World Cup prediction contest.
2026-06-12T21:02:46+0000 [WARNING]   Could not re-fetch post 1u2f1wb from Arctic Shift
2026-06-12T21:02:48+0000 [INFO]   Arctic Shift returned 1 comments
2026-06-12T21:02:48+0000 [INFO] Processing post 1u2f39q (Arctic Shift): Match Thread: England vs Costa Rica
2026-06-12T21:02:48+0000 [WARNING]   Could not re-fetch post 1u2f39q from Arctic Shift
2026-06-12T21:03:11+0000 [INFO]   Arctic Shift returned 1866 comments
2026-06-12T21:03:12+0000 [INFO] Processing post 1u2f4j0 (Arctic Shift): England 1-0 Costa Rica - Declan Rice 9'
2026-06-12T21:03:12+0000 [WARNING]   Could not re-fetch post 1u2f4j0 from Arctic Shift
2026-06-12T21:03:16+0000 [INFO]   Arctic Shift returned 187 comments
2026-06-12T21:03:16+0000 [INFO] Processing post 1u2f1z2 (Arctic Shift): USWNT head coach Emma Hayes post-game press conference, reac
2026-06-12T21:03:17+0000 [WARNING]   Could not re-fetch post 1u2f1z2 from Arctic Shift
2026-06-12T21:03:19+0000 [INFO]   Arctic Shift returned 28 comments
2026-06-12T21:03:19+0000 [INFO] Processing post 1u2f1p5 (Arctic Shift): Al-Shabaab reacts to U.S. entry denial of Somali World Cup r
2026-06-12T21:03:19+0000 [WARNING]   Could not re-fetch post 1u2f1p5 from Arctic Shift
2026-06-12T21:03:21+0000 [INFO]   Arctic Shift returned 0 comments
2026-06-12T21:03:21+0000 [INFO] Processing post 1u2f6g1 (Arctic Shift): 'There is no scandal' - Fabio Cannavaro denies 'undignified'
2026-06-12T21:03:22+0000 [WARNING]   Could not re-fetch post 1u2f6g1 from Arctic Shift
2026-06-12T21:03:24+0000 [INFO]   Arctic Shift returned 1 comments
2026-06-12T21:03:24+0000 [INFO] Processing post 1u2fcyx (Arctic Shift): We built an app to predict and vote in all 104 matches for f
2026-06-12T21:03:25+0000 [WARNING]   Could not re-fetch post 1u2fcyx from Arctic Shift
2026-06-12T21:03:28+0000 [INFO]   Arctic Shift returned 1 comments
2026-06-12T21:03:28+0000 [INFO] Processing post 1u2fbl4 (Arctic Shift): 𝐇𝐄𝐑𝐄 𝐖𝐄 𝐆𝐎! Barcelona activate buy option clause to sign Egy
2026-06-12T21:03:28+0000 [WARNING]   Could not re-fetch post 1u2fbl4 from Arctic Shift
2026-06-12T21:03:30+0000 [INFO]   Arctic Shift returned 1 comments
2026-06-12T21:03:30+0000 [INFO] Processing post 1u2fjy2 (Arctic Shift): Erik Niva: Football's worst enemy. [Translation below]
2026-06-12T21:03:31+0000 [WARNING]   Could not re-fetch post 1u2fjy2 from Arctic Shift
2026-06-12T21:03:33+0000 [INFO]   Arctic Shift returned 9 comments
2026-06-12T21:03:33+0000 [INFO] Processing post 1u2fj4m (Arctic Shift): My friend and I made a retro soccer game
2026-06-12T21:03:34+0000 [WARNING]   Could not re-fetch post 1u2fj4m from Arctic Shift
2026-06-12T21:03:37+0000 [INFO]   Arctic Shift returned 1 comments
2026-06-12T21:03:37+0000 [INFO] Processing post 1u2ffmr (Arctic Shift): Portugal [2]-1 Nigeria - Francisco Conceicao 75'
2026-06-12T21:03:37+0000 [WARNING]   Could not re-fetch post 1u2ffmr from Arctic Shift
2026-06-12T21:03:39+0000 [INFO]   Arctic Shift returned 81 comments
2026-06-12T21:03:39+0000 [INFO] Processing post 1u2fieu (Arctic Shift): Trump defends World Cup visa process amid growing entry disp
2026-06-12T21:03:40+0000 [WARNING]   Could not re-fetch post 1u2fieu from Arctic Shift
2026-06-12T21:03:42+0000 [INFO]   Arctic Shift returned 1 comments
2026-06-12T21:03:42+0000 [INFO] Processing post 1u2fl9k (Arctic Shift): Talleres de Córdoba sign Jorge Sampaoli as manager
2026-06-12T21:03:43+0000 [WARNING]   Could not re-fetch post 1u2fl9k from Arctic Shift
2026-06-12T21:03:45+0000 [INFO]   Arctic Shift returned 9 comments
2026-06-12T21:03:45+0000 [INFO] Processing post 1u2fog2 (Arctic Shift): 70% of the world’s footballs – including 2026 World Cup ball
2026-06-12T21:03:46+0000 [WARNING]   Could not re-fetch post 1u2fog2 from Arctic Shift
2026-06-12T21:03:48+0000 [INFO]   Arctic Shift returned 1 comments
2026-06-12T21:03:48+0000 [INFO] Processing post 1u2foqw (Arctic Shift): President Trump not planning on attending United States open
2026-06-12T21:03:49+0000 [WARNING]   Could not re-fetch post 1u2foqw from Arctic Shift
2026-06-12T21:03:55+0000 [INFO]   Arctic Shift returned 412 comments
2026-06-12T21:03:55+0000 [INFO] Processing post 1u2fq3y (Arctic Shift): Neymar still absent from Brazil training as squad celebrate 
2026-06-12T21:03:56+0000 [WARNING]   Could not re-fetch post 1u2fq3y from Arctic Shift
2026-06-12T21:03:58+0000 [INFO]   Arctic Shift returned 38 comments
2026-06-12T21:03:58+0000 [INFO] Processing post 1u2fsua (Arctic Shift): Built a free iOS app for predicting match scores with friend
2026-06-12T21:03:59+0000 [WARNING]   Could not re-fetch post 1u2fsua from Arctic Shift
2026-06-12T21:04:01+0000 [INFO]   Arctic Shift returned 2 comments
2026-06-12T21:04:01+0000 [INFO] Processing post 1u2fts6 (Arctic Shift): Noni Madueke chance against Costa Rica 35'
2026-06-12T21:04:02+0000 [WARNING]   Could not re-fetch post 1u2fts6 from Arctic Shift
2026-06-12T21:04:05+0000 [INFO]   Arctic Shift returned 173 comments
2026-06-12T21:04:05+0000 [INFO] Processing post 1u2fsw5 (Arctic Shift): ‘ Not in our best moment ’ : Strikes and tension temper Worl
2026-06-12T21:04:06+0000 [WARNING]   Could not re-fetch post 1u2fsw5 from Arctic Shift
2026-06-12T21:04:08+0000 [INFO]   Arctic Shift returned 15 comments
2026-06-12T21:04:08+0000 [INFO] Processing post 1u2frgt (Arctic Shift): [Official] Austria nominate Dejan Ljubicic from Schalke 04 t
2026-06-12T21:04:09+0000 [WARNING]   Could not re-fetch post 1u2frgt from Arctic Shift
2026-06-12T21:04:11+0000 [INFO]   Arctic Shift returned 17 comments
2026-06-12T21:04:11+0000 [INFO] Processing post 1u2fu3j (Arctic Shift): Mauricio Pochettino : ‘ No one sees the USA as a contender –
2026-06-12T21:04:12+0000 [WARNING]   Could not re-fetch post 1u2fu3j from Arctic Shift
2026-06-12T21:04:15+0000 [INFO]   Arctic Shift returned 115 comments
2026-06-12T21:04:15+0000 [INFO] Processing post 1u2fwh7 (Arctic Shift): [David Ornstein]:🚨 EXCL: Fulham have held talks with Alvaro 
2026-06-12T21:04:17+0000 [WARNING]   Could not re-fetch post 1u2fwh7 from Arctic Shift
2026-06-12T21:04:21+0000 [INFO]   Arctic Shift returned 1 comments
2026-06-12T21:04:21+0000 [INFO] Processing post 1u2fxr6 (Arctic Shift): TV rights holders frustrated over World Cup final half time 
2026-06-12T21:04:22+0000 [WARNING]   Could not re-fetch post 1u2fxr6 from Arctic Shift
2026-06-12T21:04:24+0000 [INFO]   Arctic Shift returned 43 comments
2026-06-12T21:04:24+0000 [INFO] Processing post 1u2fvjs (Arctic Shift): [The Athletic] Fulham hold talks with Alvaro Arbeloa over ma
2026-06-12T21:04:25+0000 [WARNING]   Could not re-fetch post 1u2fvjs from Arctic Shift
2026-06-12T21:04:28+0000 [INFO]   Arctic Shift returned 149 comments
2026-06-12T21:04:28+0000 [INFO] Processing post 1u2g2xh (Arctic Shift): Akor Adams spying on Portugal's tactics
2026-06-12T21:04:29+0000 [WARNING]   Could not re-fetch post 1u2g2xh from Arctic Shift
2026-06-12T21:04:31+0000 [INFO]   Arctic Shift returned 95 comments
2026-06-12T21:04:31+0000 [INFO] Processing post 1u2g2cq (Arctic Shift): This region manufactures approximately 70% of the world’s fo
2026-06-12T21:04:32+0000 [WARNING]   Could not re-fetch post 1u2g2cq from Arctic Shift
2026-06-12T21:04:34+0000 [INFO]   Arctic Shift returned 1 comments
2026-06-12T21:04:34+0000 [INFO] Processing post 1u2g21q (Arctic Shift): Akor Adams spying on Portugal's tactics
2026-06-12T21:04:35+0000 [WARNING]   Could not re-fetch post 1u2g21q from Arctic Shift
2026-06-12T21:04:37+0000 [INFO]   Arctic Shift returned 1 comments
2026-06-12T21:04:37+0000 [INFO] Processing post 1u2g5m1 (Arctic Shift): England penalty overturned by VAR 45+4'
2026-06-12T21:04:38+0000 [WARNING]   Could not re-fetch post 1u2g5m1 from Arctic Shift
2026-06-12T21:04:40+0000 [INFO]   Arctic Shift returned 28 comments
2026-06-12T21:04:40+0000 [INFO] Processing post 1u2g5lt (Arctic Shift): England penalty overturned against Costa Rica after VAR
2026-06-12T21:04:42+0000 [WARNING]   Could not re-fetch post 1u2g5lt from Arctic Shift
2026-06-12T21:04:43+0000 [INFO]   Arctic Shift returned 19 comments
2026-06-12T21:04:43+0000 [INFO] Harvester complete (arctic_shift+rss). 36 posts processed, 0 failed, 4249 total comments collected.
2026-06-12T21:07:34+0000 [INFO] Harvester starting. Target time: 2026-06-10T21:07:34.346917+00:00. Mode: arctic_shift+rss
2026-06-12T21:07:34+0000 [INFO] No pending posts for target time 2026-06-10T21. Nothing to do.
2026-06-12T21:12:12+0000 [INFO] Harvester starting. Target time: 2026-06-10T21:12:12.367428+00:00. Mode: arctic_shift+rss
2026-06-12T21:12:12+0000 [INFO] No pending posts for target time 2026-06-10T21. Nothing to do.
2026-06-12T21:17:10+0000 [INFO] Harvester starting. Target time: 2026-06-10T21:17:10.962932+00:00. Mode: arctic_shift+rss
2026-06-12T21:17:10+0000 [INFO] No pending posts for target time 2026-06-10T21. Nothing to do.
2026-06-12T21:21:22+0000 [INFO] Harvester starting. Target time: 2026-06-10T21:21:22.567615+00:00. Mode: arctic_shift+rss
2026-06-12T21:21:22+0000 [INFO] No pending posts for target time 2026-06-10T21. Nothing to do.
2026-06-12T21:27:11+0000 [INFO] Harvester starting. Target time: 2026-06-10T21:27:11.552529+00:00. Mode: arctic_shift+rss
2026-06-12T21:27:11+0000 [INFO] No pending posts for target time 2026-06-10T21. Nothing to do.
2026-06-12T21:32:19+0000 [INFO] Harvester starting. Target time: 2026-06-10T21:32:19.889339+00:00. Mode: arctic_shift+rss
2026-06-12T21:32:19+0000 [INFO] No pending posts for target time 2026-06-10T21. Nothing to do.
