2026-06-13T13:02:46+0000 [INFO] Harvester starting. Target time: 2026-06-11T13:02:46.801000+00:00. Mode: arctic_shift+rss
2026-06-13T13:02:46+0000 [INFO] Found 31 posts to process
2026-06-13T13:02:46+0000 [INFO] Processing post 1u2ydm8 (Arctic Shift): What is the most underrated league to watch for pure footbal
2026-06-13T13:02:47+0000 [WARNING]   Could not re-fetch post 1u2ydm8 from Arctic Shift
2026-06-13T13:02:49+0000 [INFO]   Arctic Shift returned 1 comments
2026-06-13T13:02:49+0000 [INFO] Processing post 1u2yii9 (Arctic Shift): Ez abde is officially out of the world cup
2026-06-13T13:02:50+0000 [WARNING]   Could not re-fetch post 1u2yii9 from Arctic Shift
2026-06-13T13:02:52+0000 [INFO]   Arctic Shift returned 5 comments
2026-06-13T13:02:52+0000 [INFO] Processing post 1u2yf75 (Arctic Shift): England have finalised their World Cup XI with one big winne
2026-06-13T13:02:53+0000 [WARNING]   Could not re-fetch post 1u2yf75 from Arctic Shift
2026-06-13T13:02:55+0000 [INFO]   Arctic Shift returned 1 comments
2026-06-13T13:02:55+0000 [INFO] Processing post 1u2yg24 (Arctic Shift): The World Cup starts tonight and the kickoffs are brutal in 
2026-06-13T13:02:56+0000 [WARNING]   Could not re-fetch post 1u2yg24 from Arctic Shift
2026-06-13T13:02:58+0000 [INFO]   Arctic Shift returned 1 comments
2026-06-13T13:02:58+0000 [INFO] Processing post 1u2yfph (Arctic Shift): Opinion: England have finalised their World Cup XI with one 
2026-06-13T13:02:59+0000 [WARNING]   Could not re-fetch post 1u2yfph from Arctic Shift
2026-06-13T13:03:01+0000 [INFO]   Arctic Shift returned 1 comments
2026-06-13T13:03:01+0000 [INFO] Processing post 1u2ylno (Arctic Shift): ValueDraft — draft a football XI on a strict budget and guid
2026-06-13T13:03:02+0000 [WARNING]   Could not re-fetch post 1u2ylno from Arctic Shift
2026-06-13T13:03:04+0000 [INFO]   Arctic Shift returned 1 comments
2026-06-13T13:03:04+0000 [INFO] Processing post 1u2ynu6 (Arctic Shift): The World Cup starts tomorrow — here's a free daily quiz to 
2026-06-13T13:03:05+0000 [WARNING]   Could not re-fetch post 1u2ynu6 from Arctic Shift
2026-06-13T13:03:07+0000 [INFO]   Arctic Shift returned 1 comments
2026-06-13T13:03:07+0000 [INFO] Processing post 1u2yq2o (Arctic Shift): Andy Mine (England fan who has attended 9 World Cups) talks 
2026-06-13T13:03:08+0000 [WARNING]   Could not re-fetch post 1u2yq2o from Arctic Shift
2026-06-13T13:03:11+0000 [INFO]   Arctic Shift returned 156 comments
2026-06-13T13:03:11+0000 [INFO] Processing post 1u2yo8e (Arctic Shift): Top African referee Omar Artan to officiate 2026 UEFA Super 
2026-06-13T13:03:12+0000 [WARNING]   Could not re-fetch post 1u2yo8e from Arctic Shift
2026-06-13T13:03:16+0000 [INFO]   Arctic Shift returned 223 comments
2026-06-13T13:03:16+0000 [INFO] Processing post 1u2yopl (Arctic Shift): Top African referee Omar Artan to officiate 2026 UEFA Super 
2026-06-13T13:03:17+0000 [WARNING]   Could not re-fetch post 1u2yopl from Arctic Shift
2026-06-13T13:03:20+0000 [INFO]   Arctic Shift returned 1 comments
2026-06-13T13:03:20+0000 [INFO] Processing post 1u2ywt0 (Arctic Shift): Filter only the World Cup matches you care about and sync th
2026-06-13T13:03:20+0000 [WARNING]   Could not re-fetch post 1u2ywt0 from Arctic Shift
2026-06-13T13:03:32+0000 [INFO]   Arctic Shift returned 1 comments
2026-06-13T13:03:32+0000 [INFO] Processing post 1u2yvnn (Arctic Shift): France wins the World Cup in simulation, Morocco runner ups
2026-06-13T13:03:32+0000 [WARNING]   Could not re-fetch post 1u2yvnn from Arctic Shift
2026-06-13T13:03:33+0000 [INFO]   Arctic Shift returned 0 comments
2026-06-13T13:03:33+0000 [INFO] Processing post 1u2z199 (Arctic Shift): Bayern offer 53m including bonuses for Ismael Saibari
2026-06-13T13:03:34+0000 [WARNING]   Could not re-fetch post 1u2z199 from Arctic Shift
2026-06-13T13:03:36+0000 [INFO]   Arctic Shift returned 65 comments
2026-06-13T13:03:36+0000 [INFO] Processing post 1u2z0fp (Arctic Shift): Lets go mexico.
2026-06-13T13:03:37+0000 [WARNING]   Could not re-fetch post 1u2z0fp from Arctic Shift
2026-06-13T13:03:39+0000 [INFO]   Arctic Shift returned 1 comments
2026-06-13T13:03:39+0000 [INFO] Processing post 1u2z4w8 (Arctic Shift): Oh no they missed the chance to…
2026-06-13T13:03:40+0000 [WARNING]   Could not re-fetch post 1u2z4w8 from Arctic Shift
2026-06-13T13:03:42+0000 [INFO]   Arctic Shift returned 1 comments
2026-06-13T13:03:42+0000 [INFO] Processing post 1u2z4un (Arctic Shift): JD Vance jokes about deporting visitors who come to America 
2026-06-13T13:03:43+0000 [WARNING]   Could not re-fetch post 1u2z4un from Arctic Shift
2026-06-13T13:03:46+0000 [INFO]   Arctic Shift returned 148 comments
2026-06-13T13:03:46+0000 [INFO] Processing post 1u2z6i7 (Arctic Shift): [Fabrizio Romano] Newcastle have sent an official bid to Osa
2026-06-13T13:03:47+0000 [WARNING]   Could not re-fetch post 1u2z6i7 from Arctic Shift
2026-06-13T13:03:49+0000 [INFO]   Arctic Shift returned 47 comments
2026-06-13T13:03:49+0000 [INFO] Processing post 1u2z9ne (Arctic Shift): Do you guys have any websites or apps that are streaming eve
2026-06-13T13:03:50+0000 [WARNING]   Could not re-fetch post 1u2z9ne from Arctic Shift
2026-06-13T13:03:52+0000 [INFO]   Arctic Shift returned 1 comments
2026-06-13T13:03:52+0000 [INFO] Processing post 1u2z9mt (Arctic Shift): I made a World Cup 2026 prediction app with live standings a
2026-06-13T13:03:53+0000 [WARNING]   Could not re-fetch post 1u2z9mt from Arctic Shift
2026-06-13T13:03:55+0000 [INFO]   Arctic Shift returned 1 comments
2026-06-13T13:03:55+0000 [INFO] Processing post 1u2zeqi (Arctic Shift): [Official] Finn van Breemen joins FC Famaliçao. The defender
2026-06-13T13:03:56+0000 [WARNING]   Could not re-fetch post 1u2zeqi from Arctic Shift
2026-06-13T13:03:58+0000 [INFO]   Arctic Shift returned 3 comments
2026-06-13T13:03:58+0000 [INFO] Processing post 1u2za66 (Arctic Shift): Can anyone help with fifa world cup online streams please?
2026-06-13T13:03:59+0000 [WARNING]   Could not re-fetch post 1u2za66 from Arctic Shift
2026-06-13T13:04:01+0000 [INFO]   Arctic Shift returned 1 comments
2026-06-13T13:04:01+0000 [INFO] Processing post 1u2zbxt (Arctic Shift): [PL] Arsenal 2-3 Man Utd voted BEST MATCH of 2025/26
2026-06-13T13:04:02+0000 [WARNING]   Could not re-fetch post 1u2zbxt from Arctic Shift
2026-06-13T13:04:05+0000 [INFO]   Arctic Shift returned 112 comments
2026-06-13T13:04:05+0000 [INFO] Processing post 1u2zhqj (Arctic Shift): German exchange student with a mediocre soccer career and an
2026-06-13T13:04:06+0000 [WARNING]   Could not re-fetch post 1u2zhqj from Arctic Shift
2026-06-13T13:04:08+0000 [INFO]   Arctic Shift returned 1 comments
2026-06-13T13:04:08+0000 [INFO] Processing post 1u2zhd8 (Arctic Shift): [Official] Feyenoor signs Ilian Hadidi from Standard de Liég
2026-06-13T13:04:09+0000 [WARNING]   Could not re-fetch post 1u2zhd8 from Arctic Shift
2026-06-13T13:04:10+0000 [INFO]   Arctic Shift returned 0 comments
2026-06-13T13:04:10+0000 [INFO] Processing post 1u2zeza (Arctic Shift): Morocco Loses Ez Abde and Aguerd Ahead of the FIFA World Cup
2026-06-13T13:04:11+0000 [WARNING]   Could not re-fetch post 1u2zeza from Arctic Shift
2026-06-13T13:04:13+0000 [INFO]   Arctic Shift returned 63 comments
2026-06-13T13:04:13+0000 [INFO] Processing post 1u2zi6n (Arctic Shift): [Official] Feyenoord signs Ilian Hadidi from Standard de Lié
2026-06-13T13:04:14+0000 [WARNING]   Could not re-fetch post 1u2zi6n from Arctic Shift
2026-06-13T13:04:16+0000 [INFO]   Arctic Shift returned 3 comments
2026-06-13T13:04:16+0000 [INFO] Processing post 1u2znme (Arctic Shift): What are your FINAL predictions for Mexico vs. South Africa?
2026-06-13T13:04:17+0000 [WARNING]   Could not re-fetch post 1u2znme from Arctic Shift
2026-06-13T13:04:19+0000 [INFO]   Arctic Shift returned 3 comments
2026-06-13T13:04:19+0000 [INFO] Processing post 1u2zmb3 (Arctic Shift): Somali referee barred from US for World Cup is handed Super 
2026-06-13T13:04:20+0000 [WARNING]   Could not re-fetch post 1u2zmb3 from Arctic Shift
2026-06-13T13:04:22+0000 [INFO]   Arctic Shift returned 3 comments
2026-06-13T13:04:22+0000 [INFO] Processing post 1u2zmxd (Arctic Shift): Fan site World Cup 2026 fan site - no login, no ads, just da
2026-06-13T13:04:23+0000 [WARNING]   Could not re-fetch post 1u2zmxd from Arctic Shift
2026-06-13T13:04:25+0000 [INFO]   Arctic Shift returned 1 comments
2026-06-13T13:04:25+0000 [INFO] Processing post 1u2zl94 (Arctic Shift): [VI] Following Rots’s sale, FC Twente have snapped up left-b
2026-06-13T13:04:26+0000 [WARNING]   Could not re-fetch post 1u2zl94 from Arctic Shift
2026-06-13T13:04:28+0000 [INFO]   Arctic Shift returned 2 comments
2026-06-13T13:04:28+0000 [INFO] Processing post 1u2zpen (Arctic Shift): 2026 Men's World Cup Pathways
2026-06-13T13:04:29+0000 [WARNING]   Could not re-fetch post 1u2zpen from Arctic Shift
2026-06-13T13:04:31+0000 [INFO]   Arctic Shift returned 1 comments
2026-06-13T13:04:31+0000 [INFO] Harvester complete (arctic_shift+rss). 31 posts processed, 0 failed, 849 total comments collected.
2026-06-13T13:07:53+0000 [INFO] Harvester starting. Target time: 2026-06-11T13:07:53.064507+00:00. Mode: arctic_shift+rss
2026-06-13T13:07:53+0000 [INFO] No pending posts for target time 2026-06-11T13. Nothing to do.
2026-06-13T13:12:38+0000 [INFO] Harvester starting. Target time: 2026-06-11T13:12:38.384424+00:00. Mode: arctic_shift+rss
2026-06-13T13:12:38+0000 [INFO] No pending posts for target time 2026-06-11T13. Nothing to do.
2026-06-13T13:17:44+0000 [INFO] Harvester starting. Target time: 2026-06-11T13:17:44.040762+00:00. Mode: arctic_shift+rss
2026-06-13T13:17:44+0000 [INFO] No pending posts for target time 2026-06-11T13. Nothing to do.
2026-06-13T13:22:43+0000 [INFO] Harvester starting. Target time: 2026-06-11T13:22:43.699148+00:00. Mode: arctic_shift+rss
2026-06-13T13:22:43+0000 [INFO] No pending posts for target time 2026-06-11T13. Nothing to do.
2026-06-13T13:27:39+0000 [INFO] Harvester starting. Target time: 2026-06-11T13:27:39.053224+00:00. Mode: arctic_shift+rss
2026-06-13T13:27:39+0000 [INFO] No pending posts for target time 2026-06-11T13. Nothing to do.
2026-06-13T13:32:51+0000 [INFO] Harvester starting. Target time: 2026-06-11T13:32:51.628283+00:00. Mode: arctic_shift+rss
2026-06-13T13:32:51+0000 [INFO] No pending posts for target time 2026-06-11T13. Nothing to do.
2026-06-13T13:37:40+0000 [INFO] Harvester starting. Target time: 2026-06-11T13:37:40.784751+00:00. Mode: arctic_shift+rss
2026-06-13T13:37:40+0000 [INFO] No pending posts for target time 2026-06-11T13. Nothing to do.
2026-06-13T13:42:42+0000 [INFO] Harvester starting. Target time: 2026-06-11T13:42:42.286280+00:00. Mode: arctic_shift+rss
2026-06-13T13:42:42+0000 [INFO] No pending posts for target time 2026-06-11T13. Nothing to do.
2026-06-13T13:47:46+0000 [INFO] Harvester starting. Target time: 2026-06-11T13:47:46.534901+00:00. Mode: arctic_shift+rss
2026-06-13T13:47:46+0000 [INFO] No pending posts for target time 2026-06-11T13. Nothing to do.
2026-06-13T13:52:48+0000 [INFO] Harvester starting. Target time: 2026-06-11T13:52:48.337601+00:00. Mode: arctic_shift+rss
2026-06-13T13:52:48+0000 [INFO] No pending posts for target time 2026-06-11T13. Nothing to do.
2026-06-13T13:57:37+0000 [INFO] Harvester starting. Target time: 2026-06-11T13:57:37.762860+00:00. Mode: arctic_shift+rss
2026-06-13T13:57:37+0000 [INFO] No pending posts for target time 2026-06-11T13. Nothing to do.
