2026-06-10T18:02:44+0000 [INFO] Harvester starting. Target batch: 2026-06-08T18. Mode: rss
2026-06-10T18:02:44+0000 [INFO] Found 21 posts to process
2026-06-10T18:02:44+0000 [INFO] Processing post 1u0csps (RSS): Billionaire West Ham co-owner David Sullivan accused of prey
2026-06-10T18:02:45+0000 [INFO]   Collected 162 comments via RSS
2026-06-10T18:02:45+0000 [INFO] Processing post 1u0f8ox (RSS): Bruno Guimarães: "Brazil is one of the favorites in every co
2026-06-10T18:02:53+0000 [INFO]   Collected 159 comments via RSS
2026-06-10T18:02:53+0000 [INFO] Processing post 1u0dq1n (RSS): [VI] FC Dordrecht is preparing for the possibility that Dirk
2026-06-10T18:02:59+0000 [INFO]   Collected 1 comments via RSS
2026-06-10T18:02:59+0000 [INFO] Processing post 1u0crpg (RSS): [The Guardian] Manchester United think they can beat Man Cit
2026-06-10T18:03:08+0000 [INFO]   Collected 141 comments via RSS
2026-06-10T18:03:08+0000 [INFO] Processing post 1u0cvkj (RSS): Norway U21 0-1 Finland U21 - Onni Helen 14'
2026-06-10T18:03:14+0000 [INFO]   Collected 1 comments via RSS
2026-06-10T18:03:14+0000 [INFO] Processing post 1u0e8zm (RSS): This is how Ajax trained in the 1990s, when it won its last 
2026-06-10T18:03:23+0000 [INFO]   Collected 189 comments via RSS
2026-06-10T18:03:23+0000 [INFO] Processing post 1u0edd9 (RSS): Somali referee denied entry to US | World Cup 2026
2026-06-10T18:03:29+0000 [INFO]   Collected 48 comments via RSS
2026-06-10T18:03:29+0000 [INFO] Processing post 1u0cwe1 (RSS): [Yahoo] British investment fund in advanced talks to buy OGC
2026-06-10T18:03:37+0000 [INFO]   Collected 50 comments via RSS
2026-06-10T18:03:37+0000 [INFO] Processing post 1u0eb1b (RSS): [Pisa Sporting Club] announces that it has relieved Oscar Hi
2026-06-10T18:03:44+0000 [INFO]   Collected 6 comments via RSS
2026-06-10T18:03:44+0000 [INFO] Processing post 1u0d6p1 (RSS): Belarus U21 [1]-1 Kazakhstan U21 - Daniil Galyata 64'
2026-06-10T18:03:51+0000 [INFO]   Collected 1 comments via RSS
2026-06-10T18:03:51+0000 [INFO] Processing post 1u0f0hl (RSS): Romain Molina on Bluesky " Without a FIFA president who is a
2026-06-10T18:03:59+0000 [INFO]   Collected 6 comments via RSS
2026-06-10T18:03:59+0000 [INFO] Processing post 1u0faud (RSS): Italy U21 1-0 Albania U21 - Gabriele Calvani 63'
2026-06-10T18:04:06+0000 [INFO]   Collected 4 comments via RSS
2026-06-10T18:04:06+0000 [INFO] Processing post 1u0fk3g (RSS): Daily Discussion
2026-06-10T18:04:17+0000 [INFO]   Collected 479 comments via RSS
2026-06-10T18:04:17+0000 [INFO] Processing post 1u0dyv7 (RSS): Estoril Praia closes deal with St. Étienne for Ian Cathor's 
2026-06-10T18:04:21+0000 [INFO]   Collected 1 comments via RSS
2026-06-10T18:04:21+0000 [INFO] Processing post 1u0e47m (RSS): Norway U21 0-2 Finland U21 - Matias Siltanen penalty 51'
2026-06-10T18:04:29+0000 [INFO]   Collected 1 comments via RSS
2026-06-10T18:04:29+0000 [INFO] Processing post 1u0d76d (RSS): Belarus U21 [2]-1 Kazakhstan U21 - Mark Mokin 70'
2026-06-10T18:04:36+0000 [INFO]   Collected 1 comments via RSS
2026-06-10T18:04:36+0000 [INFO] Processing post 1u0cgk9 (RSS): Almost 50,000 fans join Newcastle United Season Ticket Waiti
2026-06-10T18:04:44+0000 [INFO]   Collected 18 comments via RSS
2026-06-10T18:04:44+0000 [INFO] Processing post 1u0f7wj (RSS): Ukko Happonen (Finland U21) penalty save against Norway U21 
2026-06-10T18:04:51+0000 [INFO]   Collected 1 comments via RSS
2026-06-10T18:04:51+0000 [INFO] Processing post 1u0ey6e (RSS): Platini files complaint against Infantino
2026-06-10T18:04:59+0000 [INFO]   Collected 5 comments via RSS
2026-06-10T18:04:59+0000 [INFO] Processing post 1u0f5mx (RSS): Match Thread: Venezuela U20 vs Portugal U20
2026-06-10T18:05:06+0000 [INFO]   Collected 3 comments via RSS
2026-06-10T18:05:06+0000 [INFO] Processing post 1u0epfh (RSS): [NOS] Jurriën Timber to miss World Cup
2026-06-10T18:05:16+0000 [INFO]   Collected 162 comments via RSS
2026-06-10T18:05:16+0000 [INFO] Harvester complete (rss). 21 posts processed, 0 failed, 1439 total comments collected.
