2026-06-13T07:02:40+0000 [INFO] Harvester starting. Target time: 2026-06-11T07:02:40.942367+00:00. Mode: arctic_shift+rss
2026-06-13T07:02:40+0000 [INFO] Found 22 posts to process
2026-06-13T07:02:41+0000 [INFO] Processing post 1u2rqt8 (Arctic Shift): I've got leaks about who will win the World Cup
2026-06-13T07:02:41+0000 [WARNING]   Could not re-fetch post 1u2rqt8 from Arctic Shift
2026-06-13T07:02:43+0000 [INFO]   Arctic Shift returned 1 comments
2026-06-13T07:02:43+0000 [INFO] Processing post 1u2rrjk (Arctic Shift): [OC] Predicted final tables of all 12 World Cup groups based
2026-06-13T07:02:44+0000 [WARNING]   Could not re-fetch post 1u2rrjk from Arctic Shift
2026-06-13T07:02:46+0000 [INFO]   Arctic Shift returned 52 comments
2026-06-13T07:02:46+0000 [INFO] Processing post 1u2rs8p (Arctic Shift): Cool visualizer to follow world cup matches, see connections
2026-06-13T07:02:47+0000 [WARNING]   Could not re-fetch post 1u2rs8p from Arctic Shift
2026-06-13T07:02:49+0000 [INFO]   Arctic Shift returned 1 comments
2026-06-13T07:02:49+0000 [INFO] Processing post 1u2rv99 (Arctic Shift): After failing to pass the group stage multiple times, the Eg
2026-06-13T07:02:50+0000 [WARNING]   Could not re-fetch post 1u2rv99 from Arctic Shift
2026-06-13T07:02:52+0000 [INFO]   Arctic Shift returned 1 comments
2026-06-13T07:02:52+0000 [INFO] Processing post 1u2s0in (Arctic Shift): What would be Haaland’s release clause?
2026-06-13T07:02:53+0000 [WARNING]   Could not re-fetch post 1u2s0in from Arctic Shift
2026-06-13T07:02:54+0000 [INFO]   Arctic Shift returned 0 comments
2026-06-13T07:02:54+0000 [INFO] Processing post 1u2rzr5 (Arctic Shift): What would be Haaland’s release clause? 🤔
2026-06-13T07:02:55+0000 [WARNING]   Could not re-fetch post 1u2rzr5 from Arctic Shift
2026-06-13T07:02:57+0000 [INFO]   Arctic Shift returned 1 comments
2026-06-13T07:02:57+0000 [INFO] Processing post 1u2s0qp (Arctic Shift): Fan site World Cup 2026 fan site - no login, no ads, just da
2026-06-13T07:02:58+0000 [WARNING]   Could not re-fetch post 1u2s0qp from Arctic Shift
2026-06-13T07:03:00+0000 [INFO]   Arctic Shift returned 2 comments
2026-06-13T07:03:00+0000 [INFO] Processing post 1u2s1ux (Arctic Shift): [Pete O'Rourke] Rob Edwards first heard of his sacking by Wo
2026-06-13T07:03:01+0000 [WARNING]   Could not re-fetch post 1u2s1ux from Arctic Shift
2026-06-13T07:03:03+0000 [INFO]   Arctic Shift returned 1 comments
2026-06-13T07:03:03+0000 [INFO] Processing post 1u2s53d (Arctic Shift): RONALDO-MESSII (the 2 goats)
2026-06-13T07:03:04+0000 [WARNING]   Could not re-fetch post 1u2s53d from Arctic Shift
2026-06-13T07:03:06+0000 [INFO]   Arctic Shift returned 1 comments
2026-06-13T07:03:06+0000 [INFO] Processing post 1u2san5 (Arctic Shift): Florentino Pérez and his team began implementing Mourinho's 
2026-06-13T07:03:07+0000 [WARNING]   Could not re-fetch post 1u2san5 from Arctic Shift
2026-06-13T07:03:11+0000 [INFO]   Arctic Shift returned 226 comments
2026-06-13T07:03:11+0000 [INFO] Processing post 1u2s9oa (Arctic Shift): I wrote a poem for Fifa 2026
2026-06-13T07:03:12+0000 [WARNING]   Could not re-fetch post 1u2s9oa from Arctic Shift
2026-06-13T07:03:14+0000 [INFO]   Arctic Shift returned 1 comments
2026-06-13T07:03:14+0000 [INFO] Processing post 1u2sa7w (Arctic Shift): A foreign manager has NEVER won the World Cup
2026-06-13T07:03:15+0000 [WARNING]   Could not re-fetch post 1u2sa7w from Arctic Shift
2026-06-13T07:03:17+0000 [INFO]   Arctic Shift returned 18 comments
2026-06-13T07:03:17+0000 [INFO] Processing post 1u2sajr (Arctic Shift): I made a full FIFA World Cup 2026 anthem using AI-generated 
2026-06-13T07:03:18+0000 [WARNING]   Could not re-fetch post 1u2sajr from Arctic Shift
2026-06-13T07:03:20+0000 [INFO]   Arctic Shift returned 1 comments
2026-06-13T07:03:20+0000 [INFO] Processing post 1u2sdi4 (Arctic Shift): World Cup 2026 fan site - no login, no ads, just data
2026-06-13T07:03:21+0000 [WARNING]   Could not re-fetch post 1u2sdi4 from Arctic Shift
2026-06-13T07:03:23+0000 [INFO]   Arctic Shift returned 1 comments
2026-06-13T07:03:23+0000 [INFO] Processing post 1u2scyx (Arctic Shift): Argentine soccer fans denied US visas get free TVs before Wo
2026-06-13T07:03:24+0000 [WARNING]   Could not re-fetch post 1u2scyx from Arctic Shift
2026-06-13T07:03:26+0000 [INFO]   Arctic Shift returned 8 comments
2026-06-13T07:03:26+0000 [INFO] Processing post 1u2sc3m (Arctic Shift): Haiti agree to change World Cup kit despite FIFA ‘ Misinterp
2026-06-13T07:03:27+0000 [WARNING]   Could not re-fetch post 1u2sc3m from Arctic Shift
2026-06-13T07:03:29+0000 [INFO]   Arctic Shift returned 36 comments
2026-06-13T07:03:29+0000 [INFO] Processing post 1u2sg1q (Arctic Shift): Stop doing World Cup predictions in Excel, 
I made something
2026-06-13T07:03:30+0000 [WARNING]   Could not re-fetch post 1u2sg1q from Arctic Shift
2026-06-13T07:03:32+0000 [INFO]   Arctic Shift returned 2 comments
2026-06-13T07:03:32+0000 [INFO] Processing post 1u2sgnp (Arctic Shift): Anyone has a 'Champions' t-shirt from a losing finalist?
2026-06-13T07:03:33+0000 [WARNING]   Could not re-fetch post 1u2sgnp from Arctic Shift
2026-06-13T07:03:35+0000 [INFO]   Arctic Shift returned 1 comments
2026-06-13T07:03:35+0000 [INFO] Processing post 1u2sgrj (Arctic Shift): Damn..now im ready for the World Cup!!
2026-06-13T07:03:36+0000 [WARNING]   Could not re-fetch post 1u2sgrj from Arctic Shift
2026-06-13T07:03:38+0000 [INFO]   Arctic Shift returned 1 comments
2026-06-13T07:03:38+0000 [INFO] Processing post 1u2sjdh (Arctic Shift): Some teams at this World Cup are basically doing a cross-con
2026-06-13T07:03:39+0000 [WARNING]   Could not re-fetch post 1u2sjdh from Arctic Shift
2026-06-13T07:03:41+0000 [INFO]   Arctic Shift returned 2 comments
2026-06-13T07:03:41+0000 [INFO] Processing post 1u2shu0 (Arctic Shift): Stop doing World Cup predictions in Excel, 
I made something
2026-06-13T07:03:42+0000 [WARNING]   Could not re-fetch post 1u2shu0 from Arctic Shift
2026-06-13T07:03:44+0000 [INFO]   Arctic Shift returned 1 comments
2026-06-13T07:03:44+0000 [INFO] Processing post 1u2skx8 (Arctic Shift): newssports.store
2026-06-13T07:03:45+0000 [WARNING]   Could not re-fetch post 1u2skx8 from Arctic Shift
2026-06-13T07:03:47+0000 [INFO]   Arctic Shift returned 1 comments
2026-06-13T07:03:47+0000 [INFO] Harvester complete (arctic_shift+rss). 22 posts processed, 0 failed, 359 total comments collected.
2026-06-13T07:07:30+0000 [INFO] Harvester starting. Target time: 2026-06-11T07:07:30.460706+00:00. Mode: arctic_shift+rss
2026-06-13T07:07:30+0000 [INFO] No pending posts for target time 2026-06-11T07. Nothing to do.
2026-06-13T07:12:39+0000 [INFO] Harvester starting. Target time: 2026-06-11T07:12:39.817853+00:00. Mode: arctic_shift+rss
2026-06-13T07:12:39+0000 [INFO] No pending posts for target time 2026-06-11T07. Nothing to do.
2026-06-13T07:17:28+0000 [INFO] Harvester starting. Target time: 2026-06-11T07:17:28.311530+00:00. Mode: arctic_shift+rss
2026-06-13T07:17:28+0000 [INFO] No pending posts for target time 2026-06-11T07. Nothing to do.
2026-06-13T07:22:35+0000 [INFO] Harvester starting. Target time: 2026-06-11T07:22:35.798279+00:00. Mode: arctic_shift+rss
2026-06-13T07:22:35+0000 [INFO] No pending posts for target time 2026-06-11T07. Nothing to do.
2026-06-13T07:27:37+0000 [INFO] Harvester starting. Target time: 2026-06-11T07:27:37.518154+00:00. Mode: arctic_shift+rss
2026-06-13T07:27:37+0000 [INFO] No pending posts for target time 2026-06-11T07. Nothing to do.
2026-06-13T07:32:36+0000 [INFO] Harvester starting. Target time: 2026-06-11T07:32:36.992147+00:00. Mode: arctic_shift+rss
2026-06-13T07:32:36+0000 [INFO] No pending posts for target time 2026-06-11T07. Nothing to do.
2026-06-13T07:37:24+0000 [INFO] Harvester starting. Target time: 2026-06-11T07:37:24.195497+00:00. Mode: arctic_shift+rss
2026-06-13T07:37:24+0000 [INFO] No pending posts for target time 2026-06-11T07. Nothing to do.
2026-06-13T07:42:32+0000 [INFO] Harvester starting. Target time: 2026-06-11T07:42:32.064239+00:00. Mode: arctic_shift+rss
2026-06-13T07:42:32+0000 [INFO] No pending posts for target time 2026-06-11T07. Nothing to do.
