2026-06-11T15:02:19+0000 [INFO] Harvester starting. Target time: 2026-06-09T15:02:19.104201+00:00. Mode: arctic_shift+rss
2026-06-11T15:02:19+0000 [INFO] Found 11 posts to process
2026-06-11T15:02:19+0000 [INFO] Processing post 1u16vu9 (Arctic Shift): Atalanta have sacked Raffaele Palladino
2026-06-11T15:02:19+0000 [WARNING]   Could not re-fetch post 1u16vu9 from Arctic Shift
2026-06-11T15:02:26+0000 [INFO]   Arctic Shift returned 38 comments
2026-06-11T15:02:26+0000 [INFO] Processing post 1u17efh (Arctic Shift): World Cup Group Stage kickoff times in BST
2026-06-11T15:02:27+0000 [WARNING]   Could not re-fetch post 1u17efh from Arctic Shift
2026-06-11T15:02:35+0000 [INFO]   Arctic Shift returned 141 comments
2026-06-11T15:02:35+0000 [INFO] Processing post 1u15vcp (Arctic Shift): Correct pronunciation of the names of the Brazil national te
2026-06-11T15:02:37+0000 [WARNING]   Could not re-fetch post 1u15vcp from Arctic Shift
2026-06-11T15:02:52+0000 [INFO]   Arctic Shift returned 528 comments
2026-06-11T15:02:52+0000 [INFO] Processing post 1u16401 (Arctic Shift): Ronald Araujo's brother sends possible message to Bielsa : "
2026-06-11T15:02:52+0000 [WARNING]   Could not re-fetch post 1u16401 from Arctic Shift
2026-06-11T15:02:54+0000 [INFO]   Arctic Shift returned 30 comments
2026-06-11T15:02:54+0000 [INFO] Processing post 1u16gfl (Arctic Shift): [Fabrizio Romano] Juventus want to sign Brahim Díaz, but he 
2026-06-11T15:02:55+0000 [WARNING]   Could not re-fetch post 1u16gfl from Arctic Shift
2026-06-11T15:02:57+0000 [INFO]   Arctic Shift returned 73 comments
2026-06-11T15:02:57+0000 [INFO] Processing post 1u17814 (Arctic Shift): [Liam Keen] Wolves agree deal to sign Raúl Jiménez on a free
2026-06-11T15:02:58+0000 [WARNING]   Could not re-fetch post 1u17814 from Arctic Shift
2026-06-11T15:03:02+0000 [INFO]   Arctic Shift returned 93 comments
2026-06-11T15:03:02+0000 [INFO] Processing post 1u16xsi (Arctic Shift): Chelsea's Cole Palmer and Joao Pedro in new Madonna video
2026-06-11T15:03:02+0000 [WARNING]   Could not re-fetch post 1u16xsi from Arctic Shift
2026-06-11T15:03:06+0000 [INFO]   Arctic Shift returned 41 comments
2026-06-11T15:03:06+0000 [INFO] Processing post 1u169sv (Arctic Shift): The ITV 2026 World Cup titles are unveiled, with the tune of
2026-06-11T15:03:07+0000 [WARNING]   Could not re-fetch post 1u169sv from Arctic Shift
2026-06-11T15:03:08+0000 [INFO]   Arctic Shift returned 51 comments
2026-06-11T15:03:08+0000 [INFO] Processing post 1u16e9n (Arctic Shift): Correct pronunciation of the names of the Netherlands team p
2026-06-11T15:03:09+0000 [WARNING]   Could not re-fetch post 1u16e9n from Arctic Shift
2026-06-11T15:03:16+0000 [INFO]   Arctic Shift returned 400 comments
2026-06-11T15:03:16+0000 [INFO] Processing post 1u168lr (Arctic Shift): [The Athletic] FIFA charging fans $79 to have their name app
2026-06-11T15:03:17+0000 [WARNING]   Could not re-fetch post 1u168lr from Arctic Shift
2026-06-11T15:03:28+0000 [INFO]   Arctic Shift returned 224 comments
2026-06-11T15:03:28+0000 [INFO] Processing post 1u16ag0 (Arctic Shift): [Fabrizio Romano] Real Madrid want a player who can play bot
2026-06-11T15:03:30+0000 [WARNING]   Could not re-fetch post 1u16ag0 from Arctic Shift
2026-06-11T15:03:39+0000 [INFO]   Arctic Shift returned 381 comments
2026-06-11T15:03:39+0000 [INFO] Harvester complete (arctic_shift+rss). 11 posts processed, 0 failed, 2000 total comments collected.
2026-06-11T15:06:50+0000 [INFO] Harvester starting. Target time: 2026-06-09T15:06:50.673784+00:00. Mode: arctic_shift+rss
2026-06-11T15:06:50+0000 [INFO] No pending posts for target time 2026-06-09T15. Nothing to do.
2026-06-11T15:11:50+0000 [INFO] Harvester starting. Target time: 2026-06-09T15:11:50.669885+00:00. Mode: arctic_shift+rss
2026-06-11T15:11:50+0000 [INFO] No pending posts for target time 2026-06-09T15. Nothing to do.
2026-06-11T15:17:16+0000 [INFO] Harvester starting. Target time: 2026-06-09T15:17:16.438578+00:00. Mode: arctic_shift+rss
2026-06-11T15:17:16+0000 [INFO] No pending posts for target time 2026-06-09T15. Nothing to do.
2026-06-11T15:21:58+0000 [INFO] Harvester starting. Target time: 2026-06-09T15:21:58.051214+00:00. Mode: arctic_shift+rss
2026-06-11T15:21:58+0000 [INFO] No pending posts for target time 2026-06-09T15. Nothing to do.
2026-06-11T15:26:54+0000 [INFO] Harvester starting. Target time: 2026-06-09T15:26:54.168619+00:00. Mode: arctic_shift+rss
2026-06-11T15:26:54+0000 [INFO] No pending posts for target time 2026-06-09T15. Nothing to do.
2026-06-11T15:32:22+0000 [INFO] Harvester starting. Target time: 2026-06-09T15:32:22.709523+00:00. Mode: arctic_shift+rss
2026-06-11T15:32:22+0000 [INFO] No pending posts for target time 2026-06-09T15. Nothing to do.
2026-06-11T15:36:51+0000 [INFO] Harvester starting. Target time: 2026-06-09T15:36:51.935229+00:00. Mode: arctic_shift+rss
2026-06-11T15:36:51+0000 [INFO] No pending posts for target time 2026-06-09T15. Nothing to do.
