2026-06-11T13:01:50+0000 [INFO] Harvester starting. Target time: 2026-06-09T13:01:50.482669+00:00. Mode: arctic_shift+rss
2026-06-11T13:01:50+0000 [INFO] Found 10 posts to process
2026-06-11T13:01:50+0000 [INFO] Processing post 1u144jo (Arctic Shift): [Fabrizio Romano] Juventus want Dibu Martínez as priority ta
2026-06-11T13:01:50+0000 [WARNING]   Could not re-fetch post 1u144jo from Arctic Shift
2026-06-11T13:01:53+0000 [INFO]   Arctic Shift returned 73 comments
2026-06-11T13:01:53+0000 [INFO] Processing post 1u13fe3 (Arctic Shift): Philippines 1-0 Myanmar - Jefferson David Tabinas
2026-06-11T13:01:53+0000 [WARNING]   Could not re-fetch post 1u13fe3 from Arctic Shift
2026-06-11T13:01:55+0000 [INFO]   Arctic Shift returned 1 comments
2026-06-11T13:01:55+0000 [INFO] Processing post 1u145k4 (Arctic Shift): FC Twente considering left back Šimun Hrgović from HNK Hajdu
2026-06-11T13:01:56+0000 [WARNING]   Could not re-fetch post 1u145k4 from Arctic Shift
2026-06-11T13:01:58+0000 [INFO]   Arctic Shift returned 2 comments
2026-06-11T13:01:58+0000 [INFO] Processing post 1u13cke (Arctic Shift): Norway Squad Wear Childhood Kits Ahead of 2026 World Cup
2026-06-11T13:01:59+0000 [WARNING]   Could not re-fetch post 1u13cke from Arctic Shift
2026-06-11T13:02:03+0000 [INFO]   Arctic Shift returned 265 comments
2026-06-11T13:02:03+0000 [INFO] Processing post 1u13asv (Arctic Shift): Official: TSG Hoffenheim signs Dutch left back Mats Rots fro
2026-06-11T13:02:04+0000 [WARNING]   Could not re-fetch post 1u13asv from Arctic Shift
2026-06-11T13:02:06+0000 [INFO]   Arctic Shift returned 4 comments
2026-06-11T13:02:06+0000 [INFO] Processing post 1u149dr (Arctic Shift): Cambodia 1-0 Hong Kong - Yudai Ogawa 45'+1'
2026-06-11T13:02:08+0000 [WARNING]   Could not re-fetch post 1u149dr from Arctic Shift
2026-06-11T13:02:10+0000 [INFO]   Arctic Shift returned 2 comments
2026-06-11T13:02:10+0000 [INFO] Processing post 1u13nrg (Arctic Shift): Senegal team checked on airport tarmac
2026-06-11T13:02:10+0000 [WARNING]   Could not re-fetch post 1u13nrg from Arctic Shift
2026-06-11T13:02:13+0000 [INFO]   Arctic Shift returned 71 comments
2026-06-11T13:02:13+0000 [INFO] Processing post 1u13c47 (Arctic Shift): Guardian Cartoon about the World Cup
2026-06-11T13:02:13+0000 [WARNING]   Could not re-fetch post 1u13c47 from Arctic Shift
2026-06-11T13:02:15+0000 [INFO]   Arctic Shift returned 57 comments
2026-06-11T13:02:15+0000 [INFO] Processing post 1u147w4 (Arctic Shift): Philippines 2-0 Myanmar - Paul Tabinas 54'
2026-06-11T13:02:16+0000 [WARNING]   Could not re-fetch post 1u147w4 from Arctic Shift
2026-06-11T13:02:18+0000 [INFO]   Arctic Shift returned 4 comments
2026-06-11T13:02:18+0000 [INFO] Processing post 1u139re (Arctic Shift): Tickets for Iran fans revoked, says federation
2026-06-11T13:02:19+0000 [WARNING]   Could not re-fetch post 1u139re from Arctic Shift
2026-06-11T13:02:24+0000 [INFO]   Arctic Shift returned 309 comments
2026-06-11T13:02:24+0000 [INFO] Harvester complete (arctic_shift+rss). 10 posts processed, 0 failed, 788 total comments collected.
2026-06-11T13:06:39+0000 [INFO] Harvester starting. Target time: 2026-06-09T13:06:39.973796+00:00. Mode: arctic_shift+rss
2026-06-11T13:06:39+0000 [INFO] No pending posts for target time 2026-06-09T13. Nothing to do.
2026-06-11T13:11:45+0000 [INFO] Harvester starting. Target time: 2026-06-09T13:11:45.543515+00:00. Mode: arctic_shift+rss
2026-06-11T13:11:45+0000 [INFO] No pending posts for target time 2026-06-09T13. Nothing to do.
2026-06-11T13:16:48+0000 [INFO] Harvester starting. Target time: 2026-06-09T13:16:48.993448+00:00. Mode: arctic_shift+rss
2026-06-11T13:16:48+0000 [INFO] No pending posts for target time 2026-06-09T13. Nothing to do.
2026-06-11T13:21:52+0000 [INFO] Harvester starting. Target time: 2026-06-09T13:21:52.442383+00:00. Mode: arctic_shift+rss
2026-06-11T13:21:52+0000 [INFO] No pending posts for target time 2026-06-09T13. Nothing to do.
2026-06-11T13:26:44+0000 [INFO] Harvester starting. Target time: 2026-06-09T13:26:44.359789+00:00. Mode: arctic_shift+rss
2026-06-11T13:26:44+0000 [INFO] No pending posts for target time 2026-06-09T13. Nothing to do.
2026-06-11T13:32:04+0000 [INFO] Harvester starting. Target time: 2026-06-09T13:32:04.549428+00:00. Mode: arctic_shift+rss
2026-06-11T13:32:04+0000 [INFO] No pending posts for target time 2026-06-09T13. Nothing to do.
2026-06-11T13:36:47+0000 [INFO] Harvester starting. Target time: 2026-06-09T13:36:47.484020+00:00. Mode: arctic_shift+rss
2026-06-11T13:36:47+0000 [INFO] No pending posts for target time 2026-06-09T13. Nothing to do.
