2026-06-11T21:02:13+0000 [INFO] Harvester starting. Target time: 2026-06-09T21:02:13.022345+00:00. Mode: arctic_shift+rss
2026-06-11T21:02:13+0000 [INFO] Found 25 posts to process
2026-06-11T21:02:13+0000 [INFO] Processing post 1u1h16k (Arctic Shift): Almeria 1-[2] Castellon [2-3 on agg.] - Agustin Sienra 69'
2026-06-11T21:02:13+0000 [WARNING]   Could not re-fetch post 1u1h16k from Arctic Shift
2026-06-11T21:02:15+0000 [INFO]   Arctic Shift returned 1 comments
2026-06-11T21:02:15+0000 [INFO] Processing post 1u1hb7l (Arctic Shift): [BBC Sport] Craig Gordon: From risk of death to the oldest m
2026-06-11T21:02:17+0000 [WARNING]   Could not re-fetch post 1u1hb7l from Arctic Shift
2026-06-11T21:02:18+0000 [INFO]   Arctic Shift returned 0 comments
2026-06-11T21:02:18+0000 [INFO] Processing post 1u1gq9i (Arctic Shift): France W [1] - 0 Ireland W - Melvine Malard (40') - Great go
2026-06-11T21:02:20+0000 [WARNING]   Could not re-fetch post 1u1gq9i from Arctic Shift
2026-06-11T21:02:23+0000 [INFO]   Arctic Shift returned 13 comments
2026-06-11T21:02:23+0000 [INFO] Processing post 1u1hyz3 (Arctic Shift): Almería eliminate Castellon 4-3 on aggregate and are through
2026-06-11T21:02:25+0000 [WARNING]   Could not re-fetch post 1u1hyz3 from Arctic Shift
2026-06-11T21:02:27+0000 [INFO]   Arctic Shift returned 7 comments
2026-06-11T21:02:27+0000 [INFO] Processing post 1u1hdi6 (Arctic Shift): Almeria [2]-2 Castellon [3-3 on agg.] - Alex Munoz 80'
2026-06-11T21:02:28+0000 [WARNING]   Could not re-fetch post 1u1hdi6 from Arctic Shift
2026-06-11T21:02:30+0000 [INFO]   Arctic Shift returned 1 comments
2026-06-11T21:02:30+0000 [INFO] Processing post 1u1igcu (Arctic Shift): Why the King of FIFA can’t shut up
2026-06-11T21:02:31+0000 [WARNING]   Could not re-fetch post 1u1igcu from Arctic Shift
2026-06-11T21:02:33+0000 [INFO]   Arctic Shift returned 1 comments
2026-06-11T21:02:33+0000 [INFO] Processing post 1u1gyei (Arctic Shift): Norway already has the three best team photos.
2026-06-11T21:02:34+0000 [WARNING]   Could not re-fetch post 1u1gyei from Arctic Shift
2026-06-11T21:02:35+0000 [INFO]   Arctic Shift returned 65 comments
2026-06-11T21:02:35+0000 [INFO] Processing post 1u1h5u9 (Arctic Shift): Thiniba Samoura (France W) second yellow against Ireland W 7
2026-06-11T21:02:36+0000 [WARNING]   Could not re-fetch post 1u1h5u9 from Arctic Shift
2026-06-11T21:02:39+0000 [INFO]   Arctic Shift returned 2 comments
2026-06-11T21:02:39+0000 [INFO] Processing post 1u1h07j (Arctic Shift): Mukasa extends City contract until 2030
2026-06-11T21:02:40+0000 [WARNING]   Could not re-fetch post 1u1h07j from Arctic Shift
2026-06-11T21:02:42+0000 [INFO]   Arctic Shift returned 1 comments
2026-06-11T21:02:42+0000 [INFO] Processing post 1u1ixtm (Arctic Shift): Kieran McKenna increasingly likely to leave Ipswich as Fulha
2026-06-11T21:02:42+0000 [WARNING]   Could not re-fetch post 1u1ixtm from Arctic Shift
2026-06-11T21:02:45+0000 [INFO]   Arctic Shift returned 47 comments
2026-06-11T21:02:45+0000 [INFO] Processing post 1u1hxvi (Arctic Shift): Thanks to a 1-0 victory against Ireland, France qualified fo
2026-06-11T21:02:46+0000 [WARNING]   Could not re-fetch post 1u1hxvi from Arctic Shift
2026-06-11T21:02:50+0000 [INFO]   Arctic Shift returned 4 comments
2026-06-11T21:02:50+0000 [INFO] Processing post 1u1h0ko (Arctic Shift): Almeria 1-[1] Castellon [2-2 on agg.] - Alex Calatrava 57'
2026-06-11T21:02:51+0000 [WARNING]   Could not re-fetch post 1u1h0ko from Arctic Shift
2026-06-11T21:02:53+0000 [INFO]   Arctic Shift returned 1 comments
2026-06-11T21:02:53+0000 [INFO] Processing post 1u1hza3 (Arctic Shift): [The Athletic] The World Cup visa mess has its roots in Gian
2026-06-11T21:02:54+0000 [WARNING]   Could not re-fetch post 1u1hza3 from Arctic Shift
2026-06-11T21:02:57+0000 [INFO]   Arctic Shift returned 18 comments
2026-06-11T21:02:57+0000 [INFO] Processing post 1u1gu3h (Arctic Shift): [TEAMtalk] Bernardo Silva is prepared to walk away from his 
2026-06-11T21:02:57+0000 [WARNING]   Could not re-fetch post 1u1gu3h from Arctic Shift
2026-06-11T21:03:01+0000 [INFO]   Arctic Shift returned 50 comments
2026-06-11T21:03:01+0000 [INFO] Processing post 1u1h0ej (Arctic Shift): FIFA told to compensate banned referee over cancelled World 
2026-06-11T21:03:02+0000 [WARNING]   Could not re-fetch post 1u1h0ej from Arctic Shift
2026-06-11T21:03:06+0000 [INFO]   Arctic Shift returned 248 comments
2026-06-11T21:03:06+0000 [INFO] Processing post 1u1i18o (Arctic Shift): [Carlos Monfort] Laporta is now personally overseeing the Ju
2026-06-11T21:03:07+0000 [WARNING]   Could not re-fetch post 1u1i18o from Arctic Shift
2026-06-11T21:03:11+0000 [INFO]   Arctic Shift returned 229 comments
2026-06-11T21:03:11+0000 [INFO] Processing post 1u1hlxl (Arctic Shift): Almeria [3]-2 Castellon [4-3 on agg.] - Stefan Dzodic 90'+4'
2026-06-11T21:03:12+0000 [WARNING]   Could not re-fetch post 1u1hlxl from Arctic Shift
2026-06-11T21:03:15+0000 [INFO]   Arctic Shift returned 7 comments
2026-06-11T21:03:15+0000 [INFO] Processing post 1u1ibbt (Arctic Shift): Sport Lisboa e Benfica, SAD informs that it has reached an a
2026-06-11T21:03:16+0000 [WARNING]   Could not re-fetch post 1u1ibbt from Arctic Shift
2026-06-11T21:03:17+0000 [INFO]   Arctic Shift returned 20 comments
2026-06-11T21:03:17+0000 [INFO] Processing post 1u1iik7 (Arctic Shift): England W [3] - 0 Ukraine W - Beth Mead - 66' - Free kick
2026-06-11T21:03:18+0000 [WARNING]   Could not re-fetch post 1u1iik7 from Arctic Shift
2026-06-11T21:03:22+0000 [INFO]   Arctic Shift returned 14 comments
2026-06-11T21:03:22+0000 [INFO] Processing post 1u1idfo (Arctic Shift): [Sky] Inter-Solet getting closer: trying to close the deal w
2026-06-11T21:03:22+0000 [WARNING]   Could not re-fetch post 1u1idfo from Arctic Shift
2026-06-11T21:03:24+0000 [INFO]   Arctic Shift returned 6 comments
2026-06-11T21:03:24+0000 [INFO] Processing post 1u1gzu2 (Arctic Shift): Almeria 1-0 Castellon [2-1 on agg.] - Adrian Embarba 41'
2026-06-11T21:03:25+0000 [WARNING]   Could not re-fetch post 1u1gzu2 from Arctic Shift
2026-06-11T21:03:27+0000 [INFO]   Arctic Shift returned 1 comments
2026-06-11T21:03:27+0000 [INFO] Processing post 1u1gqph (Arctic Shift): Dear England scene mocking Jack Grealish
2026-06-11T21:03:28+0000 [WARNING]   Could not re-fetch post 1u1gqph from Arctic Shift
2026-06-11T21:03:31+0000 [INFO]   Arctic Shift returned 112 comments
2026-06-11T21:03:31+0000 [INFO] Processing post 1u1iqr5 (Arctic Shift): [FlashscoreBR] The last time *each* World Champion country d
2026-06-11T21:03:32+0000 [WARNING]   Could not re-fetch post 1u1iqr5 from Arctic Shift
2026-06-11T21:03:34+0000 [INFO]   Arctic Shift returned 42 comments
2026-06-11T21:03:34+0000 [INFO] Processing post 1u1hlji (Arctic Shift): Harry Kane showcases his German in Dear England scene
2026-06-11T21:03:36+0000 [WARNING]   Could not re-fetch post 1u1hlji from Arctic Shift
2026-06-11T21:03:38+0000 [INFO]   Arctic Shift returned 2 comments
2026-06-11T21:03:38+0000 [INFO] Processing post 1u1hyhc (Arctic Shift): [SL Benfica] Sport Lisboa e Benfica – Futebol, SAD announced
2026-06-11T21:03:39+0000 [WARNING]   Could not re-fetch post 1u1hyhc from Arctic Shift
2026-06-11T21:03:43+0000 [INFO]   Arctic Shift returned 25 comments
2026-06-11T21:03:43+0000 [INFO] Harvester complete (arctic_shift+rss). 25 posts processed, 0 failed, 917 total comments collected.
2026-06-11T21:07:14+0000 [INFO] Harvester starting. Target time: 2026-06-09T21:07:14.132104+00:00. Mode: arctic_shift+rss
2026-06-11T21:07:14+0000 [INFO] No pending posts for target time 2026-06-09T21. Nothing to do.
2026-06-11T21:12:05+0000 [INFO] Harvester starting. Target time: 2026-06-09T21:12:05.226987+00:00. Mode: arctic_shift+rss
2026-06-11T21:12:05+0000 [INFO] No pending posts for target time 2026-06-09T21. Nothing to do.
2026-06-11T21:17:12+0000 [INFO] Harvester starting. Target time: 2026-06-09T21:17:12.279085+00:00. Mode: arctic_shift+rss
2026-06-11T21:17:12+0000 [INFO] No pending posts for target time 2026-06-09T21. Nothing to do.
2026-06-11T21:21:58+0000 [INFO] Harvester starting. Target time: 2026-06-09T21:21:58.600355+00:00. Mode: arctic_shift+rss
2026-06-11T21:21:58+0000 [INFO] No pending posts for target time 2026-06-09T21. Nothing to do.
2026-06-11T21:26:56+0000 [INFO] Harvester starting. Target time: 2026-06-09T21:26:56.299944+00:00. Mode: arctic_shift+rss
2026-06-11T21:26:56+0000 [INFO] No pending posts for target time 2026-06-09T21. Nothing to do.
2026-06-11T21:31:59+0000 [INFO] Harvester starting. Target time: 2026-06-09T21:31:59.978740+00:00. Mode: arctic_shift+rss
2026-06-11T21:31:59+0000 [INFO] No pending posts for target time 2026-06-09T21. Nothing to do.
2026-06-11T21:37:00+0000 [INFO] Harvester starting. Target time: 2026-06-09T21:37:00.052351+00:00. Mode: arctic_shift+rss
2026-06-11T21:37:00+0000 [INFO] No pending posts for target time 2026-06-09T21. Nothing to do.
2026-06-11T21:42:08+0000 [INFO] Harvester starting. Target time: 2026-06-09T21:42:08.847640+00:00. Mode: arctic_shift+rss
2026-06-11T21:42:08+0000 [INFO] No pending posts for target time 2026-06-09T21. Nothing to do.
2026-06-11T21:47:10+0000 [INFO] Harvester starting. Target time: 2026-06-09T21:47:10.654791+00:00. Mode: arctic_shift+rss
2026-06-11T21:47:10+0000 [INFO] No pending posts for target time 2026-06-09T21. Nothing to do.
2026-06-11T21:52:01+0000 [INFO] Harvester starting. Target time: 2026-06-09T21:52:01.023068+00:00. Mode: arctic_shift+rss
2026-06-11T21:52:01+0000 [INFO] No pending posts for target time 2026-06-09T21. Nothing to do.
2026-06-11T21:57:04+0000 [INFO] Harvester starting. Target time: 2026-06-09T21:57:04.305848+00:00. Mode: arctic_shift+rss
2026-06-11T21:57:04+0000 [INFO] No pending posts for target time 2026-06-09T21. Nothing to do.
