2026-06-13T10:02:44+0000 [INFO] Harvester starting. Target time: 2026-06-11T10:02:44.953753+00:00. Mode: arctic_shift+rss
2026-06-13T10:02:44+0000 [INFO] Found 19 posts to process
2026-06-13T10:02:45+0000 [INFO] Processing post 1u2upta (Arctic Shift): Milan meet with ex-Man United coach Amorim while waiting for
2026-06-13T10:02:45+0000 [WARNING]   Could not re-fetch post 1u2upta from Arctic Shift
2026-06-13T10:02:48+0000 [INFO]   Arctic Shift returned 106 comments
2026-06-13T10:02:48+0000 [INFO] Processing post 1u2upfm (Arctic Shift): Only two teams have ever lost to the eventual champions twic
2026-06-13T10:02:49+0000 [WARNING]   Could not re-fetch post 1u2upfm from Arctic Shift
2026-06-13T10:02:51+0000 [INFO]   Arctic Shift returned 27 comments
2026-06-13T10:02:51+0000 [INFO] Processing post 1u2us5s (Arctic Shift): England have finalised their World Cup XI with one big winne
2026-06-13T10:02:52+0000 [WARNING]   Could not re-fetch post 1u2us5s from Arctic Shift
2026-06-13T10:02:54+0000 [INFO]   Arctic Shift returned 1 comments
2026-06-13T10:02:54+0000 [INFO] Processing post 1u2uujc (Arctic Shift): I never followed African football until this World Cup. Now 
2026-06-13T10:02:55+0000 [WARNING]   Could not re-fetch post 1u2uujc from Arctic Shift
2026-06-13T10:02:57+0000 [INFO]   Arctic Shift returned 1 comments
2026-06-13T10:02:57+0000 [INFO] Processing post 1u2uw1n (Arctic Shift): Keisuke Goto joins SC Freiburg
2026-06-13T10:02:58+0000 [WARNING]   Could not re-fetch post 1u2uw1n from Arctic Shift
2026-06-13T10:03:00+0000 [INFO]   Arctic Shift returned 20 comments
2026-06-13T10:03:00+0000 [INFO] Processing post 1u2uunl (Arctic Shift): [Jack Gaughan] Forest are looking at an initial payment of £
2026-06-13T10:03:01+0000 [WARNING]   Could not re-fetch post 1u2uunl from Arctic Shift
2026-06-13T10:03:07+0000 [INFO]   Arctic Shift returned 420 comments
2026-06-13T10:03:07+0000 [INFO] Processing post 1u2uzm6 (Arctic Shift): The U.S. signed up for the 2026 FIFA World Cup – and its 11 
2026-06-13T10:03:08+0000 [WARNING]   Could not re-fetch post 1u2uzm6 from Arctic Shift
2026-06-13T10:03:10+0000 [INFO]   Arctic Shift returned 40 comments
2026-06-13T10:03:10+0000 [INFO] Processing post 1u2uzl4 (Arctic Shift): Is it just me or does every World Cup song except Shakira’s 
2026-06-13T10:03:11+0000 [WARNING]   Could not re-fetch post 1u2uzl4 from Arctic Shift
2026-06-13T10:03:13+0000 [INFO]   Arctic Shift returned 1 comments
2026-06-13T10:03:13+0000 [INFO] Processing post 1u2uzml (Arctic Shift): World Cup predictions site
2026-06-13T10:03:14+0000 [WARNING]   Could not re-fetch post 1u2uzml from Arctic Shift
2026-06-13T10:03:16+0000 [INFO]   Arctic Shift returned 1 comments
2026-06-13T10:03:16+0000 [INFO] Processing post 1u2v5yl (Arctic Shift): Official: FIFA have unveiled the Golden Boot, Golden Ball, a
2026-06-13T10:03:17+0000 [WARNING]   Could not re-fetch post 1u2v5yl from Arctic Shift
2026-06-13T10:03:19+0000 [INFO]   Arctic Shift returned 2 comments
2026-06-13T10:03:19+0000 [INFO] Processing post 1u2v8e7 (Arctic Shift): https://youtu.be/bE6peyxRxjM?si=NQlZw5zkaKpWO5yM
2026-06-13T10:03:20+0000 [WARNING]   Could not re-fetch post 1u2v8e7 from Arctic Shift
2026-06-13T10:03:21+0000 [INFO]   Arctic Shift returned 0 comments
2026-06-13T10:03:21+0000 [INFO] Processing post 1u2vd1y (Arctic Shift): My friend told me about this new website called crowdcall.li
2026-06-13T10:03:22+0000 [WARNING]   Could not re-fetch post 1u2vd1y from Arctic Shift
2026-06-13T10:03:24+0000 [INFO]   Arctic Shift returned 1 comments
2026-06-13T10:03:24+0000 [INFO] Processing post 1u2vca4 (Arctic Shift): Made a spoiler-free World Cup site for everyone watching mat
2026-06-13T10:03:25+0000 [WARNING]   Could not re-fetch post 1u2vca4 from Arctic Shift
2026-06-13T10:03:27+0000 [INFO]   Arctic Shift returned 1 comments
2026-06-13T10:03:27+0000 [INFO] Processing post 1u2vd0l (Arctic Shift): Wolves part ways with Rob Edwards
2026-06-13T10:03:28+0000 [WARNING]   Could not re-fetch post 1u2vd0l from Arctic Shift
2026-06-13T10:03:30+0000 [INFO]   Arctic Shift returned 60 comments
2026-06-13T10:03:30+0000 [INFO] Processing post 1u2viqa (Arctic Shift): I built a football web app to get ready for the World Cup — 
2026-06-13T10:03:31+0000 [WARNING]   Could not re-fetch post 1u2viqa from Arctic Shift
2026-06-13T10:03:33+0000 [INFO]   Arctic Shift returned 1 comments
2026-06-13T10:03:33+0000 [INFO] Processing post 1u2vlf0 (Arctic Shift): UNICEF names Lamine Yamal as a Goodwill Ambassador
2026-06-13T10:03:34+0000 [WARNING]   Could not re-fetch post 1u2vlf0 from Arctic Shift
2026-06-13T10:03:36+0000 [INFO]   Arctic Shift returned 15 comments
2026-06-13T10:03:36+0000 [INFO] Processing post 1u2vkjg (Arctic Shift): I thought it was easy, but i couldn't even get half of them 
2026-06-13T10:03:37+0000 [WARNING]   Could not re-fetch post 1u2vkjg from Arctic Shift
2026-06-13T10:03:39+0000 [INFO]   Arctic Shift returned 1 comments
2026-06-13T10:03:39+0000 [INFO] Processing post 1u2voze (Arctic Shift): Fans eating dinner at tables right next to the corner flag d
2026-06-13T10:03:40+0000 [WARNING]   Could not re-fetch post 1u2voze from Arctic Shift
2026-06-13T10:03:42+0000 [INFO]   Arctic Shift returned 1 comments
2026-06-13T10:03:42+0000 [INFO] Processing post 1u2vpk7 (Arctic Shift): Assistants Hake and Pinas leave Feyenoord
2026-06-13T10:03:43+0000 [WARNING]   Could not re-fetch post 1u2vpk7 from Arctic Shift
2026-06-13T10:03:45+0000 [INFO]   Arctic Shift returned 2 comments
2026-06-13T10:03:45+0000 [INFO] Harvester complete (arctic_shift+rss). 19 posts processed, 0 failed, 701 total comments collected.
2026-06-13T10:07:34+0000 [INFO] Harvester starting. Target time: 2026-06-11T10:07:34.364140+00:00. Mode: arctic_shift+rss
2026-06-13T10:07:34+0000 [INFO] No pending posts for target time 2026-06-11T10. Nothing to do.
2026-06-13T10:12:31+0000 [INFO] Harvester starting. Target time: 2026-06-11T10:12:31.651486+00:00. Mode: arctic_shift+rss
2026-06-13T10:12:31+0000 [INFO] No pending posts for target time 2026-06-11T10. Nothing to do.
2026-06-13T10:17:38+0000 [INFO] Harvester starting. Target time: 2026-06-11T10:17:38.981967+00:00. Mode: arctic_shift+rss
2026-06-13T10:17:38+0000 [INFO] No pending posts for target time 2026-06-11T10. Nothing to do.
2026-06-13T10:22:43+0000 [INFO] Harvester starting. Target time: 2026-06-11T10:22:43.702752+00:00. Mode: arctic_shift+rss
2026-06-13T10:22:43+0000 [INFO] No pending posts for target time 2026-06-11T10. Nothing to do.
