2026-06-10T19:02:38+0000 [INFO] Harvester starting. Target batch: 2026-06-08T19. Mode: rss
2026-06-10T19:02:38+0000 [INFO] Found 17 posts to process
2026-06-10T19:02:38+0000 [INFO] Processing post 1u0h3rl (RSS): Hakim Ziyech looks back to recent World Cups
2026-06-10T19:02:38+0000 [INFO]   Collected 2 comments via RSS
2026-06-10T19:02:38+0000 [INFO] Processing post 1u0grjt (RSS): Match Thread: Netherlands vs Uzbekistan
2026-06-10T19:02:47+0000 [INFO]   Collected 465 comments via RSS
2026-06-10T19:02:47+0000 [INFO] Processing post 1u0hehp (RSS): Match Thread: France vs Northern Ireland
2026-06-10T19:02:54+0000 [INFO]   Collected 463 comments via RSS
2026-06-10T19:02:54+0000 [INFO] Processing post 1u0h0h3 (RSS): A member of Korean media caught mocking Son Heung-Min over h
2026-06-10T19:03:03+0000 [INFO]   Collected 250 comments via RSS
2026-06-10T19:03:03+0000 [INFO] Processing post 1u0gb07 (RSS): [BBC] Republic of Ireland v Israel: FAI tight-lipped on neut
2026-06-10T19:03:08+0000 [INFO]   Collected 1 comments via RSS
2026-06-10T19:03:08+0000 [INFO] Processing post 1u0gtqa (RSS): Incredible: authorities deploy sniffer dogs to search the Uz
2026-06-10T19:03:16+0000 [INFO]   Collected 64 comments via RSS
2026-06-10T19:03:16+0000 [INFO] Processing post 1u0fqo4 (RSS): Eagle Football Group and Olympique Lyonnais file a criminal 
2026-06-10T19:03:23+0000 [INFO]   Collected 7 comments via RSS
2026-06-10T19:03:23+0000 [INFO] Processing post 1u0fzyq (RSS): Manchester City are preparing a second bid in excess for £80
2026-06-10T19:03:31+0000 [INFO]   Collected 64 comments via RSS
2026-06-10T19:03:31+0000 [INFO] Processing post 1u0hs6m (RSS): Kieron Dyer set to become the new Southend United boss
2026-06-10T19:03:38+0000 [INFO]   Collected 3 comments via RSS
2026-06-10T19:03:38+0000 [INFO] Processing post 1u0fzie (RSS): Diogo Jota's wife, Rute Cardoso, has written a letter to Sco
2026-06-10T19:03:46+0000 [INFO]   Collected 71 comments via RSS
2026-06-10T19:03:46+0000 [INFO] Processing post 1u0hd39 (RSS): Olivier Giroud to extend Lille stay
2026-06-10T19:03:53+0000 [INFO]   Collected 4 comments via RSS
2026-06-10T19:03:53+0000 [INFO] Processing post 1u0hmqk (RSS): The Athletic's ranking of the 48 teams at the World Cup
2026-06-10T19:04:04+0000 [INFO]   Collected 491 comments via RSS
2026-06-10T19:04:04+0000 [INFO] Processing post 1u0fur1 (RSS): [GOAL] Real Madrid ask UEFA to strip Barcelona of titles! Ex
2026-06-10T19:04:10+0000 [INFO]   Collected 240 comments via RSS
2026-06-10T19:04:10+0000 [INFO] Processing post 1u0gt2n (RSS): Brushfire Breaks Out Near Swiss Training Camp in San Diego
2026-06-10T19:04:16+0000 [INFO]   Collected 30 comments via RSS
2026-06-10T19:04:16+0000 [INFO] Processing post 1u0g8dr (RSS): [SkySportDE | Berger, Plettenberg, Hartmann] Olise is probab
2026-06-10T19:04:23+0000 [INFO]   Collected 66 comments via RSS
2026-06-10T19:04:23+0000 [INFO] Processing post 1u0g4qf (RSS): Torino to appoint ex-Milan player Ignazio Abate as manager
2026-06-10T19:04:31+0000 [INFO]   Collected 14 comments via RSS
2026-06-10T19:04:31+0000 [INFO] Processing post 1u0hygg (RSS): Clubs with most players called up to 2026 World Cup
2026-06-10T19:04:38+0000 [INFO]   Collected 7 comments via RSS
2026-06-10T19:04:38+0000 [INFO] Harvester complete (rss). 17 posts processed, 0 failed, 2242 total comments collected.
2026-06-10T19:36:33+0000 [INFO] Harvester starting. Target time: 2026-06-08T19:36:33.690584+00:00. Mode: arctic_shift+rss
2026-06-10T19:36:33+0000 [INFO] No pending posts for target time 2026-06-08T19. Nothing to do.
2026-06-10T19:41:36+0000 [INFO] Harvester starting. Target time: 2026-06-08T19:41:36.074524+00:00. Mode: arctic_shift+rss
2026-06-10T19:41:36+0000 [INFO] No pending posts for target time 2026-06-08T19. Nothing to do.
