2026-06-12T03:02:16+0000 [INFO] Harvester starting. Target time: 2026-06-10T03:02:16.319146+00:00. Mode: arctic_shift+rss
2026-06-12T03:02:16+0000 [INFO] Found 6 posts to process
2026-06-12T03:02:16+0000 [INFO] Processing post 1u1pt6o (Arctic Shift): Messi first touch after getting subbed in against Iceland - 
2026-06-12T03:02:16+0000 [WARNING]   Could not re-fetch post 1u1pt6o from Arctic Shift
2026-06-12T03:02:22+0000 [INFO]   Arctic Shift returned 459 comments
2026-06-12T03:02:22+0000 [INFO] Processing post 1u1q23s (Arctic Shift): Argentina 3-0 Iceland - Thiago Almada 86'
2026-06-12T03:02:23+0000 [WARNING]   Could not re-fetch post 1u1q23s from Arctic Shift
2026-06-12T03:02:26+0000 [INFO]   Arctic Shift returned 140 comments
2026-06-12T03:02:26+0000 [INFO] Processing post 1u1pqpu (Arctic Shift): Argentina 2-0 Iceland - Lionel Messi penalty 72'
2026-06-12T03:02:27+0000 [WARNING]   Could not re-fetch post 1u1pqpu from Arctic Shift
2026-06-12T03:02:30+0000 [INFO]   Arctic Shift returned 160 comments
2026-06-12T03:02:30+0000 [INFO] Processing post 1u1pwze (Arctic Shift): Eagle flies around stadium before Argentina vs. Iceland frie
2026-06-12T03:02:31+0000 [WARNING]   Could not re-fetch post 1u1pwze from Arctic Shift
2026-06-12T03:02:35+0000 [INFO]   Arctic Shift returned 210 comments
2026-06-12T03:02:35+0000 [INFO] Processing post 1u1pe07 (Arctic Shift): Join the beaver hunt: Toronto neighborhood offers unique Wor
2026-06-12T03:02:36+0000 [WARNING]   Could not re-fetch post 1u1pe07 from Arctic Shift
2026-06-12T03:02:38+0000 [INFO]   Arctic Shift returned 7 comments
2026-06-12T03:02:38+0000 [INFO] Processing post 1u1pyez (Arctic Shift): Brazil 0 - 1 US "Friendly"
2026-06-12T03:02:39+0000 [WARNING]   Could not re-fetch post 1u1pyez from Arctic Shift
2026-06-12T03:02:44+0000 [INFO]   Arctic Shift returned 37 comments
2026-06-12T03:02:44+0000 [INFO] Harvester complete (arctic_shift+rss). 6 posts processed, 0 failed, 1013 total comments collected.
2026-06-12T03:07:07+0000 [INFO] Harvester starting. Target time: 2026-06-10T03:07:07.836414+00:00. Mode: arctic_shift+rss
2026-06-12T03:07:07+0000 [INFO] No pending posts for target time 2026-06-10T03. Nothing to do.
