2026-06-13T08:02:40+0000 [INFO] Harvester starting. Target time: 2026-06-11T08:02:40.810722+00:00. Mode: arctic_shift+rss
2026-06-13T08:02:40+0000 [INFO] Found 24 posts to process
2026-06-13T08:02:40+0000 [INFO] Processing post 1u2sp6v (Arctic Shift): Rate my Fantasy Team
2026-06-13T08:02:41+0000 [WARNING]   Could not re-fetch post 1u2sp6v from Arctic Shift
2026-06-13T08:02:43+0000 [INFO]   Arctic Shift returned 1 comments
2026-06-13T08:02:43+0000 [INFO] Processing post 1u2soi2 (Arctic Shift): FIFA is shaping a total revolution in the transfer system. T
2026-06-13T08:02:43+0000 [WARNING]   Could not re-fetch post 1u2soi2 from Arctic Shift
2026-06-13T08:02:49+0000 [INFO]   Arctic Shift returned 399 comments
2026-06-13T08:02:49+0000 [INFO] Processing post 1u2spx3 (Arctic Shift): World Football Weekly
2026-06-13T08:02:50+0000 [WARNING]   Could not re-fetch post 1u2spx3 from Arctic Shift
2026-06-13T08:02:52+0000 [INFO]   Arctic Shift returned 2 comments
2026-06-13T08:02:52+0000 [INFO] Processing post 1u2spda (Arctic Shift): Wolves sack Edwards after seven months
2026-06-13T08:02:53+0000 [WARNING]   Could not re-fetch post 1u2spda from Arctic Shift
2026-06-13T08:02:54+0000 [INFO]   Arctic Shift returned 0 comments
2026-06-13T08:02:54+0000 [INFO] Processing post 1u2snxn (Arctic Shift): Rate my FFS-Team
2026-06-13T08:02:55+0000 [WARNING]   Could not re-fetch post 1u2snxn from Arctic Shift
2026-06-13T08:02:57+0000 [INFO]   Arctic Shift returned 1 comments
2026-06-13T08:02:57+0000 [INFO] Processing post 1u2ssau (Arctic Shift): Czech National Team Bus Breaks Down on the Way to Training i
2026-06-13T08:02:58+0000 [WARNING]   Could not re-fetch post 1u2ssau from Arctic Shift
2026-06-13T08:03:00+0000 [INFO]   Arctic Shift returned 16 comments
2026-06-13T08:03:00+0000 [INFO] Processing post 1u2svox (Arctic Shift): Rate my Fantasy Team
2026-06-13T08:03:01+0000 [WARNING]   Could not re-fetch post 1u2svox from Arctic Shift
2026-06-13T08:03:03+0000 [INFO]   Arctic Shift returned 1 comments
2026-06-13T08:03:03+0000 [INFO] Processing post 1u2sud6 (Arctic Shift): South Africa vs Mexico is the only world cup opening fixture
2026-06-13T08:03:04+0000 [WARNING]   Could not re-fetch post 1u2sud6 from Arctic Shift
2026-06-13T08:03:06+0000 [INFO]   Arctic Shift returned 37 comments
2026-06-13T08:03:06+0000 [INFO] Processing post 1u2sy35 (Arctic Shift): Watched this new world cup song it's fucking insane
2026-06-13T08:03:07+0000 [WARNING]   Could not re-fetch post 1u2sy35 from Arctic Shift
2026-06-13T08:03:09+0000 [INFO]   Arctic Shift returned 1 comments
2026-06-13T08:03:09+0000 [INFO] Processing post 1u2sxg0 (Arctic Shift): All-Tiers | Every Season in English Football League | 1888-2
2026-06-13T08:03:10+0000 [WARNING]   Could not re-fetch post 1u2sxg0 from Arctic Shift
2026-06-13T08:03:12+0000 [INFO]   Arctic Shift returned 1 comments
2026-06-13T08:03:12+0000 [INFO] Processing post 1u2sxxi (Arctic Shift): Do you think it's unfair for some teams to travel so much be
2026-06-13T08:03:13+0000 [WARNING]   Could not re-fetch post 1u2sxxi from Arctic Shift
2026-06-13T08:03:15+0000 [INFO]   Arctic Shift returned 1 comments
2026-06-13T08:03:15+0000 [INFO] Processing post 1u2t2ng (Arctic Shift): Do you think it's unfair for some teams to travel so much be
2026-06-13T08:03:16+0000 [WARNING]   Could not re-fetch post 1u2t2ng from Arctic Shift
2026-06-13T08:03:18+0000 [INFO]   Arctic Shift returned 1 comments
2026-06-13T08:03:18+0000 [INFO] Processing post 1u2t70f (Arctic Shift): [FR12] Feyenoord interested in Westerlo striker Nacho Ferri
2026-06-13T08:03:19+0000 [WARNING]   Could not re-fetch post 1u2t70f from Arctic Shift
2026-06-13T08:03:21+0000 [INFO]   Arctic Shift returned 2 comments
2026-06-13T08:03:21+0000 [INFO] Processing post 1u2t7tx (Arctic Shift): [FR12] Feyenoord are considering Elia Caprile as a new reinf
2026-06-13T08:03:22+0000 [WARNING]   Could not re-fetch post 1u2t7tx from Arctic Shift
2026-06-13T08:03:24+0000 [INFO]   Arctic Shift returned 9 comments
2026-06-13T08:03:24+0000 [INFO] Processing post 1u2t7el (Arctic Shift): [FR12] Feyenoord make first bid for Belgian Nice midfielder 
2026-06-13T08:03:25+0000 [WARNING]   Could not re-fetch post 1u2t7el from Arctic Shift
2026-06-13T08:03:27+0000 [INFO]   Arctic Shift returned 2 comments
2026-06-13T08:03:27+0000 [INFO] Processing post 1u2t5u8 (Arctic Shift): [VI] Norway brought 300kg fish, 116kg cheese, and 6000 orang
2026-06-13T08:03:28+0000 [WARNING]   Could not re-fetch post 1u2t5u8 from Arctic Shift
2026-06-13T08:03:30+0000 [INFO]   Arctic Shift returned 4 comments
2026-06-13T08:03:30+0000 [INFO] Processing post 1u2t5o3 (Arctic Shift): [Official] Feyenoord have loaned Ayoub Ouarghi to FC Dordrec
2026-06-13T08:03:31+0000 [WARNING]   Could not re-fetch post 1u2t5o3 from Arctic Shift
2026-06-13T08:03:33+0000 [INFO]   Arctic Shift returned 1 comments
2026-06-13T08:03:33+0000 [INFO] Processing post 1u2t7j2 (Arctic Shift): National anthem durations of all 2026 World Cup nations
2026-06-13T08:03:34+0000 [WARNING]   Could not re-fetch post 1u2t7j2 from Arctic Shift
2026-06-13T08:03:36+0000 [INFO]   Arctic Shift returned 1 comments
2026-06-13T08:03:36+0000 [INFO] Processing post 1u2t9po (Arctic Shift): Rate my Fantasy Team
2026-06-13T08:03:37+0000 [WARNING]   Could not re-fetch post 1u2t9po from Arctic Shift
2026-06-13T08:03:39+0000 [INFO]   Arctic Shift returned 1 comments
2026-06-13T08:03:39+0000 [INFO] Processing post 1u2tb6h (Arctic Shift): Never doing this again...
2026-06-13T08:03:40+0000 [WARNING]   Could not re-fetch post 1u2tb6h from Arctic Shift
2026-06-13T08:03:42+0000 [INFO]   Arctic Shift returned 2 comments
2026-06-13T08:03:42+0000 [INFO] Processing post 1u2tbdi (Arctic Shift): 40 years ago today - Morocco becomes the first African count
2026-06-13T08:03:43+0000 [WARNING]   Could not re-fetch post 1u2tbdi from Arctic Shift
2026-06-13T08:03:45+0000 [INFO]   Arctic Shift returned 13 comments
2026-06-13T08:03:45+0000 [INFO] Processing post 1u2tlt0 (Arctic Shift): Actually we trynna paste a big France 🇫🇷 poster in our colle
2026-06-13T08:03:46+0000 [WARNING]   Could not re-fetch post 1u2tlt0 from Arctic Shift
2026-06-13T08:03:48+0000 [INFO]   Arctic Shift returned 1 comments
2026-06-13T08:03:48+0000 [INFO] Processing post 1u2tjz3 (Arctic Shift): Messi retires from football😰
2026-06-13T08:03:49+0000 [WARNING]   Could not re-fetch post 1u2tjz3 from Arctic Shift
2026-06-13T08:03:51+0000 [INFO]   Arctic Shift returned 1 comments
2026-06-13T08:03:51+0000 [INFO] Processing post 1u2tka6 (Arctic Shift): 30 years ago today, Croatia beat Turkey 1-0 thanks to a late
2026-06-13T08:03:52+0000 [WARNING]   Could not re-fetch post 1u2tka6 from Arctic Shift
2026-06-13T08:03:54+0000 [INFO]   Arctic Shift returned 38 comments
2026-06-13T08:03:54+0000 [INFO] Harvester complete (arctic_shift+rss). 24 posts processed, 0 failed, 536 total comments collected.
2026-06-13T08:07:34+0000 [INFO] Harvester starting. Target time: 2026-06-11T08:07:34.454965+00:00. Mode: arctic_shift+rss
2026-06-13T08:07:34+0000 [INFO] No pending posts for target time 2026-06-11T08. Nothing to do.
2026-06-13T08:12:40+0000 [INFO] Harvester starting. Target time: 2026-06-11T08:12:40.943174+00:00. Mode: arctic_shift+rss
2026-06-13T08:12:40+0000 [INFO] No pending posts for target time 2026-06-11T08. Nothing to do.
2026-06-13T08:14:45+0000 [INFO] Harvester starting. Target time: 2026-06-11T08:14:45.559363+00:00. Mode: arctic_shift+rss
2026-06-13T08:14:45+0000 [INFO] No pending posts for target time 2026-06-11T08. Nothing to do.
2026-06-13T08:17:30+0000 [INFO] Harvester starting. Target time: 2026-06-11T08:17:30.751719+00:00. Mode: arctic_shift+rss
2026-06-13T08:17:30+0000 [INFO] No pending posts for target time 2026-06-11T08. Nothing to do.
2026-06-13T08:22:36+0000 [INFO] Harvester starting. Target time: 2026-06-11T08:22:36.825376+00:00. Mode: arctic_shift+rss
2026-06-13T08:22:36+0000 [INFO] No pending posts for target time 2026-06-11T08. Nothing to do.
2026-06-13T08:27:38+0000 [INFO] Harvester starting. Target time: 2026-06-11T08:27:38.279819+00:00. Mode: arctic_shift+rss
2026-06-13T08:27:38+0000 [INFO] No pending posts for target time 2026-06-11T08. Nothing to do.
2026-06-13T08:32:50+0000 [INFO] Harvester starting. Target time: 2026-06-11T08:32:50.528097+00:00. Mode: arctic_shift+rss
2026-06-13T08:32:50+0000 [INFO] No pending posts for target time 2026-06-11T08. Nothing to do.
