2026-06-11T23:02:09+0000 [INFO] Harvester starting. Target time: 2026-06-09T23:02:09.371426+00:00. Mode: arctic_shift+rss
2026-06-11T23:02:09+0000 [INFO] Found 11 posts to process
2026-06-11T23:02:09+0000 [INFO] Processing post 1u1kwpw (Arctic Shift): Evolution of Portugal midfield from the 2010 World Cup to th
2026-06-11T23:02:09+0000 [WARNING]   Could not re-fetch post 1u1kwpw from Arctic Shift
2026-06-11T23:02:14+0000 [INFO]   Arctic Shift returned 245 comments
2026-06-11T23:02:14+0000 [INFO] Processing post 1u1jdma (Arctic Shift): Bukayo Saka is playing through pain barrier , Says Tuchel , 
2026-06-11T23:02:15+0000 [WARNING]   Could not re-fetch post 1u1jdma from Arctic Shift
2026-06-11T23:02:19+0000 [INFO]   Arctic Shift returned 227 comments
2026-06-11T23:02:19+0000 [INFO] Processing post 1u1jqye (Arctic Shift): Fabrizio: Vedat Muriqi to Fenerbahçe, here we go! Deal in pl
2026-06-11T23:02:20+0000 [WARNING]   Could not re-fetch post 1u1jqye from Arctic Shift
2026-06-11T23:02:22+0000 [INFO]   Arctic Shift returned 15 comments
2026-06-11T23:02:22+0000 [INFO] Processing post 1u1jpf3 (Arctic Shift): THE NEW CHAPTER: SHIN TAE-YONG OFFICIALLY LEADING PERSIJA'S 
2026-06-11T23:02:23+0000 [WARNING]   Could not re-fetch post 1u1jpf3 from Arctic Shift
2026-06-11T23:02:25+0000 [INFO]   Arctic Shift returned 3 comments
2026-06-11T23:02:25+0000 [INFO] Processing post 1u1k650 (Arctic Shift): Raul Jimenez makes his Molineux return | Men's First-Team | 
2026-06-11T23:02:26+0000 [WARNING]   Could not re-fetch post 1u1k650 from Arctic Shift
2026-06-11T23:02:28+0000 [INFO]   Arctic Shift returned 36 comments
2026-06-11T23:02:28+0000 [INFO] Processing post 1u1k8k4 (Arctic Shift): [FIFA/IFAB] The new laws of the game for the 2026 World Cup
2026-06-11T23:02:29+0000 [WARNING]   Could not re-fetch post 1u1k8k4 from Arctic Shift
2026-06-11T23:02:31+0000 [INFO]   Arctic Shift returned 54 comments
2026-06-11T23:02:31+0000 [INFO] Processing post 1u1jeul (Arctic Shift): Didier Deschamps : ‘ Mbappé knows that when he speaks , He s
2026-06-11T23:02:32+0000 [WARNING]   Could not re-fetch post 1u1jeul from Arctic Shift
2026-06-11T23:02:33+0000 [INFO]   Arctic Shift returned 28 comments
2026-06-11T23:02:33+0000 [INFO] Processing post 1u1l0bw (Arctic Shift): Lionel Scaloni Had Words for Portugal Head Coach After Messi
2026-06-11T23:02:35+0000 [WARNING]   Could not re-fetch post 1u1l0bw from Arctic Shift
2026-06-11T23:02:37+0000 [INFO]   Arctic Shift returned 8 comments
2026-06-11T23:02:37+0000 [INFO] Processing post 1u1jcu9 (Arctic Shift): Indonesia [1]-0 Mozambique - Ole Romeny 12'
2026-06-11T23:02:38+0000 [WARNING]   Could not re-fetch post 1u1jcu9 from Arctic Shift
2026-06-11T23:02:40+0000 [INFO]   Arctic Shift returned 5 comments
2026-06-11T23:02:40+0000 [INFO] Processing post 1u1kc7n (Arctic Shift): World Cup 2026: Does referee case show Fifa has lost control
2026-06-11T23:02:40+0000 [WARNING]   Could not re-fetch post 1u1kc7n from Arctic Shift
2026-06-11T23:02:43+0000 [INFO]   Arctic Shift returned 49 comments
2026-06-11T23:02:43+0000 [INFO] Processing post 1u1jz7b (Arctic Shift): After scoring the winner against Latvia, the Faroe Islands' 
2026-06-11T23:02:44+0000 [WARNING]   Could not re-fetch post 1u1jz7b from Arctic Shift
2026-06-11T23:02:45+0000 [INFO]   Arctic Shift returned 1 comments
2026-06-11T23:02:45+0000 [INFO] Harvester complete (arctic_shift+rss). 11 posts processed, 0 failed, 671 total comments collected.
2026-06-11T23:07:03+0000 [INFO] Harvester starting. Target time: 2026-06-09T23:07:03.502413+00:00. Mode: arctic_shift+rss
2026-06-11T23:07:03+0000 [INFO] No pending posts for target time 2026-06-09T23. Nothing to do.
2026-06-11T23:12:09+0000 [INFO] Harvester starting. Target time: 2026-06-09T23:12:09.793650+00:00. Mode: arctic_shift+rss
2026-06-11T23:12:09+0000 [INFO] No pending posts for target time 2026-06-09T23. Nothing to do.
2026-06-11T23:17:05+0000 [INFO] Harvester starting. Target time: 2026-06-09T23:17:05.627885+00:00. Mode: arctic_shift+rss
2026-06-11T23:17:05+0000 [INFO] No pending posts for target time 2026-06-09T23. Nothing to do.
2026-06-11T23:22:02+0000 [INFO] Harvester starting. Target time: 2026-06-09T23:22:02.291155+00:00. Mode: arctic_shift+rss
2026-06-11T23:22:02+0000 [INFO] No pending posts for target time 2026-06-09T23. Nothing to do.
2026-06-11T23:27:06+0000 [INFO] Harvester starting. Target time: 2026-06-09T23:27:06.580662+00:00. Mode: arctic_shift+rss
2026-06-11T23:27:06+0000 [INFO] No pending posts for target time 2026-06-09T23. Nothing to do.
2026-06-11T23:32:06+0000 [INFO] Harvester starting. Target time: 2026-06-09T23:32:06.832713+00:00. Mode: arctic_shift+rss
2026-06-11T23:32:06+0000 [INFO] No pending posts for target time 2026-06-09T23. Nothing to do.
