2026-06-11T11:00:44+0000 [INFO] Scanner starting. Batch: 2026-06-11T11:00
2026-06-11T11:00:44+0000 [INFO] Running in dual-source mode (Arctic Shift + RSS)
2026-06-11T11:00:46+0000 [INFO] Arctic Shift returned 3 posts
2026-06-11T11:00:47+0000 [INFO] RSS returned 100 posts
2026-06-11T11:00:49+0000 [INFO] Scanner complete (Arctic Shift+RSS). 2 new posts collected, 0 media downloaded, 2 links verified.
2026-06-11T11:05:38+0000 [INFO] Scanner starting. Batch: 2026-06-11T11:05
2026-06-11T11:05:38+0000 [INFO] Running in dual-source mode (Arctic Shift + RSS)
2026-06-11T11:05:40+0000 [INFO] Arctic Shift returned 2 posts
2026-06-11T11:05:41+0000 [INFO] RSS returned 100 posts
2026-06-11T11:05:41+0000 [INFO] Scanner complete (Arctic Shift+RSS). 2 new posts collected, 2 media downloaded, 0 links verified.
2026-06-11T11:10:36+0000 [INFO] Scanner starting. Batch: 2026-06-11T11:10
2026-06-11T11:10:36+0000 [INFO] Running in dual-source mode (Arctic Shift + RSS)
2026-06-11T11:10:38+0000 [INFO] Arctic Shift returned 1 posts
2026-06-11T11:10:38+0000 [INFO] RSS returned 100 posts
2026-06-11T11:10:39+0000 [INFO] Scanner complete (Arctic Shift+RSS). 1 new posts collected, 0 media downloaded, 1 links verified.
2026-06-11T11:14:24+0000 [INFO] Scanner starting. Batch: 2026-06-11T11:14
2026-06-11T11:14:24+0000 [INFO] Running in dual-source mode (Arctic Shift + RSS)
2026-06-11T11:14:26+0000 [INFO] Arctic Shift returned 1 posts
2026-06-11T11:14:27+0000 [INFO] RSS returned 100 posts
2026-06-11T11:14:27+0000 [INFO] Scanner complete (Arctic Shift+RSS). 0 new posts collected, 0 media downloaded, 0 links verified.
2026-06-11T11:15:32+0000 [INFO] Scanner starting. Batch: 2026-06-11T11:15
2026-06-11T11:15:32+0000 [INFO] Running in dual-source mode (Arctic Shift + RSS)
2026-06-11T11:15:35+0000 [INFO] Arctic Shift returned 0 posts
2026-06-11T11:15:36+0000 [INFO] RSS returned 100 posts
2026-06-11T11:15:36+0000 [INFO] Scanner complete (Arctic Shift+RSS). 0 new posts collected, 0 media downloaded, 0 links verified.
2026-06-11T11:20:33+0000 [INFO] Scanner starting. Batch: 2026-06-11T11:20
2026-06-11T11:20:33+0000 [INFO] Running in dual-source mode (Arctic Shift + RSS)
2026-06-11T11:20:37+0000 [INFO] Arctic Shift returned 2 posts
2026-06-11T11:20:37+0000 [INFO] RSS returned 100 posts
2026-06-11T11:20:37+0000 [INFO] Scanner complete (Arctic Shift+RSS). 2 new posts collected, 0 media downloaded, 0 links verified.
2026-06-11T11:25:30+0000 [INFO] Scanner starting. Batch: 2026-06-11T11:25
2026-06-11T11:25:30+0000 [INFO] Running in dual-source mode (Arctic Shift + RSS)
2026-06-11T11:25:33+0000 [INFO] Arctic Shift returned 0 posts
2026-06-11T11:25:34+0000 [INFO] RSS returned 100 posts
2026-06-11T11:25:34+0000 [INFO] Scanner complete (Arctic Shift+RSS). 1 new posts collected, 0 media downloaded, 1 links verified.
2026-06-11T11:30:40+0000 [INFO] Scanner starting. Batch: 2026-06-11T11:30
2026-06-11T11:30:40+0000 [INFO] Running in dual-source mode (Arctic Shift + RSS)
2026-06-11T11:30:43+0000 [INFO] Arctic Shift returned 1 posts
2026-06-11T11:30:44+0000 [INFO] RSS returned 100 posts
2026-06-11T11:30:44+0000 [INFO] Scanner complete (Arctic Shift+RSS). 0 new posts collected, 0 media downloaded, 0 links verified.
2026-06-11T11:35:32+0000 [INFO] Scanner starting. Batch: 2026-06-11T11:35
2026-06-11T11:35:32+0000 [INFO] Running in dual-source mode (Arctic Shift + RSS)
2026-06-11T11:35:35+0000 [INFO] Arctic Shift returned 1 posts
2026-06-11T11:35:36+0000 [INFO] RSS returned 100 posts
2026-06-11T11:35:37+0000 [INFO] Scanner complete (Arctic Shift+RSS). 1 new posts collected, 1 media downloaded, 0 links verified.
2026-06-11T11:40:35+0000 [INFO] Scanner starting. Batch: 2026-06-11T11:40
2026-06-11T11:40:35+0000 [INFO] Running in dual-source mode (Arctic Shift + RSS)
2026-06-11T11:40:38+0000 [INFO] Arctic Shift returned 1 posts
2026-06-11T11:40:39+0000 [INFO] RSS returned 100 posts
2026-06-11T11:40:39+0000 [INFO] Scanner complete (Arctic Shift+RSS). 1 new posts collected, 0 media downloaded, 1 links verified.
