2026-06-13T14:01:47+0000 [INFO] Scanner starting. Batch: 2026-06-13T14:01
2026-06-13T14:01:47+0000 [INFO] Running in dual-source mode (Arctic Shift + RSS)
2026-06-13T14:01:49+0000 [INFO] Arctic Shift returned 5 posts
2026-06-13T14:01:50+0000 [INFO] RSS returned 100 posts
2026-06-13T14:01:50+0000 [INFO] Scanner complete (Arctic Shift+RSS). 3 new posts collected, 0 media downloaded, 1 links verified.
2026-06-13T14:06:42+0000 [INFO] Scanner starting. Batch: 2026-06-13T14:06
2026-06-13T14:06:42+0000 [INFO] Running in dual-source mode (Arctic Shift + RSS)
2026-06-13T14:06:44+0000 [INFO] Arctic Shift returned 1 posts
2026-06-13T14:06:45+0000 [INFO] RSS returned 100 posts
2026-06-13T14:06:45+0000 [INFO] Scanner complete (Arctic Shift+RSS). 1 new posts collected, 2 media downloaded, 0 links verified.
2026-06-13T14:11:43+0000 [INFO] Scanner starting. Batch: 2026-06-13T14:11
2026-06-13T14:11:43+0000 [INFO] Running in dual-source mode (Arctic Shift + RSS)
2026-06-13T14:11:44+0000 [INFO] Arctic Shift returned 1 posts
2026-06-13T14:11:45+0000 [INFO] RSS returned 100 posts
2026-06-13T14:11:45+0000 [INFO] Scanner complete (Arctic Shift+RSS). 1 new posts collected, 0 media downloaded, 1 links verified.
2026-06-13T14:16:45+0000 [INFO] Scanner starting. Batch: 2026-06-13T14:16
2026-06-13T14:16:45+0000 [INFO] Running in dual-source mode (Arctic Shift + RSS)
2026-06-13T14:16:47+0000 [INFO] Arctic Shift returned 6 posts
2026-06-13T14:16:47+0000 [INFO] RSS returned 100 posts
2026-06-13T14:16:49+0000 [INFO] Scanner complete (Arctic Shift+RSS). 5 new posts collected, 3 media downloaded, 3 links verified.
