2026-06-11T23:01:11+0000 [INFO] Scanner starting. Batch: 2026-06-11T23:01
2026-06-11T23:01:11+0000 [INFO] Running in dual-source mode (Arctic Shift + RSS)
2026-06-11T23:01:15+0000 [INFO] Arctic Shift returned 3 posts
2026-06-11T23:01:16+0000 [INFO] RSS returned 100 posts
2026-06-11T23:01:16+0000 [INFO] Scanner complete (Arctic Shift+RSS). 2 new posts collected, 0 media downloaded, 1 links verified.
2026-06-11T23:06:00+0000 [INFO] Scanner starting. Batch: 2026-06-11T23:06
2026-06-11T23:06:00+0000 [INFO] Running in dual-source mode (Arctic Shift + RSS)
2026-06-11T23:06:03+0000 [INFO] Arctic Shift returned 2 posts
2026-06-11T23:06:05+0000 [INFO] RSS returned 100 posts
2026-06-11T23:06:05+0000 [INFO] Scanner complete (Arctic Shift+RSS). 1 new posts collected, 0 media downloaded, 0 links verified.
2026-06-11T23:11:01+0000 [INFO] Scanner starting. Batch: 2026-06-11T23:11
2026-06-11T23:11:01+0000 [INFO] Running in dual-source mode (Arctic Shift + RSS)
2026-06-11T23:11:04+0000 [INFO] Arctic Shift returned 4 posts
2026-06-11T23:11:05+0000 [INFO] RSS returned 100 posts
2026-06-11T23:11:05+0000 [INFO] Scanner complete (Arctic Shift+RSS). 3 new posts collected, 2 media downloaded, 0 links verified.
2026-06-11T23:16:06+0000 [INFO] Scanner starting. Batch: 2026-06-11T23:16
2026-06-11T23:16:06+0000 [INFO] Running in dual-source mode (Arctic Shift + RSS)
2026-06-11T23:16:07+0000 [INFO] Arctic Shift returned 0 posts
2026-06-11T23:16:08+0000 [INFO] RSS returned 100 posts
2026-06-11T23:16:08+0000 [INFO] Scanner complete (Arctic Shift+RSS). 0 new posts collected, 0 media downloaded, 0 links verified.
