2026-06-11T17:01:12+0000 [INFO] Scanner starting. Batch: 2026-06-11T17:01
2026-06-11T17:01:12+0000 [INFO] Running in dual-source mode (Arctic Shift + RSS)
2026-06-11T17:01:12+0000 [INFO] Arctic Shift returned 0 posts
2026-06-11T17:01:13+0000 [INFO] RSS returned 100 posts
2026-06-11T17:01:13+0000 [INFO] Scanner complete (Arctic Shift+RSS). 0 new posts collected, 0 media downloaded, 0 links verified.
2026-06-11T17:05:55+0000 [INFO] Scanner starting. Batch: 2026-06-11T17:05
2026-06-11T17:05:55+0000 [INFO] Running in dual-source mode (Arctic Shift + RSS)
2026-06-11T17:05:56+0000 [INFO] Arctic Shift returned 2 posts
2026-06-11T17:05:58+0000 [INFO] RSS returned 100 posts
2026-06-11T17:06:00+0000 [INFO] Scanner complete (Arctic Shift+RSS). 2 new posts collected, 1 media downloaded, 1 links verified.
2026-06-11T17:11:06+0000 [INFO] Scanner starting. Batch: 2026-06-11T17:11
2026-06-11T17:11:06+0000 [INFO] Running in dual-source mode (Arctic Shift + RSS)
2026-06-11T17:11:07+0000 [INFO] Arctic Shift returned 1 posts
2026-06-11T17:11:08+0000 [INFO] RSS returned 100 posts
2026-06-11T17:11:08+0000 [INFO] Scanner complete (Arctic Shift+RSS). 0 new posts collected, 0 media downloaded, 0 links verified.
2026-06-11T17:15:56+0000 [INFO] Scanner starting. Batch: 2026-06-11T17:15
2026-06-11T17:15:56+0000 [INFO] Running in dual-source mode (Arctic Shift + RSS)
2026-06-11T17:15:57+0000 [INFO] Arctic Shift returned 1 posts
2026-06-11T17:15:58+0000 [INFO] RSS returned 100 posts
2026-06-11T17:15:58+0000 [INFO] Scanner complete (Arctic Shift+RSS). 1 new posts collected, 0 media downloaded, 1 links verified.
2026-06-11T17:21:02+0000 [INFO] Scanner starting. Batch: 2026-06-11T17:21
2026-06-11T17:21:02+0000 [INFO] Running in dual-source mode (Arctic Shift + RSS)
2026-06-11T17:21:04+0000 [INFO] Arctic Shift returned 3 posts
2026-06-11T17:21:04+0000 [INFO] RSS returned 100 posts
2026-06-11T17:21:04+0000 [INFO] Scanner complete (Arctic Shift+RSS). 3 new posts collected, 0 media downloaded, 0 links verified.
