2026-06-12T01:01:13+0000 [INFO] Scanner starting. Batch: 2026-06-12T01:01
2026-06-12T01:01:13+0000 [INFO] Running in dual-source mode (Arctic Shift + RSS)
2026-06-12T01:01:14+0000 [INFO] Arctic Shift returned 0 posts
2026-06-12T01:01:15+0000 [INFO] RSS returned 100 posts
2026-06-12T01:01:15+0000 [INFO] Scanner complete (Arctic Shift+RSS). 0 new posts collected, 0 media downloaded, 0 links verified.
2026-06-12T01:06:08+0000 [INFO] Scanner starting. Batch: 2026-06-12T01:06
2026-06-12T01:06:08+0000 [INFO] Running in dual-source mode (Arctic Shift + RSS)
2026-06-12T01:06:11+0000 [INFO] Arctic Shift returned 0 posts
2026-06-12T01:06:12+0000 [INFO] RSS returned 100 posts
2026-06-12T01:06:12+0000 [INFO] Scanner complete (Arctic Shift+RSS). 0 new posts collected, 0 media downloaded, 0 links verified.
2026-06-12T01:11:11+0000 [INFO] Scanner starting. Batch: 2026-06-12T01:11
2026-06-12T01:11:11+0000 [INFO] Running in dual-source mode (Arctic Shift + RSS)
2026-06-12T01:11:14+0000 [INFO] Arctic Shift returned 3 posts
2026-06-12T01:11:15+0000 [INFO] RSS returned 100 posts
2026-06-12T01:11:16+0000 [INFO] Scanner complete (Arctic Shift+RSS). 3 new posts collected, 2 media downloaded, 1 links verified.
2026-06-12T01:15:58+0000 [INFO] Scanner starting. Batch: 2026-06-12T01:15
2026-06-12T01:15:58+0000 [INFO] Running in dual-source mode (Arctic Shift + RSS)
2026-06-12T01:16:01+0000 [INFO] Arctic Shift returned 2 posts
2026-06-12T01:16:01+0000 [INFO] RSS returned 100 posts
2026-06-12T01:16:01+0000 [INFO] Scanner complete (Arctic Shift+RSS). 0 new posts collected, 0 media downloaded, 0 links verified.
2026-06-12T01:21:06+0000 [INFO] Scanner starting. Batch: 2026-06-12T01:21
2026-06-12T01:21:06+0000 [INFO] Running in dual-source mode (Arctic Shift + RSS)
2026-06-12T01:21:07+0000 [INFO] Arctic Shift returned 1 posts
2026-06-12T01:21:08+0000 [INFO] RSS returned 100 posts
2026-06-12T01:21:08+0000 [INFO] Scanner complete (Arctic Shift+RSS). 1 new posts collected, 0 media downloaded, 1 links verified.
2026-06-12T01:26:08+0000 [INFO] Scanner starting. Batch: 2026-06-12T01:26
2026-06-12T01:26:08+0000 [INFO] Running in dual-source mode (Arctic Shift + RSS)
2026-06-12T01:26:08+0000 [INFO] Arctic Shift returned 0 posts
2026-06-12T01:26:09+0000 [INFO] RSS returned 100 posts
2026-06-12T01:26:09+0000 [INFO] Scanner complete (Arctic Shift+RSS). 0 new posts collected, 0 media downloaded, 0 links verified.
2026-06-12T01:31:19+0000 [INFO] Scanner starting. Batch: 2026-06-12T01:31
2026-06-12T01:31:19+0000 [INFO] Running in dual-source mode (Arctic Shift + RSS)
2026-06-12T01:31:21+0000 [INFO] Arctic Shift returned 1 posts
2026-06-12T01:31:22+0000 [INFO] RSS returned 100 posts
2026-06-12T01:31:22+0000 [INFO] Scanner complete (Arctic Shift+RSS). 1 new posts collected, 0 media downloaded, 0 links verified.
2026-06-12T01:36:00+0000 [INFO] Scanner starting. Batch: 2026-06-12T01:36
2026-06-12T01:36:00+0000 [INFO] Running in dual-source mode (Arctic Shift + RSS)
2026-06-12T01:36:01+0000 [INFO] Arctic Shift returned 1 posts
2026-06-12T01:36:02+0000 [INFO] RSS returned 100 posts
2026-06-12T01:36:02+0000 [INFO] Scanner complete (Arctic Shift+RSS). 0 new posts collected, 0 media downloaded, 0 links verified.
