2026-06-13T07:01:38+0000 [INFO] Scanner starting. Batch: 2026-06-13T07:01
2026-06-13T07:01:38+0000 [INFO] Running in dual-source mode (Arctic Shift + RSS)
2026-06-13T07:01:41+0000 [INFO] Arctic Shift returned 1 posts
2026-06-13T07:01:42+0000 [INFO] RSS returned 100 posts
2026-06-13T07:01:43+0000 [INFO] Scanner complete (Arctic Shift+RSS). 1 new posts collected, 8 media downloaded, 1 links verified.
2026-06-13T07:06:26+0000 [INFO] Scanner starting. Batch: 2026-06-13T07:06
2026-06-13T07:06:26+0000 [INFO] Running in dual-source mode (Arctic Shift + RSS)
2026-06-13T07:06:28+0000 [INFO] Arctic Shift returned 1 posts
2026-06-13T07:06:28+0000 [INFO] RSS returned 100 posts
2026-06-13T07:06:28+0000 [INFO] Scanner complete (Arctic Shift+RSS). 0 new posts collected, 0 media downloaded, 0 links verified.
2026-06-13T07:11:36+0000 [INFO] Scanner starting. Batch: 2026-06-13T07:11
2026-06-13T07:11:36+0000 [INFO] Running in dual-source mode (Arctic Shift + RSS)
2026-06-13T07:11:37+0000 [INFO] Arctic Shift returned 1 posts
2026-06-13T07:11:38+0000 [INFO] RSS returned 100 posts
2026-06-13T07:11:39+0000 [INFO] Scanner complete (Arctic Shift+RSS). 1 new posts collected, 0 media downloaded, 1 links verified.
2026-06-13T07:16:35+0000 [INFO] Scanner starting. Batch: 2026-06-13T07:16
2026-06-13T07:16:35+0000 [INFO] Running in dual-source mode (Arctic Shift + RSS)
2026-06-13T07:16:36+0000 [INFO] Arctic Shift returned 1 posts
2026-06-13T07:16:37+0000 [INFO] RSS returned 100 posts
2026-06-13T07:16:37+0000 [INFO] Scanner complete (Arctic Shift+RSS). 1 new posts collected, 0 media downloaded, 0 links verified.
2026-06-13T07:21:46+0000 [INFO] Scanner starting. Batch: 2026-06-13T07:21
2026-06-13T07:21:46+0000 [INFO] Running in dual-source mode (Arctic Shift + RSS)
2026-06-13T07:21:47+0000 [INFO] Arctic Shift returned 0 posts
2026-06-13T07:21:48+0000 [INFO] RSS returned 100 posts
2026-06-13T07:21:48+0000 [INFO] Scanner complete (Arctic Shift+RSS). 0 new posts collected, 0 media downloaded, 0 links verified.
2026-06-13T07:26:30+0000 [INFO] Scanner starting. Batch: 2026-06-13T07:26
2026-06-13T07:26:30+0000 [INFO] Running in dual-source mode (Arctic Shift + RSS)
2026-06-13T07:26:30+0000 [INFO] Arctic Shift returned 0 posts
2026-06-13T07:26:31+0000 [INFO] RSS returned 100 posts
2026-06-13T07:26:31+0000 [INFO] Scanner complete (Arctic Shift+RSS). 0 new posts collected, 0 media downloaded, 0 links verified.
2026-06-13T07:31:39+0000 [INFO] Scanner starting. Batch: 2026-06-13T07:31
2026-06-13T07:31:39+0000 [INFO] Running in dual-source mode (Arctic Shift + RSS)
2026-06-13T07:31:41+0000 [INFO] Arctic Shift returned 3 posts
2026-06-13T07:31:43+0000 [INFO] RSS returned 100 posts
2026-06-13T07:31:43+0000 [INFO] Scanner complete (Arctic Shift+RSS). 3 new posts collected, 0 media downloaded, 1 links verified.
2026-06-13T07:36:23+0000 [INFO] Scanner starting. Batch: 2026-06-13T07:36
2026-06-13T07:36:23+0000 [INFO] Running in dual-source mode (Arctic Shift + RSS)
2026-06-13T07:36:25+0000 [INFO] Arctic Shift returned 3 posts
2026-06-13T07:36:26+0000 [INFO] RSS returned 100 posts
2026-06-13T07:36:26+0000 [INFO] Scanner complete (Arctic Shift+RSS). 1 new posts collected, 1 media downloaded, 0 links verified.
2026-06-13T07:41:38+0000 [INFO] Scanner starting. Batch: 2026-06-13T07:41
2026-06-13T07:41:38+0000 [INFO] Running in dual-source mode (Arctic Shift + RSS)
2026-06-13T07:41:39+0000 [INFO] Arctic Shift returned 1 posts
2026-06-13T07:41:40+0000 [INFO] RSS returned 100 posts
2026-06-13T07:41:40+0000 [INFO] Scanner complete (Arctic Shift+RSS). 1 new posts collected, 0 media downloaded, 1 links verified.
2026-06-13T07:46:27+0000 [INFO] Scanner starting. Batch: 2026-06-13T07:46
2026-06-13T07:46:27+0000 [INFO] Running in dual-source mode (Arctic Shift + RSS)
2026-06-13T07:46:28+0000 [INFO] Arctic Shift returned 1 posts
2026-06-13T07:46:29+0000 [INFO] RSS returned 100 posts
2026-06-13T07:46:29+0000 [INFO] Scanner complete (Arctic Shift+RSS). 0 new posts collected, 0 media downloaded, 0 links verified.
2026-06-13T07:51:30+0000 [INFO] Scanner starting. Batch: 2026-06-13T07:51
2026-06-13T07:51:30+0000 [INFO] Running in dual-source mode (Arctic Shift + RSS)
2026-06-13T07:51:32+0000 [INFO] Arctic Shift returned 2 posts
2026-06-13T07:51:33+0000 [INFO] RSS returned 100 posts
2026-06-13T07:51:33+0000 [INFO] Scanner complete (Arctic Shift+RSS). 2 new posts collected, 2 media downloaded, 0 links verified.
2026-06-13T07:56:32+0000 [INFO] Scanner starting. Batch: 2026-06-13T07:56
2026-06-13T07:56:32+0000 [INFO] Running in dual-source mode (Arctic Shift + RSS)
2026-06-13T07:56:34+0000 [INFO] Arctic Shift returned 2 posts
2026-06-13T07:56:35+0000 [INFO] RSS returned 100 posts
2026-06-13T07:56:35+0000 [INFO] Scanner complete (Arctic Shift+RSS). 1 new posts collected, 0 media downloaded, 1 links verified.
