2026-06-12T02:01:09+0000 [INFO] Scanner starting. Batch: 2026-06-12T02:01
2026-06-12T02:01:09+0000 [INFO] Running in dual-source mode (Arctic Shift + RSS)
2026-06-12T02:01:10+0000 [INFO] Arctic Shift returned 2 posts
2026-06-12T02:01:11+0000 [INFO] RSS returned 100 posts
2026-06-12T02:01:11+0000 [INFO] Scanner complete (Arctic Shift+RSS). 2 new posts collected, 0 media downloaded, 0 links verified.
2026-06-12T02:05:59+0000 [INFO] Scanner starting. Batch: 2026-06-12T02:05
2026-06-12T02:05:59+0000 [INFO] Running in dual-source mode (Arctic Shift + RSS)
2026-06-12T02:06:00+0000 [INFO] Arctic Shift returned 3 posts
2026-06-12T02:06:01+0000 [INFO] RSS returned 100 posts
2026-06-12T02:06:01+0000 [INFO] Scanner complete (Arctic Shift+RSS). 1 new posts collected, 0 media downloaded, 0 links verified.
2026-06-12T02:11:07+0000 [INFO] Scanner starting. Batch: 2026-06-12T02:11
2026-06-12T02:11:07+0000 [INFO] Running in dual-source mode (Arctic Shift + RSS)
2026-06-12T02:11:10+0000 [INFO] Arctic Shift returned 2 posts
2026-06-12T02:11:11+0000 [INFO] RSS returned 100 posts
2026-06-12T02:11:11+0000 [INFO] Scanner complete (Arctic Shift+RSS). 1 new posts collected, 0 media downloaded, 1 links verified.
2026-06-12T02:15:57+0000 [INFO] Scanner starting. Batch: 2026-06-12T02:15
2026-06-12T02:15:57+0000 [INFO] Running in dual-source mode (Arctic Shift + RSS)
2026-06-12T02:15:59+0000 [INFO] Arctic Shift returned 1 posts
2026-06-12T02:16:00+0000 [INFO] RSS returned 100 posts
2026-06-12T02:16:00+0000 [INFO] Scanner complete (Arctic Shift+RSS). 1 new posts collected, 0 media downloaded, 0 links verified.
2026-06-12T02:21:03+0000 [INFO] Scanner starting. Batch: 2026-06-12T02:21
2026-06-12T02:21:03+0000 [INFO] Running in dual-source mode (Arctic Shift + RSS)
2026-06-12T02:21:05+0000 [INFO] Arctic Shift returned 1 posts
2026-06-12T02:21:06+0000 [INFO] RSS returned 100 posts
2026-06-12T02:21:06+0000 [INFO] Scanner complete (Arctic Shift+RSS). 1 new posts collected, 0 media downloaded, 1 links verified.
2026-06-12T02:26:02+0000 [INFO] Scanner starting. Batch: 2026-06-12T02:26
2026-06-12T02:26:02+0000 [INFO] Running in dual-source mode (Arctic Shift + RSS)
2026-06-12T02:26:04+0000 [INFO] Arctic Shift returned 1 posts
2026-06-12T02:26:05+0000 [INFO] RSS returned 100 posts
2026-06-12T02:26:05+0000 [INFO] Scanner complete (Arctic Shift+RSS). 1 new posts collected, 2 media downloaded, 0 links verified.
2026-06-12T02:31:08+0000 [INFO] Scanner starting. Batch: 2026-06-12T02:31
2026-06-12T02:31:08+0000 [INFO] Running in dual-source mode (Arctic Shift + RSS)
2026-06-12T02:31:09+0000 [INFO] Arctic Shift returned 6 posts
2026-06-12T02:31:12+0000 [INFO] RSS returned 100 posts
2026-06-12T02:31:14+0000 [INFO] Scanner complete (Arctic Shift+RSS). 6 new posts collected, 4 media downloaded, 2 links verified.
2026-06-12T02:36:14+0000 [INFO] Scanner starting. Batch: 2026-06-12T02:36
2026-06-12T02:36:14+0000 [INFO] Running in dual-source mode (Arctic Shift + RSS)
2026-06-12T02:36:15+0000 [INFO] Arctic Shift returned 5 posts
2026-06-12T02:36:16+0000 [INFO] RSS returned 100 posts
2026-06-12T02:36:17+0000 [INFO] Scanner complete (Arctic Shift+RSS). 4 new posts collected, 2 media downloaded, 0 links verified.
2026-06-12T02:40:58+0000 [INFO] Scanner starting. Batch: 2026-06-12T02:40
2026-06-12T02:40:58+0000 [INFO] Running in dual-source mode (Arctic Shift + RSS)
2026-06-12T02:41:00+0000 [INFO] Arctic Shift returned 6 posts
2026-06-12T02:41:01+0000 [INFO] RSS returned 100 posts
2026-06-12T02:41:04+0000 [INFO] Scanner complete (Arctic Shift+RSS). 5 new posts collected, 1 media downloaded, 2 links verified.
2026-06-12T02:46:04+0000 [INFO] Scanner starting. Batch: 2026-06-12T02:46
2026-06-12T02:46:04+0000 [INFO] Running in dual-source mode (Arctic Shift + RSS)
2026-06-12T02:46:05+0000 [INFO] Arctic Shift returned 6 posts
2026-06-12T02:46:06+0000 [INFO] RSS returned 100 posts
2026-06-12T02:46:07+0000 [INFO] Scanner complete (Arctic Shift+RSS). 5 new posts collected, 2 media downloaded, 3 links verified.
2026-06-12T02:51:06+0000 [INFO] Scanner starting. Batch: 2026-06-12T02:51
2026-06-12T02:51:06+0000 [INFO] Running in dual-source mode (Arctic Shift + RSS)
2026-06-12T02:51:08+0000 [INFO] Arctic Shift returned 2 posts
2026-06-12T02:51:09+0000 [INFO] RSS returned 100 posts
2026-06-12T02:51:09+0000 [INFO] Scanner complete (Arctic Shift+RSS). 1 new posts collected, 0 media downloaded, 1 links verified.
