2026-06-13T09:01:37+0000 [INFO] Scanner starting. Batch: 2026-06-13T09:01
2026-06-13T09:01:37+0000 [INFO] Running in dual-source mode (Arctic Shift + RSS)
2026-06-13T09:01:37+0000 [INFO] Arctic Shift returned 0 posts
2026-06-13T09:01:38+0000 [INFO] RSS returned 100 posts
2026-06-13T09:01:38+0000 [INFO] Scanner complete (Arctic Shift+RSS). 0 new posts collected, 0 media downloaded, 0 links verified.
2026-06-13T09:06:29+0000 [INFO] Scanner starting. Batch: 2026-06-13T09:06
2026-06-13T09:06:29+0000 [INFO] Running in dual-source mode (Arctic Shift + RSS)
2026-06-13T09:06:29+0000 [INFO] Arctic Shift returned 0 posts
2026-06-13T09:06:30+0000 [INFO] RSS returned 100 posts
2026-06-13T09:06:30+0000 [INFO] Scanner complete (Arctic Shift+RSS). 0 new posts collected, 0 media downloaded, 0 links verified.
2026-06-13T09:11:42+0000 [INFO] Scanner starting. Batch: 2026-06-13T09:11
2026-06-13T09:11:42+0000 [INFO] Running in dual-source mode (Arctic Shift + RSS)
2026-06-13T09:11:43+0000 [INFO] Arctic Shift returned 0 posts
2026-06-13T09:11:43+0000 [INFO] RSS returned 100 posts
2026-06-13T09:11:43+0000 [INFO] Scanner complete (Arctic Shift+RSS). 0 new posts collected, 0 media downloaded, 0 links verified.
2026-06-13T09:16:38+0000 [INFO] Scanner starting. Batch: 2026-06-13T09:16
2026-06-13T09:16:38+0000 [INFO] Running in dual-source mode (Arctic Shift + RSS)
2026-06-13T09:16:40+0000 [INFO] Arctic Shift returned 1 posts
2026-06-13T09:16:40+0000 [INFO] RSS returned 100 posts
2026-06-13T09:16:41+0000 [INFO] Scanner complete (Arctic Shift+RSS). 1 new posts collected, 0 media downloaded, 0 links verified.
2026-06-13T09:21:28+0000 [INFO] Scanner starting. Batch: 2026-06-13T09:21
2026-06-13T09:21:28+0000 [INFO] Running in dual-source mode (Arctic Shift + RSS)
2026-06-13T09:21:32+0000 [INFO] Arctic Shift returned 1 posts
2026-06-13T09:21:33+0000 [INFO] RSS returned 100 posts
2026-06-13T09:21:33+0000 [INFO] Scanner complete (Arctic Shift+RSS). 0 new posts collected, 0 media downloaded, 0 links verified.
2026-06-13T09:26:26+0000 [INFO] Scanner starting. Batch: 2026-06-13T09:26
2026-06-13T09:26:26+0000 [INFO] Running in dual-source mode (Arctic Shift + RSS)
2026-06-13T09:26:27+0000 [INFO] Arctic Shift returned 3 posts
2026-06-13T09:26:28+0000 [INFO] RSS returned 100 posts
2026-06-13T09:26:29+0000 [INFO] Scanner complete (Arctic Shift+RSS). 3 new posts collected, 2 media downloaded, 1 links verified.
2026-06-13T09:31:44+0000 [INFO] Scanner starting. Batch: 2026-06-13T09:31
2026-06-13T09:31:44+0000 [INFO] Running in dual-source mode (Arctic Shift + RSS)
2026-06-13T09:31:45+0000 [INFO] Arctic Shift returned 1 posts
2026-06-13T09:31:46+0000 [INFO] RSS returned 100 posts
2026-06-13T09:31:46+0000 [INFO] Scanner complete (Arctic Shift+RSS). 1 new posts collected, 0 media downloaded, 0 links verified.
2026-06-13T09:36:30+0000 [INFO] Scanner starting. Batch: 2026-06-13T09:36
2026-06-13T09:36:30+0000 [INFO] Running in dual-source mode (Arctic Shift + RSS)
2026-06-13T09:36:32+0000 [INFO] Arctic Shift returned 2 posts
2026-06-13T09:36:33+0000 [INFO] RSS returned 100 posts
2026-06-13T09:36:33+0000 [INFO] Scanner complete (Arctic Shift+RSS). 2 new posts collected, 1 media downloaded, 0 links verified.
