2026-06-13T16:01:55+0000 [INFO] Scanner starting. Batch: 2026-06-13T16:01
2026-06-13T16:01:55+0000 [INFO] Running in dual-source mode (Arctic Shift + RSS)
2026-06-13T16:01:55+0000 [INFO] Arctic Shift returned 0 posts
2026-06-13T16:01:56+0000 [INFO] RSS returned 100 posts
2026-06-13T16:01:56+0000 [INFO] Scanner complete (Arctic Shift+RSS). 0 new posts collected, 0 media downloaded, 0 links verified.
2026-06-13T16:04:34+0000 [INFO] Scanner starting. Batch: 2026-06-13T16:04
2026-06-13T16:04:34+0000 [INFO] Running in dual-source mode (Arctic Shift + RSS)
2026-06-13T16:04:34+0000 [INFO] Arctic Shift returned 0 posts
2026-06-13T16:04:35+0000 [INFO] RSS returned 100 posts
2026-06-13T16:04:35+0000 [INFO] Scanner complete (Arctic Shift+RSS). 0 new posts collected, 0 media downloaded, 0 links verified.
2026-06-13T16:06:38+0000 [INFO] Scanner starting. Batch: 2026-06-13T16:06
2026-06-13T16:06:38+0000 [INFO] Running in dual-source mode (Arctic Shift + RSS)
2026-06-13T16:06:39+0000 [INFO] Arctic Shift returned 1 posts
2026-06-13T16:06:40+0000 [INFO] RSS returned 100 posts
2026-06-13T16:06:41+0000 [INFO] Scanner complete (Arctic Shift+RSS). 1 new posts collected, 0 media downloaded, 1 links verified.
2026-06-13T16:11:49+0000 [INFO] Scanner starting. Batch: 2026-06-13T16:11
2026-06-13T16:11:49+0000 [INFO] Running in dual-source mode (Arctic Shift + RSS)
2026-06-13T16:11:50+0000 [INFO] Arctic Shift returned 2 posts
2026-06-13T16:11:51+0000 [INFO] RSS returned 100 posts
2026-06-13T16:11:51+0000 [INFO] Scanner complete (Arctic Shift+RSS). 1 new posts collected, 0 media downloaded, 0 links verified.
2026-06-13T16:16:52+0000 [INFO] Scanner starting. Batch: 2026-06-13T16:16
2026-06-13T16:16:52+0000 [INFO] Running in dual-source mode (Arctic Shift + RSS)
2026-06-13T16:16:53+0000 [INFO] Arctic Shift returned 2 posts
2026-06-13T16:16:54+0000 [INFO] RSS returned 100 posts
2026-06-13T16:16:55+0000 [INFO] Scanner complete (Arctic Shift+RSS). 2 new posts collected, 0 media downloaded, 1 links verified.
2026-06-13T16:21:48+0000 [INFO] Scanner starting. Batch: 2026-06-13T16:21
2026-06-13T16:21:48+0000 [INFO] Running in dual-source mode (Arctic Shift + RSS)
2026-06-13T16:21:49+0000 [INFO] Arctic Shift returned 1 posts
2026-06-13T16:21:50+0000 [INFO] RSS returned 100 posts
2026-06-13T16:21:50+0000 [INFO] Scanner complete (Arctic Shift+RSS). 0 new posts collected, 0 media downloaded, 0 links verified.
2026-06-13T16:26:49+0000 [INFO] Scanner starting. Batch: 2026-06-13T16:26
2026-06-13T16:26:49+0000 [INFO] Running in dual-source mode (Arctic Shift + RSS)
2026-06-13T16:26:52+0000 [INFO] Arctic Shift returned 3 posts
2026-06-13T16:26:53+0000 [INFO] RSS returned 100 posts
2026-06-13T16:26:53+0000 [INFO] Scanner complete (Arctic Shift+RSS). 3 new posts collected, 2 media downloaded, 2 links verified.
2026-06-13T16:31:54+0000 [INFO] Scanner starting. Batch: 2026-06-13T16:31
2026-06-13T16:31:54+0000 [INFO] Running in dual-source mode (Arctic Shift + RSS)
2026-06-13T16:31:55+0000 [INFO] Arctic Shift returned 3 posts
2026-06-13T16:31:56+0000 [INFO] RSS returned 100 posts
2026-06-13T16:31:56+0000 [INFO] Scanner complete (Arctic Shift+RSS). 2 new posts collected, 0 media downloaded, 1 links verified.
2026-06-13T16:36:38+0000 [INFO] Scanner starting. Batch: 2026-06-13T16:36
2026-06-13T16:36:38+0000 [INFO] Running in dual-source mode (Arctic Shift + RSS)
2026-06-13T16:36:39+0000 [INFO] Arctic Shift returned 1 posts
2026-06-13T16:36:40+0000 [INFO] RSS returned 100 posts
2026-06-13T16:36:40+0000 [INFO] Scanner complete (Arctic Shift+RSS). 1 new posts collected, 1 media downloaded, 0 links verified.
