2026-06-13T05:01:24+0000 [INFO] Scanner starting. Batch: 2026-06-13T05:01
2026-06-13T05:01:24+0000 [INFO] Running in dual-source mode (Arctic Shift + RSS)
2026-06-13T05:01:24+0000 [INFO] Arctic Shift returned 0 posts
2026-06-13T05:01:25+0000 [INFO] RSS returned 100 posts
2026-06-13T05:01:26+0000 [INFO] Scanner complete (Arctic Shift+RSS). 1 new posts collected, 0 media downloaded, 1 links verified.
2026-06-13T05:06:23+0000 [INFO] Scanner starting. Batch: 2026-06-13T05:06
2026-06-13T05:06:23+0000 [INFO] Running in dual-source mode (Arctic Shift + RSS)
2026-06-13T05:06:26+0000 [INFO] Arctic Shift returned 1 posts
2026-06-13T05:06:27+0000 [INFO] RSS returned 100 posts
2026-06-13T05:06:27+0000 [INFO] Scanner complete (Arctic Shift+RSS). 0 new posts collected, 0 media downloaded, 0 links verified.
2026-06-13T05:11:15+0000 [INFO] Scanner starting. Batch: 2026-06-13T05:11
2026-06-13T05:11:15+0000 [INFO] Running in dual-source mode (Arctic Shift + RSS)
2026-06-13T05:11:18+0000 [INFO] Arctic Shift returned 1 posts
2026-06-13T05:11:18+0000 [INFO] RSS returned 100 posts
2026-06-13T05:11:18+0000 [INFO] Scanner complete (Arctic Shift+RSS). 1 new posts collected, 0 media downloaded, 0 links verified.
2026-06-13T05:16:23+0000 [INFO] Scanner starting. Batch: 2026-06-13T05:16
2026-06-13T05:16:23+0000 [INFO] Running in dual-source mode (Arctic Shift + RSS)
2026-06-13T05:16:24+0000 [INFO] Arctic Shift returned 1 posts
2026-06-13T05:16:25+0000 [INFO] RSS returned 100 posts
2026-06-13T05:16:26+0000 [INFO] Scanner complete (Arctic Shift+RSS). 1 new posts collected, 1 media downloaded, 0 links verified.
2026-06-13T05:21:27+0000 [INFO] Scanner starting. Batch: 2026-06-13T05:21
2026-06-13T05:21:27+0000 [INFO] Running in dual-source mode (Arctic Shift + RSS)
2026-06-13T05:21:27+0000 [INFO] Arctic Shift returned 0 posts
2026-06-13T05:21:28+0000 [INFO] RSS returned 100 posts
2026-06-13T05:21:28+0000 [INFO] Scanner complete (Arctic Shift+RSS). 0 new posts collected, 0 media downloaded, 0 links verified.
2026-06-13T05:26:25+0000 [INFO] Scanner starting. Batch: 2026-06-13T05:26
2026-06-13T05:26:25+0000 [INFO] Running in dual-source mode (Arctic Shift + RSS)
2026-06-13T05:26:26+0000 [INFO] Arctic Shift returned 0 posts
2026-06-13T05:26:27+0000 [INFO] RSS returned 100 posts
2026-06-13T05:26:27+0000 [INFO] Scanner complete (Arctic Shift+RSS). 0 new posts collected, 0 media downloaded, 0 links verified.
2026-06-13T05:31:23+0000 [INFO] Scanner starting. Batch: 2026-06-13T05:31
2026-06-13T05:31:23+0000 [INFO] Running in dual-source mode (Arctic Shift + RSS)
2026-06-13T05:31:24+0000 [INFO] Arctic Shift returned 4 posts
2026-06-13T05:31:25+0000 [INFO] RSS returned 100 posts
2026-06-13T05:31:26+0000 [INFO] Scanner complete (Arctic Shift+RSS). 4 new posts collected, 2 media downloaded, 1 links verified.
2026-06-13T05:36:25+0000 [INFO] Scanner starting. Batch: 2026-06-13T05:36
2026-06-13T05:36:25+0000 [INFO] Running in dual-source mode (Arctic Shift + RSS)
2026-06-13T05:36:27+0000 [INFO] Arctic Shift returned 2 posts
2026-06-13T05:36:28+0000 [INFO] RSS returned 100 posts
2026-06-13T05:36:28+0000 [INFO] Scanner complete (Arctic Shift+RSS). 0 new posts collected, 0 media downloaded, 0 links verified.
2026-06-13T05:41:26+0000 [INFO] Scanner starting. Batch: 2026-06-13T05:41
2026-06-13T05:41:26+0000 [INFO] Running in dual-source mode (Arctic Shift + RSS)
2026-06-13T05:41:27+0000 [INFO] Arctic Shift returned 1 posts
2026-06-13T05:41:28+0000 [INFO] RSS returned 100 posts
2026-06-13T05:41:28+0000 [INFO] Scanner complete (Arctic Shift+RSS). 2 new posts collected, 1 media downloaded, 1 links verified.
2026-06-13T05:46:21+0000 [INFO] Scanner starting. Batch: 2026-06-13T05:46
2026-06-13T05:46:21+0000 [INFO] Running in dual-source mode (Arctic Shift + RSS)
2026-06-13T05:46:22+0000 [INFO] Arctic Shift returned 5 posts
2026-06-13T05:46:23+0000 [INFO] RSS returned 100 posts
2026-06-13T05:46:23+0000 [INFO] Scanner complete (Arctic Shift+RSS). 3 new posts collected, 1 media downloaded, 0 links verified.
2026-06-13T05:51:32+0000 [INFO] Scanner starting. Batch: 2026-06-13T05:51
2026-06-13T05:51:32+0000 [INFO] Running in dual-source mode (Arctic Shift + RSS)
2026-06-13T05:51:34+0000 [INFO] Arctic Shift returned 1 posts
2026-06-13T05:51:35+0000 [INFO] RSS returned 100 posts
2026-06-13T05:51:35+0000 [INFO] Scanner complete (Arctic Shift+RSS). 1 new posts collected, 0 media downloaded, 0 links verified.
