2026-06-12T16:01:17+0000 [INFO] Scanner starting. Batch: 2026-06-12T16:01
2026-06-12T16:01:17+0000 [INFO] Running in dual-source mode (Arctic Shift + RSS)
2026-06-12T16:01:30+0000 [INFO] Arctic Shift returned 5 posts
2026-06-12T16:01:31+0000 [INFO] RSS returned 100 posts
2026-06-12T16:01:31+0000 [INFO] Scanner complete (Arctic Shift+RSS). 0 new posts collected, 0 media downloaded, 0 links verified.
2026-06-12T16:06:05+0000 [INFO] Scanner starting. Batch: 2026-06-12T16:06
2026-06-12T16:06:05+0000 [INFO] Running in dual-source mode (Arctic Shift + RSS)
2026-06-12T16:06:06+0000 [INFO] Arctic Shift returned 2 posts
2026-06-12T16:06:07+0000 [INFO] RSS returned 100 posts
2026-06-12T16:06:07+0000 [INFO] Scanner complete (Arctic Shift+RSS). 2 new posts collected, 1 media downloaded, 0 links verified.
2026-06-12T16:11:05+0000 [INFO] Scanner starting. Batch: 2026-06-12T16:11
2026-06-12T16:11:05+0000 [INFO] Running in dual-source mode (Arctic Shift + RSS)
2026-06-12T16:11:05+0000 [INFO] Arctic Shift returned 0 posts
2026-06-12T16:11:06+0000 [INFO] RSS returned 100 posts
2026-06-12T16:11:06+0000 [INFO] Scanner complete (Arctic Shift+RSS). 0 new posts collected, 0 media downloaded, 0 links verified.
2026-06-12T16:16:07+0000 [INFO] Scanner starting. Batch: 2026-06-12T16:16
2026-06-12T16:16:07+0000 [INFO] Running in dual-source mode (Arctic Shift + RSS)
2026-06-12T16:16:09+0000 [INFO] Arctic Shift returned 2 posts
2026-06-12T16:16:10+0000 [INFO] RSS returned 100 posts
2026-06-12T16:16:13+0000 [INFO] Scanner complete (Arctic Shift+RSS). 2 new posts collected, 0 media downloaded, 2 links verified.
2026-06-12T16:21:00+0000 [INFO] Scanner starting. Batch: 2026-06-12T16:21
2026-06-12T16:21:00+0000 [INFO] Running in dual-source mode (Arctic Shift + RSS)
2026-06-12T16:21:01+0000 [INFO] Arctic Shift returned 4 posts
2026-06-12T16:21:02+0000 [INFO] RSS returned 100 posts
2026-06-12T16:21:02+0000 [INFO] Scanner complete (Arctic Shift+RSS). 3 new posts collected, 0 media downloaded, 1 links verified.
2026-06-12T16:26:04+0000 [INFO] Scanner starting. Batch: 2026-06-12T16:26
2026-06-12T16:26:04+0000 [INFO] Running in dual-source mode (Arctic Shift + RSS)
2026-06-12T16:26:05+0000 [INFO] Arctic Shift returned 3 posts
2026-06-12T16:26:06+0000 [INFO] RSS returned 100 posts
2026-06-12T16:26:06+0000 [INFO] Scanner complete (Arctic Shift+RSS). 2 new posts collected, 0 media downloaded, 1 links verified.
2026-06-12T16:31:04+0000 [INFO] Scanner starting. Batch: 2026-06-12T16:31
2026-06-12T16:31:04+0000 [INFO] Running in dual-source mode (Arctic Shift + RSS)
2026-06-12T16:31:06+0000 [INFO] Arctic Shift returned 6 posts
2026-06-12T16:31:07+0000 [INFO] RSS returned 100 posts
2026-06-12T16:31:09+0000 [INFO] Scanner complete (Arctic Shift+RSS). 5 new posts collected, 2 media downloaded, 2 links verified.
2026-06-12T16:36:18+0000 [INFO] Scanner starting. Batch: 2026-06-12T16:36
2026-06-12T16:36:18+0000 [INFO] Running in dual-source mode (Arctic Shift + RSS)
2026-06-12T16:36:19+0000 [INFO] Arctic Shift returned 3 posts
2026-06-12T16:36:20+0000 [INFO] RSS returned 100 posts
2026-06-12T16:36:23+0000 [INFO] Scanner complete (Arctic Shift+RSS). 2 new posts collected, 1 media downloaded, 1 links verified.
2026-06-12T16:41:04+0000 [INFO] Scanner starting. Batch: 2026-06-12T16:41
2026-06-12T16:41:04+0000 [INFO] Running in dual-source mode (Arctic Shift + RSS)
2026-06-12T16:41:05+0000 [INFO] Arctic Shift returned 2 posts
2026-06-12T16:41:06+0000 [INFO] RSS returned 100 posts
2026-06-12T16:41:06+0000 [INFO] Scanner complete (Arctic Shift+RSS). 1 new posts collected, 0 media downloaded, 1 links verified.
2026-06-12T16:46:01+0000 [INFO] Scanner starting. Batch: 2026-06-12T16:46
2026-06-12T16:46:01+0000 [INFO] Running in dual-source mode (Arctic Shift + RSS)
2026-06-12T16:46:03+0000 [INFO] Arctic Shift returned 5 posts
2026-06-12T16:46:04+0000 [INFO] RSS returned 100 posts
2026-06-12T16:46:05+0000 [INFO] Scanner complete (Arctic Shift+RSS). 5 new posts collected, 4 media downloaded, 3 links verified.
