2026-06-10T22:00:43+0000 [INFO] Scanner starting. Batch: 2026-06-10T22:00
2026-06-10T22:00:43+0000 [INFO] Running in dual-source mode (Arctic Shift + RSS)
2026-06-10T22:00:50+0000 [INFO] Arctic Shift returned 1 posts
2026-06-10T22:00:51+0000 [INFO] RSS returned 100 posts
2026-06-10T22:00:51+0000 [INFO] Scanner complete (Arctic Shift+RSS). 1 new posts collected, 1 media downloaded, 0 links verified.
2026-06-10T22:05:33+0000 [INFO] Scanner starting. Batch: 2026-06-10T22:05
2026-06-10T22:05:33+0000 [INFO] Running in dual-source mode (Arctic Shift + RSS)
2026-06-10T22:05:37+0000 [INFO] Arctic Shift returned 2 posts
2026-06-10T22:05:38+0000 [INFO] RSS returned 100 posts
2026-06-10T22:05:39+0000 [INFO] Scanner complete (Arctic Shift+RSS). 2 new posts collected, 3 media downloaded, 0 links verified.
2026-06-10T22:10:40+0000 [INFO] Scanner starting. Batch: 2026-06-10T22:10
2026-06-10T22:10:40+0000 [INFO] Running in dual-source mode (Arctic Shift + RSS)
2026-06-10T22:10:41+0000 [INFO] Arctic Shift returned 3 posts
2026-06-10T22:10:43+0000 [INFO] RSS returned 100 posts
2026-06-10T22:10:43+0000 [INFO] Scanner complete (Arctic Shift+RSS). 3 new posts collected, 0 media downloaded, 0 links verified.
2026-06-10T22:15:37+0000 [INFO] Scanner starting. Batch: 2026-06-10T22:15
2026-06-10T22:15:37+0000 [INFO] Running in dual-source mode (Arctic Shift + RSS)
2026-06-10T22:15:38+0000 [INFO] Arctic Shift returned 2 posts
2026-06-10T22:15:39+0000 [INFO] RSS returned 100 posts
2026-06-10T22:15:40+0000 [INFO] Scanner complete (Arctic Shift+RSS). 1 new posts collected, 0 media downloaded, 1 links verified.
2026-06-10T22:20:36+0000 [INFO] Scanner starting. Batch: 2026-06-10T22:20
2026-06-10T22:20:36+0000 [INFO] Running in dual-source mode (Arctic Shift + RSS)
2026-06-10T22:20:37+0000 [INFO] Arctic Shift returned 0 posts
2026-06-10T22:20:38+0000 [INFO] RSS returned 100 posts
2026-06-10T22:20:38+0000 [INFO] Scanner complete (Arctic Shift+RSS). 0 new posts collected, 0 media downloaded, 0 links verified.
