2026-06-11T03:00:37+0000 [INFO] Scanner starting. Batch: 2026-06-11T03:00
2026-06-11T03:00:37+0000 [INFO] Running in dual-source mode (Arctic Shift + RSS)
2026-06-11T03:00:39+0000 [INFO] Arctic Shift returned 0 posts
2026-06-11T03:00:40+0000 [INFO] RSS returned 100 posts
2026-06-11T03:00:40+0000 [INFO] Scanner complete (Arctic Shift+RSS). 0 new posts collected, 0 media downloaded, 0 links verified.
2026-06-11T03:05:27+0000 [INFO] Scanner starting. Batch: 2026-06-11T03:05
2026-06-11T03:05:27+0000 [INFO] Running in dual-source mode (Arctic Shift + RSS)
2026-06-11T03:05:28+0000 [INFO] Arctic Shift returned 0 posts
2026-06-11T03:05:29+0000 [INFO] RSS returned 100 posts
2026-06-11T03:05:29+0000 [INFO] Scanner complete (Arctic Shift+RSS). 0 new posts collected, 0 media downloaded, 0 links verified.
2026-06-11T03:10:27+0000 [INFO] Scanner starting. Batch: 2026-06-11T03:10
2026-06-11T03:10:27+0000 [INFO] Running in dual-source mode (Arctic Shift + RSS)
2026-06-11T03:10:28+0000 [INFO] Arctic Shift returned 0 posts
2026-06-11T03:10:29+0000 [INFO] RSS returned 100 posts
2026-06-11T03:10:29+0000 [INFO] Scanner complete (Arctic Shift+RSS). 0 new posts collected, 0 media downloaded, 0 links verified.
2026-06-11T03:15:30+0000 [INFO] Scanner starting. Batch: 2026-06-11T03:15
2026-06-11T03:15:30+0000 [INFO] Running in dual-source mode (Arctic Shift + RSS)
2026-06-11T03:15:36+0000 [INFO] Arctic Shift returned 1 posts
2026-06-11T03:15:37+0000 [INFO] RSS returned 100 posts
2026-06-11T03:15:37+0000 [INFO] Scanner complete (Arctic Shift+RSS). 1 new posts collected, 0 media downloaded, 0 links verified.
