2026-06-12T03:01:24+0000 [INFO] Scanner starting. Batch: 2026-06-12T03:01
2026-06-12T03:01:24+0000 [INFO] Running in dual-source mode (Arctic Shift + RSS)
2026-06-12T03:01:25+0000 [INFO] Arctic Shift returned 0 posts
2026-06-12T03:01:26+0000 [INFO] RSS returned 100 posts
2026-06-12T03:01:26+0000 [INFO] Scanner complete (Arctic Shift+RSS). 0 new posts collected, 0 media downloaded, 0 links verified.
2026-06-12T03:06:00+0000 [INFO] Scanner starting. Batch: 2026-06-12T03:06
2026-06-12T03:06:00+0000 [INFO] Running in dual-source mode (Arctic Shift + RSS)
2026-06-12T03:06:00+0000 [INFO] Arctic Shift returned 0 posts
2026-06-12T03:06:01+0000 [INFO] RSS returned 100 posts
2026-06-12T03:06:01+0000 [INFO] Scanner complete (Arctic Shift+RSS). 0 new posts collected, 0 media downloaded, 0 links verified.
2026-06-12T03:11:08+0000 [INFO] Scanner starting. Batch: 2026-06-12T03:11
2026-06-12T03:11:08+0000 [INFO] Running in dual-source mode (Arctic Shift + RSS)
2026-06-12T03:11:10+0000 [INFO] Arctic Shift returned 2 posts
2026-06-12T03:11:11+0000 [INFO] RSS returned 100 posts
2026-06-12T03:11:11+0000 [INFO] Scanner complete (Arctic Shift+RSS). 2 new posts collected, 1 media downloaded, 1 links verified.
2026-06-12T03:16:11+0000 [INFO] Scanner starting. Batch: 2026-06-12T03:16
2026-06-12T03:16:11+0000 [INFO] Running in dual-source mode (Arctic Shift + RSS)
2026-06-12T03:16:13+0000 [INFO] Arctic Shift returned 2 posts
2026-06-12T03:16:14+0000 [INFO] RSS returned 100 posts
2026-06-12T03:16:14+0000 [INFO] Scanner complete (Arctic Shift+RSS). 1 new posts collected, 0 media downloaded, 1 links verified.
2026-06-12T03:21:02+0000 [INFO] Scanner starting. Batch: 2026-06-12T03:21
2026-06-12T03:21:02+0000 [INFO] Running in dual-source mode (Arctic Shift + RSS)
2026-06-12T03:21:04+0000 [INFO] Arctic Shift returned 7 posts
2026-06-12T03:21:05+0000 [INFO] RSS returned 100 posts
2026-06-12T03:21:07+0000 [INFO] Scanner complete (Arctic Shift+RSS). 6 new posts collected, 1 media downloaded, 2 links verified.
2026-06-12T03:26:08+0000 [INFO] Scanner starting. Batch: 2026-06-12T03:26
2026-06-12T03:26:08+0000 [INFO] Running in dual-source mode (Arctic Shift + RSS)
2026-06-12T03:26:10+0000 [INFO] Arctic Shift returned 5 posts
2026-06-12T03:26:10+0000 [INFO] RSS returned 100 posts
2026-06-12T03:26:13+0000 [INFO] Scanner complete (Arctic Shift+RSS). 6 new posts collected, 5 media downloaded, 2 links verified.
2026-06-12T03:31:11+0000 [INFO] Scanner starting. Batch: 2026-06-12T03:31
2026-06-12T03:31:11+0000 [INFO] Running in dual-source mode (Arctic Shift + RSS)
2026-06-12T03:31:13+0000 [INFO] Arctic Shift returned 8 posts
2026-06-12T03:31:13+0000 [INFO] RSS returned 100 posts
2026-06-12T03:31:14+0000 [INFO] Scanner complete (Arctic Shift+RSS). 4 new posts collected, 2 media downloaded, 3 links verified.
2026-06-12T03:36:15+0000 [INFO] Scanner starting. Batch: 2026-06-12T03:36
2026-06-12T03:36:15+0000 [INFO] Running in dual-source mode (Arctic Shift + RSS)
2026-06-12T03:36:17+0000 [INFO] Arctic Shift returned 1 posts
2026-06-12T03:36:18+0000 [INFO] RSS returned 100 posts
2026-06-12T03:36:19+0000 [INFO] Scanner complete (Arctic Shift+RSS). 2 new posts collected, 1 media downloaded, 1 links verified.
2026-06-12T03:41:11+0000 [INFO] Scanner starting. Batch: 2026-06-12T03:41
2026-06-12T03:41:11+0000 [INFO] Running in dual-source mode (Arctic Shift + RSS)
2026-06-12T03:41:51+0000 [INFO] Arctic Shift returned 5 posts
2026-06-12T03:41:52+0000 [INFO] RSS returned 100 posts
2026-06-12T03:41:53+0000 [INFO] Scanner complete (Arctic Shift+RSS). 4 new posts collected, 0 media downloaded, 3 links verified.
