2026-06-12T12:01:28+0000 [INFO] Scanner starting. Batch: 2026-06-12T12:01
2026-06-12T12:01:28+0000 [INFO] Running in dual-source mode (Arctic Shift + RSS)
2026-06-12T12:01:30+0000 [INFO] Arctic Shift returned 1 posts
2026-06-12T12:01:31+0000 [INFO] RSS returned 100 posts
2026-06-12T12:01:31+0000 [INFO] Scanner complete (Arctic Shift+RSS). 1 new posts collected, 0 media downloaded, 0 links verified.
2026-06-12T12:06:17+0000 [INFO] Scanner starting. Batch: 2026-06-12T12:06
2026-06-12T12:06:17+0000 [INFO] Running in dual-source mode (Arctic Shift + RSS)
2026-06-12T12:06:19+0000 [INFO] Arctic Shift returned 3 posts
2026-06-12T12:06:19+0000 [INFO] RSS returned 100 posts
2026-06-12T12:06:20+0000 [INFO] Scanner complete (Arctic Shift+RSS). 3 new posts collected, 2 media downloaded, 2 links verified.
2026-06-12T12:11:29+0000 [INFO] Scanner starting. Batch: 2026-06-12T12:11
2026-06-12T12:11:29+0000 [INFO] Running in dual-source mode (Arctic Shift + RSS)
2026-06-12T12:11:31+0000 [INFO] Arctic Shift returned 5 posts
2026-06-12T12:11:31+0000 [INFO] RSS returned 100 posts
2026-06-12T12:11:33+0000 [INFO] Scanner complete (Arctic Shift+RSS). 3 new posts collected, 2 media downloaded, 2 links verified.
2026-06-12T12:16:27+0000 [INFO] Scanner starting. Batch: 2026-06-12T12:16
2026-06-12T12:16:27+0000 [INFO] Running in dual-source mode (Arctic Shift + RSS)
2026-06-12T12:16:29+0000 [INFO] Arctic Shift returned 0 posts
2026-06-12T12:16:30+0000 [INFO] RSS returned 100 posts
2026-06-12T12:16:30+0000 [INFO] Scanner complete (Arctic Shift+RSS). 1 new posts collected, 0 media downloaded, 1 links verified.
2026-06-12T12:21:27+0000 [INFO] Scanner starting. Batch: 2026-06-12T12:21
2026-06-12T12:21:27+0000 [INFO] Running in dual-source mode (Arctic Shift + RSS)
2026-06-12T12:21:28+0000 [INFO] Arctic Shift returned 6 posts
2026-06-12T12:21:29+0000 [INFO] RSS returned 100 posts
2026-06-12T12:21:30+0000 [INFO] Scanner complete (Arctic Shift+RSS). 5 new posts collected, 2 media downloaded, 1 links verified.
2026-06-12T12:26:16+0000 [INFO] Scanner starting. Batch: 2026-06-12T12:26
2026-06-12T12:26:16+0000 [INFO] Running in dual-source mode (Arctic Shift + RSS)
2026-06-12T12:26:17+0000 [INFO] Arctic Shift returned 4 posts
2026-06-12T12:26:18+0000 [INFO] RSS returned 100 posts
2026-06-12T12:26:19+0000 [INFO] Scanner complete (Arctic Shift+RSS). 2 new posts collected, 0 media downloaded, 2 links verified.
