2026-06-11T19:01:09+0000 [INFO] Scanner starting. Batch: 2026-06-11T19:01
2026-06-11T19:01:09+0000 [INFO] Running in dual-source mode (Arctic Shift + RSS)
2026-06-11T19:01:11+0000 [INFO] Arctic Shift returned 6 posts
2026-06-11T19:01:12+0000 [INFO] RSS returned 100 posts
2026-06-11T19:01:13+0000 [INFO] Scanner complete (Arctic Shift+RSS). 4 new posts collected, 2 media downloaded, 1 links verified.
2026-06-11T19:06:47+0000 [INFO] Scanner starting. Batch: 2026-06-11T19:06
2026-06-11T19:06:47+0000 [INFO] Running in dual-source mode (Arctic Shift + RSS)
2026-06-11T19:06:50+0000 [INFO] Arctic Shift returned 4 posts
2026-06-11T19:06:51+0000 [INFO] RSS returned 100 posts
2026-06-11T19:06:52+0000 [INFO] Scanner complete (Arctic Shift+RSS). 4 new posts collected, 2 media downloaded, 0 links verified.
2026-06-11T19:10:45+0000 [INFO] Scanner starting. Batch: 2026-06-11T19:10
2026-06-11T19:10:45+0000 [INFO] Running in dual-source mode (Arctic Shift + RSS)
2026-06-11T19:10:47+0000 [INFO] Arctic Shift returned 3 posts
2026-06-11T19:10:48+0000 [INFO] RSS returned 100 posts
2026-06-11T19:10:48+0000 [INFO] Scanner complete (Arctic Shift+RSS). 1 new posts collected, 0 media downloaded, 0 links verified.
2026-06-11T19:15:35+0000 [INFO] Scanner starting. Batch: 2026-06-11T19:15
2026-06-11T19:15:35+0000 [INFO] Running in dual-source mode (Arctic Shift + RSS)
2026-06-11T19:15:38+0000 [INFO] Arctic Shift returned 5 posts
2026-06-11T19:15:38+0000 [INFO] RSS returned 100 posts
2026-06-11T19:15:40+0000 [INFO] Scanner complete (Arctic Shift+RSS). 5 new posts collected, 3 media downloaded, 2 links verified.
2026-06-11T19:20:44+0000 [INFO] Scanner starting. Batch: 2026-06-11T19:20
2026-06-11T19:20:44+0000 [INFO] Running in dual-source mode (Arctic Shift + RSS)
2026-06-11T19:20:46+0000 [INFO] Arctic Shift returned 5 posts
2026-06-11T19:20:47+0000 [INFO] RSS returned 100 posts
2026-06-11T19:20:47+0000 [INFO] Scanner complete (Arctic Shift+RSS). 1 new posts collected, 0 media downloaded, 0 links verified.
2026-06-11T19:25:40+0000 [INFO] Scanner starting. Batch: 2026-06-11T19:25
2026-06-11T19:25:40+0000 [INFO] Running in dual-source mode (Arctic Shift + RSS)
2026-06-11T19:25:42+0000 [INFO] Arctic Shift returned 1 posts
2026-06-11T19:25:43+0000 [INFO] RSS returned 100 posts
2026-06-11T19:25:43+0000 [INFO] Scanner complete (Arctic Shift+RSS). 1 new posts collected, 0 media downloaded, 1 links verified.
2026-06-11T19:30:50+0000 [INFO] Scanner starting. Batch: 2026-06-11T19:30
2026-06-11T19:30:50+0000 [INFO] Running in dual-source mode (Arctic Shift + RSS)
2026-06-11T19:30:51+0000 [INFO] Arctic Shift returned 5 posts
2026-06-11T19:30:52+0000 [INFO] RSS returned 100 posts
2026-06-11T19:30:53+0000 [INFO] Scanner complete (Arctic Shift+RSS). 5 new posts collected, 5 media downloaded, 0 links verified.
2026-06-11T19:35:46+0000 [INFO] Scanner starting. Batch: 2026-06-11T19:35
2026-06-11T19:35:46+0000 [INFO] Running in dual-source mode (Arctic Shift + RSS)
2026-06-11T19:36:01+0000 [INFO] Arctic Shift returned 6 posts
2026-06-11T19:36:02+0000 [INFO] RSS returned 100 posts
2026-06-11T19:36:03+0000 [INFO] Scanner complete (Arctic Shift+RSS). 4 new posts collected, 2 media downloaded, 1 links verified.
2026-06-11T19:41:06+0000 [INFO] Scanner starting. Batch: 2026-06-11T19:41
2026-06-11T19:41:06+0000 [INFO] Running in dual-source mode (Arctic Shift + RSS)
2026-06-11T19:41:08+0000 [INFO] Arctic Shift returned 5 posts
2026-06-11T19:41:09+0000 [INFO] RSS returned 100 posts
2026-06-11T19:41:10+0000 [INFO] Scanner complete (Arctic Shift+RSS). 4 new posts collected, 1 media downloaded, 0 links verified.
2026-06-11T19:45:59+0000 [INFO] Scanner starting. Batch: 2026-06-11T19:45
2026-06-11T19:45:59+0000 [INFO] Running in dual-source mode (Arctic Shift + RSS)
2026-06-11T19:46:02+0000 [INFO] Arctic Shift returned 3 posts
2026-06-11T19:46:03+0000 [INFO] RSS returned 100 posts
2026-06-11T19:46:04+0000 [INFO] Scanner complete (Arctic Shift+RSS). 4 new posts collected, 2 media downloaded, 1 links verified.
2026-06-11T19:51:00+0000 [INFO] Scanner starting. Batch: 2026-06-11T19:51
2026-06-11T19:51:00+0000 [INFO] Running in dual-source mode (Arctic Shift + RSS)
2026-06-11T19:51:01+0000 [INFO] Arctic Shift returned 10 posts
2026-06-11T19:51:02+0000 [INFO] RSS returned 100 posts
2026-06-11T19:51:05+0000 [INFO] Scanner complete (Arctic Shift+RSS). 8 new posts collected, 3 media downloaded, 1 links verified.
2026-06-11T19:55:51+0000 [INFO] Scanner starting. Batch: 2026-06-11T19:55
2026-06-11T19:55:51+0000 [INFO] Running in dual-source mode (Arctic Shift + RSS)
2026-06-11T19:55:52+0000 [INFO] Arctic Shift returned 7 posts
2026-06-11T19:55:53+0000 [INFO] RSS returned 100 posts
2026-06-11T19:55:54+0000 [INFO] Scanner complete (Arctic Shift+RSS). 5 new posts collected, 2 media downloaded, 1 links verified.
