2026-06-12T23:01:23+0000 [INFO] Scanner starting. Batch: 2026-06-12T23:01
2026-06-12T23:01:23+0000 [INFO] Running in dual-source mode (Arctic Shift + RSS)
2026-06-12T23:01:24+0000 [INFO] Arctic Shift returned 0 posts
2026-06-12T23:01:24+0000 [INFO] RSS returned 100 posts
2026-06-12T23:01:24+0000 [INFO] Scanner complete (Arctic Shift+RSS). 0 new posts collected, 0 media downloaded, 0 links verified.
2026-06-12T23:06:06+0000 [INFO] Scanner starting. Batch: 2026-06-12T23:06
2026-06-12T23:06:06+0000 [INFO] Running in dual-source mode (Arctic Shift + RSS)
2026-06-12T23:06:07+0000 [INFO] Arctic Shift returned 2 posts
2026-06-12T23:06:08+0000 [INFO] RSS returned 100 posts
2026-06-12T23:06:08+0000 [INFO] Scanner complete (Arctic Shift+RSS). 2 new posts collected, 0 media downloaded, 0 links verified.
2026-06-12T23:11:12+0000 [INFO] Scanner starting. Batch: 2026-06-12T23:11
2026-06-12T23:11:12+0000 [INFO] Running in dual-source mode (Arctic Shift + RSS)
2026-06-12T23:11:13+0000 [INFO] Arctic Shift returned 0 posts
2026-06-12T23:11:14+0000 [INFO] RSS returned 100 posts
2026-06-12T23:11:14+0000 [INFO] Scanner complete (Arctic Shift+RSS). 0 new posts collected, 0 media downloaded, 0 links verified.
2026-06-12T23:16:02+0000 [INFO] Scanner starting. Batch: 2026-06-12T23:16
2026-06-12T23:16:02+0000 [INFO] Running in dual-source mode (Arctic Shift + RSS)
2026-06-12T23:16:05+0000 [INFO] Arctic Shift returned 2 posts
2026-06-12T23:16:06+0000 [INFO] RSS returned 100 posts
2026-06-12T23:16:06+0000 [INFO] Scanner complete (Arctic Shift+RSS). 2 new posts collected, 0 media downloaded, 2 links verified.
2026-06-12T23:21:11+0000 [INFO] Scanner starting. Batch: 2026-06-12T23:21
2026-06-12T23:21:11+0000 [INFO] Running in dual-source mode (Arctic Shift + RSS)
2026-06-12T23:21:13+0000 [INFO] Arctic Shift returned 0 posts
2026-06-12T23:21:14+0000 [INFO] RSS returned 100 posts
2026-06-12T23:21:14+0000 [INFO] Scanner complete (Arctic Shift+RSS). 0 new posts collected, 0 media downloaded, 0 links verified.
2026-06-12T23:26:08+0000 [INFO] Scanner starting. Batch: 2026-06-12T23:26
2026-06-12T23:26:08+0000 [INFO] Running in dual-source mode (Arctic Shift + RSS)
2026-06-12T23:26:09+0000 [INFO] Arctic Shift returned 1 posts
2026-06-12T23:26:10+0000 [INFO] RSS returned 100 posts
2026-06-12T23:26:10+0000 [INFO] Scanner complete (Arctic Shift+RSS). 1 new posts collected, 0 media downloaded, 0 links verified.
2026-06-12T23:31:13+0000 [INFO] Scanner starting. Batch: 2026-06-12T23:31
2026-06-12T23:31:13+0000 [INFO] Running in dual-source mode (Arctic Shift + RSS)
2026-06-12T23:31:15+0000 [INFO] Arctic Shift returned 1 posts
2026-06-12T23:31:16+0000 [INFO] RSS returned 100 posts
2026-06-12T23:31:16+0000 [INFO] Scanner complete (Arctic Shift+RSS). 1 new posts collected, 0 media downloaded, 0 links verified.
2026-06-12T23:36:20+0000 [INFO] Scanner starting. Batch: 2026-06-12T23:36
2026-06-12T23:36:20+0000 [INFO] Running in dual-source mode (Arctic Shift + RSS)
2026-06-12T23:36:21+0000 [INFO] Arctic Shift returned 0 posts
2026-06-12T23:36:21+0000 [INFO] RSS returned 100 posts
2026-06-12T23:36:21+0000 [INFO] Scanner complete (Arctic Shift+RSS). 0 new posts collected, 0 media downloaded, 0 links verified.
2026-06-12T23:41:02+0000 [INFO] Scanner starting. Batch: 2026-06-12T23:41
2026-06-12T23:41:02+0000 [INFO] Running in dual-source mode (Arctic Shift + RSS)
2026-06-12T23:41:04+0000 [INFO] Arctic Shift returned 2 posts
2026-06-12T23:41:05+0000 [INFO] RSS returned 100 posts
2026-06-12T23:41:06+0000 [INFO] Scanner complete (Arctic Shift+RSS). 2 new posts collected, 0 media downloaded, 1 links verified.
2026-06-12T23:46:10+0000 [INFO] Scanner starting. Batch: 2026-06-12T23:46
2026-06-12T23:46:10+0000 [INFO] Running in dual-source mode (Arctic Shift + RSS)
2026-06-12T23:46:12+0000 [INFO] Arctic Shift returned 4 posts
2026-06-12T23:46:13+0000 [INFO] RSS returned 100 posts
2026-06-12T23:46:14+0000 [INFO] Scanner complete (Arctic Shift+RSS). 3 new posts collected, 0 media downloaded, 2 links verified.
