2026-06-12T21:01:15+0000 [INFO] Scanner starting. Batch: 2026-06-12T21:01
2026-06-12T21:01:15+0000 [INFO] Running in dual-source mode (Arctic Shift + RSS)
2026-06-12T21:01:18+0000 [INFO] Arctic Shift returned 7 posts
2026-06-12T21:01:19+0000 [INFO] RSS returned 100 posts
2026-06-12T21:01:20+0000 [INFO] Scanner complete (Arctic Shift+RSS). 6 new posts collected, 2 media downloaded, 4 links verified.
2026-06-12T21:06:29+0000 [INFO] Scanner starting. Batch: 2026-06-12T21:06
2026-06-12T21:06:29+0000 [INFO] Running in dual-source mode (Arctic Shift + RSS)
2026-06-12T21:06:30+0000 [INFO] Arctic Shift returned 4 posts
2026-06-12T21:06:31+0000 [INFO] RSS returned 100 posts
2026-06-12T21:06:31+0000 [INFO] Scanner complete (Arctic Shift+RSS). 1 new posts collected, 0 media downloaded, 0 links verified.
2026-06-12T21:11:21+0000 [INFO] Scanner starting. Batch: 2026-06-12T21:11
2026-06-12T21:11:21+0000 [INFO] Running in dual-source mode (Arctic Shift + RSS)
2026-06-12T21:11:22+0000 [INFO] Arctic Shift returned 3 posts
2026-06-12T21:11:23+0000 [INFO] RSS returned 100 posts
2026-06-12T21:11:24+0000 [INFO] Scanner complete (Arctic Shift+RSS). 2 new posts collected, 0 media downloaded, 1 links verified.
2026-06-12T21:16:15+0000 [INFO] Scanner starting. Batch: 2026-06-12T21:16
2026-06-12T21:16:15+0000 [INFO] Running in dual-source mode (Arctic Shift + RSS)
2026-06-12T21:16:17+0000 [INFO] Arctic Shift returned 1 posts
2026-06-12T21:16:17+0000 [INFO] RSS returned 100 posts
2026-06-12T21:16:18+0000 [INFO] Scanner complete (Arctic Shift+RSS). 1 new posts collected, 0 media downloaded, 1 links verified.
2026-06-12T21:21:07+0000 [INFO] Scanner starting. Batch: 2026-06-12T21:21
2026-06-12T21:21:07+0000 [INFO] Running in dual-source mode (Arctic Shift + RSS)
2026-06-12T21:21:09+0000 [INFO] Arctic Shift returned 1 posts
2026-06-12T21:21:10+0000 [INFO] RSS returned 100 posts
2026-06-12T21:21:11+0000 [INFO] Scanner complete (Arctic Shift+RSS). 1 new posts collected, 0 media downloaded, 1 links verified.
2026-06-12T21:26:11+0000 [INFO] Scanner starting. Batch: 2026-06-12T21:26
2026-06-12T21:26:11+0000 [INFO] Running in dual-source mode (Arctic Shift + RSS)
2026-06-12T21:26:12+0000 [INFO] Arctic Shift returned 2 posts
2026-06-12T21:26:13+0000 [INFO] RSS returned 100 posts
2026-06-12T21:26:15+0000 [INFO] Scanner complete (Arctic Shift+RSS). 2 new posts collected, 0 media downloaded, 2 links verified.
2026-06-12T21:32:33+0000 [INFO] Scanner starting. Batch: 2026-06-12T21:32
2026-06-12T21:32:33+0000 [INFO] Running in dual-source mode (Arctic Shift + RSS)
2026-06-12T21:32:34+0000 [INFO] Arctic Shift returned 0 posts
2026-06-12T21:32:35+0000 [INFO] RSS returned 100 posts
2026-06-12T21:32:35+0000 [INFO] Scanner complete (Arctic Shift+RSS). 0 new posts collected, 0 media downloaded, 0 links verified.
2026-06-12T21:36:03+0000 [INFO] Scanner starting. Batch: 2026-06-12T21:36
2026-06-12T21:36:03+0000 [INFO] Running in dual-source mode (Arctic Shift + RSS)
2026-06-12T21:36:04+0000 [INFO] Arctic Shift returned 0 posts
2026-06-12T21:36:05+0000 [INFO] RSS returned 100 posts
2026-06-12T21:36:05+0000 [INFO] Scanner complete (Arctic Shift+RSS). 0 new posts collected, 0 media downloaded, 0 links verified.
2026-06-12T21:41:11+0000 [INFO] Scanner starting. Batch: 2026-06-12T21:41
2026-06-12T21:41:11+0000 [INFO] Running in dual-source mode (Arctic Shift + RSS)
2026-06-12T21:41:13+0000 [INFO] Arctic Shift returned 1 posts
2026-06-12T21:41:13+0000 [INFO] RSS returned 100 posts
2026-06-12T21:41:14+0000 [INFO] Scanner complete (Arctic Shift+RSS). 1 new posts collected, 0 media downloaded, 1 links verified.
2026-06-12T21:46:01+0000 [INFO] Scanner starting. Batch: 2026-06-12T21:46
2026-06-12T21:46:01+0000 [INFO] Running in dual-source mode (Arctic Shift + RSS)
2026-06-12T21:46:04+0000 [INFO] Arctic Shift returned 3 posts
2026-06-12T21:46:05+0000 [INFO] RSS returned 100 posts
2026-06-12T21:46:05+0000 [INFO] Scanner complete (Arctic Shift+RSS). 2 new posts collected, 0 media downloaded, 1 links verified.
