2026-06-11T09:01:03+0000 [INFO] Scanner starting. Batch: 2026-06-11T09:01
2026-06-11T09:01:03+0000 [INFO] Running in dual-source mode (Arctic Shift + RSS)
2026-06-11T09:01:05+0000 [INFO] Arctic Shift returned 3 posts
2026-06-11T09:01:06+0000 [INFO] RSS returned 100 posts
2026-06-11T09:01:07+0000 [INFO] Scanner complete (Arctic Shift+RSS). 2 new posts collected, 0 media downloaded, 1 links verified.
2026-06-11T09:05:55+0000 [INFO] Scanner starting. Batch: 2026-06-11T09:05
2026-06-11T09:05:55+0000 [INFO] Running in dual-source mode (Arctic Shift + RSS)
2026-06-11T09:05:57+0000 [INFO] Arctic Shift returned 3 posts
2026-06-11T09:05:58+0000 [INFO] RSS returned 100 posts
2026-06-11T09:05:59+0000 [INFO] Scanner complete (Arctic Shift+RSS). 3 new posts collected, 10 media downloaded, 2 links verified.
2026-06-11T09:10:50+0000 [INFO] Scanner starting. Batch: 2026-06-11T09:10
2026-06-11T09:10:50+0000 [INFO] Running in dual-source mode (Arctic Shift + RSS)
2026-06-11T09:10:51+0000 [INFO] Arctic Shift returned 3 posts
2026-06-11T09:10:52+0000 [INFO] RSS returned 100 posts
2026-06-11T09:10:52+0000 [INFO] Scanner complete (Arctic Shift+RSS). 2 new posts collected, 0 media downloaded, 1 links verified.
2026-06-11T09:15:47+0000 [INFO] Scanner starting. Batch: 2026-06-11T09:15
2026-06-11T09:15:47+0000 [INFO] Running in dual-source mode (Arctic Shift + RSS)
2026-06-11T09:15:49+0000 [INFO] Arctic Shift returned 3 posts
2026-06-11T09:15:50+0000 [INFO] RSS returned 100 posts
2026-06-11T09:15:52+0000 [INFO] Scanner complete (Arctic Shift+RSS). 2 new posts collected, 1 media downloaded, 1 links verified.
2026-06-11T09:20:31+0000 [INFO] Scanner starting. Batch: 2026-06-11T09:20
2026-06-11T09:20:31+0000 [INFO] Running in dual-source mode (Arctic Shift + RSS)
2026-06-11T09:20:32+0000 [INFO] Arctic Shift returned 2 posts
2026-06-11T09:20:33+0000 [INFO] RSS returned 100 posts
2026-06-11T09:20:33+0000 [INFO] Scanner complete (Arctic Shift+RSS). 1 new posts collected, 0 media downloaded, 1 links verified.
2026-06-11T09:25:38+0000 [INFO] Scanner starting. Batch: 2026-06-11T09:25
2026-06-11T09:25:38+0000 [INFO] Running in dual-source mode (Arctic Shift + RSS)
2026-06-11T09:25:39+0000 [INFO] Arctic Shift returned 1 posts
2026-06-11T09:25:40+0000 [INFO] RSS returned 100 posts
2026-06-11T09:25:41+0000 [INFO] Scanner complete (Arctic Shift+RSS). 1 new posts collected, 2 media downloaded, 0 links verified.
2026-06-11T09:30:37+0000 [INFO] Scanner starting. Batch: 2026-06-11T09:30
2026-06-11T09:30:37+0000 [INFO] Running in dual-source mode (Arctic Shift + RSS)
2026-06-11T09:30:38+0000 [INFO] Arctic Shift returned 1 posts
2026-06-11T09:30:39+0000 [INFO] RSS returned 100 posts
2026-06-11T09:30:39+0000 [INFO] Scanner complete (Arctic Shift+RSS). 1 new posts collected, 0 media downloaded, 0 links verified.
2026-06-11T09:35:38+0000 [INFO] Scanner starting. Batch: 2026-06-11T09:35
2026-06-11T09:35:38+0000 [INFO] Running in dual-source mode (Arctic Shift + RSS)
2026-06-11T09:35:40+0000 [INFO] Arctic Shift returned 3 posts
2026-06-11T09:35:41+0000 [INFO] RSS returned 100 posts
2026-06-11T09:35:42+0000 [INFO] Scanner complete (Arctic Shift+RSS). 2 new posts collected, 2 media downloaded, 1 links verified.
2026-06-11T09:40:37+0000 [INFO] Scanner starting. Batch: 2026-06-11T09:40
2026-06-11T09:40:37+0000 [INFO] Running in dual-source mode (Arctic Shift + RSS)
2026-06-11T09:40:39+0000 [INFO] Arctic Shift returned 2 posts
2026-06-11T09:40:40+0000 [INFO] RSS returned 100 posts
2026-06-11T09:40:41+0000 [INFO] Scanner complete (Arctic Shift+RSS). 2 new posts collected, 4 media downloaded, 1 links verified.
