2026-06-11T10:00:41+0000 [INFO] Scanner starting. Batch: 2026-06-11T10:00
2026-06-11T10:00:41+0000 [INFO] Running in dual-source mode (Arctic Shift + RSS)
2026-06-11T10:00:43+0000 [INFO] Arctic Shift returned 2 posts
2026-06-11T10:00:44+0000 [INFO] RSS returned 100 posts
2026-06-11T10:00:44+0000 [INFO] Scanner complete (Arctic Shift+RSS). 2 new posts collected, 0 media downloaded, 1 links verified.
2026-06-11T10:05:34+0000 [INFO] Scanner starting. Batch: 2026-06-11T10:05
2026-06-11T10:05:34+0000 [INFO] Running in dual-source mode (Arctic Shift + RSS)
2026-06-11T10:05:36+0000 [INFO] Arctic Shift returned 3 posts
2026-06-11T10:05:37+0000 [INFO] RSS returned 100 posts
2026-06-11T10:05:37+0000 [INFO] Scanner complete (Arctic Shift+RSS). 1 new posts collected, 0 media downloaded, 0 links verified.
2026-06-11T10:10:35+0000 [INFO] Scanner starting. Batch: 2026-06-11T10:10
2026-06-11T10:10:35+0000 [INFO] Running in dual-source mode (Arctic Shift + RSS)
2026-06-11T10:10:36+0000 [INFO] Arctic Shift returned 3 posts
2026-06-11T10:10:37+0000 [INFO] RSS returned 100 posts
2026-06-11T10:10:38+0000 [INFO] Scanner complete (Arctic Shift+RSS). 3 new posts collected, 0 media downloaded, 2 links verified.
2026-06-11T10:15:43+0000 [INFO] Scanner starting. Batch: 2026-06-11T10:15
2026-06-11T10:15:43+0000 [INFO] Running in dual-source mode (Arctic Shift + RSS)
2026-06-11T10:15:45+0000 [INFO] Arctic Shift returned 3 posts
2026-06-11T10:15:46+0000 [INFO] RSS returned 100 posts
2026-06-11T10:15:46+0000 [INFO] Scanner complete (Arctic Shift+RSS). 3 new posts collected, 2 media downloaded, 1 links verified.
2026-06-11T10:20:57+0000 [INFO] Scanner starting. Batch: 2026-06-11T10:20
2026-06-11T10:20:57+0000 [INFO] Running in dual-source mode (Arctic Shift + RSS)
2026-06-11T10:20:59+0000 [INFO] Arctic Shift returned 3 posts
2026-06-11T10:21:00+0000 [INFO] RSS returned 100 posts
2026-06-11T10:21:00+0000 [INFO] Scanner complete (Arctic Shift+RSS). 0 new posts collected, 0 media downloaded, 0 links verified.
2026-06-11T10:25:35+0000 [INFO] Scanner starting. Batch: 2026-06-11T10:25
2026-06-11T10:25:35+0000 [INFO] Running in dual-source mode (Arctic Shift + RSS)
2026-06-11T10:25:36+0000 [INFO] Arctic Shift returned 1 posts
2026-06-11T10:25:37+0000 [INFO] RSS returned 100 posts
2026-06-11T10:25:38+0000 [INFO] Scanner complete (Arctic Shift+RSS). 1 new posts collected, 0 media downloaded, 1 links verified.
2026-06-11T10:30:40+0000 [INFO] Scanner starting. Batch: 2026-06-11T10:30
2026-06-11T10:30:40+0000 [INFO] Running in dual-source mode (Arctic Shift + RSS)
2026-06-11T10:30:41+0000 [INFO] Arctic Shift returned 2 posts
2026-06-11T10:30:42+0000 [INFO] RSS returned 100 posts
2026-06-11T10:30:43+0000 [INFO] Scanner complete (Arctic Shift+RSS). 1 new posts collected, 0 media downloaded, 0 links verified.
2026-06-11T10:35:32+0000 [INFO] Scanner starting. Batch: 2026-06-11T10:35
2026-06-11T10:35:32+0000 [INFO] Running in dual-source mode (Arctic Shift + RSS)
2026-06-11T10:35:34+0000 [INFO] Arctic Shift returned 3 posts
2026-06-11T10:35:35+0000 [INFO] RSS returned 100 posts
2026-06-11T10:35:36+0000 [INFO] Scanner complete (Arctic Shift+RSS). 3 new posts collected, 2 media downloaded, 2 links verified.
2026-06-11T10:40:34+0000 [INFO] Scanner starting. Batch: 2026-06-11T10:40
2026-06-11T10:40:34+0000 [INFO] Running in dual-source mode (Arctic Shift + RSS)
2026-06-11T10:40:35+0000 [INFO] Arctic Shift returned 3 posts
2026-06-11T10:40:36+0000 [INFO] RSS returned 100 posts
2026-06-11T10:40:36+0000 [INFO] Scanner complete (Arctic Shift+RSS). 0 new posts collected, 0 media downloaded, 0 links verified.
