2026-06-12T09:01:34+0000 [INFO] Scanner starting. Batch: 2026-06-12T09:01
2026-06-12T09:01:34+0000 [INFO] Running in dual-source mode (Arctic Shift + RSS)
2026-06-12T09:01:35+0000 [INFO] Arctic Shift returned 2 posts
2026-06-12T09:01:36+0000 [INFO] RSS returned 100 posts
2026-06-12T09:01:36+0000 [INFO] Scanner complete (Arctic Shift+RSS). 2 new posts collected, 0 media downloaded, 0 links verified.
2026-06-12T09:06:23+0000 [INFO] Scanner starting. Batch: 2026-06-12T09:06
2026-06-12T09:06:23+0000 [INFO] Running in dual-source mode (Arctic Shift + RSS)
2026-06-12T09:06:25+0000 [INFO] Arctic Shift returned 1 posts
2026-06-12T09:06:26+0000 [INFO] RSS returned 100 posts
2026-06-12T09:06:26+0000 [INFO] Scanner complete (Arctic Shift+RSS). 0 new posts collected, 0 media downloaded, 0 links verified.
2026-06-12T09:11:39+0000 [INFO] Scanner starting. Batch: 2026-06-12T09:11
2026-06-12T09:11:39+0000 [INFO] Running in dual-source mode (Arctic Shift + RSS)
2026-06-12T09:11:40+0000 [INFO] Arctic Shift returned 0 posts
2026-06-12T09:11:41+0000 [INFO] RSS returned 100 posts
2026-06-12T09:11:41+0000 [INFO] Scanner complete (Arctic Shift+RSS). 0 new posts collected, 0 media downloaded, 0 links verified.
2026-06-12T09:16:19+0000 [INFO] Scanner starting. Batch: 2026-06-12T09:16
2026-06-12T09:16:19+0000 [INFO] Running in dual-source mode (Arctic Shift + RSS)
2026-06-12T09:16:20+0000 [INFO] Arctic Shift returned 2 posts
2026-06-12T09:16:21+0000 [INFO] RSS returned 100 posts
2026-06-12T09:16:21+0000 [INFO] Scanner complete (Arctic Shift+RSS). 2 new posts collected, 0 media downloaded, 1 links verified.
2026-06-12T09:18:14+0000 [INFO] Scanner starting. Batch: 2026-06-12T09:18
2026-06-12T09:18:14+0000 [INFO] Running in dual-source mode (Arctic Shift + RSS)
2026-06-12T09:18:15+0000 [INFO] Arctic Shift returned 2 posts
2026-06-12T09:18:16+0000 [INFO] RSS returned 100 posts
2026-06-12T09:18:16+0000 [INFO] Scanner complete (Arctic Shift+RSS). 0 new posts collected, 0 media downloaded, 0 links verified.
2026-06-12T09:21:39+0000 [INFO] Scanner starting. Batch: 2026-06-12T09:21
2026-06-12T09:21:39+0000 [INFO] Running in dual-source mode (Arctic Shift + RSS)
2026-06-12T09:21:41+0000 [INFO] Arctic Shift returned 2 posts
2026-06-12T09:21:42+0000 [INFO] RSS returned 100 posts
2026-06-12T09:21:42+0000 [INFO] Scanner complete (Arctic Shift+RSS). 1 new posts collected, 0 media downloaded, 0 links verified.
2026-06-12T09:26:42+0000 [INFO] Scanner starting. Batch: 2026-06-12T09:26
2026-06-12T09:26:42+0000 [INFO] Running in dual-source mode (Arctic Shift + RSS)
2026-06-12T09:26:44+0000 [INFO] Arctic Shift returned 1 posts
2026-06-12T09:26:45+0000 [INFO] RSS returned 100 posts
2026-06-12T09:26:50+0000 [INFO] Scanner complete (Arctic Shift+RSS). 1 new posts collected, 0 media downloaded, 1 links verified.
2026-06-12T09:31:43+0000 [INFO] Scanner starting. Batch: 2026-06-12T09:31
2026-06-12T09:31:43+0000 [INFO] Running in dual-source mode (Arctic Shift + RSS)
2026-06-12T09:31:44+0000 [INFO] Arctic Shift returned 5 posts
2026-06-12T09:31:45+0000 [INFO] RSS returned 100 posts
2026-06-12T09:31:45+0000 [INFO] Scanner complete (Arctic Shift+RSS). 4 new posts collected, 0 media downloaded, 2 links verified.
2026-06-12T09:36:25+0000 [INFO] Scanner starting. Batch: 2026-06-12T09:36
2026-06-12T09:36:25+0000 [INFO] Running in dual-source mode (Arctic Shift + RSS)
2026-06-12T09:36:27+0000 [INFO] Arctic Shift returned 7 posts
2026-06-12T09:36:27+0000 [INFO] RSS returned 100 posts
2026-06-12T09:36:28+0000 [INFO] Scanner complete (Arctic Shift+RSS). 3 new posts collected, 0 media downloaded, 3 links verified.
