2026-06-11T15:01:22+0000 [INFO] Scanner starting. Batch: 2026-06-11T15:01
2026-06-11T15:01:22+0000 [INFO] Running in dual-source mode (Arctic Shift + RSS)
2026-06-11T15:01:25+0000 [INFO] Arctic Shift returned 3 posts
2026-06-11T15:01:26+0000 [INFO] RSS returned 100 posts
2026-06-11T15:01:26+0000 [INFO] Scanner complete (Arctic Shift+RSS). 1 new posts collected, 0 media downloaded, 0 links verified.
2026-06-11T15:05:48+0000 [INFO] Scanner starting. Batch: 2026-06-11T15:05
2026-06-11T15:05:48+0000 [INFO] Running in dual-source mode (Arctic Shift + RSS)
2026-06-11T15:05:49+0000 [INFO] Arctic Shift returned 2 posts
2026-06-11T15:05:51+0000 [INFO] RSS returned 100 posts
2026-06-11T15:05:51+0000 [INFO] Scanner complete (Arctic Shift+RSS). 1 new posts collected, 0 media downloaded, 1 links verified.
2026-06-11T15:10:49+0000 [INFO] Scanner starting. Batch: 2026-06-11T15:10
2026-06-11T15:10:49+0000 [INFO] Running in dual-source mode (Arctic Shift + RSS)
2026-06-11T15:10:53+0000 [INFO] Arctic Shift returned 0 posts
2026-06-11T15:10:54+0000 [INFO] RSS returned 100 posts
2026-06-11T15:10:54+0000 [INFO] Scanner complete (Arctic Shift+RSS). 0 new posts collected, 0 media downloaded, 0 links verified.
2026-06-11T15:16:01+0000 [INFO] Scanner starting. Batch: 2026-06-11T15:16
2026-06-11T15:16:01+0000 [INFO] Running in dual-source mode (Arctic Shift + RSS)
2026-06-11T15:16:03+0000 [INFO] Arctic Shift returned 4 posts
2026-06-11T15:16:04+0000 [INFO] RSS returned 100 posts
2026-06-11T15:16:07+0000 [INFO] Scanner complete (Arctic Shift+RSS). 5 new posts collected, 4 media downloaded, 2 links verified.
2026-06-11T15:20:51+0000 [INFO] Scanner starting. Batch: 2026-06-11T15:20
2026-06-11T15:20:51+0000 [INFO] Running in dual-source mode (Arctic Shift + RSS)
2026-06-11T15:20:53+0000 [INFO] Arctic Shift returned 2 posts
2026-06-11T15:20:54+0000 [INFO] RSS returned 100 posts
2026-06-11T15:20:54+0000 [INFO] Scanner complete (Arctic Shift+RSS). 0 new posts collected, 0 media downloaded, 0 links verified.
