2026-06-13T11:01:41+0000 [INFO] Scanner starting. Batch: 2026-06-13T11:01
2026-06-13T11:01:41+0000 [INFO] Running in dual-source mode (Arctic Shift + RSS)
2026-06-13T11:01:42+0000 [INFO] Arctic Shift returned 1 posts
2026-06-13T11:01:43+0000 [INFO] RSS returned 100 posts
2026-06-13T11:01:44+0000 [INFO] Scanner complete (Arctic Shift+RSS). 1 new posts collected, 1 media downloaded, 0 links verified.
2026-06-13T11:06:38+0000 [INFO] Scanner starting. Batch: 2026-06-13T11:06
2026-06-13T11:06:38+0000 [INFO] Running in dual-source mode (Arctic Shift + RSS)
2026-06-13T11:06:39+0000 [INFO] Arctic Shift returned 1 posts
2026-06-13T11:06:40+0000 [INFO] RSS returned 100 posts
2026-06-13T11:06:40+0000 [INFO] Scanner complete (Arctic Shift+RSS). 1 new posts collected, 0 media downloaded, 0 links verified.
2026-06-13T11:11:45+0000 [INFO] Scanner starting. Batch: 2026-06-13T11:11
2026-06-13T11:11:45+0000 [INFO] Running in dual-source mode (Arctic Shift + RSS)
2026-06-13T11:11:47+0000 [INFO] Arctic Shift returned 2 posts
2026-06-13T11:11:48+0000 [INFO] RSS returned 100 posts
2026-06-13T11:11:48+0000 [INFO] Scanner complete (Arctic Shift+RSS). 2 new posts collected, 0 media downloaded, 1 links verified.
2026-06-13T11:16:38+0000 [INFO] Scanner starting. Batch: 2026-06-13T11:16
2026-06-13T11:16:38+0000 [INFO] Running in dual-source mode (Arctic Shift + RSS)
2026-06-13T11:16:40+0000 [INFO] Arctic Shift returned 2 posts
2026-06-13T11:16:41+0000 [INFO] RSS returned 100 posts
2026-06-13T11:16:41+0000 [INFO] Scanner complete (Arctic Shift+RSS). 1 new posts collected, 0 media downloaded, 0 links verified.
2026-06-13T11:21:34+0000 [INFO] Scanner starting. Batch: 2026-06-13T11:21
2026-06-13T11:21:34+0000 [INFO] Running in dual-source mode (Arctic Shift + RSS)
2026-06-13T11:21:35+0000 [INFO] Arctic Shift returned 1 posts
2026-06-13T11:21:36+0000 [INFO] RSS returned 100 posts
2026-06-13T11:21:36+0000 [INFO] Scanner complete (Arctic Shift+RSS). 1 new posts collected, 0 media downloaded, 1 links verified.
2026-06-13T11:26:32+0000 [INFO] Scanner starting. Batch: 2026-06-13T11:26
2026-06-13T11:26:32+0000 [INFO] Running in dual-source mode (Arctic Shift + RSS)
2026-06-13T11:26:34+0000 [INFO] Arctic Shift returned 2 posts
2026-06-13T11:26:35+0000 [INFO] RSS returned 100 posts
2026-06-13T11:26:37+0000 [INFO] Scanner complete (Arctic Shift+RSS). 1 new posts collected, 0 media downloaded, 1 links verified.
2026-06-13T11:31:47+0000 [INFO] Scanner starting. Batch: 2026-06-13T11:31
2026-06-13T11:31:47+0000 [INFO] Running in dual-source mode (Arctic Shift + RSS)
2026-06-13T11:31:49+0000 [INFO] Arctic Shift returned 2 posts
2026-06-13T11:31:50+0000 [INFO] RSS returned 100 posts
2026-06-13T11:31:50+0000 [INFO] Scanner complete (Arctic Shift+RSS). 2 new posts collected, 2 media downloaded, 1 links verified.
2026-06-13T11:36:39+0000 [INFO] Scanner starting. Batch: 2026-06-13T11:36
2026-06-13T11:36:39+0000 [INFO] Running in dual-source mode (Arctic Shift + RSS)
2026-06-13T11:36:41+0000 [INFO] Arctic Shift returned 2 posts
2026-06-13T11:36:42+0000 [INFO] RSS returned 100 posts
2026-06-13T11:36:43+0000 [INFO] Scanner complete (Arctic Shift+RSS). 2 new posts collected, 0 media downloaded, 2 links verified.
2026-06-13T11:41:37+0000 [INFO] Scanner starting. Batch: 2026-06-13T11:41
2026-06-13T11:41:37+0000 [INFO] Running in dual-source mode (Arctic Shift + RSS)
2026-06-13T11:41:39+0000 [INFO] Arctic Shift returned 5 posts
2026-06-13T11:41:40+0000 [INFO] RSS returned 100 posts
2026-06-13T11:41:41+0000 [INFO] Scanner complete (Arctic Shift+RSS). 4 new posts collected, 0 media downloaded, 1 links verified.
2026-06-13T11:46:40+0000 [INFO] Scanner starting. Batch: 2026-06-13T11:46
2026-06-13T11:46:40+0000 [INFO] Running in dual-source mode (Arctic Shift + RSS)
2026-06-13T11:46:43+0000 [INFO] Arctic Shift returned 3 posts
2026-06-13T11:46:43+0000 [INFO] RSS returned 100 posts
2026-06-13T11:46:44+0000 [INFO] Scanner complete (Arctic Shift+RSS). 2 new posts collected, 2 media downloaded, 0 links verified.
