2026-06-12T22:01:26+0000 [INFO] Scanner starting. Batch: 2026-06-12T22:01
2026-06-12T22:01:26+0000 [INFO] Running in dual-source mode (Arctic Shift + RSS)
2026-06-12T22:01:26+0000 [INFO] Arctic Shift returned 0 posts
2026-06-12T22:01:27+0000 [INFO] RSS returned 100 posts
2026-06-12T22:01:27+0000 [INFO] Scanner complete (Arctic Shift+RSS). 0 new posts collected, 0 media downloaded, 0 links verified.
2026-06-12T22:06:13+0000 [INFO] Scanner starting. Batch: 2026-06-12T22:06
2026-06-12T22:06:13+0000 [INFO] Running in dual-source mode (Arctic Shift + RSS)
2026-06-12T22:06:15+0000 [INFO] Arctic Shift returned 2 posts
2026-06-12T22:06:15+0000 [INFO] RSS returned 100 posts
2026-06-12T22:06:16+0000 [INFO] Scanner complete (Arctic Shift+RSS). 2 new posts collected, 0 media downloaded, 2 links verified.
2026-06-12T22:11:25+0000 [INFO] Scanner starting. Batch: 2026-06-12T22:11
2026-06-12T22:11:25+0000 [INFO] Running in dual-source mode (Arctic Shift + RSS)
2026-06-12T22:11:27+0000 [INFO] Arctic Shift returned 2 posts
2026-06-12T22:11:28+0000 [INFO] RSS returned 100 posts
2026-06-12T22:11:28+0000 [INFO] Scanner complete (Arctic Shift+RSS). 2 new posts collected, 0 media downloaded, 1 links verified.
2026-06-12T22:13:05+0000 [INFO] Scanner starting. Batch: 2026-06-12T22:13
2026-06-12T22:13:05+0000 [INFO] Running in dual-source mode (Arctic Shift + RSS)
2026-06-12T22:13:06+0000 [INFO] Arctic Shift returned 2 posts
2026-06-12T22:13:07+0000 [INFO] RSS returned 100 posts
2026-06-12T22:13:07+0000 [INFO] Scanner complete (Arctic Shift+RSS). 0 new posts collected, 0 media downloaded, 0 links verified.
2026-06-12T22:16:14+0000 [INFO] Scanner starting. Batch: 2026-06-12T22:16
2026-06-12T22:16:14+0000 [INFO] Running in dual-source mode (Arctic Shift + RSS)
2026-06-12T22:16:15+0000 [INFO] Arctic Shift returned 3 posts
2026-06-12T22:16:16+0000 [INFO] RSS returned 100 posts
2026-06-12T22:16:16+0000 [INFO] Scanner complete (Arctic Shift+RSS). 4 new posts collected, 2 media downloaded, 1 links verified.
2026-06-12T22:21:01+0000 [INFO] Scanner starting. Batch: 2026-06-12T22:21
2026-06-12T22:21:01+0000 [INFO] Running in dual-source mode (Arctic Shift + RSS)
2026-06-12T22:21:02+0000 [INFO] Arctic Shift returned 4 posts
2026-06-12T22:21:04+0000 [INFO] RSS returned 100 posts
2026-06-12T22:21:04+0000 [INFO] Scanner complete (Arctic Shift+RSS). 2 new posts collected, 0 media downloaded, 0 links verified.
2026-06-12T22:25:57+0000 [INFO] Scanner starting. Batch: 2026-06-12T22:25
2026-06-12T22:25:57+0000 [INFO] Running in dual-source mode (Arctic Shift + RSS)
2026-06-12T22:25:59+0000 [INFO] Arctic Shift returned 3 posts
2026-06-12T22:25:59+0000 [INFO] RSS returned 100 posts
2026-06-12T22:26:00+0000 [INFO] Scanner complete (Arctic Shift+RSS). 3 new posts collected, 2 media downloaded, 1 links verified.
2026-06-12T22:31:20+0000 [INFO] Scanner starting. Batch: 2026-06-12T22:31
2026-06-12T22:31:20+0000 [INFO] Running in dual-source mode (Arctic Shift + RSS)
2026-06-12T22:31:22+0000 [INFO] Arctic Shift returned 2 posts
2026-06-12T22:31:23+0000 [INFO] RSS returned 100 posts
2026-06-12T22:31:24+0000 [INFO] Scanner complete (Arctic Shift+RSS). 2 new posts collected, 1 media downloaded, 1 links verified.
2026-06-12T22:36:08+0000 [INFO] Scanner starting. Batch: 2026-06-12T22:36
2026-06-12T22:36:08+0000 [INFO] Running in dual-source mode (Arctic Shift + RSS)
2026-06-12T22:36:10+0000 [INFO] Arctic Shift returned 2 posts
2026-06-12T22:36:11+0000 [INFO] RSS returned 100 posts
2026-06-12T22:36:11+0000 [INFO] Scanner complete (Arctic Shift+RSS). 1 new posts collected, 1 media downloaded, 0 links verified.
