2026-06-10T19:00:51+0000 [INFO] Scanner starting. Batch: 2026-06-10T19
2026-06-10T19:00:51+0000 [INFO] Running in RSS mode (limited metadata)
2026-06-10T19:00:54+0000 [INFO] Hit known post 1u29r0n. Stopping.
2026-06-10T19:00:54+0000 [INFO] Scanner complete (RSS). 10 new posts collected, 2 media downloaded, 10 links verified.
2026-06-10T19:35:32+0000 [INFO] Scanner starting. Batch: 2026-06-10T19:35
2026-06-10T19:35:32+0000 [INFO] Running in dual-source mode (Arctic Shift + RSS)
2026-06-10T19:35:33+0000 [INFO] Arctic Shift returned 6 posts
2026-06-10T19:35:34+0000 [INFO] RSS returned 100 posts
2026-06-10T19:35:38+0000 [INFO] Scanner complete (Arctic Shift+RSS). 12 new posts collected, 0 media downloaded, 7 links verified.
2026-06-10T19:40:36+0000 [INFO] Scanner starting. Batch: 2026-06-10T19:40
2026-06-10T19:40:36+0000 [INFO] Running in dual-source mode (Arctic Shift + RSS)
2026-06-10T19:40:37+0000 [INFO] Arctic Shift returned 1 posts
2026-06-10T19:40:38+0000 [INFO] RSS returned 100 posts
2026-06-10T19:40:38+0000 [INFO] Scanner complete (Arctic Shift+RSS). 1 new posts collected, 2 media downloaded, 0 links verified.
2026-06-10T19:45:33+0000 [INFO] Scanner starting. Batch: 2026-06-10T19:45
2026-06-10T19:45:33+0000 [INFO] Running in dual-source mode (Arctic Shift + RSS)
2026-06-10T19:45:47+0000 [INFO] Arctic Shift returned 4 posts
2026-06-10T19:45:48+0000 [INFO] RSS returned 100 posts
2026-06-10T19:45:48+0000 [INFO] Scanner complete (Arctic Shift+RSS). 3 new posts collected, 0 media downloaded, 1 links verified.
2026-06-10T19:50:42+0000 [INFO] Scanner starting. Batch: 2026-06-10T19:50
2026-06-10T19:50:42+0000 [INFO] Running in dual-source mode (Arctic Shift + RSS)
2026-06-10T19:50:46+0000 [INFO] Arctic Shift returned 2 posts
2026-06-10T19:50:47+0000 [INFO] RSS returned 100 posts
2026-06-10T19:50:47+0000 [INFO] Scanner complete (Arctic Shift+RSS). 3 new posts collected, 0 media downloaded, 0 links verified.
2026-06-10T19:55:36+0000 [INFO] Scanner starting. Batch: 2026-06-10T19:55
2026-06-10T19:55:36+0000 [INFO] Running in dual-source mode (Arctic Shift + RSS)
2026-06-10T19:55:38+0000 [INFO] Arctic Shift returned 5 posts
2026-06-10T19:55:39+0000 [INFO] RSS returned 100 posts
2026-06-10T19:55:39+0000 [INFO] Scanner complete (Arctic Shift+RSS). 3 new posts collected, 0 media downloaded, 2 links verified.
