2026-06-13T04:01:23+0000 [INFO] Scanner starting. Batch: 2026-06-13T04:01
2026-06-13T04:01:23+0000 [INFO] Running in dual-source mode (Arctic Shift + RSS)
2026-06-13T04:01:24+0000 [INFO] Arctic Shift returned 3 posts
2026-06-13T04:01:25+0000 [INFO] RSS returned 100 posts
2026-06-13T04:01:26+0000 [INFO] Scanner complete (Arctic Shift+RSS). 3 new posts collected, 1 media downloaded, 0 links verified.
2026-06-13T04:06:21+0000 [INFO] Scanner starting. Batch: 2026-06-13T04:06
2026-06-13T04:06:21+0000 [INFO] Running in dual-source mode (Arctic Shift + RSS)
2026-06-13T04:06:23+0000 [INFO] Arctic Shift returned 2 posts
2026-06-13T04:06:24+0000 [INFO] RSS returned 100 posts
2026-06-13T04:06:24+0000 [INFO] Scanner complete (Arctic Shift+RSS). 1 new posts collected, 0 media downloaded, 0 links verified.
2026-06-13T04:11:21+0000 [INFO] Scanner starting. Batch: 2026-06-13T04:11
2026-06-13T04:11:21+0000 [INFO] Running in dual-source mode (Arctic Shift + RSS)
2026-06-13T04:11:22+0000 [INFO] Arctic Shift returned 3 posts
2026-06-13T04:11:23+0000 [INFO] RSS returned 100 posts
2026-06-13T04:11:23+0000 [INFO] Scanner complete (Arctic Shift+RSS). 2 new posts collected, 0 media downloaded, 0 links verified.
2026-06-13T04:16:23+0000 [INFO] Scanner starting. Batch: 2026-06-13T04:16
2026-06-13T04:16:23+0000 [INFO] Running in dual-source mode (Arctic Shift + RSS)
2026-06-13T04:16:25+0000 [INFO] Arctic Shift returned 3 posts
2026-06-13T04:16:26+0000 [INFO] RSS returned 100 posts
2026-06-13T04:16:26+0000 [INFO] Scanner complete (Arctic Shift+RSS). 1 new posts collected, 0 media downloaded, 0 links verified.
2026-06-13T04:21:17+0000 [INFO] Scanner starting. Batch: 2026-06-13T04:21
2026-06-13T04:21:17+0000 [INFO] Running in dual-source mode (Arctic Shift + RSS)
2026-06-13T04:21:18+0000 [INFO] Arctic Shift returned 1 posts
2026-06-13T04:21:19+0000 [INFO] RSS returned 100 posts
2026-06-13T04:21:19+0000 [INFO] Scanner complete (Arctic Shift+RSS). 1 new posts collected, 0 media downloaded, 1 links verified.
2026-06-13T04:26:22+0000 [INFO] Scanner starting. Batch: 2026-06-13T04:26
2026-06-13T04:26:22+0000 [INFO] Running in dual-source mode (Arctic Shift + RSS)
2026-06-13T04:26:23+0000 [INFO] Arctic Shift returned 1 posts
2026-06-13T04:26:24+0000 [INFO] RSS returned 100 posts
2026-06-13T04:26:24+0000 [INFO] Scanner complete (Arctic Shift+RSS). 1 new posts collected, 1 media downloaded, 0 links verified.
2026-06-13T04:31:37+0000 [INFO] Scanner starting. Batch: 2026-06-13T04:31
2026-06-13T04:31:37+0000 [INFO] Running in dual-source mode (Arctic Shift + RSS)
2026-06-13T04:31:39+0000 [INFO] Arctic Shift returned 3 posts
2026-06-13T04:31:40+0000 [INFO] RSS returned 100 posts
2026-06-13T04:31:41+0000 [INFO] Scanner complete (Arctic Shift+RSS). 3 new posts collected, 2 media downloaded, 0 links verified.
2026-06-13T04:36:16+0000 [INFO] Scanner starting. Batch: 2026-06-13T04:36
2026-06-13T04:36:16+0000 [INFO] Running in dual-source mode (Arctic Shift + RSS)
2026-06-13T04:36:18+0000 [INFO] Arctic Shift returned 3 posts
2026-06-13T04:36:19+0000 [INFO] RSS returned 100 posts
2026-06-13T04:36:19+0000 [INFO] Scanner complete (Arctic Shift+RSS). 1 new posts collected, 1 media downloaded, 0 links verified.
2026-06-13T04:41:21+0000 [INFO] Scanner starting. Batch: 2026-06-13T04:41
2026-06-13T04:41:21+0000 [INFO] Running in dual-source mode (Arctic Shift + RSS)
2026-06-13T04:41:23+0000 [INFO] Arctic Shift returned 4 posts
2026-06-13T04:41:26+0000 [INFO] RSS returned 100 posts
2026-06-13T04:41:28+0000 [INFO] Scanner complete (Arctic Shift+RSS). 4 new posts collected, 0 media downloaded, 2 links verified.
2026-06-13T04:43:01+0000 [INFO] Scanner starting. Batch: 2026-06-13T04:43
2026-06-13T04:43:01+0000 [INFO] Running in dual-source mode (Arctic Shift + RSS)
2026-06-13T04:43:03+0000 [INFO] Arctic Shift returned 5 posts
2026-06-13T04:43:04+0000 [INFO] RSS returned 100 posts
2026-06-13T04:43:04+0000 [INFO] Scanner complete (Arctic Shift+RSS). 1 new posts collected, 0 media downloaded, 0 links verified.
2026-06-13T04:46:25+0000 [INFO] Scanner starting. Batch: 2026-06-13T04:46
2026-06-13T04:46:25+0000 [INFO] Running in dual-source mode (Arctic Shift + RSS)
2026-06-13T04:46:27+0000 [INFO] Arctic Shift returned 1 posts
2026-06-13T04:46:27+0000 [INFO] RSS returned 100 posts
2026-06-13T04:46:27+0000 [INFO] Scanner complete (Arctic Shift+RSS). 0 new posts collected, 0 media downloaded, 0 links verified.
