2026-06-13T01:01:21+0000 [INFO] Scanner starting. Batch: 2026-06-13T01:01
2026-06-13T01:01:21+0000 [INFO] Running in dual-source mode (Arctic Shift + RSS)
2026-06-13T01:01:21+0000 [INFO] Arctic Shift returned 0 posts
2026-06-13T01:01:23+0000 [INFO] RSS returned 100 posts
2026-06-13T01:01:23+0000 [INFO] Scanner complete (Arctic Shift+RSS). 0 new posts collected, 0 media downloaded, 0 links verified.
2026-06-13T01:06:08+0000 [INFO] Scanner starting. Batch: 2026-06-13T01:06
2026-06-13T01:06:08+0000 [INFO] Running in dual-source mode (Arctic Shift + RSS)
2026-06-13T01:06:09+0000 [INFO] Arctic Shift returned 0 posts
2026-06-13T01:06:10+0000 [INFO] RSS returned 100 posts
2026-06-13T01:06:10+0000 [INFO] Scanner complete (Arctic Shift+RSS). 0 new posts collected, 0 media downloaded, 0 links verified.
2026-06-13T01:11:09+0000 [INFO] Scanner starting. Batch: 2026-06-13T01:11
2026-06-13T01:11:09+0000 [INFO] Running in dual-source mode (Arctic Shift + RSS)
2026-06-13T01:11:10+0000 [INFO] Arctic Shift returned 5 posts
2026-06-13T01:11:11+0000 [INFO] RSS returned 100 posts
2026-06-13T01:11:13+0000 [INFO] Scanner complete (Arctic Shift+RSS). 5 new posts collected, 0 media downloaded, 4 links verified.
2026-06-13T01:16:05+0000 [INFO] Scanner starting. Batch: 2026-06-13T01:16
2026-06-13T01:16:05+0000 [INFO] Running in dual-source mode (Arctic Shift + RSS)
2026-06-13T01:16:07+0000 [INFO] Arctic Shift returned 6 posts
2026-06-13T01:16:08+0000 [INFO] RSS returned 100 posts
2026-06-13T01:16:09+0000 [INFO] Scanner complete (Arctic Shift+RSS). 3 new posts collected, 1 media downloaded, 2 links verified.
2026-06-13T01:21:11+0000 [INFO] Scanner starting. Batch: 2026-06-13T01:21
2026-06-13T01:21:11+0000 [INFO] Running in dual-source mode (Arctic Shift + RSS)
2026-06-13T01:21:13+0000 [INFO] Arctic Shift returned 4 posts
2026-06-13T01:21:14+0000 [INFO] RSS returned 100 posts
2026-06-13T01:21:14+0000 [INFO] Scanner complete (Arctic Shift+RSS). 4 new posts collected, 0 media downloaded, 3 links verified.
2026-06-13T01:26:01+0000 [INFO] Scanner starting. Batch: 2026-06-13T01:26
2026-06-13T01:26:01+0000 [INFO] Running in dual-source mode (Arctic Shift + RSS)
2026-06-13T01:26:02+0000 [INFO] Arctic Shift returned 4 posts
2026-06-13T01:26:03+0000 [INFO] RSS returned 100 posts
2026-06-13T01:26:03+0000 [INFO] Scanner complete (Arctic Shift+RSS). 1 new posts collected, 2 media downloaded, 0 links verified.
2026-06-13T01:31:12+0000 [INFO] Scanner starting. Batch: 2026-06-13T01:31
2026-06-13T01:31:12+0000 [INFO] Running in dual-source mode (Arctic Shift + RSS)
2026-06-13T01:31:14+0000 [INFO] Arctic Shift returned 7 posts
2026-06-13T01:31:15+0000 [INFO] RSS returned 100 posts
2026-06-13T01:31:15+0000 [INFO] Scanner complete (Arctic Shift+RSS). 7 new posts collected, 0 media downloaded, 2 links verified.
2026-06-13T01:36:20+0000 [INFO] Scanner starting. Batch: 2026-06-13T01:36
2026-06-13T01:36:20+0000 [INFO] Running in dual-source mode (Arctic Shift + RSS)
2026-06-13T01:36:21+0000 [INFO] Arctic Shift returned 10 posts
2026-06-13T01:36:22+0000 [INFO] RSS returned 100 posts
2026-06-13T01:36:23+0000 [INFO] Scanner complete (Arctic Shift+RSS). 6 new posts collected, 2 media downloaded, 4 links verified.
2026-06-13T01:41:15+0000 [INFO] Scanner starting. Batch: 2026-06-13T01:41
2026-06-13T01:41:15+0000 [INFO] Running in dual-source mode (Arctic Shift + RSS)
2026-06-13T01:41:16+0000 [INFO] Arctic Shift returned 4 posts
2026-06-13T01:41:17+0000 [INFO] RSS returned 100 posts
2026-06-13T01:41:18+0000 [INFO] Scanner complete (Arctic Shift+RSS). 2 new posts collected, 0 media downloaded, 1 links verified.
