2026-06-13T12:01:47+0000 [INFO] Scanner starting. Batch: 2026-06-13T12:01
2026-06-13T12:01:47+0000 [INFO] Running in dual-source mode (Arctic Shift + RSS)
2026-06-13T12:01:49+0000 [INFO] Arctic Shift returned 1 posts
2026-06-13T12:01:50+0000 [INFO] RSS returned 100 posts
2026-06-13T12:01:50+0000 [INFO] Scanner complete (Arctic Shift+RSS). 1 new posts collected, 0 media downloaded, 0 links verified.
2026-06-13T12:06:39+0000 [INFO] Scanner starting. Batch: 2026-06-13T12:06
2026-06-13T12:06:39+0000 [INFO] Running in dual-source mode (Arctic Shift + RSS)
2026-06-13T12:06:40+0000 [INFO] Arctic Shift returned 1 posts
2026-06-13T12:06:41+0000 [INFO] RSS returned 100 posts
2026-06-13T12:06:41+0000 [INFO] Scanner complete (Arctic Shift+RSS). 2 new posts collected, 1 media downloaded, 1 links verified.
2026-06-13T12:11:48+0000 [INFO] Scanner starting. Batch: 2026-06-13T12:11
2026-06-13T12:11:48+0000 [INFO] Running in dual-source mode (Arctic Shift + RSS)
2026-06-13T12:11:50+0000 [INFO] Arctic Shift returned 3 posts
2026-06-13T12:11:51+0000 [INFO] RSS returned 100 posts
2026-06-13T12:11:51+0000 [INFO] Scanner complete (Arctic Shift+RSS). 1 new posts collected, 0 media downloaded, 1 links verified.
2026-06-13T12:16:39+0000 [INFO] Scanner starting. Batch: 2026-06-13T12:16
2026-06-13T12:16:39+0000 [INFO] Running in dual-source mode (Arctic Shift + RSS)
2026-06-13T12:16:41+0000 [INFO] Arctic Shift returned 4 posts
2026-06-13T12:16:42+0000 [INFO] RSS returned 100 posts
2026-06-13T12:16:43+0000 [INFO] Scanner complete (Arctic Shift+RSS). 4 new posts collected, 2 media downloaded, 0 links verified.
2026-06-13T12:18:34+0000 [INFO] Scanner starting. Batch: 2026-06-13T12:18
2026-06-13T12:18:34+0000 [INFO] Running in dual-source mode (Arctic Shift + RSS)
2026-06-13T12:18:35+0000 [INFO] Arctic Shift returned 6 posts
2026-06-13T12:18:37+0000 [INFO] RSS returned 100 posts
2026-06-13T12:18:37+0000 [INFO] Scanner complete (Arctic Shift+RSS). 2 new posts collected, 0 media downloaded, 1 links verified.
2026-06-13T12:21:39+0000 [INFO] Scanner starting. Batch: 2026-06-13T12:21
2026-06-13T12:21:39+0000 [INFO] Running in dual-source mode (Arctic Shift + RSS)
2026-06-13T12:21:41+0000 [INFO] Arctic Shift returned 4 posts
2026-06-13T12:21:42+0000 [INFO] RSS returned 100 posts
2026-06-13T12:21:42+0000 [INFO] Scanner complete (Arctic Shift+RSS). 0 new posts collected, 0 media downloaded, 0 links verified.
2026-06-13T12:26:47+0000 [INFO] Scanner starting. Batch: 2026-06-13T12:26
2026-06-13T12:26:47+0000 [INFO] Running in dual-source mode (Arctic Shift + RSS)
2026-06-13T12:26:49+0000 [INFO] Arctic Shift returned 2 posts
2026-06-13T12:26:50+0000 [INFO] RSS returned 100 posts
2026-06-13T12:26:50+0000 [INFO] Scanner complete (Arctic Shift+RSS). 2 new posts collected, 0 media downloaded, 1 links verified.
2026-06-13T12:31:40+0000 [INFO] Scanner starting. Batch: 2026-06-13T12:31
2026-06-13T12:31:40+0000 [INFO] Running in dual-source mode (Arctic Shift + RSS)
2026-06-13T12:31:41+0000 [INFO] Arctic Shift returned 0 posts
2026-06-13T12:31:42+0000 [INFO] RSS returned 100 posts
2026-06-13T12:31:42+0000 [INFO] Scanner complete (Arctic Shift+RSS). 0 new posts collected, 0 media downloaded, 0 links verified.
2026-06-13T12:36:31+0000 [INFO] Scanner starting. Batch: 2026-06-13T12:36
2026-06-13T12:36:31+0000 [INFO] Running in dual-source mode (Arctic Shift + RSS)
2026-06-13T12:36:32+0000 [INFO] Arctic Shift returned 0 posts
2026-06-13T12:36:33+0000 [INFO] RSS returned 100 posts
2026-06-13T12:36:33+0000 [INFO] Scanner complete (Arctic Shift+RSS). 0 new posts collected, 0 media downloaded, 0 links verified.
2026-06-13T12:41:35+0000 [INFO] Scanner starting. Batch: 2026-06-13T12:41
2026-06-13T12:41:35+0000 [INFO] Running in dual-source mode (Arctic Shift + RSS)
2026-06-13T12:41:36+0000 [INFO] Arctic Shift returned 2 posts
2026-06-13T12:41:37+0000 [INFO] RSS returned 100 posts
2026-06-13T12:41:38+0000 [INFO] Scanner complete (Arctic Shift+RSS). 2 new posts collected, 1 media downloaded, 1 links verified.
2026-06-13T12:46:39+0000 [INFO] Scanner starting. Batch: 2026-06-13T12:46
2026-06-13T12:46:39+0000 [INFO] Running in dual-source mode (Arctic Shift + RSS)
2026-06-13T12:46:40+0000 [INFO] Arctic Shift returned 1 posts
2026-06-13T12:46:41+0000 [INFO] RSS returned 100 posts
2026-06-13T12:46:41+0000 [INFO] Scanner complete (Arctic Shift+RSS). 1 new posts collected, 0 media downloaded, 0 links verified.
2026-06-13T12:53:21+0000 [INFO] Scanner starting. Batch: 2026-06-13T12:53
2026-06-13T12:53:21+0000 [INFO] Running in dual-source mode (Arctic Shift + RSS)
2026-06-13T12:53:22+0000 [INFO] Arctic Shift returned 1 posts
2026-06-13T12:53:23+0000 [INFO] RSS returned 100 posts
2026-06-13T12:53:23+0000 [INFO] Scanner complete (Arctic Shift+RSS). 1 new posts collected, 0 media downloaded, 1 links verified.
2026-06-13T12:56:48+0000 [INFO] Scanner starting. Batch: 2026-06-13T12:56
2026-06-13T12:56:48+0000 [INFO] Running in dual-source mode (Arctic Shift + RSS)
2026-06-13T12:56:50+0000 [INFO] Arctic Shift returned 1 posts
2026-06-13T12:56:51+0000 [INFO] RSS returned 100 posts
2026-06-13T12:56:51+0000 [INFO] Scanner complete (Arctic Shift+RSS). 0 new posts collected, 0 media downloaded, 0 links verified.
