2026-06-11T21:01:19+0000 [INFO] Scanner starting. Batch: 2026-06-11T21:01
2026-06-11T21:01:19+0000 [INFO] Running in dual-source mode (Arctic Shift + RSS)
2026-06-11T21:01:22+0000 [INFO] Arctic Shift returned 3 posts
2026-06-11T21:01:23+0000 [INFO] RSS returned 100 posts
2026-06-11T21:01:23+0000 [INFO] Scanner complete (Arctic Shift+RSS). 2 new posts collected, 0 media downloaded, 1 links verified.
2026-06-11T21:04:04+0000 [INFO] Scanner starting. Batch: 2026-06-11T21:04
2026-06-11T21:04:04+0000 [INFO] Running in dual-source mode (Arctic Shift + RSS)
2026-06-11T21:04:05+0000 [INFO] Arctic Shift returned 4 posts
2026-06-11T21:04:06+0000 [INFO] RSS returned 100 posts
2026-06-11T21:04:07+0000 [INFO] Scanner complete (Arctic Shift+RSS). 3 new posts collected, 0 media downloaded, 1 links verified.
2026-06-11T21:06:00+0000 [INFO] Scanner starting. Batch: 2026-06-11T21:06
2026-06-11T21:06:00+0000 [INFO] Running in dual-source mode (Arctic Shift + RSS)
2026-06-11T21:06:03+0000 [INFO] Arctic Shift returned 6 posts
2026-06-11T21:06:04+0000 [INFO] RSS returned 100 posts
2026-06-11T21:06:04+0000 [INFO] Scanner complete (Arctic Shift+RSS). 3 new posts collected, 4 media downloaded, 0 links verified.
2026-06-11T21:11:04+0000 [INFO] Scanner starting. Batch: 2026-06-11T21:11
2026-06-11T21:11:04+0000 [INFO] Running in dual-source mode (Arctic Shift + RSS)
2026-06-11T21:11:07+0000 [INFO] Arctic Shift returned 7 posts
2026-06-11T21:11:07+0000 [INFO] RSS returned 100 posts
2026-06-11T21:11:08+0000 [INFO] Scanner complete (Arctic Shift+RSS). 5 new posts collected, 4 media downloaded, 0 links verified.
2026-06-11T21:16:12+0000 [INFO] Scanner starting. Batch: 2026-06-11T21:16
2026-06-11T21:16:12+0000 [INFO] Running in dual-source mode (Arctic Shift + RSS)
2026-06-11T21:16:23+0000 [INFO] Arctic Shift returned 7 posts
2026-06-11T21:16:24+0000 [INFO] RSS returned 100 posts
2026-06-11T21:16:27+0000 [INFO] Scanner complete (Arctic Shift+RSS). 6 new posts collected, 3 media downloaded, 2 links verified.
2026-06-11T21:21:03+0000 [INFO] Scanner starting. Batch: 2026-06-11T21:21
2026-06-11T21:21:03+0000 [INFO] Running in dual-source mode (Arctic Shift + RSS)
2026-06-11T21:21:05+0000 [INFO] Arctic Shift returned 5 posts
2026-06-11T21:21:06+0000 [INFO] RSS returned 100 posts
2026-06-11T21:21:06+0000 [INFO] Scanner complete (Arctic Shift+RSS). 4 new posts collected, 4 media downloaded, 0 links verified.
2026-06-11T21:25:53+0000 [INFO] Scanner starting. Batch: 2026-06-11T21:25
2026-06-11T21:25:53+0000 [INFO] Running in dual-source mode (Arctic Shift + RSS)
2026-06-11T21:25:54+0000 [INFO] Arctic Shift returned 5 posts
2026-06-11T21:25:55+0000 [INFO] RSS returned 100 posts
2026-06-11T21:25:55+0000 [INFO] Scanner complete (Arctic Shift+RSS). 3 new posts collected, 0 media downloaded, 1 links verified.
