2026-06-13T02:01:25+0000 [INFO] Scanner starting. Batch: 2026-06-13T02:01
2026-06-13T02:01:25+0000 [INFO] Running in dual-source mode (Arctic Shift + RSS)
2026-06-13T02:01:27+0000 [INFO] Arctic Shift returned 5 posts
2026-06-13T02:01:28+0000 [INFO] RSS returned 100 posts
2026-06-13T02:01:30+0000 [INFO] Scanner complete (Arctic Shift+RSS). 4 new posts collected, 11 media downloaded, 1 links verified.
2026-06-13T02:06:16+0000 [INFO] Scanner starting. Batch: 2026-06-13T02:06
2026-06-13T02:06:16+0000 [INFO] Running in dual-source mode (Arctic Shift + RSS)
2026-06-13T02:06:18+0000 [INFO] Arctic Shift returned 6 posts
2026-06-13T02:06:19+0000 [INFO] RSS returned 100 posts
2026-06-13T02:06:20+0000 [INFO] Scanner complete (Arctic Shift+RSS). 5 new posts collected, 1 media downloaded, 1 links verified.
2026-06-13T02:11:06+0000 [INFO] Scanner starting. Batch: 2026-06-13T02:11
2026-06-13T02:11:06+0000 [INFO] Running in dual-source mode (Arctic Shift + RSS)
2026-06-13T02:11:08+0000 [INFO] Arctic Shift returned 3 posts
2026-06-13T02:11:09+0000 [INFO] RSS returned 100 posts
2026-06-13T02:11:09+0000 [INFO] Scanner complete (Arctic Shift+RSS). 1 new posts collected, 0 media downloaded, 1 links verified.
2026-06-13T02:16:15+0000 [INFO] Scanner starting. Batch: 2026-06-13T02:16
2026-06-13T02:16:15+0000 [INFO] Running in dual-source mode (Arctic Shift + RSS)
2026-06-13T02:16:17+0000 [INFO] Arctic Shift returned 2 posts
2026-06-13T02:16:17+0000 [INFO] RSS returned 100 posts
2026-06-13T02:16:17+0000 [INFO] Scanner complete (Arctic Shift+RSS). 1 new posts collected, 0 media downloaded, 1 links verified.
2026-06-13T02:21:14+0000 [INFO] Scanner starting. Batch: 2026-06-13T02:21
2026-06-13T02:21:14+0000 [INFO] Running in dual-source mode (Arctic Shift + RSS)
2026-06-13T02:21:16+0000 [INFO] Arctic Shift returned 1 posts
2026-06-13T02:21:16+0000 [INFO] RSS returned 100 posts
2026-06-13T02:21:17+0000 [INFO] Scanner complete (Arctic Shift+RSS). 1 new posts collected, 0 media downloaded, 1 links verified.
2026-06-13T02:26:11+0000 [INFO] Scanner starting. Batch: 2026-06-13T02:26
2026-06-13T02:26:11+0000 [INFO] Running in dual-source mode (Arctic Shift + RSS)
2026-06-13T02:26:15+0000 [INFO] Arctic Shift returned 4 posts
2026-06-13T02:26:16+0000 [INFO] RSS returned 100 posts
2026-06-13T02:26:16+0000 [INFO] Scanner complete (Arctic Shift+RSS). 4 new posts collected, 3 media downloaded, 1 links verified.
2026-06-13T02:31:10+0000 [INFO] Scanner starting. Batch: 2026-06-13T02:31
2026-06-13T02:31:10+0000 [INFO] Running in dual-source mode (Arctic Shift + RSS)
2026-06-13T02:31:11+0000 [INFO] Arctic Shift returned 3 posts
2026-06-13T02:31:12+0000 [INFO] RSS returned 100 posts
2026-06-13T02:31:12+0000 [INFO] Scanner complete (Arctic Shift+RSS). 1 new posts collected, 0 media downloaded, 0 links verified.
2026-06-13T02:36:06+0000 [INFO] Scanner starting. Batch: 2026-06-13T02:36
2026-06-13T02:36:06+0000 [INFO] Running in dual-source mode (Arctic Shift + RSS)
2026-06-13T02:36:07+0000 [INFO] Arctic Shift returned 4 posts
2026-06-13T02:36:08+0000 [INFO] RSS returned 100 posts
2026-06-13T02:36:09+0000 [INFO] Scanner complete (Arctic Shift+RSS). 4 new posts collected, 3 media downloaded, 0 links verified.
2026-06-13T02:41:16+0000 [INFO] Scanner starting. Batch: 2026-06-13T02:41
2026-06-13T02:41:16+0000 [INFO] Running in dual-source mode (Arctic Shift + RSS)
2026-06-13T02:41:17+0000 [INFO] Arctic Shift returned 5 posts
2026-06-13T02:41:19+0000 [INFO] RSS returned 100 posts
2026-06-13T02:41:20+0000 [INFO] Scanner complete (Arctic Shift+RSS). 6 new posts collected, 2 media downloaded, 4 links verified.
2026-06-13T02:46:07+0000 [INFO] Scanner starting. Batch: 2026-06-13T02:46
2026-06-13T02:46:07+0000 [INFO] Running in dual-source mode (Arctic Shift + RSS)
2026-06-13T02:46:09+0000 [INFO] Arctic Shift returned 7 posts
2026-06-13T02:46:10+0000 [INFO] RSS returned 100 posts
2026-06-13T02:46:11+0000 [INFO] Scanner complete (Arctic Shift+RSS). 4 new posts collected, 2 media downloaded, 3 links verified.
2026-06-13T02:51:16+0000 [INFO] Scanner starting. Batch: 2026-06-13T02:51
2026-06-13T02:51:16+0000 [INFO] Running in dual-source mode (Arctic Shift + RSS)
2026-06-13T02:51:17+0000 [INFO] Arctic Shift returned 2 posts
2026-06-13T02:51:18+0000 [INFO] RSS returned 100 posts
2026-06-13T02:51:19+0000 [INFO] Scanner complete (Arctic Shift+RSS). 1 new posts collected, 2 media downloaded, 0 links verified.
2026-06-13T02:56:07+0000 [INFO] Scanner starting. Batch: 2026-06-13T02:56
2026-06-13T02:56:07+0000 [INFO] Running in dual-source mode (Arctic Shift + RSS)
2026-06-13T02:56:10+0000 [INFO] Arctic Shift returned 1 posts
2026-06-13T02:56:11+0000 [INFO] RSS returned 100 posts
2026-06-13T02:56:12+0000 [INFO] Scanner complete (Arctic Shift+RSS). 2 new posts collected, 0 media downloaded, 2 links verified.
