2026-06-12T08:01:34+0000 [INFO] Scanner starting. Batch: 2026-06-12T08:01
2026-06-12T08:01:34+0000 [INFO] Running in dual-source mode (Arctic Shift + RSS)
2026-06-12T08:01:35+0000 [INFO] Arctic Shift returned 2 posts
2026-06-12T08:01:36+0000 [INFO] RSS returned 100 posts
2026-06-12T08:01:37+0000 [INFO] Scanner complete (Arctic Shift+RSS). 2 new posts collected, 1 media downloaded, 0 links verified.
2026-06-12T08:06:44+0000 [INFO] Scanner starting. Batch: 2026-06-12T08:06
2026-06-12T08:06:44+0000 [INFO] Running in dual-source mode (Arctic Shift + RSS)
2026-06-12T08:06:46+0000 [INFO] Arctic Shift returned 1 posts
2026-06-12T08:06:46+0000 [INFO] RSS returned 100 posts
2026-06-12T08:06:46+0000 [INFO] Scanner complete (Arctic Shift+RSS). 1 new posts collected, 0 media downloaded, 0 links verified.
2026-06-12T08:11:20+0000 [INFO] Scanner starting. Batch: 2026-06-12T08:11
2026-06-12T08:11:20+0000 [INFO] Running in dual-source mode (Arctic Shift + RSS)
2026-06-12T08:11:22+0000 [INFO] Arctic Shift returned 2 posts
2026-06-12T08:11:23+0000 [INFO] RSS returned 100 posts
2026-06-12T08:11:24+0000 [INFO] Scanner complete (Arctic Shift+RSS). 1 new posts collected, 0 media downloaded, 1 links verified.
2026-06-12T08:16:22+0000 [INFO] Scanner starting. Batch: 2026-06-12T08:16
2026-06-12T08:16:22+0000 [INFO] Running in dual-source mode (Arctic Shift + RSS)
2026-06-12T08:16:22+0000 [INFO] Arctic Shift returned 0 posts
2026-06-12T08:16:23+0000 [INFO] RSS returned 100 posts
2026-06-12T08:16:23+0000 [INFO] Scanner complete (Arctic Shift+RSS). 0 new posts collected, 0 media downloaded, 0 links verified.
2026-06-12T08:21:46+0000 [INFO] Scanner starting. Batch: 2026-06-12T08:21
2026-06-12T08:21:46+0000 [INFO] Running in dual-source mode (Arctic Shift + RSS)
2026-06-12T08:21:47+0000 [INFO] Arctic Shift returned 3 posts
2026-06-12T08:21:48+0000 [INFO] RSS returned 100 posts
2026-06-12T08:21:49+0000 [INFO] Scanner complete (Arctic Shift+RSS). 3 new posts collected, 2 media downloaded, 1 links verified.
2026-06-12T08:26:27+0000 [INFO] Scanner starting. Batch: 2026-06-12T08:26
2026-06-12T08:26:27+0000 [INFO] Running in dual-source mode (Arctic Shift + RSS)
2026-06-12T08:26:29+0000 [INFO] Arctic Shift returned 1 posts
2026-06-12T08:26:29+0000 [INFO] RSS returned 100 posts
2026-06-12T08:26:29+0000 [INFO] Scanner complete (Arctic Shift+RSS). 0 new posts collected, 0 media downloaded, 0 links verified.
2026-06-12T08:31:36+0000 [INFO] Scanner starting. Batch: 2026-06-12T08:31
2026-06-12T08:31:36+0000 [INFO] Running in dual-source mode (Arctic Shift + RSS)
2026-06-12T08:31:37+0000 [INFO] Arctic Shift returned 2 posts
2026-06-12T08:31:38+0000 [INFO] RSS returned 100 posts
2026-06-12T08:31:38+0000 [INFO] Scanner complete (Arctic Shift+RSS). 2 new posts collected, 2 media downloaded, 1 links verified.
