2026-06-12T05:01:26+0000 [INFO] Scanner starting. Batch: 2026-06-12T05:01
2026-06-12T05:01:26+0000 [INFO] Running in dual-source mode (Arctic Shift + RSS)
2026-06-12T05:01:26+0000 [INFO] Arctic Shift returned 0 posts
2026-06-12T05:01:27+0000 [INFO] RSS returned 100 posts
2026-06-12T05:01:27+0000 [INFO] Scanner complete (Arctic Shift+RSS). 0 new posts collected, 0 media downloaded, 0 links verified.
2026-06-12T05:06:28+0000 [INFO] Scanner starting. Batch: 2026-06-12T05:06
2026-06-12T05:06:28+0000 [INFO] Running in dual-source mode (Arctic Shift + RSS)
2026-06-12T05:06:34+0000 [INFO] Arctic Shift returned 2 posts
2026-06-12T05:06:35+0000 [INFO] RSS returned 100 posts
2026-06-12T05:06:35+0000 [INFO] Scanner complete (Arctic Shift+RSS). 2 new posts collected, 0 media downloaded, 1 links verified.
2026-06-12T05:11:19+0000 [INFO] Scanner starting. Batch: 2026-06-12T05:11
2026-06-12T05:11:19+0000 [INFO] Running in dual-source mode (Arctic Shift + RSS)
2026-06-12T05:11:20+0000 [INFO] Arctic Shift returned 0 posts
2026-06-12T05:11:20+0000 [INFO] RSS returned 100 posts
2026-06-12T05:11:20+0000 [INFO] Scanner complete (Arctic Shift+RSS). 0 new posts collected, 0 media downloaded, 0 links verified.
2026-06-12T05:16:31+0000 [INFO] Scanner starting. Batch: 2026-06-12T05:16
2026-06-12T05:16:31+0000 [INFO] Running in dual-source mode (Arctic Shift + RSS)
2026-06-12T05:16:34+0000 [INFO] Arctic Shift returned 1 posts
2026-06-12T05:16:34+0000 [INFO] RSS returned 100 posts
2026-06-12T05:16:34+0000 [INFO] Scanner complete (Arctic Shift+RSS). 1 new posts collected, 0 media downloaded, 0 links verified.
2026-06-12T05:21:20+0000 [INFO] Scanner starting. Batch: 2026-06-12T05:21
2026-06-12T05:21:20+0000 [INFO] Running in dual-source mode (Arctic Shift + RSS)
2026-06-12T05:21:21+0000 [INFO] Arctic Shift returned 3 posts
2026-06-12T05:21:22+0000 [INFO] RSS returned 100 posts
2026-06-12T05:21:22+0000 [INFO] Scanner complete (Arctic Shift+RSS). 2 new posts collected, 0 media downloaded, 1 links verified.
2026-06-12T05:26:13+0000 [INFO] Scanner starting. Batch: 2026-06-12T05:26
2026-06-12T05:26:13+0000 [INFO] Running in dual-source mode (Arctic Shift + RSS)
2026-06-12T05:26:14+0000 [INFO] Arctic Shift returned 1 posts
2026-06-12T05:26:15+0000 [INFO] RSS returned 100 posts
2026-06-12T05:26:15+0000 [INFO] Scanner complete (Arctic Shift+RSS). 1 new posts collected, 0 media downloaded, 0 links verified.
2026-06-12T05:31:21+0000 [INFO] Scanner starting. Batch: 2026-06-12T05:31
2026-06-12T05:31:21+0000 [INFO] Running in dual-source mode (Arctic Shift + RSS)
2026-06-12T05:31:22+0000 [INFO] Arctic Shift returned 0 posts
2026-06-12T05:31:23+0000 [INFO] RSS returned 100 posts
2026-06-12T05:31:23+0000 [INFO] Scanner complete (Arctic Shift+RSS). 0 new posts collected, 0 media downloaded, 0 links verified.
2026-06-12T05:36:14+0000 [INFO] Scanner starting. Batch: 2026-06-12T05:36
2026-06-12T05:36:14+0000 [INFO] Running in dual-source mode (Arctic Shift + RSS)
2026-06-12T05:36:14+0000 [INFO] Arctic Shift returned 0 posts
2026-06-12T05:36:15+0000 [INFO] RSS returned 100 posts
2026-06-12T05:36:15+0000 [INFO] Scanner complete (Arctic Shift+RSS). 0 new posts collected, 0 media downloaded, 0 links verified.
2026-06-12T05:41:19+0000 [INFO] Scanner starting. Batch: 2026-06-12T05:41
2026-06-12T05:41:19+0000 [INFO] Running in dual-source mode (Arctic Shift + RSS)
2026-06-12T05:41:20+0000 [INFO] Arctic Shift returned 0 posts
2026-06-12T05:41:21+0000 [INFO] RSS returned 100 posts
2026-06-12T05:41:21+0000 [INFO] Scanner complete (Arctic Shift+RSS). 0 new posts collected, 0 media downloaded, 0 links verified.
2026-06-12T05:46:58+0000 [INFO] Scanner starting. Batch: 2026-06-12T05:46
2026-06-12T05:46:58+0000 [INFO] Running in dual-source mode (Arctic Shift + RSS)
2026-06-12T05:46:59+0000 [INFO] Arctic Shift returned 1 posts
2026-06-12T05:47:00+0000 [INFO] RSS returned 100 posts
2026-06-12T05:47:00+0000 [INFO] Scanner complete (Arctic Shift+RSS). 1 new posts collected, 0 media downloaded, 0 links verified.
