2026-06-11T16:01:02+0000 [INFO] Scanner starting. Batch: 2026-06-11T16:01
2026-06-11T16:01:02+0000 [INFO] Running in dual-source mode (Arctic Shift + RSS)
2026-06-11T16:01:04+0000 [INFO] Arctic Shift returned 2 posts
2026-06-11T16:01:05+0000 [INFO] RSS returned 100 posts
2026-06-11T16:01:06+0000 [INFO] Scanner complete (Arctic Shift+RSS). 2 new posts collected, 1 media downloaded, 0 links verified.
2026-06-11T16:05:58+0000 [INFO] Scanner starting. Batch: 2026-06-11T16:05
2026-06-11T16:05:58+0000 [INFO] Running in dual-source mode (Arctic Shift + RSS)
2026-06-11T16:06:00+0000 [INFO] Arctic Shift returned 1 posts
2026-06-11T16:06:01+0000 [INFO] RSS returned 100 posts
2026-06-11T16:06:01+0000 [INFO] Scanner complete (Arctic Shift+RSS). 0 new posts collected, 0 media downloaded, 0 links verified.
2026-06-11T16:11:34+0000 [INFO] Scanner starting. Batch: 2026-06-11T16:11
2026-06-11T16:11:34+0000 [INFO] Running in dual-source mode (Arctic Shift + RSS)
2026-06-11T16:11:36+0000 [INFO] Arctic Shift returned 1 posts
2026-06-11T16:11:37+0000 [INFO] RSS returned 100 posts
2026-06-11T16:11:38+0000 [INFO] Scanner complete (Arctic Shift+RSS). 2 new posts collected, 0 media downloaded, 1 links verified.
2026-06-11T16:16:03+0000 [INFO] Scanner starting. Batch: 2026-06-11T16:16
2026-06-11T16:16:03+0000 [INFO] Running in dual-source mode (Arctic Shift + RSS)
2026-06-11T16:16:05+0000 [INFO] Arctic Shift returned 2 posts
2026-06-11T16:16:06+0000 [INFO] RSS returned 100 posts
2026-06-11T16:16:06+0000 [INFO] Scanner complete (Arctic Shift+RSS). 0 new posts collected, 0 media downloaded, 0 links verified.
2026-06-11T16:21:03+0000 [INFO] Scanner starting. Batch: 2026-06-11T16:21
2026-06-11T16:21:03+0000 [INFO] Running in dual-source mode (Arctic Shift + RSS)
2026-06-11T16:21:04+0000 [INFO] Arctic Shift returned 4 posts
2026-06-11T16:21:05+0000 [INFO] RSS returned 100 posts
2026-06-11T16:21:07+0000 [INFO] Scanner complete (Arctic Shift+RSS). 4 new posts collected, 3 media downloaded, 1 links verified.
2026-06-11T16:25:55+0000 [INFO] Scanner starting. Batch: 2026-06-11T16:25
2026-06-11T16:25:55+0000 [INFO] Running in dual-source mode (Arctic Shift + RSS)
2026-06-11T16:25:57+0000 [INFO] Arctic Shift returned 1 posts
2026-06-11T16:25:58+0000 [INFO] RSS returned 100 posts
2026-06-11T16:25:58+0000 [INFO] Scanner complete (Arctic Shift+RSS). 0 new posts collected, 0 media downloaded, 0 links verified.
2026-06-11T16:31:01+0000 [INFO] Scanner starting. Batch: 2026-06-11T16:31
2026-06-11T16:31:01+0000 [INFO] Running in dual-source mode (Arctic Shift + RSS)
2026-06-11T16:31:03+0000 [INFO] Arctic Shift returned 1 posts
2026-06-11T16:31:03+0000 [INFO] RSS returned 100 posts
2026-06-11T16:31:04+0000 [INFO] Scanner complete (Arctic Shift+RSS). 1 new posts collected, 0 media downloaded, 1 links verified.
2026-06-11T16:36:01+0000 [INFO] Scanner starting. Batch: 2026-06-11T16:36
2026-06-11T16:36:01+0000 [INFO] Running in dual-source mode (Arctic Shift + RSS)
2026-06-11T16:36:03+0000 [INFO] Arctic Shift returned 5 posts
2026-06-11T16:36:04+0000 [INFO] RSS returned 100 posts
2026-06-11T16:36:05+0000 [INFO] Scanner complete (Arctic Shift+RSS). 5 new posts collected, 0 media downloaded, 2 links verified.
2026-06-11T16:42:01+0000 [INFO] Scanner starting. Batch: 2026-06-11T16:42
2026-06-11T16:42:01+0000 [INFO] Running in dual-source mode (Arctic Shift + RSS)
2026-06-11T16:42:02+0000 [INFO] Arctic Shift returned 3 posts
2026-06-11T16:42:03+0000 [INFO] RSS returned 100 posts
2026-06-11T16:42:03+0000 [INFO] Scanner complete (Arctic Shift+RSS). 4 new posts collected, 0 media downloaded, 1 links verified.
