2026-06-12T07:01:42+0000 [INFO] Scanner starting. Batch: 2026-06-12T07:01
2026-06-12T07:01:42+0000 [INFO] Running in dual-source mode (Arctic Shift + RSS)
2026-06-12T07:01:43+0000 [INFO] Arctic Shift returned 4 posts
2026-06-12T07:01:44+0000 [INFO] RSS returned 100 posts
2026-06-12T07:01:45+0000 [INFO] Scanner complete (Arctic Shift+RSS). 3 new posts collected, 2 media downloaded, 2 links verified.
2026-06-12T07:06:25+0000 [INFO] Scanner starting. Batch: 2026-06-12T07:06
2026-06-12T07:06:25+0000 [INFO] Running in dual-source mode (Arctic Shift + RSS)
2026-06-12T07:06:28+0000 [INFO] Arctic Shift returned 1 posts
2026-06-12T07:06:29+0000 [INFO] RSS returned 100 posts
2026-06-12T07:06:29+0000 [INFO] Scanner complete (Arctic Shift+RSS). 1 new posts collected, 1 media downloaded, 0 links verified.
2026-06-12T07:11:58+0000 [INFO] Scanner starting. Batch: 2026-06-12T07:11
2026-06-12T07:11:58+0000 [INFO] Running in dual-source mode (Arctic Shift + RSS)
2026-06-12T07:12:00+0000 [INFO] Arctic Shift returned 3 posts
2026-06-12T07:12:01+0000 [INFO] RSS returned 100 posts
2026-06-12T07:12:01+0000 [INFO] Scanner complete (Arctic Shift+RSS). 3 new posts collected, 2 media downloaded, 2 links verified.
2026-06-12T07:16:26+0000 [INFO] Scanner starting. Batch: 2026-06-12T07:16
2026-06-12T07:16:26+0000 [INFO] Running in dual-source mode (Arctic Shift + RSS)
2026-06-12T07:16:28+0000 [INFO] Arctic Shift returned 3 posts
2026-06-12T07:16:29+0000 [INFO] RSS returned 100 posts
2026-06-12T07:16:29+0000 [INFO] Scanner complete (Arctic Shift+RSS). 0 new posts collected, 0 media downloaded, 0 links verified.
2026-06-12T07:21:34+0000 [INFO] Scanner starting. Batch: 2026-06-12T07:21
2026-06-12T07:21:34+0000 [INFO] Running in dual-source mode (Arctic Shift + RSS)
2026-06-12T07:21:41+0000 [INFO] Arctic Shift returned 1 posts
2026-06-12T07:21:42+0000 [INFO] RSS returned 100 posts
2026-06-12T07:21:43+0000 [INFO] Scanner complete (Arctic Shift+RSS). 1 new posts collected, 1 media downloaded, 0 links verified.
2026-06-12T07:26:25+0000 [INFO] Scanner starting. Batch: 2026-06-12T07:26
2026-06-12T07:26:25+0000 [INFO] Running in dual-source mode (Arctic Shift + RSS)
2026-06-12T07:26:26+0000 [INFO] Arctic Shift returned 1 posts
2026-06-12T07:26:27+0000 [INFO] RSS returned 100 posts
2026-06-12T07:26:27+0000 [INFO] Scanner complete (Arctic Shift+RSS). 1 new posts collected, 0 media downloaded, 0 links verified.
