2026-06-12T18:01:15+0000 [INFO] Scanner starting. Batch: 2026-06-12T18:01
2026-06-12T18:01:15+0000 [INFO] Running in dual-source mode (Arctic Shift + RSS)
2026-06-12T18:01:17+0000 [INFO] Arctic Shift returned 5 posts
2026-06-12T18:01:18+0000 [INFO] RSS returned 100 posts
2026-06-12T18:01:19+0000 [INFO] Scanner complete (Arctic Shift+RSS). 3 new posts collected, 1 media downloaded, 1 links verified.
2026-06-12T18:06:12+0000 [INFO] Scanner starting. Batch: 2026-06-12T18:06
2026-06-12T18:06:12+0000 [INFO] Running in dual-source mode (Arctic Shift + RSS)
2026-06-12T18:06:15+0000 [INFO] Arctic Shift returned 2 posts
2026-06-12T18:06:16+0000 [INFO] RSS returned 100 posts
2026-06-12T18:06:16+0000 [INFO] Scanner complete (Arctic Shift+RSS). 1 new posts collected, 0 media downloaded, 0 links verified.
2026-06-12T18:11:17+0000 [INFO] Scanner starting. Batch: 2026-06-12T18:11
2026-06-12T18:11:17+0000 [INFO] Running in dual-source mode (Arctic Shift + RSS)
2026-06-12T18:11:19+0000 [INFO] Arctic Shift returned 4 posts
2026-06-12T18:11:19+0000 [INFO] RSS returned 100 posts
2026-06-12T18:11:21+0000 [INFO] Scanner complete (Arctic Shift+RSS). 4 new posts collected, 2 media downloaded, 1 links verified.
2026-06-12T18:16:24+0000 [INFO] Scanner starting. Batch: 2026-06-12T18:16
2026-06-12T18:16:24+0000 [INFO] Running in dual-source mode (Arctic Shift + RSS)
2026-06-12T18:16:27+0000 [INFO] Arctic Shift returned 2 posts
2026-06-12T18:16:27+0000 [INFO] RSS returned 100 posts
2026-06-12T18:16:27+0000 [INFO] Scanner complete (Arctic Shift+RSS). 2 new posts collected, 2 media downloaded, 0 links verified.
2026-06-12T18:18:17+0000 [INFO] Scanner starting. Batch: 2026-06-12T18:18
2026-06-12T18:18:17+0000 [INFO] Running in dual-source mode (Arctic Shift + RSS)
2026-06-12T18:18:18+0000 [INFO] Arctic Shift returned 2 posts
2026-06-12T18:18:19+0000 [INFO] RSS returned 100 posts
2026-06-12T18:18:19+0000 [INFO] Scanner complete (Arctic Shift+RSS). 0 new posts collected, 0 media downloaded, 0 links verified.
2026-06-12T18:21:19+0000 [INFO] Scanner starting. Batch: 2026-06-12T18:21
2026-06-12T18:21:19+0000 [INFO] Running in dual-source mode (Arctic Shift + RSS)
2026-06-12T18:21:20+0000 [INFO] Arctic Shift returned 2 posts
2026-06-12T18:21:21+0000 [INFO] RSS returned 100 posts
2026-06-12T18:21:21+0000 [INFO] Scanner complete (Arctic Shift+RSS). 1 new posts collected, 1 media downloaded, 0 links verified.
