2026-06-10T23:00:48+0000 [INFO] Scanner starting. Batch: 2026-06-10T23:00
2026-06-10T23:00:48+0000 [INFO] Running in dual-source mode (Arctic Shift + RSS)
2026-06-10T23:00:51+0000 [INFO] Arctic Shift returned 6 posts
2026-06-10T23:00:52+0000 [INFO] RSS returned 100 posts
2026-06-10T23:00:52+0000 [INFO] Scanner complete (Arctic Shift+RSS). 4 new posts collected, 0 media downloaded, 1 links verified.
2026-06-10T23:05:34+0000 [INFO] Scanner starting. Batch: 2026-06-10T23:05
2026-06-10T23:05:34+0000 [INFO] Running in dual-source mode (Arctic Shift + RSS)
2026-06-10T23:05:45+0000 [INFO] Arctic Shift returned 1 posts
2026-06-10T23:05:46+0000 [INFO] RSS returned 100 posts
2026-06-10T23:05:46+0000 [INFO] Scanner complete (Arctic Shift+RSS). 0 new posts collected, 0 media downloaded, 0 links verified.
2026-06-10T23:10:46+0000 [INFO] Scanner starting. Batch: 2026-06-10T23:10
2026-06-10T23:10:46+0000 [INFO] Running in dual-source mode (Arctic Shift + RSS)
2026-06-10T23:10:54+0000 [INFO] Arctic Shift returned 0 posts
2026-06-10T23:10:55+0000 [INFO] RSS returned 100 posts
2026-06-10T23:10:55+0000 [INFO] Scanner complete (Arctic Shift+RSS). 0 new posts collected, 0 media downloaded, 0 links verified.
2026-06-10T23:15:03+0000 [INFO] Scanner starting. Batch: 2026-06-10T23:15
2026-06-10T23:15:03+0000 [INFO] Running in dual-source mode (Arctic Shift + RSS)
2026-06-10T23:15:07+0000 [INFO] Arctic Shift returned 0 posts
2026-06-10T23:15:08+0000 [INFO] RSS returned 100 posts
2026-06-10T23:15:08+0000 [INFO] Scanner complete (Arctic Shift+RSS). 0 new posts collected, 0 media downloaded, 0 links verified.
2026-06-10T23:15:35+0000 [INFO] Scanner starting. Batch: 2026-06-10T23:15
2026-06-10T23:15:35+0000 [INFO] Running in dual-source mode (Arctic Shift + RSS)
2026-06-10T23:15:39+0000 [INFO] Arctic Shift returned 0 posts
2026-06-10T23:15:40+0000 [INFO] RSS returned 100 posts
2026-06-10T23:15:40+0000 [INFO] Scanner complete (Arctic Shift+RSS). 0 new posts collected, 0 media downloaded, 0 links verified.
2026-06-10T23:20:45+0000 [INFO] Scanner starting. Batch: 2026-06-10T23:20
2026-06-10T23:20:45+0000 [INFO] Running in dual-source mode (Arctic Shift + RSS)
2026-06-10T23:20:54+0000 [INFO] Arctic Shift returned 2 posts
2026-06-10T23:20:55+0000 [INFO] RSS returned 100 posts
2026-06-10T23:20:55+0000 [INFO] Scanner complete (Arctic Shift+RSS). 2 new posts collected, 0 media downloaded, 1 links verified.
2026-06-10T23:25:35+0000 [INFO] Scanner starting. Batch: 2026-06-10T23:25
2026-06-10T23:25:35+0000 [INFO] Running in dual-source mode (Arctic Shift + RSS)
2026-06-10T23:25:36+0000 [INFO] Arctic Shift returned 0 posts
2026-06-10T23:25:37+0000 [INFO] RSS returned 100 posts
2026-06-10T23:25:37+0000 [INFO] Scanner complete (Arctic Shift+RSS). 0 new posts collected, 0 media downloaded, 0 links verified.
2026-06-10T23:30:44+0000 [INFO] Scanner starting. Batch: 2026-06-10T23:30
2026-06-10T23:30:44+0000 [INFO] Running in dual-source mode (Arctic Shift + RSS)
2026-06-10T23:30:56+0000 [INFO] Arctic Shift returned 0 posts
2026-06-10T23:30:57+0000 [INFO] RSS returned 100 posts
2026-06-10T23:30:57+0000 [INFO] Scanner complete (Arctic Shift+RSS). 0 new posts collected, 0 media downloaded, 0 links verified.
2026-06-10T23:35:34+0000 [INFO] Scanner starting. Batch: 2026-06-10T23:35
2026-06-10T23:35:34+0000 [INFO] Running in dual-source mode (Arctic Shift + RSS)
2026-06-10T23:35:37+0000 [INFO] Arctic Shift returned 0 posts
2026-06-10T23:35:38+0000 [INFO] RSS returned 100 posts
2026-06-10T23:35:38+0000 [INFO] Scanner complete (Arctic Shift+RSS). 0 new posts collected, 0 media downloaded, 0 links verified.
2026-06-10T23:40:28+0000 [INFO] Scanner starting. Batch: 2026-06-10T23:40
2026-06-10T23:40:28+0000 [INFO] Running in dual-source mode (Arctic Shift + RSS)
2026-06-10T23:40:29+0000 [INFO] Arctic Shift returned 0 posts
2026-06-10T23:40:30+0000 [INFO] RSS returned 100 posts
2026-06-10T23:40:30+0000 [INFO] Scanner complete (Arctic Shift+RSS). 0 new posts collected, 0 media downloaded, 0 links verified.
2026-06-10T23:45:38+0000 [INFO] Scanner starting. Batch: 2026-06-10T23:45
2026-06-10T23:45:38+0000 [INFO] Running in dual-source mode (Arctic Shift + RSS)
2026-06-10T23:45:52+0000 [INFO] Arctic Shift returned 1 posts
2026-06-10T23:45:53+0000 [INFO] RSS returned 100 posts
2026-06-10T23:45:53+0000 [INFO] Scanner complete (Arctic Shift+RSS). 1 new posts collected, 0 media downloaded, 0 links verified.
2026-06-10T23:50:30+0000 [INFO] Scanner starting. Batch: 2026-06-10T23:50
2026-06-10T23:50:30+0000 [INFO] Running in dual-source mode (Arctic Shift + RSS)
2026-06-10T23:50:31+0000 [INFO] Arctic Shift returned 1 posts
2026-06-10T23:50:33+0000 [INFO] RSS returned 100 posts
2026-06-10T23:50:33+0000 [INFO] Scanner complete (Arctic Shift+RSS). 1 new posts collected, 2 media downloaded, 0 links verified.
2026-06-10T23:55:23+0000 [INFO] Scanner starting. Batch: 2026-06-10T23:55
2026-06-10T23:55:23+0000 [INFO] Running in dual-source mode (Arctic Shift + RSS)
2026-06-10T23:55:26+0000 [INFO] Arctic Shift returned 3 posts
2026-06-10T23:55:27+0000 [INFO] RSS returned 100 posts
2026-06-10T23:55:27+0000 [INFO] Scanner complete (Arctic Shift+RSS). 2 new posts collected, 1 media downloaded, 0 links verified.
