2026-06-12T11:01:38+0000 [INFO] Scanner starting. Batch: 2026-06-12T11:01
2026-06-12T11:01:38+0000 [INFO] Running in dual-source mode (Arctic Shift + RSS)
2026-06-12T11:01:39+0000 [INFO] Arctic Shift returned 0 posts
2026-06-12T11:01:40+0000 [INFO] RSS returned 100 posts
2026-06-12T11:01:40+0000 [INFO] Scanner complete (Arctic Shift+RSS). 0 new posts collected, 0 media downloaded, 0 links verified.
2026-06-12T11:06:26+0000 [INFO] Scanner starting. Batch: 2026-06-12T11:06
2026-06-12T11:06:26+0000 [INFO] Running in dual-source mode (Arctic Shift + RSS)
2026-06-12T11:06:28+0000 [INFO] Arctic Shift returned 2 posts
2026-06-12T11:06:28+0000 [INFO] RSS returned 100 posts
2026-06-12T11:06:30+0000 [INFO] Scanner complete (Arctic Shift+RSS). 2 new posts collected, 0 media downloaded, 2 links verified.
2026-06-12T11:11:35+0000 [INFO] Scanner starting. Batch: 2026-06-12T11:11
2026-06-12T11:11:35+0000 [INFO] Running in dual-source mode (Arctic Shift + RSS)
2026-06-12T11:11:37+0000 [INFO] Arctic Shift returned 3 posts
2026-06-12T11:11:37+0000 [INFO] RSS returned 100 posts
2026-06-12T11:11:39+0000 [INFO] Scanner complete (Arctic Shift+RSS). 3 new posts collected, 0 media downloaded, 2 links verified.
2026-06-12T11:16:34+0000 [INFO] Scanner starting. Batch: 2026-06-12T11:16
2026-06-12T11:16:34+0000 [INFO] Running in dual-source mode (Arctic Shift + RSS)
2026-06-12T11:16:36+0000 [INFO] Arctic Shift returned 1 posts
2026-06-12T11:16:37+0000 [INFO] RSS returned 100 posts
2026-06-12T11:16:37+0000 [INFO] Scanner complete (Arctic Shift+RSS). 1 new posts collected, 0 media downloaded, 1 links verified.
2026-06-12T11:21:31+0000 [INFO] Scanner starting. Batch: 2026-06-12T11:21
2026-06-12T11:21:31+0000 [INFO] Running in dual-source mode (Arctic Shift + RSS)
2026-06-12T11:21:34+0000 [INFO] Arctic Shift returned 0 posts
2026-06-12T11:21:34+0000 [INFO] RSS returned 100 posts
2026-06-12T11:21:34+0000 [INFO] Scanner complete (Arctic Shift+RSS). 0 new posts collected, 0 media downloaded, 0 links verified.
2026-06-12T11:26:27+0000 [INFO] Scanner starting. Batch: 2026-06-12T11:26
2026-06-12T11:26:27+0000 [INFO] Running in dual-source mode (Arctic Shift + RSS)
2026-06-12T11:26:28+0000 [INFO] Arctic Shift returned 0 posts
2026-06-12T11:26:29+0000 [INFO] RSS returned 100 posts
2026-06-12T11:26:29+0000 [INFO] Scanner complete (Arctic Shift+RSS). 0 new posts collected, 0 media downloaded, 0 links verified.
