2026-06-13T10:01:42+0000 [INFO] Scanner starting. Batch: 2026-06-13T10:01
2026-06-13T10:01:42+0000 [INFO] Running in dual-source mode (Arctic Shift + RSS)
2026-06-13T10:01:43+0000 [INFO] Arctic Shift returned 3 posts
2026-06-13T10:01:44+0000 [INFO] RSS returned 100 posts
2026-06-13T10:01:46+0000 [INFO] Scanner complete (Arctic Shift+RSS). 2 new posts collected, 0 media downloaded, 1 links verified.
2026-06-13T10:06:46+0000 [INFO] Scanner starting. Batch: 2026-06-13T10:06
2026-06-13T10:06:46+0000 [INFO] Running in dual-source mode (Arctic Shift + RSS)
2026-06-13T10:06:47+0000 [INFO] Arctic Shift returned 0 posts
2026-06-13T10:06:48+0000 [INFO] RSS returned 100 posts
2026-06-13T10:06:48+0000 [INFO] Scanner complete (Arctic Shift+RSS). 0 new posts collected, 0 media downloaded, 0 links verified.
2026-06-13T10:11:38+0000 [INFO] Scanner starting. Batch: 2026-06-13T10:11
2026-06-13T10:11:38+0000 [INFO] Running in dual-source mode (Arctic Shift + RSS)
2026-06-13T10:11:39+0000 [INFO] Arctic Shift returned 3 posts
2026-06-13T10:11:40+0000 [INFO] RSS returned 100 posts
2026-06-13T10:11:46+0000 [INFO] Scanner complete (Arctic Shift+RSS). 3 new posts collected, 2 media downloaded, 2 links verified.
2026-06-13T10:16:35+0000 [INFO] Scanner starting. Batch: 2026-06-13T10:16
2026-06-13T10:16:35+0000 [INFO] Running in dual-source mode (Arctic Shift + RSS)
2026-06-13T10:16:36+0000 [INFO] Arctic Shift returned 4 posts
2026-06-13T10:16:37+0000 [INFO] RSS returned 100 posts
2026-06-13T10:16:38+0000 [INFO] Scanner complete (Arctic Shift+RSS). 2 new posts collected, 1 media downloaded, 0 links verified.
2026-06-13T10:26:28+0000 [INFO] Scanner starting. Batch: 2026-06-13T10:26
2026-06-13T10:26:28+0000 [INFO] Running in dual-source mode (Arctic Shift + RSS)
2026-06-13T10:26:31+0000 [INFO] Arctic Shift returned 2 posts
2026-06-13T10:26:32+0000 [INFO] RSS returned 100 posts
2026-06-13T10:26:32+0000 [INFO] Scanner complete (Arctic Shift+RSS). 2 new posts collected, 1 media downloaded, 0 links verified.
2026-06-13T10:31:51+0000 [INFO] Scanner starting. Batch: 2026-06-13T10:31
2026-06-13T10:31:51+0000 [INFO] Running in dual-source mode (Arctic Shift + RSS)
2026-06-13T10:31:53+0000 [INFO] Arctic Shift returned 1 posts
2026-06-13T10:31:54+0000 [INFO] RSS returned 100 posts
2026-06-13T10:31:54+0000 [INFO] Scanner complete (Arctic Shift+RSS). 1 new posts collected, 0 media downloaded, 1 links verified.
2026-06-13T10:36:35+0000 [INFO] Scanner starting. Batch: 2026-06-13T10:36
2026-06-13T10:36:35+0000 [INFO] Running in dual-source mode (Arctic Shift + RSS)
2026-06-13T10:36:37+0000 [INFO] Arctic Shift returned 1 posts
2026-06-13T10:36:38+0000 [INFO] RSS returned 100 posts
2026-06-13T10:36:38+0000 [INFO] Scanner complete (Arctic Shift+RSS). 0 new posts collected, 0 media downloaded, 0 links verified.
2026-06-13T10:41:35+0000 [INFO] Scanner starting. Batch: 2026-06-13T10:41
2026-06-13T10:41:35+0000 [INFO] Running in dual-source mode (Arctic Shift + RSS)
2026-06-13T10:41:36+0000 [INFO] Arctic Shift returned 0 posts
2026-06-13T10:41:37+0000 [INFO] RSS returned 100 posts
2026-06-13T10:41:37+0000 [INFO] Scanner complete (Arctic Shift+RSS). 0 new posts collected, 0 media downloaded, 0 links verified.
