2026-06-12T19:01:02+0000 [INFO] Scanner starting. Batch: 2026-06-12T19:01
2026-06-12T19:01:02+0000 [INFO] Running in dual-source mode (Arctic Shift + RSS)
2026-06-12T19:01:03+0000 [INFO] Arctic Shift returned 2 posts
2026-06-12T19:01:04+0000 [INFO] RSS returned 100 posts
2026-06-12T19:01:04+0000 [INFO] Scanner complete (Arctic Shift+RSS). 2 new posts collected, 0 media downloaded, 1 links verified.
2026-06-12T19:05:55+0000 [INFO] Scanner starting. Batch: 2026-06-12T19:05
2026-06-12T19:05:55+0000 [INFO] Running in dual-source mode (Arctic Shift + RSS)
2026-06-12T19:05:56+0000 [INFO] Arctic Shift returned 0 posts
2026-06-12T19:05:57+0000 [INFO] RSS returned 100 posts
2026-06-12T19:05:57+0000 [INFO] Scanner complete (Arctic Shift+RSS). 0 new posts collected, 0 media downloaded, 0 links verified.
2026-06-12T19:10:52+0000 [INFO] Scanner starting. Batch: 2026-06-12T19:10
2026-06-12T19:10:52+0000 [INFO] Running in dual-source mode (Arctic Shift + RSS)
2026-06-12T19:10:54+0000 [INFO] Arctic Shift returned 2 posts
2026-06-12T19:10:54+0000 [INFO] RSS returned 100 posts
2026-06-12T19:10:54+0000 [INFO] Scanner complete (Arctic Shift+RSS). 2 new posts collected, 0 media downloaded, 0 links verified.
2026-06-12T19:15:48+0000 [INFO] Scanner starting. Batch: 2026-06-12T19:15
2026-06-12T19:15:48+0000 [INFO] Running in dual-source mode (Arctic Shift + RSS)
2026-06-12T19:15:49+0000 [INFO] Arctic Shift returned 0 posts
2026-06-12T19:15:49+0000 [INFO] RSS returned 100 posts
2026-06-12T19:15:49+0000 [INFO] Scanner complete (Arctic Shift+RSS). 0 new posts collected, 0 media downloaded, 0 links verified.
2026-06-12T19:21:07+0000 [INFO] Scanner starting. Batch: 2026-06-12T19:21
2026-06-12T19:21:07+0000 [INFO] Running in dual-source mode (Arctic Shift + RSS)
2026-06-12T19:21:10+0000 [INFO] Arctic Shift returned 1 posts
2026-06-12T19:21:10+0000 [INFO] RSS returned 100 posts
2026-06-12T19:21:11+0000 [INFO] Scanner complete (Arctic Shift+RSS). 1 new posts collected, 2 media downloaded, 0 links verified.
2026-06-12T19:25:46+0000 [INFO] Scanner starting. Batch: 2026-06-12T19:25
2026-06-12T19:25:46+0000 [INFO] Running in dual-source mode (Arctic Shift + RSS)
2026-06-12T19:25:48+0000 [INFO] Arctic Shift returned 7 posts
2026-06-12T19:25:48+0000 [INFO] RSS returned 100 posts
2026-06-12T19:25:49+0000 [INFO] Scanner complete (Arctic Shift+RSS). 6 new posts collected, 1 media downloaded, 2 links verified.
2026-06-12T19:31:00+0000 [INFO] Scanner starting. Batch: 2026-06-12T19:31
2026-06-12T19:31:00+0000 [INFO] Running in dual-source mode (Arctic Shift + RSS)
2026-06-12T19:31:02+0000 [INFO] Arctic Shift returned 4 posts
2026-06-12T19:31:03+0000 [INFO] RSS returned 100 posts
2026-06-12T19:31:04+0000 [INFO] Scanner complete (Arctic Shift+RSS). 4 new posts collected, 2 media downloaded, 1 links verified.
2026-06-12T19:37:20+0000 [INFO] Scanner starting. Batch: 2026-06-12T19:37
2026-06-12T19:37:20+0000 [INFO] Running in dual-source mode (Arctic Shift + RSS)
2026-06-12T19:37:21+0000 [INFO] Arctic Shift returned 5 posts
2026-06-12T19:37:22+0000 [INFO] RSS returned 100 posts
2026-06-12T19:37:23+0000 [INFO] Scanner complete (Arctic Shift+RSS). 5 new posts collected, 3 media downloaded, 2 links verified.
2026-06-12T19:40:53+0000 [INFO] Scanner starting. Batch: 2026-06-12T19:40
2026-06-12T19:40:53+0000 [INFO] Running in dual-source mode (Arctic Shift + RSS)
2026-06-12T19:40:55+0000 [INFO] Arctic Shift returned 7 posts
2026-06-12T19:40:56+0000 [INFO] RSS returned 100 posts
2026-06-12T19:40:56+0000 [INFO] Scanner complete (Arctic Shift+RSS). 4 new posts collected, 2 media downloaded, 0 links verified.
