2026-06-13T06:01:30+0000 [INFO] Scanner starting. Batch: 2026-06-13T06:01
2026-06-13T06:01:30+0000 [INFO] Running in dual-source mode (Arctic Shift + RSS)
2026-06-13T06:01:32+0000 [INFO] Arctic Shift returned 2 posts
2026-06-13T06:01:32+0000 [INFO] RSS returned 100 posts
2026-06-13T06:01:33+0000 [INFO] Scanner complete (Arctic Shift+RSS). 2 new posts collected, 0 media downloaded, 1 links verified.
2026-06-13T06:06:26+0000 [INFO] Scanner starting. Batch: 2026-06-13T06:06
2026-06-13T06:06:26+0000 [INFO] Running in dual-source mode (Arctic Shift + RSS)
2026-06-13T06:06:27+0000 [INFO] Arctic Shift returned 1 posts
2026-06-13T06:06:28+0000 [INFO] RSS returned 100 posts
2026-06-13T06:06:29+0000 [INFO] Scanner complete (Arctic Shift+RSS). 1 new posts collected, 0 media downloaded, 0 links verified.
2026-06-13T06:11:28+0000 [INFO] Scanner starting. Batch: 2026-06-13T06:11
2026-06-13T06:11:28+0000 [INFO] Running in dual-source mode (Arctic Shift + RSS)
2026-06-13T06:11:30+0000 [INFO] Arctic Shift returned 2 posts
2026-06-13T06:11:30+0000 [INFO] RSS returned 100 posts
2026-06-13T06:11:31+0000 [INFO] Scanner complete (Arctic Shift+RSS). 1 new posts collected, 0 media downloaded, 0 links verified.
2026-06-13T06:16:23+0000 [INFO] Scanner starting. Batch: 2026-06-13T06:16
2026-06-13T06:16:23+0000 [INFO] Running in dual-source mode (Arctic Shift + RSS)
2026-06-13T06:16:25+0000 [INFO] Arctic Shift returned 3 posts
2026-06-13T06:16:26+0000 [INFO] RSS returned 100 posts
2026-06-13T06:16:26+0000 [INFO] Scanner complete (Arctic Shift+RSS). 2 new posts collected, 0 media downloaded, 0 links verified.
2026-06-13T06:21:23+0000 [INFO] Scanner starting. Batch: 2026-06-13T06:21
2026-06-13T06:21:23+0000 [INFO] Running in dual-source mode (Arctic Shift + RSS)
2026-06-13T06:21:24+0000 [INFO] Arctic Shift returned 0 posts
2026-06-13T06:21:25+0000 [INFO] RSS returned 100 posts
2026-06-13T06:21:25+0000 [INFO] Scanner complete (Arctic Shift+RSS). 0 new posts collected, 0 media downloaded, 0 links verified.
