2026-06-11T22:01:06+0000 [INFO] Scanner starting. Batch: 2026-06-11T22:01
2026-06-11T22:01:06+0000 [INFO] Running in dual-source mode (Arctic Shift + RSS)
2026-06-11T22:01:08+0000 [INFO] Arctic Shift returned 5 posts
2026-06-11T22:01:09+0000 [INFO] RSS returned 100 posts
2026-06-11T22:01:09+0000 [INFO] Scanner complete (Arctic Shift+RSS). 3 new posts collected, 0 media downloaded, 2 links verified.
2026-06-11T22:05:59+0000 [INFO] Scanner starting. Batch: 2026-06-11T22:05
2026-06-11T22:05:59+0000 [INFO] Running in dual-source mode (Arctic Shift + RSS)
2026-06-11T22:06:01+0000 [INFO] Arctic Shift returned 6 posts
2026-06-11T22:06:02+0000 [INFO] RSS returned 100 posts
2026-06-11T22:06:03+0000 [INFO] Scanner complete (Arctic Shift+RSS). 4 new posts collected, 2 media downloaded, 3 links verified.
2026-06-11T22:11:04+0000 [INFO] Scanner starting. Batch: 2026-06-11T22:11
2026-06-11T22:11:04+0000 [INFO] Running in dual-source mode (Arctic Shift + RSS)
2026-06-11T22:11:06+0000 [INFO] Arctic Shift returned 5 posts
2026-06-11T22:11:07+0000 [INFO] RSS returned 100 posts
2026-06-11T22:11:08+0000 [INFO] Scanner complete (Arctic Shift+RSS). 4 new posts collected, 1 media downloaded, 0 links verified.
2026-06-11T22:16:01+0000 [INFO] Scanner starting. Batch: 2026-06-11T22:16
2026-06-11T22:16:01+0000 [INFO] Running in dual-source mode (Arctic Shift + RSS)
2026-06-11T22:16:04+0000 [INFO] Arctic Shift returned 3 posts
2026-06-11T22:16:04+0000 [INFO] RSS returned 100 posts
2026-06-11T22:16:05+0000 [INFO] Scanner complete (Arctic Shift+RSS). 2 new posts collected, 0 media downloaded, 2 links verified.
2026-06-11T22:20:58+0000 [INFO] Scanner starting. Batch: 2026-06-11T22:20
2026-06-11T22:20:58+0000 [INFO] Running in dual-source mode (Arctic Shift + RSS)
2026-06-11T22:21:00+0000 [INFO] Arctic Shift returned 1 posts
2026-06-11T22:21:01+0000 [INFO] RSS returned 100 posts
2026-06-11T22:21:01+0000 [INFO] Scanner complete (Arctic Shift+RSS). 1 new posts collected, 0 media downloaded, 1 links verified.
2026-06-11T22:25:57+0000 [INFO] Scanner starting. Batch: 2026-06-11T22:25
2026-06-11T22:25:57+0000 [INFO] Running in dual-source mode (Arctic Shift + RSS)
2026-06-11T22:25:59+0000 [INFO] Arctic Shift returned 2 posts
2026-06-11T22:26:00+0000 [INFO] RSS returned 100 posts
2026-06-11T22:26:00+0000 [INFO] Scanner complete (Arctic Shift+RSS). 2 new posts collected, 1 media downloaded, 1 links verified.
2026-06-11T22:31:07+0000 [INFO] Scanner starting. Batch: 2026-06-11T22:31
2026-06-11T22:31:07+0000 [INFO] Running in dual-source mode (Arctic Shift + RSS)
2026-06-11T22:31:09+0000 [INFO] Arctic Shift returned 2 posts
2026-06-11T22:31:10+0000 [INFO] RSS returned 100 posts
2026-06-11T22:31:10+0000 [INFO] Scanner complete (Arctic Shift+RSS). 1 new posts collected, 0 media downloaded, 0 links verified.
2026-06-11T22:36:00+0000 [INFO] Scanner starting. Batch: 2026-06-11T22:36
2026-06-11T22:36:00+0000 [INFO] Running in dual-source mode (Arctic Shift + RSS)
2026-06-11T22:36:03+0000 [INFO] Arctic Shift returned 1 posts
2026-06-11T22:36:04+0000 [INFO] RSS returned 100 posts
2026-06-11T22:36:05+0000 [INFO] Scanner complete (Arctic Shift+RSS). 1 new posts collected, 0 media downloaded, 1 links verified.
2026-06-11T22:41:13+0000 [INFO] Scanner starting. Batch: 2026-06-11T22:41
2026-06-11T22:41:13+0000 [INFO] Running in dual-source mode (Arctic Shift + RSS)
2026-06-11T22:41:15+0000 [INFO] Arctic Shift returned 2 posts
2026-06-11T22:41:16+0000 [INFO] RSS returned 100 posts
2026-06-11T22:41:17+0000 [INFO] Scanner complete (Arctic Shift+RSS). 2 new posts collected, 1 media downloaded, 1 links verified.
2026-06-11T22:46:02+0000 [INFO] Scanner starting. Batch: 2026-06-11T22:46
2026-06-11T22:46:02+0000 [INFO] Running in dual-source mode (Arctic Shift + RSS)
2026-06-11T22:46:03+0000 [INFO] Arctic Shift returned 0 posts
2026-06-11T22:46:03+0000 [INFO] RSS returned 100 posts
2026-06-11T22:46:03+0000 [INFO] Scanner complete (Arctic Shift+RSS). 0 new posts collected, 0 media downloaded, 0 links verified.
2026-06-11T22:51:10+0000 [INFO] Scanner starting. Batch: 2026-06-11T22:51
2026-06-11T22:51:10+0000 [INFO] Running in dual-source mode (Arctic Shift + RSS)
2026-06-11T22:51:13+0000 [INFO] Arctic Shift returned 1 posts
2026-06-11T22:51:14+0000 [INFO] RSS returned 100 posts
2026-06-11T22:51:15+0000 [INFO] Scanner complete (Arctic Shift+RSS). 1 new posts collected, 2 media downloaded, 0 links verified.
