2026-06-11T12:00:50+0000 [INFO] Scanner starting. Batch: 2026-06-11T12:00
2026-06-11T12:00:50+0000 [INFO] Running in dual-source mode (Arctic Shift + RSS)
2026-06-11T12:01:06+0000 [INFO] Arctic Shift returned 1 posts
2026-06-11T12:01:07+0000 [INFO] RSS returned 100 posts
2026-06-11T12:01:08+0000 [INFO] Scanner complete (Arctic Shift+RSS). 1 new posts collected, 0 media downloaded, 1 links verified.
2026-06-11T12:05:35+0000 [INFO] Scanner starting. Batch: 2026-06-11T12:05
2026-06-11T12:05:35+0000 [INFO] Running in dual-source mode (Arctic Shift + RSS)
2026-06-11T12:05:36+0000 [INFO] Arctic Shift returned 0 posts
2026-06-11T12:05:37+0000 [INFO] RSS returned 100 posts
2026-06-11T12:05:37+0000 [INFO] Scanner complete (Arctic Shift+RSS). 0 new posts collected, 0 media downloaded, 0 links verified.
2026-06-11T12:10:36+0000 [INFO] Scanner starting. Batch: 2026-06-11T12:10
2026-06-11T12:10:36+0000 [INFO] Running in dual-source mode (Arctic Shift + RSS)
2026-06-11T12:10:51+0000 [INFO] Arctic Shift returned 2 posts
2026-06-11T12:10:52+0000 [INFO] RSS returned 100 posts
2026-06-11T12:10:52+0000 [INFO] Scanner complete (Arctic Shift+RSS). 2 new posts collected, 2 media downloaded, 0 links verified.
2026-06-11T12:15:37+0000 [INFO] Scanner starting. Batch: 2026-06-11T12:15
2026-06-11T12:15:37+0000 [INFO] Running in dual-source mode (Arctic Shift + RSS)
2026-06-11T12:15:40+0000 [INFO] Arctic Shift returned 2 posts
2026-06-11T12:15:41+0000 [INFO] RSS returned 100 posts
2026-06-11T12:15:41+0000 [INFO] Scanner complete (Arctic Shift+RSS). 2 new posts collected, 0 media downloaded, 1 links verified.
2026-06-11T12:20:39+0000 [INFO] Scanner starting. Batch: 2026-06-11T12:20
2026-06-11T12:20:39+0000 [INFO] Running in dual-source mode (Arctic Shift + RSS)
2026-06-11T12:20:40+0000 [INFO] Arctic Shift returned 2 posts
2026-06-11T12:20:41+0000 [INFO] RSS returned 100 posts
2026-06-11T12:20:41+0000 [INFO] Scanner complete (Arctic Shift+RSS). 2 new posts collected, 0 media downloaded, 0 links verified.
2026-06-11T12:25:37+0000 [INFO] Scanner starting. Batch: 2026-06-11T12:25
2026-06-11T12:25:37+0000 [INFO] Running in dual-source mode (Arctic Shift + RSS)
2026-06-11T12:25:39+0000 [INFO] Arctic Shift returned 5 posts
2026-06-11T12:25:40+0000 [INFO] RSS returned 100 posts
2026-06-11T12:25:41+0000 [INFO] Scanner complete (Arctic Shift+RSS). 5 new posts collected, 3 media downloaded, 2 links verified.
2026-06-11T12:30:41+0000 [INFO] Scanner starting. Batch: 2026-06-11T12:30
2026-06-11T12:30:41+0000 [INFO] Running in dual-source mode (Arctic Shift + RSS)
2026-06-11T12:30:42+0000 [INFO] Arctic Shift returned 3 posts
2026-06-11T12:30:43+0000 [INFO] RSS returned 100 posts
2026-06-11T12:30:44+0000 [INFO] Scanner complete (Arctic Shift+RSS). 2 new posts collected, 1 media downloaded, 0 links verified.
2026-06-11T12:35:40+0000 [INFO] Scanner starting. Batch: 2026-06-11T12:35
2026-06-11T12:35:40+0000 [INFO] Running in dual-source mode (Arctic Shift + RSS)
2026-06-11T12:35:41+0000 [INFO] Arctic Shift returned 0 posts
2026-06-11T12:35:42+0000 [INFO] RSS returned 100 posts
2026-06-11T12:35:42+0000 [INFO] Scanner complete (Arctic Shift+RSS). 1 new posts collected, 0 media downloaded, 1 links verified.
2026-06-11T12:40:43+0000 [INFO] Scanner starting. Batch: 2026-06-11T12:40
2026-06-11T12:40:43+0000 [INFO] Running in dual-source mode (Arctic Shift + RSS)
2026-06-11T12:40:44+0000 [INFO] Arctic Shift returned 2 posts
2026-06-11T12:40:45+0000 [INFO] RSS returned 100 posts
2026-06-11T12:40:45+0000 [INFO] Scanner complete (Arctic Shift+RSS). 1 new posts collected, 0 media downloaded, 1 links verified.
