2026-06-13T03:01:21+0000 [INFO] Scanner starting. Batch: 2026-06-13T03:01
2026-06-13T03:01:21+0000 [INFO] Running in dual-source mode (Arctic Shift + RSS)
2026-06-13T03:01:24+0000 [INFO] Arctic Shift returned 3 posts
2026-06-13T03:01:25+0000 [INFO] RSS returned 100 posts
2026-06-13T03:01:25+0000 [INFO] Scanner complete (Arctic Shift+RSS). 2 new posts collected, 0 media downloaded, 1 links verified.
2026-06-13T03:06:11+0000 [INFO] Scanner starting. Batch: 2026-06-13T03:06
2026-06-13T03:06:11+0000 [INFO] Running in dual-source mode (Arctic Shift + RSS)
2026-06-13T03:06:12+0000 [INFO] Arctic Shift returned 8 posts
2026-06-13T03:06:13+0000 [INFO] RSS returned 100 posts
2026-06-13T03:06:14+0000 [INFO] Scanner complete (Arctic Shift+RSS). 7 new posts collected, 0 media downloaded, 3 links verified.
2026-06-13T03:11:10+0000 [INFO] Scanner starting. Batch: 2026-06-13T03:11
2026-06-13T03:11:10+0000 [INFO] Running in dual-source mode (Arctic Shift + RSS)
2026-06-13T03:11:14+0000 [INFO] Arctic Shift returned 9 posts
2026-06-13T03:11:15+0000 [INFO] RSS returned 100 posts
2026-06-13T03:11:16+0000 [INFO] Scanner complete (Arctic Shift+RSS). 6 new posts collected, 1 media downloaded, 1 links verified.
2026-06-13T03:16:13+0000 [INFO] Scanner starting. Batch: 2026-06-13T03:16
2026-06-13T03:16:13+0000 [INFO] Running in dual-source mode (Arctic Shift + RSS)
2026-06-13T03:16:18+0000 [INFO] Arctic Shift returned 5 posts
2026-06-13T03:16:19+0000 [INFO] RSS returned 100 posts
2026-06-13T03:16:21+0000 [INFO] Scanner complete (Arctic Shift+RSS). 3 new posts collected, 2 media downloaded, 1 links verified.
2026-06-13T03:21:19+0000 [INFO] Scanner starting. Batch: 2026-06-13T03:21
2026-06-13T03:21:19+0000 [INFO] Running in dual-source mode (Arctic Shift + RSS)
2026-06-13T03:21:21+0000 [INFO] Arctic Shift returned 6 posts
2026-06-13T03:21:22+0000 [INFO] RSS returned 100 posts
2026-06-13T03:21:22+0000 [INFO] Scanner complete (Arctic Shift+RSS). 4 new posts collected, 0 media downloaded, 0 links verified.
2026-06-13T03:26:14+0000 [INFO] Scanner starting. Batch: 2026-06-13T03:26
2026-06-13T03:26:14+0000 [INFO] Running in dual-source mode (Arctic Shift + RSS)
2026-06-13T03:26:15+0000 [INFO] Arctic Shift returned 3 posts
2026-06-13T03:26:16+0000 [INFO] RSS returned 100 posts
2026-06-13T03:26:16+0000 [INFO] Scanner complete (Arctic Shift+RSS). 4 new posts collected, 0 media downloaded, 0 links verified.
2026-06-13T03:31:24+0000 [INFO] Scanner starting. Batch: 2026-06-13T03:31
2026-06-13T03:31:24+0000 [INFO] Running in dual-source mode (Arctic Shift + RSS)
2026-06-13T03:31:26+0000 [INFO] Arctic Shift returned 4 posts
2026-06-13T03:31:27+0000 [INFO] RSS returned 100 posts
2026-06-13T03:31:27+0000 [INFO] Scanner complete (Arctic Shift+RSS). 2 new posts collected, 1 media downloaded, 0 links verified.
