2026-06-12T10:01:32+0000 [INFO] Scanner starting. Batch: 2026-06-12T10:01
2026-06-12T10:01:32+0000 [INFO] Running in dual-source mode (Arctic Shift + RSS)
2026-06-12T10:01:33+0000 [INFO] Arctic Shift returned 1 posts
2026-06-12T10:01:34+0000 [INFO] RSS returned 100 posts
2026-06-12T10:01:34+0000 [INFO] Scanner complete (Arctic Shift+RSS). 1 new posts collected, 2 media downloaded, 0 links verified.
2026-06-12T10:06:35+0000 [INFO] Scanner starting. Batch: 2026-06-12T10:06
2026-06-12T10:06:35+0000 [INFO] Running in dual-source mode (Arctic Shift + RSS)
2026-06-12T10:06:37+0000 [INFO] Arctic Shift returned 4 posts
2026-06-12T10:06:38+0000 [INFO] RSS returned 100 posts
2026-06-12T10:06:41+0000 [INFO] Scanner complete (Arctic Shift+RSS). 4 new posts collected, 0 media downloaded, 4 links verified.
2026-06-12T10:11:27+0000 [INFO] Scanner starting. Batch: 2026-06-12T10:11
2026-06-12T10:11:27+0000 [INFO] Running in dual-source mode (Arctic Shift + RSS)
2026-06-12T10:11:29+0000 [INFO] Arctic Shift returned 3 posts
2026-06-12T10:11:30+0000 [INFO] RSS returned 100 posts
2026-06-12T10:11:31+0000 [INFO] Scanner complete (Arctic Shift+RSS). 1 new posts collected, 0 media downloaded, 1 links verified.
2026-06-12T10:16:30+0000 [INFO] Scanner starting. Batch: 2026-06-12T10:16
2026-06-12T10:16:30+0000 [INFO] Running in dual-source mode (Arctic Shift + RSS)
2026-06-12T10:16:31+0000 [INFO] Arctic Shift returned 2 posts
2026-06-12T10:16:32+0000 [INFO] RSS returned 100 posts
2026-06-12T10:16:32+0000 [INFO] Scanner complete (Arctic Shift+RSS). 2 new posts collected, 0 media downloaded, 1 links verified.
2026-06-12T10:21:26+0000 [INFO] Scanner starting. Batch: 2026-06-12T10:21
2026-06-12T10:21:26+0000 [INFO] Running in dual-source mode (Arctic Shift + RSS)
2026-06-12T10:21:26+0000 [INFO] Arctic Shift returned 0 posts
2026-06-12T10:21:27+0000 [INFO] RSS returned 100 posts
2026-06-12T10:21:27+0000 [INFO] Scanner complete (Arctic Shift+RSS). 0 new posts collected, 0 media downloaded, 0 links verified.
2026-06-12T10:26:20+0000 [INFO] Scanner starting. Batch: 2026-06-12T10:26
2026-06-12T10:26:20+0000 [INFO] Running in dual-source mode (Arctic Shift + RSS)
2026-06-12T10:26:22+0000 [INFO] Arctic Shift returned 2 posts
2026-06-12T10:26:23+0000 [INFO] RSS returned 100 posts
2026-06-12T10:26:23+0000 [INFO] Scanner complete (Arctic Shift+RSS). 2 new posts collected, 0 media downloaded, 1 links verified.
2026-06-12T10:31:28+0000 [INFO] Scanner starting. Batch: 2026-06-12T10:31
2026-06-12T10:31:28+0000 [INFO] Running in dual-source mode (Arctic Shift + RSS)
2026-06-12T10:31:29+0000 [INFO] Arctic Shift returned 1 posts
2026-06-12T10:31:30+0000 [INFO] RSS returned 100 posts
2026-06-12T10:31:30+0000 [INFO] Scanner complete (Arctic Shift+RSS). 1 new posts collected, 2 media downloaded, 0 links verified.
2026-06-12T10:36:21+0000 [INFO] Scanner starting. Batch: 2026-06-12T10:36
2026-06-12T10:36:21+0000 [INFO] Running in dual-source mode (Arctic Shift + RSS)
2026-06-12T10:36:21+0000 [INFO] Arctic Shift returned 0 posts
2026-06-12T10:36:22+0000 [INFO] RSS returned 100 posts
2026-06-12T10:36:22+0000 [INFO] Scanner complete (Arctic Shift+RSS). 0 new posts collected, 0 media downloaded, 0 links verified.
2026-06-12T10:41:26+0000 [INFO] Scanner starting. Batch: 2026-06-12T10:41
2026-06-12T10:41:26+0000 [INFO] Running in dual-source mode (Arctic Shift + RSS)
2026-06-12T10:41:27+0000 [INFO] Arctic Shift returned 1 posts
2026-06-12T10:41:28+0000 [INFO] RSS returned 100 posts
2026-06-12T10:41:28+0000 [INFO] Scanner complete (Arctic Shift+RSS). 1 new posts collected, 0 media downloaded, 0 links verified.
2026-06-12T10:46:37+0000 [INFO] Scanner starting. Batch: 2026-06-12T10:46
2026-06-12T10:46:37+0000 [INFO] Running in dual-source mode (Arctic Shift + RSS)
2026-06-12T10:46:38+0000 [INFO] Arctic Shift returned 1 posts
2026-06-12T10:46:39+0000 [INFO] RSS returned 100 posts
2026-06-12T10:46:39+0000 [INFO] Scanner complete (Arctic Shift+RSS). 1 new posts collected, 0 media downloaded, 1 links verified.
2026-06-12T10:51:16+0000 [INFO] Scanner starting. Batch: 2026-06-12T10:51
2026-06-12T10:51:16+0000 [INFO] Running in dual-source mode (Arctic Shift + RSS)
2026-06-12T10:51:18+0000 [INFO] Arctic Shift returned 2 posts
2026-06-12T10:51:19+0000 [INFO] RSS returned 100 posts
2026-06-12T10:51:20+0000 [INFO] Scanner complete (Arctic Shift+RSS). 2 new posts collected, 0 media downloaded, 1 links verified.
