2026-06-12T04:01:21+0000 [INFO] Scanner starting. Batch: 2026-06-12T04:01
2026-06-12T04:01:21+0000 [INFO] Running in dual-source mode (Arctic Shift + RSS)
2026-06-12T04:01:23+0000 [INFO] Arctic Shift returned 6 posts
2026-06-12T04:01:24+0000 [INFO] RSS returned 100 posts
2026-06-12T04:01:30+0000 [INFO] Scanner complete (Arctic Shift+RSS). 6 new posts collected, 4 media downloaded, 1 links verified.
2026-06-12T04:06:09+0000 [INFO] Scanner starting. Batch: 2026-06-12T04:06
2026-06-12T04:06:09+0000 [INFO] Running in dual-source mode (Arctic Shift + RSS)
2026-06-12T04:06:12+0000 [INFO] Arctic Shift returned 4 posts
2026-06-12T04:06:12+0000 [INFO] RSS returned 100 posts
2026-06-12T04:06:13+0000 [INFO] Scanner complete (Arctic Shift+RSS). 2 new posts collected, 0 media downloaded, 0 links verified.
2026-06-12T04:11:11+0000 [INFO] Scanner starting. Batch: 2026-06-12T04:11
2026-06-12T04:11:11+0000 [INFO] Running in dual-source mode (Arctic Shift + RSS)
2026-06-12T04:11:14+0000 [INFO] Arctic Shift returned 4 posts
2026-06-12T04:11:15+0000 [INFO] RSS returned 100 posts
2026-06-12T04:11:19+0000 [INFO] Scanner complete (Arctic Shift+RSS). 4 new posts collected, 1 media downloaded, 2 links verified.
2026-06-12T04:16:20+0000 [INFO] Scanner starting. Batch: 2026-06-12T04:16
2026-06-12T04:16:20+0000 [INFO] Running in dual-source mode (Arctic Shift + RSS)
2026-06-12T04:16:21+0000 [INFO] Arctic Shift returned 4 posts
2026-06-12T04:16:22+0000 [INFO] RSS returned 100 posts
2026-06-12T04:16:23+0000 [INFO] Scanner complete (Arctic Shift+RSS). 3 new posts collected, 4 media downloaded, 0 links verified.
2026-06-12T04:21:21+0000 [INFO] Scanner starting. Batch: 2026-06-12T04:21
2026-06-12T04:21:21+0000 [INFO] Running in dual-source mode (Arctic Shift + RSS)
2026-06-12T04:21:23+0000 [INFO] Arctic Shift returned 2 posts
2026-06-12T04:21:24+0000 [INFO] RSS returned 100 posts
2026-06-12T04:21:24+0000 [INFO] Scanner complete (Arctic Shift+RSS). 0 new posts collected, 0 media downloaded, 0 links verified.
2026-06-12T04:26:24+0000 [INFO] Scanner starting. Batch: 2026-06-12T04:26
2026-06-12T04:26:24+0000 [INFO] Running in dual-source mode (Arctic Shift + RSS)
2026-06-12T04:26:26+0000 [INFO] Arctic Shift returned 1 posts
2026-06-12T04:26:27+0000 [INFO] RSS returned 100 posts
2026-06-12T04:26:27+0000 [INFO] Scanner complete (Arctic Shift+RSS). 1 new posts collected, 1 media downloaded, 0 links verified.
2026-06-12T04:31:28+0000 [INFO] Scanner starting. Batch: 2026-06-12T04:31
2026-06-12T04:31:28+0000 [INFO] Running in dual-source mode (Arctic Shift + RSS)
2026-06-12T04:31:29+0000 [INFO] Arctic Shift returned 2 posts
2026-06-12T04:31:30+0000 [INFO] RSS returned 100 posts
2026-06-12T04:31:31+0000 [INFO] Scanner complete (Arctic Shift+RSS). 2 new posts collected, 1 media downloaded, 0 links verified.
2026-06-12T04:36:45+0000 [INFO] Scanner starting. Batch: 2026-06-12T04:36
2026-06-12T04:36:45+0000 [INFO] Running in dual-source mode (Arctic Shift + RSS)
2026-06-12T04:36:46+0000 [INFO] Arctic Shift returned 0 posts
2026-06-12T04:36:47+0000 [INFO] RSS returned 100 posts
2026-06-12T04:36:47+0000 [INFO] Scanner complete (Arctic Shift+RSS). 0 new posts collected, 0 media downloaded, 0 links verified.
2026-06-12T04:41:41+0000 [INFO] Scanner starting. Batch: 2026-06-12T04:41
2026-06-12T04:41:41+0000 [INFO] Running in dual-source mode (Arctic Shift + RSS)
2026-06-12T04:41:42+0000 [INFO] Arctic Shift returned 3 posts
2026-06-12T04:41:43+0000 [INFO] RSS returned 100 posts
2026-06-12T04:41:45+0000 [INFO] Scanner complete (Arctic Shift+RSS). 3 new posts collected, 1 media downloaded, 1 links verified.
2026-06-12T04:46:27+0000 [INFO] Scanner starting. Batch: 2026-06-12T04:46
2026-06-12T04:46:27+0000 [INFO] Running in dual-source mode (Arctic Shift + RSS)
2026-06-12T04:46:29+0000 [INFO] Arctic Shift returned 3 posts
2026-06-12T04:46:30+0000 [INFO] RSS returned 100 posts
2026-06-12T04:46:30+0000 [INFO] Scanner complete (Arctic Shift+RSS). 2 new posts collected, 0 media downloaded, 1 links verified.
2026-06-12T04:51:22+0000 [INFO] Scanner starting. Batch: 2026-06-12T04:51
2026-06-12T04:51:22+0000 [INFO] Running in dual-source mode (Arctic Shift + RSS)
2026-06-12T04:51:24+0000 [INFO] Arctic Shift returned 2 posts
2026-06-12T04:51:24+0000 [INFO] RSS returned 100 posts
2026-06-12T04:51:24+0000 [INFO] Scanner complete (Arctic Shift+RSS). 1 new posts collected, 0 media downloaded, 0 links verified.
2026-06-12T04:56:32+0000 [INFO] Scanner starting. Batch: 2026-06-12T04:56
2026-06-12T04:56:32+0000 [INFO] Running in dual-source mode (Arctic Shift + RSS)
2026-06-12T04:56:34+0000 [INFO] Arctic Shift returned 1 posts
2026-06-12T04:56:35+0000 [INFO] RSS returned 100 posts
2026-06-12T04:56:36+0000 [INFO] Scanner complete (Arctic Shift+RSS). 1 new posts collected, 1 media downloaded, 0 links verified.
