2026-06-12T06:01:44+0000 [INFO] Scanner starting. Batch: 2026-06-12T06:01
2026-06-12T06:01:44+0000 [INFO] Running in dual-source mode (Arctic Shift + RSS)
2026-06-12T06:01:44+0000 [INFO] Arctic Shift returned 0 posts
2026-06-12T06:01:45+0000 [INFO] RSS returned 100 posts
2026-06-12T06:01:45+0000 [INFO] Scanner complete (Arctic Shift+RSS). 0 new posts collected, 0 media downloaded, 0 links verified.
2026-06-12T06:06:23+0000 [INFO] Scanner starting. Batch: 2026-06-12T06:06
2026-06-12T06:06:23+0000 [INFO] Running in dual-source mode (Arctic Shift + RSS)
2026-06-12T06:06:24+0000 [INFO] Arctic Shift returned 3 posts
2026-06-12T06:06:25+0000 [INFO] RSS returned 100 posts
2026-06-12T06:06:26+0000 [INFO] Scanner complete (Arctic Shift+RSS). 3 new posts collected, 0 media downloaded, 2 links verified.
2026-06-12T06:11:23+0000 [INFO] Scanner starting. Batch: 2026-06-12T06:11
2026-06-12T06:11:23+0000 [INFO] Running in dual-source mode (Arctic Shift + RSS)
2026-06-12T06:11:24+0000 [INFO] Arctic Shift returned 2 posts
2026-06-12T06:11:25+0000 [INFO] RSS returned 100 posts
2026-06-12T06:11:25+0000 [INFO] Scanner complete (Arctic Shift+RSS). 1 new posts collected, 0 media downloaded, 1 links verified.
2026-06-12T06:16:36+0000 [INFO] Scanner starting. Batch: 2026-06-12T06:16
2026-06-12T06:16:36+0000 [INFO] Running in dual-source mode (Arctic Shift + RSS)
2026-06-12T06:16:37+0000 [INFO] Arctic Shift returned 2 posts
2026-06-12T06:16:37+0000 [INFO] RSS returned 100 posts
2026-06-12T06:16:38+0000 [INFO] Scanner complete (Arctic Shift+RSS). 2 new posts collected, 0 media downloaded, 1 links verified.
2026-06-12T06:21:21+0000 [INFO] Scanner starting. Batch: 2026-06-12T06:21
2026-06-12T06:21:21+0000 [INFO] Running in dual-source mode (Arctic Shift + RSS)
2026-06-12T06:21:23+0000 [INFO] Arctic Shift returned 2 posts
2026-06-12T06:21:24+0000 [INFO] RSS returned 100 posts
2026-06-12T06:21:24+0000 [INFO] Scanner complete (Arctic Shift+RSS). 2 new posts collected, 0 media downloaded, 2 links verified.
2026-06-12T06:26:29+0000 [INFO] Scanner starting. Batch: 2026-06-12T06:26
2026-06-12T06:26:29+0000 [INFO] Running in dual-source mode (Arctic Shift + RSS)
2026-06-12T06:26:31+0000 [INFO] Arctic Shift returned 2 posts
2026-06-12T06:26:32+0000 [INFO] RSS returned 100 posts
2026-06-12T06:26:32+0000 [INFO] Scanner complete (Arctic Shift+RSS). 1 new posts collected, 0 media downloaded, 1 links verified.
2026-06-12T06:31:23+0000 [INFO] Scanner starting. Batch: 2026-06-12T06:31
2026-06-12T06:31:23+0000 [INFO] Running in dual-source mode (Arctic Shift + RSS)
2026-06-12T06:31:24+0000 [INFO] Arctic Shift returned 0 posts
2026-06-12T06:31:25+0000 [INFO] RSS returned 100 posts
2026-06-12T06:31:25+0000 [INFO] Scanner complete (Arctic Shift+RSS). 0 new posts collected, 0 media downloaded, 0 links verified.
2026-06-12T06:36:53+0000 [INFO] Scanner starting. Batch: 2026-06-12T06:36
2026-06-12T06:36:53+0000 [INFO] Running in dual-source mode (Arctic Shift + RSS)
2026-06-12T06:36:55+0000 [INFO] Arctic Shift returned 2 posts
2026-06-12T06:36:56+0000 [INFO] RSS returned 100 posts
2026-06-12T06:36:56+0000 [INFO] Scanner complete (Arctic Shift+RSS). 2 new posts collected, 3 media downloaded, 0 links verified.
2026-06-12T06:42:03+0000 [INFO] Scanner starting. Batch: 2026-06-12T06:42
2026-06-12T06:42:03+0000 [INFO] Running in dual-source mode (Arctic Shift + RSS)
2026-06-12T06:42:05+0000 [INFO] Arctic Shift returned 2 posts
2026-06-12T06:42:06+0000 [INFO] RSS returned 100 posts
2026-06-12T06:42:07+0000 [INFO] Scanner complete (Arctic Shift+RSS). 3 new posts collected, 2 media downloaded, 0 links verified.
2026-06-12T06:46:36+0000 [INFO] Scanner starting. Batch: 2026-06-12T06:46
2026-06-12T06:46:36+0000 [INFO] Running in dual-source mode (Arctic Shift + RSS)
2026-06-12T06:46:37+0000 [INFO] Arctic Shift returned 3 posts
2026-06-12T06:46:39+0000 [INFO] RSS returned 100 posts
2026-06-12T06:46:39+0000 [INFO] Scanner complete (Arctic Shift+RSS). 0 new posts collected, 0 media downloaded, 0 links verified.
2026-06-12T06:51:41+0000 [INFO] Scanner starting. Batch: 2026-06-12T06:51
2026-06-12T06:51:41+0000 [INFO] Running in dual-source mode (Arctic Shift + RSS)
2026-06-12T06:51:42+0000 [INFO] Arctic Shift returned 1 posts
2026-06-12T06:51:43+0000 [INFO] RSS returned 100 posts
2026-06-12T06:51:43+0000 [INFO] Scanner complete (Arctic Shift+RSS). 1 new posts collected, 0 media downloaded, 1 links verified.
2026-06-12T06:56:26+0000 [INFO] Scanner starting. Batch: 2026-06-12T06:56
2026-06-12T06:56:26+0000 [INFO] Running in dual-source mode (Arctic Shift + RSS)
2026-06-12T06:56:28+0000 [INFO] Arctic Shift returned 4 posts
2026-06-12T06:56:28+0000 [INFO] RSS returned 100 posts
2026-06-12T06:56:29+0000 [INFO] Scanner complete (Arctic Shift+RSS). 3 new posts collected, 4 media downloaded, 1 links verified.
