2026-06-12T15:01:07+0000 [INFO] Scanner starting. Batch: 2026-06-12T15:01
2026-06-12T15:01:07+0000 [INFO] Running in dual-source mode (Arctic Shift + RSS)
2026-06-12T15:01:09+0000 [INFO] Arctic Shift returned 3 posts
2026-06-12T15:01:09+0000 [INFO] RSS returned 100 posts
2026-06-12T15:01:10+0000 [INFO] Scanner complete (Arctic Shift+RSS). 3 new posts collected, 1 media downloaded, 1 links verified.
2026-06-12T15:05:50+0000 [INFO] Scanner starting. Batch: 2026-06-12T15:05
2026-06-12T15:05:50+0000 [INFO] Running in dual-source mode (Arctic Shift + RSS)
2026-06-12T15:05:52+0000 [INFO] Arctic Shift returned 2 posts
2026-06-12T15:05:53+0000 [INFO] RSS returned 100 posts
2026-06-12T15:05:53+0000 [INFO] Scanner complete (Arctic Shift+RSS). 1 new posts collected, 2 media downloaded, 0 links verified.
2026-06-12T15:10:52+0000 [INFO] Scanner starting. Batch: 2026-06-12T15:10
2026-06-12T15:10:52+0000 [INFO] Running in dual-source mode (Arctic Shift + RSS)
2026-06-12T15:10:54+0000 [INFO] Arctic Shift returned 1 posts
2026-06-12T15:10:54+0000 [INFO] RSS returned 100 posts
2026-06-12T15:10:55+0000 [INFO] Scanner complete (Arctic Shift+RSS). 1 new posts collected, 2 media downloaded, 0 links verified.
2026-06-12T15:16:12+0000 [INFO] Scanner starting. Batch: 2026-06-12T15:16
2026-06-12T15:16:12+0000 [INFO] Running in dual-source mode (Arctic Shift + RSS)
2026-06-12T15:16:15+0000 [INFO] Arctic Shift returned 2 posts
2026-06-12T15:16:15+0000 [INFO] RSS returned 100 posts
2026-06-12T15:16:16+0000 [INFO] Scanner complete (Arctic Shift+RSS). 2 new posts collected, 0 media downloaded, 1 links verified.
2026-06-12T15:20:57+0000 [INFO] Scanner starting. Batch: 2026-06-12T15:20
2026-06-12T15:20:57+0000 [INFO] Running in dual-source mode (Arctic Shift + RSS)
2026-06-12T15:20:59+0000 [INFO] Arctic Shift returned 3 posts
2026-06-12T15:21:00+0000 [INFO] RSS returned 100 posts
2026-06-12T15:21:00+0000 [INFO] Scanner complete (Arctic Shift+RSS). 3 new posts collected, 0 media downloaded, 2 links verified.
2026-06-12T15:25:54+0000 [INFO] Scanner starting. Batch: 2026-06-12T15:25
2026-06-12T15:25:54+0000 [INFO] Running in dual-source mode (Arctic Shift + RSS)
2026-06-12T15:25:56+0000 [INFO] Arctic Shift returned 3 posts
2026-06-12T15:25:56+0000 [INFO] RSS returned 100 posts
2026-06-12T15:25:58+0000 [INFO] Scanner complete (Arctic Shift+RSS). 4 new posts collected, 3 media downloaded, 2 links verified.
