2026-06-12T00:01:10+0000 [INFO] Scanner starting. Batch: 2026-06-12T00:01
2026-06-12T00:01:10+0000 [INFO] Running in dual-source mode (Arctic Shift + RSS)
2026-06-12T00:01:12+0000 [INFO] Arctic Shift returned 2 posts
2026-06-12T00:01:12+0000 [INFO] RSS returned 100 posts
2026-06-12T00:01:13+0000 [INFO] Scanner complete (Arctic Shift+RSS). 2 new posts collected, 4 media downloaded, 0 links verified.
2026-06-12T00:06:09+0000 [INFO] Scanner starting. Batch: 2026-06-12T00:06
2026-06-12T00:06:09+0000 [INFO] Running in dual-source mode (Arctic Shift + RSS)
2026-06-12T00:06:11+0000 [INFO] Arctic Shift returned 2 posts
2026-06-12T00:06:12+0000 [INFO] RSS returned 100 posts
2026-06-12T00:06:12+0000 [INFO] Scanner complete (Arctic Shift+RSS). 0 new posts collected, 0 media downloaded, 0 links verified.
2026-06-12T00:11:02+0000 [INFO] Scanner starting. Batch: 2026-06-12T00:11
2026-06-12T00:11:02+0000 [INFO] Running in dual-source mode (Arctic Shift + RSS)
2026-06-12T00:11:04+0000 [INFO] Arctic Shift returned 1 posts
2026-06-12T00:11:05+0000 [INFO] RSS returned 100 posts
2026-06-12T00:11:05+0000 [INFO] Scanner complete (Arctic Shift+RSS). 1 new posts collected, 0 media downloaded, 0 links verified.
2026-06-12T00:16:04+0000 [INFO] Scanner starting. Batch: 2026-06-12T00:16
2026-06-12T00:16:04+0000 [INFO] Running in dual-source mode (Arctic Shift + RSS)
2026-06-12T00:16:05+0000 [INFO] Arctic Shift returned 5 posts
2026-06-12T00:16:06+0000 [INFO] RSS returned 100 posts
2026-06-12T00:16:07+0000 [INFO] Scanner complete (Arctic Shift+RSS). 4 new posts collected, 1 media downloaded, 1 links verified.
2026-06-12T00:21:02+0000 [INFO] Scanner starting. Batch: 2026-06-12T00:21
2026-06-12T00:21:02+0000 [INFO] Running in dual-source mode (Arctic Shift + RSS)
2026-06-12T00:21:04+0000 [INFO] Arctic Shift returned 2 posts
2026-06-12T00:21:05+0000 [INFO] RSS returned 100 posts
2026-06-12T00:21:05+0000 [INFO] Scanner complete (Arctic Shift+RSS). 0 new posts collected, 0 media downloaded, 0 links verified.
2026-06-12T00:23:57+0000 [INFO] Scanner starting. Batch: 2026-06-12T00:23
2026-06-12T00:23:57+0000 [INFO] Running in dual-source mode (Arctic Shift + RSS)
2026-06-12T00:23:58+0000 [INFO] Arctic Shift returned 0 posts
2026-06-12T00:23:59+0000 [INFO] RSS returned 100 posts
2026-06-12T00:23:59+0000 [INFO] Scanner complete (Arctic Shift+RSS). 0 new posts collected, 0 media downloaded, 0 links verified.
2026-06-12T00:26:00+0000 [INFO] Scanner starting. Batch: 2026-06-12T00:26
2026-06-12T00:26:00+0000 [INFO] Running in dual-source mode (Arctic Shift + RSS)
2026-06-12T00:26:01+0000 [INFO] Arctic Shift returned 0 posts
2026-06-12T00:26:02+0000 [INFO] RSS returned 100 posts
2026-06-12T00:26:02+0000 [INFO] Scanner complete (Arctic Shift+RSS). 0 new posts collected, 0 media downloaded, 0 links verified.
2026-06-12T00:31:20+0000 [INFO] Scanner starting. Batch: 2026-06-12T00:31
2026-06-12T00:31:20+0000 [INFO] Running in dual-source mode (Arctic Shift + RSS)
2026-06-12T00:31:22+0000 [INFO] Arctic Shift returned 2 posts
2026-06-12T00:31:23+0000 [INFO] RSS returned 100 posts
2026-06-12T00:31:23+0000 [INFO] Scanner complete (Arctic Shift+RSS). 2 new posts collected, 0 media downloaded, 0 links verified.
2026-06-12T00:35:56+0000 [INFO] Scanner starting. Batch: 2026-06-12T00:35
2026-06-12T00:35:56+0000 [INFO] Running in dual-source mode (Arctic Shift + RSS)
2026-06-12T00:35:58+0000 [INFO] Arctic Shift returned 2 posts
2026-06-12T00:35:58+0000 [INFO] RSS returned 100 posts
2026-06-12T00:35:58+0000 [INFO] Scanner complete (Arctic Shift+RSS). 2 new posts collected, 0 media downloaded, 0 links verified.
2026-06-12T00:41:03+0000 [INFO] Scanner starting. Batch: 2026-06-12T00:41
2026-06-12T00:41:03+0000 [INFO] Running in dual-source mode (Arctic Shift + RSS)
2026-06-12T00:41:04+0000 [INFO] Arctic Shift returned 0 posts
2026-06-12T00:41:05+0000 [INFO] RSS returned 100 posts
2026-06-12T00:41:05+0000 [INFO] Scanner complete (Arctic Shift+RSS). 0 new posts collected, 0 media downloaded, 0 links verified.
2026-06-12T00:45:59+0000 [INFO] Scanner starting. Batch: 2026-06-12T00:45
2026-06-12T00:45:59+0000 [INFO] Running in dual-source mode (Arctic Shift + RSS)
2026-06-12T00:46:20+0000 [INFO] Arctic Shift returned 3 posts
2026-06-12T00:46:23+0000 [INFO] RSS returned 100 posts
2026-06-12T00:46:23+0000 [INFO] Scanner complete (Arctic Shift+RSS). 3 new posts collected, 0 media downloaded, 0 links verified.
2026-06-12T00:51:07+0000 [INFO] Scanner starting. Batch: 2026-06-12T00:51
2026-06-12T00:51:07+0000 [INFO] Running in dual-source mode (Arctic Shift + RSS)
2026-06-12T00:51:09+0000 [INFO] Arctic Shift returned 2 posts
2026-06-12T00:51:10+0000 [INFO] RSS returned 100 posts
2026-06-12T00:51:10+0000 [INFO] Scanner complete (Arctic Shift+RSS). 1 new posts collected, 1 media downloaded, 0 links verified.
2026-06-12T00:55:59+0000 [INFO] Scanner starting. Batch: 2026-06-12T00:55
2026-06-12T00:55:59+0000 [INFO] Running in dual-source mode (Arctic Shift + RSS)
2026-06-12T00:55:59+0000 [INFO] Arctic Shift returned 0 posts
2026-06-12T00:56:00+0000 [INFO] RSS returned 100 posts
2026-06-12T00:56:00+0000 [INFO] Scanner complete (Arctic Shift+RSS). 0 new posts collected, 0 media downloaded, 0 links verified.
