2026-06-11T05:00:40+0000 [INFO] Scanner starting. Batch: 2026-06-11T05:00
2026-06-11T05:00:40+0000 [INFO] Running in dual-source mode (Arctic Shift + RSS)
2026-06-11T05:00:41+0000 [INFO] Arctic Shift returned 0 posts
2026-06-11T05:00:42+0000 [INFO] RSS returned 100 posts
2026-06-11T05:00:42+0000 [INFO] Scanner complete (Arctic Shift+RSS). 0 new posts collected, 0 media downloaded, 0 links verified.
2026-06-11T05:05:28+0000 [INFO] Scanner starting. Batch: 2026-06-11T05:05
2026-06-11T05:05:28+0000 [INFO] Running in dual-source mode (Arctic Shift + RSS)
2026-06-11T05:05:29+0000 [INFO] Arctic Shift returned 0 posts
2026-06-11T05:05:29+0000 [INFO] RSS returned 100 posts
2026-06-11T05:05:29+0000 [INFO] Scanner complete (Arctic Shift+RSS). 0 new posts collected, 0 media downloaded, 0 links verified.
2026-06-11T05:10:36+0000 [INFO] Scanner starting. Batch: 2026-06-11T05:10
2026-06-11T05:10:36+0000 [INFO] Running in dual-source mode (Arctic Shift + RSS)
2026-06-11T05:10:37+0000 [INFO] Arctic Shift returned 0 posts
2026-06-11T05:10:38+0000 [INFO] RSS returned 100 posts
2026-06-11T05:10:38+0000 [INFO] Scanner complete (Arctic Shift+RSS). 0 new posts collected, 0 media downloaded, 0 links verified.
2026-06-11T05:15:32+0000 [INFO] Scanner starting. Batch: 2026-06-11T05:15
2026-06-11T05:15:32+0000 [INFO] Running in dual-source mode (Arctic Shift + RSS)
2026-06-11T05:15:35+0000 [INFO] Arctic Shift returned 0 posts
2026-06-11T05:15:36+0000 [INFO] RSS returned 100 posts
2026-06-11T05:15:36+0000 [INFO] Scanner complete (Arctic Shift+RSS). 0 new posts collected, 0 media downloaded, 0 links verified.
2026-06-11T05:20:30+0000 [INFO] Scanner starting. Batch: 2026-06-11T05:20
2026-06-11T05:20:30+0000 [INFO] Running in dual-source mode (Arctic Shift + RSS)
2026-06-11T05:20:30+0000 [INFO] Arctic Shift returned 0 posts
2026-06-11T05:20:31+0000 [INFO] RSS returned 100 posts
2026-06-11T05:20:31+0000 [INFO] Scanner complete (Arctic Shift+RSS). 0 new posts collected, 0 media downloaded, 0 links verified.
2026-06-11T05:25:30+0000 [INFO] Scanner starting. Batch: 2026-06-11T05:25
2026-06-11T05:25:30+0000 [INFO] Running in dual-source mode (Arctic Shift + RSS)
2026-06-11T05:25:31+0000 [INFO] Arctic Shift returned 4 posts
2026-06-11T05:25:32+0000 [INFO] RSS returned 100 posts
2026-06-11T05:25:33+0000 [INFO] Scanner complete (Arctic Shift+RSS). 4 new posts collected, 2 media downloaded, 3 links verified.
2026-06-11T05:30:32+0000 [INFO] Scanner starting. Batch: 2026-06-11T05:30
2026-06-11T05:30:32+0000 [INFO] Running in dual-source mode (Arctic Shift + RSS)
2026-06-11T05:30:46+0000 [INFO] Arctic Shift returned 4 posts
2026-06-11T05:30:46+0000 [INFO] RSS returned 100 posts
2026-06-11T05:30:49+0000 [INFO] Scanner complete (Arctic Shift+RSS). 2 new posts collected, 3 media downloaded, 0 links verified.
2026-06-11T05:35:32+0000 [INFO] Scanner starting. Batch: 2026-06-11T05:35
2026-06-11T05:35:32+0000 [INFO] Running in dual-source mode (Arctic Shift + RSS)
2026-06-11T05:35:39+0000 [INFO] Arctic Shift returned 1 posts
2026-06-11T05:35:39+0000 [INFO] RSS returned 100 posts
2026-06-11T05:35:39+0000 [INFO] Scanner complete (Arctic Shift+RSS). 0 new posts collected, 0 media downloaded, 0 links verified.
2026-06-11T05:40:33+0000 [INFO] Scanner starting. Batch: 2026-06-11T05:40
2026-06-11T05:40:33+0000 [INFO] Running in dual-source mode (Arctic Shift + RSS)
2026-06-11T05:40:34+0000 [INFO] Arctic Shift returned 2 posts
2026-06-11T05:40:35+0000 [INFO] RSS returned 100 posts
2026-06-11T05:40:36+0000 [INFO] Scanner complete (Arctic Shift+RSS). 2 new posts collected, 3 media downloaded, 0 links verified.
2026-06-11T05:45:37+0000 [INFO] Scanner starting. Batch: 2026-06-11T05:45
2026-06-11T05:45:37+0000 [INFO] Running in dual-source mode (Arctic Shift + RSS)
2026-06-11T05:45:38+0000 [INFO] Arctic Shift returned 1 posts
2026-06-11T05:45:39+0000 [INFO] RSS returned 100 posts
2026-06-11T05:45:40+0000 [INFO] Scanner complete (Arctic Shift+RSS). 1 new posts collected, 0 media downloaded, 1 links verified.
2026-06-11T05:50:34+0000 [INFO] Scanner starting. Batch: 2026-06-11T05:50
2026-06-11T05:50:34+0000 [INFO] Running in dual-source mode (Arctic Shift + RSS)
2026-06-11T05:50:35+0000 [INFO] Arctic Shift returned 2 posts
2026-06-11T05:50:36+0000 [INFO] RSS returned 100 posts
2026-06-11T05:50:37+0000 [INFO] Scanner complete (Arctic Shift+RSS). 1 new posts collected, 0 media downloaded, 1 links verified.
