2026-06-11T18:01:11+0000 [INFO] Scanner starting. Batch: 2026-06-11T18:01
2026-06-11T18:01:11+0000 [INFO] Running in dual-source mode (Arctic Shift + RSS)
2026-06-11T18:01:13+0000 [INFO] Arctic Shift returned 2 posts
2026-06-11T18:01:14+0000 [INFO] RSS returned 100 posts
2026-06-11T18:01:14+0000 [INFO] Scanner complete (Arctic Shift+RSS). 2 new posts collected, 0 media downloaded, 0 links verified.
2026-06-11T18:06:06+0000 [INFO] Scanner starting. Batch: 2026-06-11T18:06
2026-06-11T18:06:06+0000 [INFO] Running in dual-source mode (Arctic Shift + RSS)
2026-06-11T18:06:10+0000 [INFO] Arctic Shift returned 2 posts
2026-06-11T18:06:11+0000 [INFO] RSS returned 100 posts
2026-06-11T18:06:11+0000 [INFO] Scanner complete (Arctic Shift+RSS). 2 new posts collected, 0 media downloaded, 0 links verified.
2026-06-11T18:11:04+0000 [INFO] Scanner starting. Batch: 2026-06-11T18:11
2026-06-11T18:11:04+0000 [INFO] Running in dual-source mode (Arctic Shift + RSS)
2026-06-11T18:11:05+0000 [INFO] Arctic Shift returned 2 posts
2026-06-11T18:11:06+0000 [INFO] RSS returned 100 posts
2026-06-11T18:11:06+0000 [INFO] Scanner complete (Arctic Shift+RSS). 2 new posts collected, 0 media downloaded, 1 links verified.
2026-06-11T18:16:08+0000 [INFO] Scanner starting. Batch: 2026-06-11T18:16
2026-06-11T18:16:08+0000 [INFO] Running in dual-source mode (Arctic Shift + RSS)
2026-06-11T18:16:12+0000 [INFO] Arctic Shift returned 1 posts
2026-06-11T18:16:13+0000 [INFO] RSS returned 100 posts
2026-06-11T18:16:13+0000 [INFO] Scanner complete (Arctic Shift+RSS). 1 new posts collected, 3 media downloaded, 1 links verified.
2026-06-11T18:21:05+0000 [INFO] Scanner starting. Batch: 2026-06-11T18:21
2026-06-11T18:21:05+0000 [INFO] Running in dual-source mode (Arctic Shift + RSS)
2026-06-11T18:21:07+0000 [INFO] Arctic Shift returned 5 posts
2026-06-11T18:21:08+0000 [INFO] RSS returned 100 posts
2026-06-11T18:21:08+0000 [INFO] Scanner complete (Arctic Shift+RSS). 4 new posts collected, 0 media downloaded, 1 links verified.
2026-06-11T18:26:02+0000 [INFO] Scanner starting. Batch: 2026-06-11T18:26
2026-06-11T18:26:02+0000 [INFO] Running in dual-source mode (Arctic Shift + RSS)
2026-06-11T18:26:04+0000 [INFO] Arctic Shift returned 4 posts
2026-06-11T18:26:05+0000 [INFO] RSS returned 100 posts
2026-06-11T18:26:05+0000 [INFO] Scanner complete (Arctic Shift+RSS). 2 new posts collected, 2 media downloaded, 0 links verified.
2026-06-11T18:27:01+0000 [INFO] Scanner starting. Batch: 2026-06-11T18:27
2026-06-11T18:27:01+0000 [INFO] Running in dual-source mode (Arctic Shift + RSS)
2026-06-11T18:27:04+0000 [INFO] Arctic Shift returned 4 posts
2026-06-11T18:27:05+0000 [INFO] RSS returned 100 posts
2026-06-11T18:27:05+0000 [INFO] Scanner complete (Arctic Shift+RSS). 1 new posts collected, 0 media downloaded, 0 links verified.
2026-06-11T18:31:08+0000 [INFO] Scanner starting. Batch: 2026-06-11T18:31
2026-06-11T18:31:08+0000 [INFO] Running in dual-source mode (Arctic Shift + RSS)
2026-06-11T18:31:09+0000 [INFO] Arctic Shift returned 10 posts
2026-06-11T18:31:10+0000 [INFO] RSS returned 100 posts
2026-06-11T18:31:11+0000 [INFO] Scanner complete (Arctic Shift+RSS). 8 new posts collected, 6 media downloaded, 1 links verified.
2026-06-11T18:35:58+0000 [INFO] Scanner starting. Batch: 2026-06-11T18:35
2026-06-11T18:35:58+0000 [INFO] Running in dual-source mode (Arctic Shift + RSS)
2026-06-11T18:36:01+0000 [INFO] Arctic Shift returned 9 posts
2026-06-11T18:36:02+0000 [INFO] RSS returned 100 posts
2026-06-11T18:36:03+0000 [INFO] Scanner complete (Arctic Shift+RSS). 5 new posts collected, 5 media downloaded, 1 links verified.
2026-06-11T18:41:04+0000 [INFO] Scanner starting. Batch: 2026-06-11T18:41
2026-06-11T18:41:04+0000 [INFO] Running in dual-source mode (Arctic Shift + RSS)
2026-06-11T18:41:06+0000 [INFO] Arctic Shift returned 5 posts
2026-06-11T18:41:06+0000 [INFO] RSS returned 100 posts
2026-06-11T18:41:07+0000 [INFO] Scanner complete (Arctic Shift+RSS). 3 new posts collected, 0 media downloaded, 2 links verified.
