2026-06-12T20:01:16+0000 [INFO] Scanner starting. Batch: 2026-06-12T20:01
2026-06-12T20:01:16+0000 [INFO] Running in dual-source mode (Arctic Shift + RSS)
2026-06-12T20:01:19+0000 [INFO] Arctic Shift returned 3 posts
2026-06-12T20:01:20+0000 [INFO] RSS returned 100 posts
2026-06-12T20:01:20+0000 [INFO] Scanner complete (Arctic Shift+RSS). 2 new posts collected, 2 media downloaded, 0 links verified.
2026-06-12T20:06:01+0000 [INFO] Scanner starting. Batch: 2026-06-12T20:06
2026-06-12T20:06:01+0000 [INFO] Running in dual-source mode (Arctic Shift + RSS)
2026-06-12T20:06:03+0000 [INFO] Arctic Shift returned 5 posts
2026-06-12T20:06:04+0000 [INFO] RSS returned 100 posts
2026-06-12T20:06:05+0000 [INFO] Scanner complete (Arctic Shift+RSS). 4 new posts collected, 2 media downloaded, 0 links verified.
2026-06-12T20:11:46+0000 [INFO] Scanner starting. Batch: 2026-06-12T20:11
2026-06-12T20:11:46+0000 [INFO] Running in dual-source mode (Arctic Shift + RSS)
2026-06-12T20:11:47+0000 [INFO] Arctic Shift returned 1 posts
2026-06-12T20:11:48+0000 [INFO] RSS returned 100 posts
2026-06-12T20:11:48+0000 [INFO] Scanner complete (Arctic Shift+RSS). 1 new posts collected, 0 media downloaded, 0 links verified.
2026-06-12T20:16:14+0000 [INFO] Scanner starting. Batch: 2026-06-12T20:16
2026-06-12T20:16:14+0000 [INFO] Running in dual-source mode (Arctic Shift + RSS)
2026-06-12T20:16:15+0000 [INFO] Arctic Shift returned 2 posts
2026-06-12T20:16:16+0000 [INFO] RSS returned 100 posts
2026-06-12T20:16:16+0000 [INFO] Scanner complete (Arctic Shift+RSS). 2 new posts collected, 0 media downloaded, 1 links verified.
