2026-06-11T04:00:32+0000 [INFO] Scanner starting. Batch: 2026-06-11T04:00
2026-06-11T04:00:32+0000 [INFO] Running in dual-source mode (Arctic Shift + RSS)
2026-06-11T04:00:34+0000 [INFO] Arctic Shift returned 1 posts
2026-06-11T04:00:34+0000 [INFO] RSS returned 100 posts
2026-06-11T04:00:35+0000 [INFO] Scanner complete (Arctic Shift+RSS). 1 new posts collected, 2 media downloaded, 0 links verified.
2026-06-11T04:05:34+0000 [INFO] Scanner starting. Batch: 2026-06-11T04:05
2026-06-11T04:05:34+0000 [INFO] Running in dual-source mode (Arctic Shift + RSS)
2026-06-11T04:05:35+0000 [INFO] Arctic Shift returned 0 posts
2026-06-11T04:05:36+0000 [INFO] RSS returned 100 posts
2026-06-11T04:05:36+0000 [INFO] Scanner complete (Arctic Shift+RSS). 0 new posts collected, 0 media downloaded, 0 links verified.
2026-06-11T04:10:27+0000 [INFO] Scanner starting. Batch: 2026-06-11T04:10
2026-06-11T04:10:27+0000 [INFO] Running in dual-source mode (Arctic Shift + RSS)
2026-06-11T04:10:42+0000 [INFO] Arctic Shift returned 1 posts
2026-06-11T04:10:43+0000 [INFO] RSS returned 100 posts
2026-06-11T04:10:43+0000 [INFO] Scanner complete (Arctic Shift+RSS). 1 new posts collected, 0 media downloaded, 0 links verified.
2026-06-11T04:15:37+0000 [INFO] Scanner starting. Batch: 2026-06-11T04:15
2026-06-11T04:15:37+0000 [INFO] Running in dual-source mode (Arctic Shift + RSS)
2026-06-11T04:15:39+0000 [INFO] Arctic Shift returned 1 posts
2026-06-11T04:15:40+0000 [INFO] RSS returned 100 posts
2026-06-11T04:15:41+0000 [INFO] Scanner complete (Arctic Shift+RSS). 1 new posts collected, 1 media downloaded, 0 links verified.
2026-06-11T04:20:33+0000 [INFO] Scanner starting. Batch: 2026-06-11T04:20
2026-06-11T04:20:33+0000 [INFO] Running in dual-source mode (Arctic Shift + RSS)
2026-06-11T04:20:35+0000 [INFO] Arctic Shift returned 1 posts
2026-06-11T04:20:35+0000 [INFO] RSS returned 100 posts
2026-06-11T04:20:35+0000 [INFO] Scanner complete (Arctic Shift+RSS). 0 new posts collected, 0 media downloaded, 0 links verified.
2026-06-11T04:25:34+0000 [INFO] Scanner starting. Batch: 2026-06-11T04:25
2026-06-11T04:25:34+0000 [INFO] Running in dual-source mode (Arctic Shift + RSS)
2026-06-11T04:25:34+0000 [INFO] Arctic Shift returned 0 posts
2026-06-11T04:25:35+0000 [INFO] RSS returned 100 posts
2026-06-11T04:25:35+0000 [INFO] Scanner complete (Arctic Shift+RSS). 0 new posts collected, 0 media downloaded, 0 links verified.
