2026-06-13T08:01:38+0000 [INFO] Scanner starting. Batch: 2026-06-13T08:01
2026-06-13T08:01:38+0000 [INFO] Running in dual-source mode (Arctic Shift + RSS)
2026-06-13T08:01:40+0000 [INFO] Arctic Shift returned 2 posts
2026-06-13T08:01:41+0000 [INFO] RSS returned 100 posts
2026-06-13T08:01:41+0000 [INFO] Scanner complete (Arctic Shift+RSS). 2 new posts collected, 0 media downloaded, 1 links verified.
2026-06-13T08:06:27+0000 [INFO] Scanner starting. Batch: 2026-06-13T08:06
2026-06-13T08:06:27+0000 [INFO] Running in dual-source mode (Arctic Shift + RSS)
2026-06-13T08:06:28+0000 [INFO] Arctic Shift returned 2 posts
2026-06-13T08:06:29+0000 [INFO] RSS returned 100 posts
2026-06-13T08:06:29+0000 [INFO] Scanner complete (Arctic Shift+RSS). 1 new posts collected, 0 media downloaded, 0 links verified.
2026-06-13T08:11:27+0000 [INFO] Scanner starting. Batch: 2026-06-13T08:11
2026-06-13T08:11:27+0000 [INFO] Running in dual-source mode (Arctic Shift + RSS)
2026-06-13T08:11:29+0000 [INFO] Arctic Shift returned 3 posts
2026-06-13T08:11:30+0000 [INFO] RSS returned 100 posts
2026-06-13T08:11:31+0000 [INFO] Scanner complete (Arctic Shift+RSS). 2 new posts collected, 0 media downloaded, 1 links verified.
2026-06-13T08:14:17+0000 [INFO] Scanner starting. Batch: 2026-06-13T08:14
2026-06-13T08:14:17+0000 [INFO] Running in dual-source mode (Arctic Shift + RSS)
2026-06-13T08:14:19+0000 [INFO] Arctic Shift returned 3 posts
2026-06-13T08:14:19+0000 [INFO] RSS returned 100 posts
2026-06-13T08:14:20+0000 [INFO] Scanner complete (Arctic Shift+RSS). 2 new posts collected, 0 media downloaded, 1 links verified.
2026-06-13T08:16:29+0000 [INFO] Scanner starting. Batch: 2026-06-13T08:16
2026-06-13T08:16:29+0000 [INFO] Running in dual-source mode (Arctic Shift + RSS)
2026-06-13T08:16:30+0000 [INFO] Arctic Shift returned 3 posts
2026-06-13T08:16:31+0000 [INFO] RSS returned 100 posts
2026-06-13T08:16:31+0000 [INFO] Scanner complete (Arctic Shift+RSS). 1 new posts collected, 0 media downloaded, 0 links verified.
2026-06-13T08:21:41+0000 [INFO] Scanner starting. Batch: 2026-06-13T08:21
2026-06-13T08:21:41+0000 [INFO] Running in dual-source mode (Arctic Shift + RSS)
2026-06-13T08:21:43+0000 [INFO] Arctic Shift returned 4 posts
2026-06-13T08:21:44+0000 [INFO] RSS returned 100 posts
2026-06-13T08:21:44+0000 [INFO] Scanner complete (Arctic Shift+RSS). 3 new posts collected, 0 media downloaded, 2 links verified.
2026-06-13T08:26:34+0000 [INFO] Scanner starting. Batch: 2026-06-13T08:26
2026-06-13T08:26:34+0000 [INFO] Running in dual-source mode (Arctic Shift + RSS)
2026-06-13T08:26:35+0000 [INFO] Arctic Shift returned 4 posts
2026-06-13T08:26:36+0000 [INFO] RSS returned 100 posts
2026-06-13T08:26:37+0000 [INFO] Scanner complete (Arctic Shift+RSS). 2 new posts collected, 2 media downloaded, 1 links verified.
2026-06-13T08:31:45+0000 [INFO] Scanner starting. Batch: 2026-06-13T08:31
2026-06-13T08:31:45+0000 [INFO] Running in dual-source mode (Arctic Shift + RSS)
2026-06-13T08:31:46+0000 [INFO] Arctic Shift returned 2 posts
2026-06-13T08:31:47+0000 [INFO] RSS returned 100 posts
2026-06-13T08:31:47+0000 [INFO] Scanner complete (Arctic Shift+RSS). 0 new posts collected, 0 media downloaded, 0 links verified.
2026-06-13T08:36:22+0000 [INFO] Scanner starting. Batch: 2026-06-13T08:36
2026-06-13T08:36:22+0000 [INFO] Running in dual-source mode (Arctic Shift + RSS)
2026-06-13T08:36:23+0000 [INFO] Arctic Shift returned 0 posts
2026-06-13T08:36:24+0000 [INFO] RSS returned 100 posts
2026-06-13T08:36:24+0000 [INFO] Scanner complete (Arctic Shift+RSS). 0 new posts collected, 0 media downloaded, 0 links verified.
2026-06-13T08:41:41+0000 [INFO] Scanner starting. Batch: 2026-06-13T08:41
2026-06-13T08:41:41+0000 [INFO] Running in dual-source mode (Arctic Shift + RSS)
2026-06-13T08:41:42+0000 [INFO] Arctic Shift returned 0 posts
2026-06-13T08:41:43+0000 [INFO] RSS returned 100 posts
2026-06-13T08:41:43+0000 [INFO] Scanner complete (Arctic Shift+RSS). 1 new posts collected, 0 media downloaded, 1 links verified.
2026-06-13T08:46:29+0000 [INFO] Scanner starting. Batch: 2026-06-13T08:46
2026-06-13T08:46:29+0000 [INFO] Running in dual-source mode (Arctic Shift + RSS)
2026-06-13T08:46:35+0000 [INFO] Arctic Shift returned 1 posts
2026-06-13T08:46:35+0000 [INFO] RSS returned 100 posts
2026-06-13T08:46:35+0000 [INFO] Scanner complete (Arctic Shift+RSS). 0 new posts collected, 0 media downloaded, 0 links verified.
2026-06-13T08:51:37+0000 [INFO] Scanner starting. Batch: 2026-06-13T08:51
2026-06-13T08:51:37+0000 [INFO] Running in dual-source mode (Arctic Shift + RSS)
2026-06-13T08:51:41+0000 [INFO] Arctic Shift returned 1 posts
2026-06-13T08:51:41+0000 [INFO] RSS returned 100 posts
2026-06-13T08:51:42+0000 [INFO] Scanner complete (Arctic Shift+RSS). 1 new posts collected, 1 media downloaded, 0 links verified.
