2026-06-11T07:00:47+0000 [INFO] Scanner starting. Batch: 2026-06-11T07:00
2026-06-11T07:00:47+0000 [INFO] Running in dual-source mode (Arctic Shift + RSS)
2026-06-11T07:00:49+0000 [INFO] Arctic Shift returned 1 posts
2026-06-11T07:00:50+0000 [INFO] RSS returned 100 posts
2026-06-11T07:00:50+0000 [INFO] Scanner complete (Arctic Shift+RSS). 0 new posts collected, 0 media downloaded, 0 links verified.
2026-06-11T07:05:39+0000 [INFO] Scanner starting. Batch: 2026-06-11T07:05
2026-06-11T07:05:39+0000 [INFO] Running in dual-source mode (Arctic Shift + RSS)
2026-06-11T07:05:40+0000 [INFO] Arctic Shift returned 2 posts
2026-06-11T07:05:41+0000 [INFO] RSS returned 100 posts
2026-06-11T07:05:54+0000 [INFO] Scanner complete (Arctic Shift+RSS). 2 new posts collected, 13 media downloaded, 1 links verified.
2026-06-11T07:11:24+0000 [INFO] Scanner starting. Batch: 2026-06-11T07:11
2026-06-11T07:11:24+0000 [INFO] Running in dual-source mode (Arctic Shift + RSS)
2026-06-11T07:11:26+0000 [INFO] Arctic Shift returned 2 posts
2026-06-11T07:11:27+0000 [INFO] RSS returned 100 posts
2026-06-11T07:11:28+0000 [INFO] Scanner complete (Arctic Shift+RSS). 2 new posts collected, 1 media downloaded, 0 links verified.
2026-06-11T07:15:43+0000 [INFO] Scanner starting. Batch: 2026-06-11T07:15
2026-06-11T07:15:43+0000 [INFO] Running in dual-source mode (Arctic Shift + RSS)
2026-06-11T07:15:45+0000 [INFO] Arctic Shift returned 1 posts
2026-06-11T07:15:45+0000 [INFO] RSS returned 100 posts
2026-06-11T07:15:45+0000 [INFO] Scanner complete (Arctic Shift+RSS). 0 new posts collected, 0 media downloaded, 0 links verified.
2026-06-11T07:20:39+0000 [INFO] Scanner starting. Batch: 2026-06-11T07:20
2026-06-11T07:20:39+0000 [INFO] Running in dual-source mode (Arctic Shift + RSS)
2026-06-11T07:20:41+0000 [INFO] Arctic Shift returned 3 posts
2026-06-11T07:20:42+0000 [INFO] RSS returned 100 posts
2026-06-11T07:20:42+0000 [INFO] Scanner complete (Arctic Shift+RSS). 3 new posts collected, 4 media downloaded, 0 links verified.
2026-06-11T07:25:40+0000 [INFO] Scanner starting. Batch: 2026-06-11T07:25
2026-06-11T07:25:40+0000 [INFO] Running in dual-source mode (Arctic Shift + RSS)
2026-06-11T07:25:42+0000 [INFO] Arctic Shift returned 2 posts
2026-06-11T07:25:43+0000 [INFO] RSS returned 100 posts
2026-06-11T07:25:43+0000 [INFO] Scanner complete (Arctic Shift+RSS). 1 new posts collected, 0 media downloaded, 0 links verified.
2026-06-11T07:30:46+0000 [INFO] Scanner starting. Batch: 2026-06-11T07:30
2026-06-11T07:30:46+0000 [INFO] Running in dual-source mode (Arctic Shift + RSS)
2026-06-11T07:30:48+0000 [INFO] Arctic Shift returned 1 posts
2026-06-11T07:30:48+0000 [INFO] RSS returned 100 posts
2026-06-11T07:30:48+0000 [INFO] Scanner complete (Arctic Shift+RSS). 1 new posts collected, 0 media downloaded, 0 links verified.
2026-06-11T07:35:38+0000 [INFO] Scanner starting. Batch: 2026-06-11T07:35
2026-06-11T07:35:38+0000 [INFO] Running in dual-source mode (Arctic Shift + RSS)
2026-06-11T07:35:48+0000 [INFO] Arctic Shift returned 4 posts
2026-06-11T07:35:48+0000 [INFO] RSS returned 100 posts
2026-06-11T07:35:49+0000 [INFO] Scanner complete (Arctic Shift+RSS). 4 new posts collected, 2 media downloaded, 1 links verified.
2026-06-11T07:40:42+0000 [INFO] Scanner starting. Batch: 2026-06-11T07:40
2026-06-11T07:40:42+0000 [INFO] Running in dual-source mode (Arctic Shift + RSS)
2026-06-11T07:40:44+0000 [INFO] Arctic Shift returned 6 posts
2026-06-11T07:40:44+0000 [INFO] RSS returned 100 posts
2026-06-11T07:40:45+0000 [INFO] Scanner complete (Arctic Shift+RSS). 3 new posts collected, 0 media downloaded, 2 links verified.
2026-06-11T07:46:20+0000 [INFO] Scanner starting. Batch: 2026-06-11T07:46
2026-06-11T07:46:20+0000 [INFO] Running in dual-source mode (Arctic Shift + RSS)
2026-06-11T07:46:22+0000 [INFO] Arctic Shift returned 4 posts
2026-06-11T07:46:23+0000 [INFO] RSS returned 100 posts
2026-06-11T07:46:23+0000 [INFO] Scanner complete (Arctic Shift+RSS). 3 new posts collected, 2 media downloaded, 0 links verified.
