2026-06-13T15:01:55+0000 [INFO] Scanner starting. Batch: 2026-06-13T15:01
2026-06-13T15:01:55+0000 [INFO] Running in dual-source mode (Arctic Shift + RSS)
2026-06-13T15:01:56+0000 [INFO] Arctic Shift returned 2 posts
2026-06-13T15:01:57+0000 [INFO] RSS returned 100 posts
2026-06-13T15:01:57+0000 [INFO] Scanner complete (Arctic Shift+RSS). 1 new posts collected, 0 media downloaded, 0 links verified.
2026-06-13T15:06:49+0000 [INFO] Scanner starting. Batch: 2026-06-13T15:06
2026-06-13T15:06:49+0000 [INFO] Running in dual-source mode (Arctic Shift + RSS)
2026-06-13T15:06:50+0000 [INFO] Arctic Shift returned 1 posts
2026-06-13T15:06:51+0000 [INFO] RSS returned 100 posts
2026-06-13T15:06:51+0000 [INFO] Scanner complete (Arctic Shift+RSS). 1 new posts collected, 0 media downloaded, 0 links verified.
2026-06-13T15:11:37+0000 [INFO] Scanner starting. Batch: 2026-06-13T15:11
2026-06-13T15:11:37+0000 [INFO] Running in dual-source mode (Arctic Shift + RSS)
2026-06-13T15:11:39+0000 [INFO] Arctic Shift returned 1 posts
2026-06-13T15:11:39+0000 [INFO] RSS returned 100 posts
2026-06-13T15:11:39+0000 [INFO] Scanner complete (Arctic Shift+RSS). 1 new posts collected, 1 media downloaded, 0 links verified.
2026-06-13T15:16:45+0000 [INFO] Scanner starting. Batch: 2026-06-13T15:16
2026-06-13T15:16:45+0000 [INFO] Running in dual-source mode (Arctic Shift + RSS)
2026-06-13T15:16:45+0000 [INFO] Arctic Shift returned 0 posts
2026-06-13T15:16:46+0000 [INFO] RSS returned 100 posts
2026-06-13T15:16:46+0000 [INFO] Scanner complete (Arctic Shift+RSS). 0 new posts collected, 0 media downloaded, 0 links verified.
