2026-06-11T01:00:33+0000 [INFO] Scanner starting. Batch: 2026-06-11T01:00
2026-06-11T01:00:33+0000 [INFO] Running in dual-source mode (Arctic Shift + RSS)
2026-06-11T01:00:34+0000 [INFO] Arctic Shift returned 0 posts
2026-06-11T01:00:35+0000 [INFO] RSS returned 100 posts
2026-06-11T01:00:35+0000 [INFO] Scanner complete (Arctic Shift+RSS). 0 new posts collected, 0 media downloaded, 0 links verified.
2026-06-11T01:05:33+0000 [INFO] Scanner starting. Batch: 2026-06-11T01:05
2026-06-11T01:05:33+0000 [INFO] Running in dual-source mode (Arctic Shift + RSS)
2026-06-11T01:05:37+0000 [INFO] Arctic Shift returned 1 posts
2026-06-11T01:05:37+0000 [INFO] RSS returned 100 posts
2026-06-11T01:05:37+0000 [INFO] Scanner complete (Arctic Shift+RSS). 1 new posts collected, 0 media downloaded, 0 links verified.
2026-06-11T01:10:34+0000 [INFO] Scanner starting. Batch: 2026-06-11T01:10
2026-06-11T01:10:34+0000 [INFO] Running in dual-source mode (Arctic Shift + RSS)
2026-06-11T01:10:36+0000 [INFO] Arctic Shift returned 2 posts
2026-06-11T01:10:37+0000 [INFO] RSS returned 100 posts
2026-06-11T01:10:37+0000 [INFO] Scanner complete (Arctic Shift+RSS). 2 new posts collected, 0 media downloaded, 1 links verified.
2026-06-11T01:15:28+0000 [INFO] Scanner starting. Batch: 2026-06-11T01:15
2026-06-11T01:15:28+0000 [INFO] Running in dual-source mode (Arctic Shift + RSS)
2026-06-11T01:15:32+0000 [INFO] Arctic Shift returned 2 posts
2026-06-11T01:15:33+0000 [INFO] RSS returned 100 posts
2026-06-11T01:15:33+0000 [INFO] Scanner complete (Arctic Shift+RSS). 1 new posts collected, 2 media downloaded, 0 links verified.
2026-06-11T01:20:26+0000 [INFO] Scanner starting. Batch: 2026-06-11T01:20
2026-06-11T01:20:26+0000 [INFO] Running in dual-source mode (Arctic Shift + RSS)
2026-06-11T01:20:27+0000 [INFO] Arctic Shift returned 1 posts
2026-06-11T01:20:28+0000 [INFO] RSS returned 100 posts
2026-06-11T01:20:28+0000 [INFO] Scanner complete (Arctic Shift+RSS). 1 new posts collected, 0 media downloaded, 0 links verified.
2026-06-11T01:25:25+0000 [INFO] Scanner starting. Batch: 2026-06-11T01:25
2026-06-11T01:25:25+0000 [INFO] Running in dual-source mode (Arctic Shift + RSS)
2026-06-11T01:25:25+0000 [INFO] Arctic Shift returned 0 posts
2026-06-11T01:25:26+0000 [INFO] RSS returned 100 posts
2026-06-11T01:25:26+0000 [INFO] Scanner complete (Arctic Shift+RSS). 0 new posts collected, 0 media downloaded, 0 links verified.
2026-06-11T01:30:37+0000 [INFO] Scanner starting. Batch: 2026-06-11T01:30
2026-06-11T01:30:37+0000 [INFO] Running in dual-source mode (Arctic Shift + RSS)
2026-06-11T01:30:37+0000 [INFO] Arctic Shift returned 0 posts
2026-06-11T01:30:38+0000 [INFO] RSS returned 100 posts
2026-06-11T01:30:38+0000 [INFO] Scanner complete (Arctic Shift+RSS). 0 new posts collected, 0 media downloaded, 0 links verified.
2026-06-11T01:35:26+0000 [INFO] Scanner starting. Batch: 2026-06-11T01:35
2026-06-11T01:35:26+0000 [INFO] Running in dual-source mode (Arctic Shift + RSS)
2026-06-11T01:35:26+0000 [INFO] Arctic Shift returned 0 posts
2026-06-11T01:35:27+0000 [INFO] RSS returned 100 posts
2026-06-11T01:35:27+0000 [INFO] Scanner complete (Arctic Shift+RSS). 0 new posts collected, 0 media downloaded, 0 links verified.
2026-06-11T01:40:32+0000 [INFO] Scanner starting. Batch: 2026-06-11T01:40
2026-06-11T01:40:32+0000 [INFO] Running in dual-source mode (Arctic Shift + RSS)
2026-06-11T01:40:33+0000 [INFO] Arctic Shift returned 0 posts
2026-06-11T01:40:34+0000 [INFO] RSS returned 100 posts
2026-06-11T01:40:34+0000 [INFO] Scanner complete (Arctic Shift+RSS). 0 new posts collected, 0 media downloaded, 0 links verified.
2026-06-11T01:43:34+0000 [INFO] Scanner starting. Batch: 2026-06-11T01:43
2026-06-11T01:43:34+0000 [INFO] Running in dual-source mode (Arctic Shift + RSS)
2026-06-11T01:43:35+0000 [INFO] Arctic Shift returned 0 posts
2026-06-11T01:43:36+0000 [INFO] RSS returned 100 posts
2026-06-11T01:43:36+0000 [INFO] Scanner complete (Arctic Shift+RSS). 0 new posts collected, 0 media downloaded, 0 links verified.
2026-06-11T01:45:34+0000 [INFO] Scanner starting. Batch: 2026-06-11T01:45
2026-06-11T01:45:34+0000 [INFO] Running in dual-source mode (Arctic Shift + RSS)
2026-06-11T01:45:35+0000 [INFO] Arctic Shift returned 0 posts
2026-06-11T01:45:36+0000 [INFO] RSS returned 100 posts
2026-06-11T01:45:36+0000 [INFO] Scanner complete (Arctic Shift+RSS). 0 new posts collected, 0 media downloaded, 0 links verified.
