2026-06-13T13:01:53+0000 [INFO] Scanner starting. Batch: 2026-06-13T13:01
2026-06-13T13:01:53+0000 [INFO] Running in dual-source mode (Arctic Shift + RSS)
2026-06-13T13:01:54+0000 [INFO] Arctic Shift returned 3 posts
2026-06-13T13:01:55+0000 [INFO] RSS returned 100 posts
2026-06-13T13:01:56+0000 [INFO] Scanner complete (Arctic Shift+RSS). 3 new posts collected, 1 media downloaded, 0 links verified.
2026-06-13T13:06:35+0000 [INFO] Scanner starting. Batch: 2026-06-13T13:06
2026-06-13T13:06:35+0000 [INFO] Running in dual-source mode (Arctic Shift + RSS)
2026-06-13T13:06:37+0000 [INFO] Arctic Shift returned 1 posts
2026-06-13T13:06:38+0000 [INFO] RSS returned 100 posts
2026-06-13T13:06:38+0000 [INFO] Scanner complete (Arctic Shift+RSS). 0 new posts collected, 0 media downloaded, 0 links verified.
2026-06-13T13:11:45+0000 [INFO] Scanner starting. Batch: 2026-06-13T13:11
2026-06-13T13:11:45+0000 [INFO] Running in dual-source mode (Arctic Shift + RSS)
2026-06-13T13:11:47+0000 [INFO] Arctic Shift returned 1 posts
2026-06-13T13:11:48+0000 [INFO] RSS returned 100 posts
2026-06-13T13:11:48+0000 [INFO] Scanner complete (Arctic Shift+RSS). 1 new posts collected, 0 media downloaded, 1 links verified.
2026-06-13T13:16:35+0000 [INFO] Scanner starting. Batch: 2026-06-13T13:16
2026-06-13T13:16:35+0000 [INFO] Running in dual-source mode (Arctic Shift + RSS)
2026-06-13T13:16:36+0000 [INFO] Arctic Shift returned 2 posts
2026-06-13T13:16:37+0000 [INFO] RSS returned 100 posts
2026-06-13T13:16:37+0000 [INFO] Scanner complete (Arctic Shift+RSS). 1 new posts collected, 0 media downloaded, 1 links verified.
2026-06-13T13:21:38+0000 [INFO] Scanner starting. Batch: 2026-06-13T13:21
2026-06-13T13:21:38+0000 [INFO] Running in dual-source mode (Arctic Shift + RSS)
2026-06-13T13:21:39+0000 [INFO] Arctic Shift returned 2 posts
2026-06-13T13:21:40+0000 [INFO] RSS returned 100 posts
2026-06-13T13:21:41+0000 [INFO] Scanner complete (Arctic Shift+RSS). 1 new posts collected, 2 media downloaded, 0 links verified.
2026-06-13T13:26:30+0000 [INFO] Scanner starting. Batch: 2026-06-13T13:26
2026-06-13T13:26:30+0000 [INFO] Running in dual-source mode (Arctic Shift + RSS)
2026-06-13T13:26:32+0000 [INFO] Arctic Shift returned 1 posts
2026-06-13T13:26:33+0000 [INFO] RSS returned 100 posts
2026-06-13T13:26:33+0000 [INFO] Scanner complete (Arctic Shift+RSS). 1 new posts collected, 0 media downloaded, 0 links verified.
2026-06-13T13:31:53+0000 [INFO] Scanner starting. Batch: 2026-06-13T13:31
2026-06-13T13:31:53+0000 [INFO] Running in dual-source mode (Arctic Shift + RSS)
2026-06-13T13:31:54+0000 [INFO] Arctic Shift returned 1 posts
2026-06-13T13:31:55+0000 [INFO] RSS returned 100 posts
2026-06-13T13:31:56+0000 [INFO] Scanner complete (Arctic Shift+RSS). 1 new posts collected, 2 media downloaded, 0 links verified.
2026-06-13T13:36:36+0000 [INFO] Scanner starting. Batch: 2026-06-13T13:36
2026-06-13T13:36:36+0000 [INFO] Running in dual-source mode (Arctic Shift + RSS)
2026-06-13T13:36:36+0000 [INFO] Arctic Shift returned 0 posts
2026-06-13T13:36:37+0000 [INFO] RSS returned 100 posts
2026-06-13T13:36:38+0000 [INFO] Scanner complete (Arctic Shift+RSS). 1 new posts collected, 0 media downloaded, 1 links verified.
2026-06-13T13:41:37+0000 [INFO] Scanner starting. Batch: 2026-06-13T13:41
2026-06-13T13:41:37+0000 [INFO] Running in dual-source mode (Arctic Shift + RSS)
2026-06-13T13:41:39+0000 [INFO] Arctic Shift returned 3 posts
2026-06-13T13:41:40+0000 [INFO] RSS returned 100 posts
2026-06-13T13:41:42+0000 [INFO] Scanner complete (Arctic Shift+RSS). 2 new posts collected, 0 media downloaded, 2 links verified.
