2026-06-11T14:01:06+0000 [INFO] Scanner starting. Batch: 2026-06-11T14:01
2026-06-11T14:01:06+0000 [INFO] Running in dual-source mode (Arctic Shift + RSS)
2026-06-11T14:01:08+0000 [INFO] Arctic Shift returned 3 posts
2026-06-11T14:01:09+0000 [INFO] RSS returned 100 posts
2026-06-11T14:01:10+0000 [INFO] Scanner complete (Arctic Shift+RSS). 3 new posts collected, 2 media downloaded, 0 links verified.
2026-06-11T14:05:42+0000 [INFO] Scanner starting. Batch: 2026-06-11T14:05
2026-06-11T14:05:42+0000 [INFO] Running in dual-source mode (Arctic Shift + RSS)
2026-06-11T14:05:43+0000 [INFO] Arctic Shift returned 0 posts
2026-06-11T14:05:44+0000 [INFO] RSS returned 100 posts
2026-06-11T14:05:44+0000 [INFO] Scanner complete (Arctic Shift+RSS). 0 new posts collected, 0 media downloaded, 0 links verified.
2026-06-11T14:10:46+0000 [INFO] Scanner starting. Batch: 2026-06-11T14:10
2026-06-11T14:10:46+0000 [INFO] Running in dual-source mode (Arctic Shift + RSS)
2026-06-11T14:10:48+0000 [INFO] Arctic Shift returned 2 posts
2026-06-11T14:10:49+0000 [INFO] RSS returned 100 posts
2026-06-11T14:10:50+0000 [INFO] Scanner complete (Arctic Shift+RSS). 2 new posts collected, 0 media downloaded, 2 links verified.
2026-06-11T14:15:49+0000 [INFO] Scanner starting. Batch: 2026-06-11T14:15
2026-06-11T14:15:49+0000 [INFO] Running in dual-source mode (Arctic Shift + RSS)
2026-06-11T14:15:51+0000 [INFO] Arctic Shift returned 3 posts
2026-06-11T14:15:52+0000 [INFO] RSS returned 100 posts
2026-06-11T14:15:52+0000 [INFO] Scanner complete (Arctic Shift+RSS). 2 new posts collected, 2 media downloaded, 1 links verified.
2026-06-11T14:20:56+0000 [INFO] Scanner starting. Batch: 2026-06-11T14:20
2026-06-11T14:20:56+0000 [INFO] Running in dual-source mode (Arctic Shift + RSS)
2026-06-11T14:20:56+0000 [INFO] Arctic Shift returned 0 posts
2026-06-11T14:20:57+0000 [INFO] RSS returned 100 posts
2026-06-11T14:20:57+0000 [INFO] Scanner complete (Arctic Shift+RSS). 0 new posts collected, 0 media downloaded, 0 links verified.
2026-06-11T14:25:53+0000 [INFO] Scanner starting. Batch: 2026-06-11T14:25
2026-06-11T14:25:53+0000 [INFO] Running in dual-source mode (Arctic Shift + RSS)
2026-06-11T14:25:55+0000 [INFO] Arctic Shift returned 1 posts
2026-06-11T14:25:55+0000 [INFO] RSS returned 100 posts
2026-06-11T14:25:56+0000 [INFO] Scanner complete (Arctic Shift+RSS). 1 new posts collected, 0 media downloaded, 1 links verified.
2026-06-11T14:30:55+0000 [INFO] Scanner starting. Batch: 2026-06-11T14:30
2026-06-11T14:30:55+0000 [INFO] Running in dual-source mode (Arctic Shift + RSS)
2026-06-11T14:30:57+0000 [INFO] Arctic Shift returned 5 posts
2026-06-11T14:30:57+0000 [INFO] RSS returned 100 posts
2026-06-11T14:30:59+0000 [INFO] Scanner complete (Arctic Shift+RSS). 5 new posts collected, 2 media downloaded, 2 links verified.
