2026-06-11T00:00:34+0000 [INFO] Scanner starting. Batch: 2026-06-11T00:00
2026-06-11T00:00:34+0000 [INFO] Running in dual-source mode (Arctic Shift + RSS)
2026-06-11T00:00:39+0000 [INFO] Arctic Shift returned 1 posts
2026-06-11T00:00:41+0000 [INFO] RSS returned 100 posts
2026-06-11T00:00:41+0000 [INFO] Scanner complete (Arctic Shift+RSS). 0 new posts collected, 0 media downloaded, 0 links verified.
2026-06-11T00:05:27+0000 [INFO] Scanner starting. Batch: 2026-06-11T00:05
2026-06-11T00:05:27+0000 [INFO] Running in dual-source mode (Arctic Shift + RSS)
2026-06-11T00:05:32+0000 [INFO] Arctic Shift returned 2 posts
2026-06-11T00:05:33+0000 [INFO] RSS returned 100 posts
2026-06-11T00:05:33+0000 [INFO] Scanner complete (Arctic Shift+RSS). 2 new posts collected, 0 media downloaded, 1 links verified.
2026-06-11T00:10:30+0000 [INFO] Scanner starting. Batch: 2026-06-11T00:10
2026-06-11T00:10:30+0000 [INFO] Running in dual-source mode (Arctic Shift + RSS)
2026-06-11T00:10:34+0000 [INFO] Arctic Shift returned 2 posts
2026-06-11T00:10:34+0000 [INFO] RSS returned 100 posts
2026-06-11T00:10:34+0000 [INFO] Scanner complete (Arctic Shift+RSS). 1 new posts collected, 0 media downloaded, 0 links verified.
2026-06-11T00:15:31+0000 [INFO] Scanner starting. Batch: 2026-06-11T00:15
2026-06-11T00:15:31+0000 [INFO] Running in dual-source mode (Arctic Shift + RSS)
2026-06-11T00:15:34+0000 [INFO] Arctic Shift returned 0 posts
2026-06-11T00:15:34+0000 [INFO] RSS returned 100 posts
2026-06-11T00:15:34+0000 [INFO] Scanner complete (Arctic Shift+RSS). 0 new posts collected, 0 media downloaded, 0 links verified.
2026-06-11T00:20:29+0000 [INFO] Scanner starting. Batch: 2026-06-11T00:20
2026-06-11T00:20:29+0000 [INFO] Running in dual-source mode (Arctic Shift + RSS)
2026-06-11T00:20:31+0000 [INFO] Arctic Shift returned 2 posts
2026-06-11T00:20:32+0000 [INFO] RSS returned 100 posts
2026-06-11T00:20:32+0000 [INFO] Scanner complete (Arctic Shift+RSS). 2 new posts collected, 0 media downloaded, 1 links verified.
2026-06-11T00:25:33+0000 [INFO] Scanner starting. Batch: 2026-06-11T00:25
2026-06-11T00:25:33+0000 [INFO] Running in dual-source mode (Arctic Shift + RSS)
2026-06-11T00:25:36+0000 [INFO] Arctic Shift returned 1 posts
2026-06-11T00:25:37+0000 [INFO] RSS returned 100 posts
2026-06-11T00:25:38+0000 [INFO] Scanner complete (Arctic Shift+RSS). 1 new posts collected, 0 media downloaded, 1 links verified.
2026-06-11T00:30:39+0000 [INFO] Scanner starting. Batch: 2026-06-11T00:30
2026-06-11T00:30:39+0000 [INFO] Running in dual-source mode (Arctic Shift + RSS)
2026-06-11T00:30:46+0000 [INFO] Arctic Shift returned 1 posts
2026-06-11T00:30:47+0000 [INFO] RSS returned 100 posts
2026-06-11T00:30:47+0000 [INFO] Scanner complete (Arctic Shift+RSS). 0 new posts collected, 0 media downloaded, 0 links verified.
2026-06-11T00:35:25+0000 [INFO] Scanner starting. Batch: 2026-06-11T00:35
2026-06-11T00:35:25+0000 [INFO] Running in dual-source mode (Arctic Shift + RSS)
2026-06-11T00:35:26+0000 [INFO] Arctic Shift returned 0 posts
2026-06-11T00:35:27+0000 [INFO] RSS returned 100 posts
2026-06-11T00:35:27+0000 [INFO] Scanner complete (Arctic Shift+RSS). 0 new posts collected, 0 media downloaded, 0 links verified.
2026-06-11T00:40:30+0000 [INFO] Scanner starting. Batch: 2026-06-11T00:40
2026-06-11T00:40:30+0000 [INFO] Running in dual-source mode (Arctic Shift + RSS)
2026-06-11T00:40:31+0000 [INFO] Arctic Shift returned 0 posts
2026-06-11T00:40:31+0000 [INFO] RSS returned 100 posts
2026-06-11T00:40:31+0000 [INFO] Scanner complete (Arctic Shift+RSS). 0 new posts collected, 0 media downloaded, 0 links verified.
2026-06-11T00:45:28+0000 [INFO] Scanner starting. Batch: 2026-06-11T00:45
2026-06-11T00:45:28+0000 [INFO] Running in dual-source mode (Arctic Shift + RSS)
2026-06-11T00:45:29+0000 [INFO] Arctic Shift returned 0 posts
2026-06-11T00:45:30+0000 [INFO] RSS returned 100 posts
2026-06-11T00:45:30+0000 [INFO] Scanner complete (Arctic Shift+RSS). 0 new posts collected, 0 media downloaded, 0 links verified.
2026-06-11T00:50:31+0000 [INFO] Scanner starting. Batch: 2026-06-11T00:50
2026-06-11T00:50:31+0000 [INFO] Running in dual-source mode (Arctic Shift + RSS)
2026-06-11T00:50:34+0000 [INFO] Arctic Shift returned 2 posts
2026-06-11T00:50:35+0000 [INFO] RSS returned 100 posts
2026-06-11T00:50:35+0000 [INFO] Scanner complete (Arctic Shift+RSS). 2 new posts collected, 0 media downloaded, 0 links verified.
