2026-06-13T00:01:15+0000 [INFO] Scanner starting. Batch: 2026-06-13T00:01
2026-06-13T00:01:15+0000 [INFO] Running in dual-source mode (Arctic Shift + RSS)
2026-06-13T00:01:17+0000 [INFO] Arctic Shift returned 1 posts
2026-06-13T00:01:18+0000 [INFO] RSS returned 100 posts
2026-06-13T00:01:18+0000 [INFO] Scanner complete (Arctic Shift+RSS). 1 new posts collected, 0 media downloaded, 0 links verified.
2026-06-13T00:06:07+0000 [INFO] Scanner starting. Batch: 2026-06-13T00:06
2026-06-13T00:06:07+0000 [INFO] Running in dual-source mode (Arctic Shift + RSS)
2026-06-13T00:06:11+0000 [INFO] Arctic Shift returned 2 posts
2026-06-13T00:06:11+0000 [INFO] RSS returned 100 posts
2026-06-13T00:06:13+0000 [INFO] Scanner complete (Arctic Shift+RSS). 1 new posts collected, 0 media downloaded, 1 links verified.
2026-06-13T00:11:11+0000 [INFO] Scanner starting. Batch: 2026-06-13T00:11
2026-06-13T00:11:11+0000 [INFO] Running in dual-source mode (Arctic Shift + RSS)
2026-06-13T00:11:13+0000 [INFO] Arctic Shift returned 1 posts
2026-06-13T00:11:14+0000 [INFO] RSS returned 100 posts
2026-06-13T00:11:14+0000 [INFO] Scanner complete (Arctic Shift+RSS). 1 new posts collected, 0 media downloaded, 1 links verified.
2026-06-13T00:16:05+0000 [INFO] Scanner starting. Batch: 2026-06-13T00:16
2026-06-13T00:16:05+0000 [INFO] Running in dual-source mode (Arctic Shift + RSS)
2026-06-13T00:16:06+0000 [INFO] Arctic Shift returned 1 posts
2026-06-13T00:16:07+0000 [INFO] RSS returned 100 posts
2026-06-13T00:16:07+0000 [INFO] Scanner complete (Arctic Shift+RSS). 1 new posts collected, 0 media downloaded, 0 links verified.
2026-06-13T00:21:11+0000 [INFO] Scanner starting. Batch: 2026-06-13T00:21
2026-06-13T00:21:11+0000 [INFO] Running in dual-source mode (Arctic Shift + RSS)
2026-06-13T00:21:13+0000 [INFO] Arctic Shift returned 1 posts
2026-06-13T00:21:13+0000 [INFO] RSS returned 100 posts
2026-06-13T00:21:13+0000 [INFO] Scanner complete (Arctic Shift+RSS). 0 new posts collected, 0 media downloaded, 0 links verified.
