2026-06-11T13:00:50+0000 [INFO] Scanner starting. Batch: 2026-06-11T13:00
2026-06-11T13:00:50+0000 [INFO] Running in dual-source mode (Arctic Shift + RSS)
2026-06-11T13:00:51+0000 [INFO] Arctic Shift returned 1 posts
2026-06-11T13:00:52+0000 [INFO] RSS returned 100 posts
2026-06-11T13:00:52+0000 [INFO] Scanner complete (Arctic Shift+RSS). 1 new posts collected, 0 media downloaded, 0 links verified.
2026-06-11T13:05:36+0000 [INFO] Scanner starting. Batch: 2026-06-11T13:05
2026-06-11T13:05:36+0000 [INFO] Running in dual-source mode (Arctic Shift + RSS)
2026-06-11T13:05:38+0000 [INFO] Arctic Shift returned 5 posts
2026-06-11T13:05:38+0000 [INFO] RSS returned 100 posts
2026-06-11T13:05:40+0000 [INFO] Scanner complete (Arctic Shift+RSS). 4 new posts collected, 2 media downloaded, 2 links verified.
2026-06-11T13:10:44+0000 [INFO] Scanner starting. Batch: 2026-06-11T13:10
2026-06-11T13:10:44+0000 [INFO] Running in dual-source mode (Arctic Shift + RSS)
2026-06-11T13:10:45+0000 [INFO] Arctic Shift returned 2 posts
2026-06-11T13:10:46+0000 [INFO] RSS returned 100 posts
2026-06-11T13:10:46+0000 [INFO] Scanner complete (Arctic Shift+RSS). 1 new posts collected, 0 media downloaded, 1 links verified.
2026-06-11T13:15:43+0000 [INFO] Scanner starting. Batch: 2026-06-11T13:15
2026-06-11T13:15:43+0000 [INFO] Running in dual-source mode (Arctic Shift + RSS)
2026-06-11T13:15:45+0000 [INFO] Arctic Shift returned 4 posts
2026-06-11T13:15:46+0000 [INFO] RSS returned 100 posts
2026-06-11T13:15:47+0000 [INFO] Scanner complete (Arctic Shift+RSS). 4 new posts collected, 1 media downloaded, 2 links verified.
2026-06-11T13:20:57+0000 [INFO] Scanner starting. Batch: 2026-06-11T13:20
2026-06-11T13:20:57+0000 [INFO] Running in dual-source mode (Arctic Shift + RSS)
2026-06-11T13:20:58+0000 [INFO] Arctic Shift returned 2 posts
2026-06-11T13:20:59+0000 [INFO] RSS returned 100 posts
2026-06-11T13:21:00+0000 [INFO] Scanner complete (Arctic Shift+RSS). 2 new posts collected, 0 media downloaded, 0 links verified.
2026-06-11T13:25:45+0000 [INFO] Scanner starting. Batch: 2026-06-11T13:25
2026-06-11T13:25:45+0000 [INFO] Running in dual-source mode (Arctic Shift + RSS)
2026-06-11T13:25:46+0000 [INFO] Arctic Shift returned 3 posts
2026-06-11T13:25:47+0000 [INFO] RSS returned 100 posts
2026-06-11T13:25:48+0000 [INFO] Scanner complete (Arctic Shift+RSS). 2 new posts collected, 2 media downloaded, 1 links verified.
2026-06-11T13:30:59+0000 [INFO] Scanner starting. Batch: 2026-06-11T13:30
2026-06-11T13:30:59+0000 [INFO] Running in dual-source mode (Arctic Shift + RSS)
2026-06-11T13:31:02+0000 [INFO] Arctic Shift returned 4 posts
2026-06-11T13:31:03+0000 [INFO] RSS returned 100 posts
2026-06-11T13:31:04+0000 [INFO] Scanner complete (Arctic Shift+RSS). 2 new posts collected, 3 media downloaded, 0 links verified.
2026-06-11T13:35:45+0000 [INFO] Scanner starting. Batch: 2026-06-11T13:35
2026-06-11T13:35:45+0000 [INFO] Running in dual-source mode (Arctic Shift + RSS)
2026-06-11T13:35:47+0000 [INFO] Arctic Shift returned 5 posts
2026-06-11T13:35:47+0000 [INFO] RSS returned 100 posts
2026-06-11T13:35:47+0000 [INFO] Scanner complete (Arctic Shift+RSS). 3 new posts collected, 0 media downloaded, 1 links verified.
