2026-06-11T20:01:01+0000 [INFO] Scanner starting. Batch: 2026-06-11T20:01
2026-06-11T20:01:01+0000 [INFO] Running in dual-source mode (Arctic Shift + RSS)
2026-06-11T20:01:03+0000 [INFO] Arctic Shift returned 3 posts
2026-06-11T20:01:04+0000 [INFO] RSS returned 100 posts
2026-06-11T20:01:04+0000 [INFO] Scanner complete (Arctic Shift+RSS). 2 new posts collected, 0 media downloaded, 0 links verified.
2026-06-11T20:05:51+0000 [INFO] Scanner starting. Batch: 2026-06-11T20:05
2026-06-11T20:05:51+0000 [INFO] Running in dual-source mode (Arctic Shift + RSS)
2026-06-11T20:05:52+0000 [INFO] Arctic Shift returned 4 posts
2026-06-11T20:05:53+0000 [INFO] RSS returned 100 posts
2026-06-11T20:05:58+0000 [INFO] Scanner complete (Arctic Shift+RSS). 3 new posts collected, 1 media downloaded, 0 links verified.
2026-06-11T20:11:49+0000 [INFO] Scanner starting. Batch: 2026-06-11T20:11
2026-06-11T20:11:49+0000 [INFO] Running in dual-source mode (Arctic Shift + RSS)
2026-06-11T20:11:52+0000 [INFO] Arctic Shift returned 4 posts
2026-06-11T20:11:53+0000 [INFO] RSS returned 100 posts
2026-06-11T20:11:53+0000 [INFO] Scanner complete (Arctic Shift+RSS). 4 new posts collected, 0 media downloaded, 0 links verified.
2026-06-11T20:15:58+0000 [INFO] Scanner starting. Batch: 2026-06-11T20:15
2026-06-11T20:15:58+0000 [INFO] Running in dual-source mode (Arctic Shift + RSS)
2026-06-11T20:16:00+0000 [INFO] Arctic Shift returned 5 posts
2026-06-11T20:16:01+0000 [INFO] RSS returned 100 posts
2026-06-11T20:16:02+0000 [INFO] Scanner complete (Arctic Shift+RSS). 4 new posts collected, 2 media downloaded, 1 links verified.
2026-06-11T20:20:52+0000 [INFO] Scanner starting. Batch: 2026-06-11T20:20
2026-06-11T20:20:52+0000 [INFO] Running in dual-source mode (Arctic Shift + RSS)
2026-06-11T20:20:54+0000 [INFO] Arctic Shift returned 7 posts
2026-06-11T20:20:55+0000 [INFO] RSS returned 100 posts
2026-06-11T20:21:00+0000 [INFO] Scanner complete (Arctic Shift+RSS). 5 new posts collected, 2 media downloaded, 2 links verified.
2026-06-11T20:26:01+0000 [INFO] Scanner starting. Batch: 2026-06-11T20:26
2026-06-11T20:26:01+0000 [INFO] Running in dual-source mode (Arctic Shift + RSS)
2026-06-11T20:26:02+0000 [INFO] Arctic Shift returned 2 posts
2026-06-11T20:26:03+0000 [INFO] RSS returned 100 posts
2026-06-11T20:26:04+0000 [INFO] Scanner complete (Arctic Shift+RSS). 1 new posts collected, 0 media downloaded, 1 links verified.
2026-06-11T20:30:55+0000 [INFO] Scanner starting. Batch: 2026-06-11T20:30
2026-06-11T20:30:55+0000 [INFO] Running in dual-source mode (Arctic Shift + RSS)
2026-06-11T20:30:57+0000 [INFO] Arctic Shift returned 1 posts
2026-06-11T20:30:58+0000 [INFO] RSS returned 100 posts
2026-06-11T20:30:58+0000 [INFO] Scanner complete (Arctic Shift+RSS). 1 new posts collected, 0 media downloaded, 1 links verified.
