2026-06-12T13:01:50+0000 [INFO] Scanner starting. Batch: 2026-06-12T13:01
2026-06-12T13:01:50+0000 [INFO] Running in dual-source mode (Arctic Shift + RSS)
2026-06-12T13:01:56+0000 [INFO] Arctic Shift returned 5 posts
2026-06-12T13:01:57+0000 [INFO] RSS returned 100 posts
2026-06-12T13:01:57+0000 [INFO] Scanner complete (Arctic Shift+RSS). 5 new posts collected, 2 media downloaded, 1 links verified.
2026-06-12T13:06:30+0000 [INFO] Scanner starting. Batch: 2026-06-12T13:06
2026-06-12T13:06:30+0000 [INFO] Running in dual-source mode (Arctic Shift + RSS)
2026-06-12T13:06:33+0000 [INFO] Arctic Shift returned 4 posts
2026-06-12T13:06:33+0000 [INFO] RSS returned 100 posts
2026-06-12T13:06:34+0000 [INFO] Scanner complete (Arctic Shift+RSS). 2 new posts collected, 2 media downloaded, 1 links verified.
2026-06-12T13:11:23+0000 [INFO] Scanner starting. Batch: 2026-06-12T13:11
2026-06-12T13:11:23+0000 [INFO] Running in dual-source mode (Arctic Shift + RSS)
2026-06-12T13:11:26+0000 [INFO] Arctic Shift returned 2 posts
2026-06-12T13:11:27+0000 [INFO] RSS returned 100 posts
2026-06-12T13:11:27+0000 [INFO] Scanner complete (Arctic Shift+RSS). 2 new posts collected, 1 media downloaded, 1 links verified.
2026-06-12T13:15:49+0000 [INFO] Scanner starting. Batch: 2026-06-12T13:15
2026-06-12T13:15:49+0000 [INFO] Running in dual-source mode (Arctic Shift + RSS)
2026-06-12T13:15:50+0000 [INFO] Arctic Shift returned 1 posts
2026-06-12T13:15:51+0000 [INFO] RSS returned 100 posts
2026-06-12T13:15:51+0000 [INFO] Scanner complete (Arctic Shift+RSS). 0 new posts collected, 0 media downloaded, 0 links verified.
2026-06-12T13:20:47+0000 [INFO] Scanner starting. Batch: 2026-06-12T13:20
2026-06-12T13:20:47+0000 [INFO] Running in dual-source mode (Arctic Shift + RSS)
2026-06-12T13:20:48+0000 [INFO] Arctic Shift returned 2 posts
2026-06-12T13:20:49+0000 [INFO] RSS returned 100 posts
2026-06-12T13:20:54+0000 [INFO] Scanner complete (Arctic Shift+RSS). 2 new posts collected, 0 media downloaded, 1 links verified.
2026-06-12T13:25:44+0000 [INFO] Scanner starting. Batch: 2026-06-12T13:25
2026-06-12T13:25:44+0000 [INFO] Running in dual-source mode (Arctic Shift + RSS)
2026-06-12T13:25:45+0000 [INFO] Arctic Shift returned 1 posts
2026-06-12T13:25:46+0000 [INFO] RSS returned 100 posts
2026-06-12T13:25:46+0000 [INFO] Scanner complete (Arctic Shift+RSS). 1 new posts collected, 0 media downloaded, 0 links verified.
2026-06-12T13:30:50+0000 [INFO] Scanner starting. Batch: 2026-06-12T13:30
2026-06-12T13:30:50+0000 [INFO] Running in dual-source mode (Arctic Shift + RSS)
2026-06-12T13:30:50+0000 [INFO] Arctic Shift returned 0 posts
2026-06-12T13:30:52+0000 [INFO] RSS returned 100 posts
2026-06-12T13:30:52+0000 [INFO] Scanner complete (Arctic Shift+RSS). 0 new posts collected, 0 media downloaded, 0 links verified.
2026-06-12T13:35:40+0000 [INFO] Scanner starting. Batch: 2026-06-12T13:35
2026-06-12T13:35:40+0000 [INFO] Running in dual-source mode (Arctic Shift + RSS)
2026-06-12T13:35:43+0000 [INFO] Arctic Shift returned 1 posts
2026-06-12T13:35:44+0000 [INFO] RSS returned 100 posts
2026-06-12T13:35:44+0000 [INFO] Scanner complete (Arctic Shift+RSS). 2 new posts collected, 0 media downloaded, 2 links verified.
2026-06-12T13:40:54+0000 [INFO] Scanner starting. Batch: 2026-06-12T13:40
2026-06-12T13:40:54+0000 [INFO] Running in dual-source mode (Arctic Shift + RSS)
2026-06-12T13:40:58+0000 [INFO] Arctic Shift returned 2 posts
2026-06-12T13:40:59+0000 [INFO] RSS returned 100 posts
2026-06-12T13:40:59+0000 [INFO] Scanner complete (Arctic Shift+RSS). 1 new posts collected, 0 media downloaded, 0 links verified.
2026-06-12T13:45:46+0000 [INFO] Scanner starting. Batch: 2026-06-12T13:45
2026-06-12T13:45:46+0000 [INFO] Running in dual-source mode (Arctic Shift + RSS)
2026-06-12T13:45:48+0000 [INFO] Arctic Shift returned 1 posts
2026-06-12T13:45:48+0000 [INFO] RSS returned 100 posts
2026-06-12T13:45:49+0000 [INFO] Scanner complete (Arctic Shift+RSS). 2 new posts collected, 1 media downloaded, 1 links verified.
2026-06-12T13:50:44+0000 [INFO] Scanner starting. Batch: 2026-06-12T13:50
2026-06-12T13:50:44+0000 [INFO] Running in dual-source mode (Arctic Shift + RSS)
2026-06-12T13:50:46+0000 [INFO] Arctic Shift returned 5 posts
2026-06-12T13:50:47+0000 [INFO] RSS returned 100 posts
2026-06-12T13:50:48+0000 [INFO] Scanner complete (Arctic Shift+RSS). 3 new posts collected, 0 media downloaded, 2 links verified.
2026-06-12T13:55:50+0000 [INFO] Scanner starting. Batch: 2026-06-12T13:55
2026-06-12T13:55:50+0000 [INFO] Running in dual-source mode (Arctic Shift + RSS)
2026-06-12T13:56:03+0000 [INFO] Arctic Shift returned 3 posts
2026-06-12T13:56:04+0000 [INFO] RSS returned 100 posts
2026-06-12T13:56:05+0000 [INFO] Scanner complete (Arctic Shift+RSS). 2 new posts collected, 0 media downloaded, 2 links verified.
