2026-06-10T20:00:47+0000 [INFO] Scanner starting. Batch: 2026-06-10T20:00
2026-06-10T20:00:47+0000 [INFO] Running in dual-source mode (Arctic Shift + RSS)
2026-06-10T20:00:53+0000 [INFO] Arctic Shift returned 4 posts
2026-06-10T20:00:54+0000 [INFO] RSS returned 100 posts
2026-06-10T20:00:55+0000 [INFO] Scanner complete (Arctic Shift+RSS). 3 new posts collected, 0 media downloaded, 1 links verified.
2026-06-10T20:05:27+0000 [INFO] Scanner starting. Batch: 2026-06-10T20:05
2026-06-10T20:05:27+0000 [INFO] Running in dual-source mode (Arctic Shift + RSS)
2026-06-10T20:05:29+0000 [INFO] Arctic Shift returned 6 posts
2026-06-10T20:05:30+0000 [INFO] RSS returned 100 posts
2026-06-10T20:05:31+0000 [INFO] Scanner complete (Arctic Shift+RSS). 5 new posts collected, 1 media downloaded, 1 links verified.
2026-06-10T20:10:29+0000 [INFO] Scanner starting. Batch: 2026-06-10T20:10
2026-06-10T20:10:29+0000 [INFO] Running in dual-source mode (Arctic Shift + RSS)
2026-06-10T20:10:31+0000 [INFO] Arctic Shift returned 1 posts
2026-06-10T20:10:32+0000 [INFO] RSS returned 100 posts
2026-06-10T20:10:32+0000 [INFO] Scanner complete (Arctic Shift+RSS). 0 new posts collected, 0 media downloaded, 0 links verified.
2026-06-10T20:15:32+0000 [INFO] Scanner starting. Batch: 2026-06-10T20:15
2026-06-10T20:15:32+0000 [INFO] Running in dual-source mode (Arctic Shift + RSS)
2026-06-10T20:15:33+0000 [INFO] Arctic Shift returned 6 posts
2026-06-10T20:15:34+0000 [INFO] RSS returned 100 posts
2026-06-10T20:15:35+0000 [INFO] Scanner complete (Arctic Shift+RSS). 6 new posts collected, 1 media downloaded, 3 links verified.
2026-06-10T20:20:31+0000 [INFO] Scanner starting. Batch: 2026-06-10T20:20
2026-06-10T20:20:31+0000 [INFO] Running in dual-source mode (Arctic Shift + RSS)
2026-06-10T20:20:33+0000 [INFO] Arctic Shift returned 4 posts
2026-06-10T20:20:33+0000 [INFO] RSS returned 100 posts
2026-06-10T20:20:35+0000 [INFO] Scanner complete (Arctic Shift+RSS). 3 new posts collected, 0 media downloaded, 3 links verified.
2026-06-10T20:25:32+0000 [INFO] Scanner starting. Batch: 2026-06-10T20:25
2026-06-10T20:25:32+0000 [INFO] Running in dual-source mode (Arctic Shift + RSS)
2026-06-10T20:25:34+0000 [INFO] Arctic Shift returned 7 posts
2026-06-10T20:25:35+0000 [INFO] RSS returned 100 posts
2026-06-10T20:25:37+0000 [INFO] Scanner complete (Arctic Shift+RSS). 7 new posts collected, 4 media downloaded, 3 links verified.
2026-06-10T20:30:37+0000 [INFO] Scanner starting. Batch: 2026-06-10T20:30
2026-06-10T20:30:37+0000 [INFO] Running in dual-source mode (Arctic Shift + RSS)
2026-06-10T20:30:39+0000 [INFO] Arctic Shift returned 6 posts
2026-06-10T20:30:40+0000 [INFO] RSS returned 100 posts
2026-06-10T20:30:41+0000 [INFO] Scanner complete (Arctic Shift+RSS). 3 new posts collected, 1 media downloaded, 2 links verified.
