2026-06-12T14:01:00+0000 [INFO] Scanner starting. Batch: 2026-06-12T14:01
2026-06-12T14:01:00+0000 [INFO] Running in dual-source mode (Arctic Shift + RSS)
2026-06-12T14:01:02+0000 [INFO] Arctic Shift returned 3 posts
2026-06-12T14:01:03+0000 [INFO] RSS returned 100 posts
2026-06-12T14:01:03+0000 [INFO] Scanner complete (Arctic Shift+RSS). 3 new posts collected, 0 media downloaded, 0 links verified.
2026-06-12T14:05:54+0000 [INFO] Scanner starting. Batch: 2026-06-12T14:05
2026-06-12T14:05:54+0000 [INFO] Running in dual-source mode (Arctic Shift + RSS)
2026-06-12T14:05:56+0000 [INFO] Arctic Shift returned 4 posts
2026-06-12T14:05:56+0000 [INFO] RSS returned 100 posts
2026-06-12T14:05:57+0000 [INFO] Scanner complete (Arctic Shift+RSS). 3 new posts collected, 0 media downloaded, 1 links verified.
2026-06-12T14:10:51+0000 [INFO] Scanner starting. Batch: 2026-06-12T14:10
2026-06-12T14:10:51+0000 [INFO] Running in dual-source mode (Arctic Shift + RSS)
2026-06-12T14:10:51+0000 [INFO] Arctic Shift returned 0 posts
2026-06-12T14:10:52+0000 [INFO] RSS returned 100 posts
2026-06-12T14:10:52+0000 [INFO] Scanner complete (Arctic Shift+RSS). 0 new posts collected, 0 media downloaded, 0 links verified.
2026-06-12T14:17:13+0000 [INFO] Scanner starting. Batch: 2026-06-12T14:17
2026-06-12T14:17:13+0000 [INFO] Running in dual-source mode (Arctic Shift + RSS)
2026-06-12T14:17:14+0000 [INFO] Arctic Shift returned 0 posts
2026-06-12T14:17:15+0000 [INFO] RSS returned 100 posts
2026-06-12T14:17:15+0000 [INFO] Scanner complete (Arctic Shift+RSS). 0 new posts collected, 0 media downloaded, 0 links verified.
