2026-06-10T21:00:35+0000 [INFO] Scanner starting. Batch: 2026-06-10T21:00
2026-06-10T21:00:35+0000 [INFO] Running in dual-source mode (Arctic Shift + RSS)
2026-06-10T21:00:40+0000 [INFO] Arctic Shift returned 2 posts
2026-06-10T21:00:41+0000 [INFO] RSS returned 100 posts
2026-06-10T21:00:41+0000 [INFO] Scanner complete (Arctic Shift+RSS). 1 new posts collected, 0 media downloaded, 1 links verified.
2026-06-10T21:05:25+0000 [INFO] Scanner starting. Batch: 2026-06-10T21:05
2026-06-10T21:05:25+0000 [INFO] Running in dual-source mode (Arctic Shift + RSS)
2026-06-10T21:05:27+0000 [INFO] Arctic Shift returned 5 posts
2026-06-10T21:05:28+0000 [INFO] RSS returned 100 posts
2026-06-10T21:05:30+0000 [INFO] Scanner complete (Arctic Shift+RSS). 4 new posts collected, 1 media downloaded, 3 links verified.
2026-06-10T21:10:28+0000 [INFO] Scanner starting. Batch: 2026-06-10T21:10
2026-06-10T21:10:28+0000 [INFO] Running in dual-source mode (Arctic Shift + RSS)
2026-06-10T21:10:30+0000 [INFO] Arctic Shift returned 1 posts
2026-06-10T21:10:31+0000 [INFO] RSS returned 100 posts
2026-06-10T21:10:31+0000 [INFO] Scanner complete (Arctic Shift+RSS). 1 new posts collected, 0 media downloaded, 0 links verified.
2026-06-10T21:15:32+0000 [INFO] Scanner starting. Batch: 2026-06-10T21:15
2026-06-10T21:15:32+0000 [INFO] Running in dual-source mode (Arctic Shift + RSS)
2026-06-10T21:15:35+0000 [INFO] Arctic Shift returned 6 posts
2026-06-10T21:15:35+0000 [INFO] RSS returned 100 posts
2026-06-10T21:15:37+0000 [INFO] Scanner complete (Arctic Shift+RSS). 6 new posts collected, 2 media downloaded, 2 links verified.
2026-06-10T21:20:33+0000 [INFO] Scanner starting. Batch: 2026-06-10T21:20
2026-06-10T21:20:33+0000 [INFO] Running in dual-source mode (Arctic Shift + RSS)
2026-06-10T21:20:37+0000 [INFO] Arctic Shift returned 3 posts
2026-06-10T21:20:38+0000 [INFO] RSS returned 100 posts
2026-06-10T21:20:38+0000 [INFO] Scanner complete (Arctic Shift+RSS). 1 new posts collected, 0 media downloaded, 1 links verified.
2026-06-10T21:25:28+0000 [INFO] Scanner starting. Batch: 2026-06-10T21:25
2026-06-10T21:25:28+0000 [INFO] Running in dual-source mode (Arctic Shift + RSS)
2026-06-10T21:25:30+0000 [INFO] Arctic Shift returned 2 posts
2026-06-10T21:25:31+0000 [INFO] RSS returned 100 posts
2026-06-10T21:25:31+0000 [INFO] Scanner complete (Arctic Shift+RSS). 2 new posts collected, 2 media downloaded, 1 links verified.
2026-06-10T21:30:33+0000 [INFO] Scanner starting. Batch: 2026-06-10T21:30
2026-06-10T21:30:33+0000 [INFO] Running in dual-source mode (Arctic Shift + RSS)
2026-06-10T21:30:38+0000 [INFO] Arctic Shift returned 4 posts
2026-06-10T21:30:39+0000 [INFO] RSS returned 100 posts
2026-06-10T21:30:44+0000 [INFO] Scanner complete (Arctic Shift+RSS). 4 new posts collected, 2 media downloaded, 2 links verified.
2026-06-10T21:35:31+0000 [INFO] Scanner starting. Batch: 2026-06-10T21:35
2026-06-10T21:35:31+0000 [INFO] Running in dual-source mode (Arctic Shift + RSS)
2026-06-10T21:35:37+0000 [INFO] Arctic Shift returned 5 posts
2026-06-10T21:35:38+0000 [INFO] RSS returned 100 posts
2026-06-10T21:35:42+0000 [INFO] Scanner complete (Arctic Shift+RSS). 3 new posts collected, 0 media downloaded, 3 links verified.
