2026-06-11T02:00:33+0000 [INFO] Scanner starting. Batch: 2026-06-11T02:00
2026-06-11T02:00:33+0000 [INFO] Running in dual-source mode (Arctic Shift + RSS)
2026-06-11T02:00:35+0000 [INFO] Arctic Shift returned 1 posts
2026-06-11T02:00:36+0000 [INFO] RSS returned 100 posts
2026-06-11T02:00:36+0000 [INFO] Scanner complete (Arctic Shift+RSS). 1 new posts collected, 0 media downloaded, 0 links verified.
2026-06-11T02:05:30+0000 [INFO] Scanner starting. Batch: 2026-06-11T02:05
2026-06-11T02:05:30+0000 [INFO] Running in dual-source mode (Arctic Shift + RSS)
2026-06-11T02:05:34+0000 [INFO] Arctic Shift returned 1 posts
2026-06-11T02:05:35+0000 [INFO] RSS returned 100 posts
2026-06-11T02:05:35+0000 [INFO] Scanner complete (Arctic Shift+RSS). 1 new posts collected, 0 media downloaded, 0 links verified.
2026-06-11T02:10:31+0000 [INFO] Scanner starting. Batch: 2026-06-11T02:10
2026-06-11T02:10:31+0000 [INFO] Running in dual-source mode (Arctic Shift + RSS)
2026-06-11T02:10:32+0000 [INFO] Arctic Shift returned 1 posts
2026-06-11T02:10:33+0000 [INFO] RSS returned 100 posts
2026-06-11T02:10:33+0000 [INFO] Scanner complete (Arctic Shift+RSS). 0 new posts collected, 0 media downloaded, 0 links verified.
2026-06-11T02:15:28+0000 [INFO] Scanner starting. Batch: 2026-06-11T02:15
2026-06-11T02:15:28+0000 [INFO] Running in dual-source mode (Arctic Shift + RSS)
2026-06-11T02:15:32+0000 [INFO] Arctic Shift returned 0 posts
2026-06-11T02:15:32+0000 [INFO] RSS returned 100 posts
2026-06-11T02:15:32+0000 [INFO] Scanner complete (Arctic Shift+RSS). 0 new posts collected, 0 media downloaded, 0 links verified.
2026-06-11T02:20:29+0000 [INFO] Scanner starting. Batch: 2026-06-11T02:20
2026-06-11T02:20:29+0000 [INFO] Running in dual-source mode (Arctic Shift + RSS)
2026-06-11T02:20:31+0000 [INFO] Arctic Shift returned 1 posts
2026-06-11T02:20:32+0000 [INFO] RSS returned 100 posts
2026-06-11T02:20:33+0000 [INFO] Scanner complete (Arctic Shift+RSS). 1 new posts collected, 2 media downloaded, 0 links verified.
2026-06-11T02:25:28+0000 [INFO] Scanner starting. Batch: 2026-06-11T02:25
2026-06-11T02:25:28+0000 [INFO] Running in dual-source mode (Arctic Shift + RSS)
2026-06-11T02:25:28+0000 [INFO] Arctic Shift returned 0 posts
2026-06-11T02:25:30+0000 [INFO] RSS returned 100 posts
2026-06-11T02:25:30+0000 [INFO] Scanner complete (Arctic Shift+RSS). 0 new posts collected, 0 media downloaded, 0 links verified.
2026-06-11T02:30:31+0000 [INFO] Scanner starting. Batch: 2026-06-11T02:30
2026-06-11T02:30:31+0000 [INFO] Running in dual-source mode (Arctic Shift + RSS)
2026-06-11T02:30:33+0000 [INFO] Arctic Shift returned 1 posts
2026-06-11T02:30:33+0000 [INFO] RSS returned 100 posts
2026-06-11T02:30:33+0000 [INFO] Scanner complete (Arctic Shift+RSS). 1 new posts collected, 0 media downloaded, 0 links verified.
2026-06-11T02:35:26+0000 [INFO] Scanner starting. Batch: 2026-06-11T02:35
2026-06-11T02:35:26+0000 [INFO] Running in dual-source mode (Arctic Shift + RSS)
2026-06-11T02:35:27+0000 [INFO] Arctic Shift returned 1 posts
2026-06-11T02:35:28+0000 [INFO] RSS returned 100 posts
2026-06-11T02:35:29+0000 [INFO] Scanner complete (Arctic Shift+RSS). 1 new posts collected, 0 media downloaded, 1 links verified.
