2026-06-11T08:00:46+0000 [INFO] Scanner starting. Batch: 2026-06-11T08:00
2026-06-11T08:00:46+0000 [INFO] Running in dual-source mode (Arctic Shift + RSS)
2026-06-11T08:00:48+0000 [INFO] Arctic Shift returned 4 posts
2026-06-11T08:00:49+0000 [INFO] RSS returned 100 posts
2026-06-11T08:00:50+0000 [INFO] Scanner complete (Arctic Shift+RSS). 5 new posts collected, 4 media downloaded, 1 links verified.
2026-06-11T08:05:42+0000 [INFO] Scanner starting. Batch: 2026-06-11T08:05
2026-06-11T08:05:42+0000 [INFO] Running in dual-source mode (Arctic Shift + RSS)
2026-06-11T08:05:43+0000 [INFO] Arctic Shift returned 4 posts
2026-06-11T08:05:45+0000 [INFO] RSS returned 100 posts
2026-06-11T08:05:45+0000 [INFO] Scanner complete (Arctic Shift+RSS). 1 new posts collected, 1 media downloaded, 0 links verified.
2026-06-11T08:10:41+0000 [INFO] Scanner starting. Batch: 2026-06-11T08:10
2026-06-11T08:10:41+0000 [INFO] Running in dual-source mode (Arctic Shift + RSS)
2026-06-11T08:10:43+0000 [INFO] Arctic Shift returned 3 posts
2026-06-11T08:10:44+0000 [INFO] RSS returned 100 posts
2026-06-11T08:10:44+0000 [INFO] Scanner complete (Arctic Shift+RSS). 2 new posts collected, 2 media downloaded, 0 links verified.
2026-06-11T08:15:45+0000 [INFO] Scanner starting. Batch: 2026-06-11T08:15
2026-06-11T08:15:45+0000 [INFO] Running in dual-source mode (Arctic Shift + RSS)
2026-06-11T08:15:46+0000 [INFO] Arctic Shift returned 4 posts
2026-06-11T08:15:48+0000 [INFO] RSS returned 100 posts
2026-06-11T08:15:49+0000 [INFO] Scanner complete (Arctic Shift+RSS). 3 new posts collected, 0 media downloaded, 2 links verified.
2026-06-11T08:20:48+0000 [INFO] Scanner starting. Batch: 2026-06-11T08:20
2026-06-11T08:20:48+0000 [INFO] Running in dual-source mode (Arctic Shift + RSS)
2026-06-11T08:20:50+0000 [INFO] Arctic Shift returned 2 posts
2026-06-11T08:20:51+0000 [INFO] RSS returned 100 posts
2026-06-11T08:20:51+0000 [INFO] Scanner complete (Arctic Shift+RSS). 0 new posts collected, 0 media downloaded, 0 links verified.
2026-06-11T08:25:44+0000 [INFO] Scanner starting. Batch: 2026-06-11T08:25
2026-06-11T08:25:44+0000 [INFO] Running in dual-source mode (Arctic Shift + RSS)
2026-06-11T08:25:46+0000 [INFO] Arctic Shift returned 1 posts
2026-06-11T08:25:47+0000 [INFO] RSS returned 100 posts
2026-06-11T08:25:47+0000 [INFO] Scanner complete (Arctic Shift+RSS). 1 new posts collected, 0 media downloaded, 0 links verified.
2026-06-11T08:30:52+0000 [INFO] Scanner starting. Batch: 2026-06-11T08:30
2026-06-11T08:30:52+0000 [INFO] Running in dual-source mode (Arctic Shift + RSS)
2026-06-11T08:30:54+0000 [INFO] Arctic Shift returned 5 posts
2026-06-11T08:30:55+0000 [INFO] RSS returned 100 posts
2026-06-11T08:30:57+0000 [INFO] Scanner complete (Arctic Shift+RSS). 6 new posts collected, 0 media downloaded, 6 links verified.
2026-06-11T08:35:48+0000 [INFO] Scanner starting. Batch: 2026-06-11T08:35
2026-06-11T08:35:48+0000 [INFO] Running in dual-source mode (Arctic Shift + RSS)
2026-06-11T08:35:49+0000 [INFO] Arctic Shift returned 5 posts
2026-06-11T08:35:50+0000 [INFO] RSS returned 100 posts
2026-06-11T08:35:51+0000 [INFO] Scanner complete (Arctic Shift+RSS). 1 new posts collected, 2 media downloaded, 0 links verified.
2026-06-11T08:40:49+0000 [INFO] Scanner starting. Batch: 2026-06-11T08:40
2026-06-11T08:40:49+0000 [INFO] Running in dual-source mode (Arctic Shift + RSS)
2026-06-11T08:40:51+0000 [INFO] Arctic Shift returned 3 posts
2026-06-11T08:40:52+0000 [INFO] RSS returned 100 posts
2026-06-11T08:40:52+0000 [INFO] Scanner complete (Arctic Shift+RSS). 2 new posts collected, 4 media downloaded, 1 links verified.
2026-06-11T08:45:46+0000 [INFO] Scanner starting. Batch: 2026-06-11T08:45
2026-06-11T08:45:46+0000 [INFO] Running in dual-source mode (Arctic Shift + RSS)
2026-06-11T08:45:47+0000 [INFO] Arctic Shift returned 0 posts
2026-06-11T08:45:47+0000 [INFO] RSS returned 100 posts
2026-06-11T08:45:47+0000 [INFO] Scanner complete (Arctic Shift+RSS). 0 new posts collected, 0 media downloaded, 0 links verified.
2026-06-11T08:50:44+0000 [INFO] Scanner starting. Batch: 2026-06-11T08:50
2026-06-11T08:50:44+0000 [INFO] Running in dual-source mode (Arctic Shift + RSS)
2026-06-11T08:50:44+0000 [INFO] Arctic Shift returned 0 posts
2026-06-11T08:50:45+0000 [INFO] RSS returned 100 posts
2026-06-11T08:50:45+0000 [INFO] Scanner complete (Arctic Shift+RSS). 0 new posts collected, 0 media downloaded, 0 links verified.
2026-06-11T08:55:44+0000 [INFO] Scanner starting. Batch: 2026-06-11T08:55
2026-06-11T08:55:44+0000 [INFO] Running in dual-source mode (Arctic Shift + RSS)
2026-06-11T08:55:46+0000 [INFO] Arctic Shift returned 3 posts
2026-06-11T08:55:47+0000 [INFO] RSS returned 100 posts
2026-06-11T08:55:50+0000 [INFO] Scanner complete (Arctic Shift+RSS). 3 new posts collected, 1 media downloaded, 0 links verified.
